INFO - 2024-10-20 00:08:05 --> Session: Class initialized using 'CodeIgniter\Session\Handlers\FileHandler' driver.
INFO - 2024-10-20 00:09:36 --> Session: Class initialized using 'CodeIgniter\Session\Handlers\FileHandler' driver.
INFO - 2024-10-20 00:09:56 --> Session: Class initialized using 'CodeIgniter\Session\Handlers\FileHandler' driver.
INFO - 2024-10-20 00:10:23 --> Session: Class initialized using 'CodeIgniter\Session\Handlers\FileHandler' driver.
INFO - 2024-10-20 00:12:09 --> Session: Class initialized using 'CodeIgniter\Session\Handlers\FileHandler' driver.
INFO - 2024-10-20 00:12:40 --> Session: Class initialized using 'CodeIgniter\Session\Handlers\FileHandler' driver.
INFO - 2024-10-20 00:13:10 --> Session: Class initialized using 'CodeIgniter\Session\Handlers\FileHandler' driver.
INFO - 2024-10-20 00:13:34 --> Session: Class initialized using 'CodeIgniter\Session\Handlers\FileHandler' driver.
INFO - 2024-10-20 00:18:11 --> Session: Class initialized using 'CodeIgniter\Session\Handlers\FileHandler' driver.
CRITICAL - 2024-10-20 00:28:19 --> ErrorException: Undefined array key "idsigma"
[Method: GET, Route: personas]
in APPPATH\Views\Mantenimiento\personasVista.php on line 64.
 1 APPPATH\Views\Mantenimiento\personasVista.php(64): CodeIgniter\Debug\Exceptions->errorHandler(2, 'Undefined array key "idsigma"', 'C:\\laragon\\www\\PROGRAMA\\app\\Views\\Mantenimiento\\personasVista.php', 64)
 2 SYSTEMPATH\View\View.php(234): include('C:\\laragon\\www\\PROGRAMA\\app\\Views\\Mantenimiento\\personasVista.php')
 3 SYSTEMPATH\View\View.php(237): CodeIgniter\View\View->CodeIgniter\View\{closure}()
 4 SYSTEMPATH\Common.php(1171): CodeIgniter\View\View->render('Mantenimiento/personasvista', [], true)
 5 APPPATH\Controllers\personasController\PersonasControlador.php(30): view('Mantenimiento/personasvista', [...])
 6 SYSTEMPATH\CodeIgniter.php(933): App\Controllers\personasController\PersonasControlador->ListarPersonasController()
 7 SYSTEMPATH\CodeIgniter.php(509): CodeIgniter\CodeIgniter->runController(Object(App\Controllers\personasController\PersonasControlador))
 8 SYSTEMPATH\CodeIgniter.php(355): CodeIgniter\CodeIgniter->handleRequest(null, Object(Config\Cache), false)
 9 SYSTEMPATH\Boot.php(325): CodeIgniter\CodeIgniter->run()
10 SYSTEMPATH\Boot.php(67): CodeIgniter\Boot::runCodeIgniter(Object(CodeIgniter\CodeIgniter))
11 FCPATH\index.php(56): CodeIgniter\Boot::bootWeb(Object(Config\Paths))
INFO - 2024-10-20 00:28:42 --> Session: Class initialized using 'CodeIgniter\Session\Handlers\FileHandler' driver.
CRITICAL - 2024-10-20 00:35:52 --> ParseError: syntax error, unexpected token "echo"
[Method: GET, Route: personas]
in APPPATH\Views\Mantenimiento\personasVista.php on line 77.
 1 SYSTEMPATH\View\View.php(237): CodeIgniter\View\View->CodeIgniter\View\{closure}()
 2 SYSTEMPATH\Common.php(1171): CodeIgniter\View\View->render('Mantenimiento/personasvista', [], true)
 3 APPPATH\Controllers\personasController\PersonasControlador.php(31): view('Mantenimiento/personasvista', [...])
 4 SYSTEMPATH\CodeIgniter.php(933): App\Controllers\personasController\PersonasControlador->ListarPersonasController()
 5 SYSTEMPATH\CodeIgniter.php(509): CodeIgniter\CodeIgniter->runController(Object(App\Controllers\personasController\PersonasControlador))
 6 SYSTEMPATH\CodeIgniter.php(355): CodeIgniter\CodeIgniter->handleRequest(null, Object(Config\Cache), false)
 7 SYSTEMPATH\Boot.php(325): CodeIgniter\CodeIgniter->run()
 8 SYSTEMPATH\Boot.php(67): CodeIgniter\Boot::runCodeIgniter(Object(CodeIgniter\CodeIgniter))
 9 FCPATH\index.php(56): CodeIgniter\Boot::bootWeb(Object(Config\Paths))
INFO - 2024-10-20 00:36:14 --> Session: Class initialized using 'CodeIgniter\Session\Handlers\FileHandler' driver.
INFO - 2024-10-20 00:36:25 --> Session: Class initialized using 'CodeIgniter\Session\Handlers\FileHandler' driver.
INFO - 2024-10-20 00:37:05 --> Session: Class initialized using 'CodeIgniter\Session\Handlers\FileHandler' driver.
INFO - 2024-10-20 00:41:46 --> Session: Class initialized using 'CodeIgniter\Session\Handlers\FileHandler' driver.
INFO - 2024-10-20 00:45:54 --> Session: Class initialized using 'CodeIgniter\Session\Handlers\FileHandler' driver.
INFO - 2024-10-20 00:47:56 --> Session: Class initialized using 'CodeIgniter\Session\Handlers\FileHandler' driver.
