INFO - 2024-09-04 00:37:04 --> Session: Class initialized using 'CodeIgniter\Session\Handlers\FileHandler' driver.
INFO - 2024-09-04 00:38:13 --> Session: Class initialized using 'CodeIgniter\Session\Handlers\FileHandler' driver.
INFO - 2024-09-04 00:39:11 --> Session: Class initialized using 'CodeIgniter\Session\Handlers\FileHandler' driver.
INFO - 2024-09-04 00:42:46 --> Session: Class initialized using 'CodeIgniter\Session\Handlers\FileHandler' driver.
INFO - 2024-09-04 03:17:36 --> Session: Class initialized using 'CodeIgniter\Session\Handlers\FileHandler' driver.
ERROR - 2024-09-04 03:17:56 --> ErrorException: pg_query(): Query failed: ERROR:  la posición 177 de ORDER BY no está en la lista de resultados
LINE 3: ORDER BY 177 DESC
                 ^ in C:\laragon\www\PROGRAMA\system\Database\Postgre\Connection.php:206
Stack trace:
#0 [internal function]: CodeIgniter\Debug\Exceptions->errorHandler(2, 'pg_query(): Que...', 'C:\\laragon\\www\\...', 206)
#1 C:\laragon\www\PROGRAMA\system\Database\Postgre\Connection.php(206): pg_query(Object(PgSql\Connection), 'SELECT *\nFROM "...')
#2 C:\laragon\www\PROGRAMA\system\Database\BaseConnection.php(734): CodeIgniter\Database\Postgre\Connection->execute('SELECT *\nFROM "...')
#3 C:\laragon\www\PROGRAMA\system\Database\BaseConnection.php(648): CodeIgniter\Database\BaseConnection->simpleQuery('SELECT *\nFROM "...')
#4 C:\laragon\www\PROGRAMA\system\Database\BaseBuilder.php(1636): CodeIgniter\Database\BaseConnection->query('SELECT *\nFROM "...', Array, false)
#5 C:\laragon\www\PROGRAMA\system\Model.php(330): CodeIgniter\Database\BaseBuilder->get()
#6 C:\laragon\www\PROGRAMA\system\BaseModel.php(714): CodeIgniter\Model->doFirst()
#7 C:\laragon\www\PROGRAMA\app\Models\usuariosModel.php(103): CodeIgniter\BaseModel->first()
#8 C:\laragon\www\PROGRAMA\app\Controllers\Autentificacion.php(136): App\Models\usuariosModel->BuscarPorIdModel('177')
#9 C:\laragon\www\PROGRAMA\system\CodeIgniter.php(933): App\Controllers\Autentificacion->BuscarPorId()
#10 C:\laragon\www\PROGRAMA\system\CodeIgniter.php(509): CodeIgniter\CodeIgniter->runController(Object(App\Controllers\Autentificacion))
#11 C:\laragon\www\PROGRAMA\system\CodeIgniter.php(355): CodeIgniter\CodeIgniter->handleRequest(NULL, Object(Config\Cache), false)
#12 C:\laragon\www\PROGRAMA\system\Boot.php(325): CodeIgniter\CodeIgniter->run()
#13 C:\laragon\www\PROGRAMA\system\Boot.php(67): CodeIgniter\Boot::runCodeIgniter(Object(CodeIgniter\CodeIgniter))
#14 C:\laragon\www\PROGRAMA\public\index.php(56): CodeIgniter\Boot::bootWeb(Object(Config\Paths))
#15 {main}
CRITICAL - 2024-09-04 03:17:56 --> CodeIgniter\Database\Exceptions\DatabaseException: pg_query(): Query failed: ERROR:  la posición 177 de ORDER BY no está en la lista de resultados
LINE 3: ORDER BY 177 DESC
                 ^
[Method: POST, Route: buscarPorId]
in SYSTEMPATH\Database\BaseConnection.php on line 688.
 1 SYSTEMPATH\Database\BaseBuilder.php(1636): CodeIgniter\Database\BaseConnection->query('SELECT *
FROM "registro"."mpoblad"
ORDER BY 177 DESC
 LIMIT 1', [], false)
 2 SYSTEMPATH\Model.php(330): CodeIgniter\Database\BaseBuilder->get()
 3 SYSTEMPATH\BaseModel.php(714): CodeIgniter\Model->doFirst()
 4 APPPATH\Models\usuariosModel.php(103): CodeIgniter\BaseModel->first()
 5 APPPATH\Controllers\Autentificacion.php(136): App\Models\usuariosModel->BuscarPorIdModel('177')
 6 SYSTEMPATH\CodeIgniter.php(933): App\Controllers\Autentificacion->BuscarPorId()
 7 SYSTEMPATH\CodeIgniter.php(509): CodeIgniter\CodeIgniter->runController(Object(App\Controllers\Autentificacion))
 8 SYSTEMPATH\CodeIgniter.php(355): CodeIgniter\CodeIgniter->handleRequest(null, Object(Config\Cache), false)
 9 SYSTEMPATH\Boot.php(325): CodeIgniter\CodeIgniter->run()
10 SYSTEMPATH\Boot.php(67): CodeIgniter\Boot::runCodeIgniter(Object(CodeIgniter\CodeIgniter))
11 FCPATH\index.php(56): CodeIgniter\Boot::bootWeb(Object(Config\Paths))
CRITICAL - 2024-09-04 03:17:56 --> [Caused by] CodeIgniter\Database\Exceptions\DatabaseException: pg_query(): Query failed: ERROR:  la posición 177 de ORDER BY no está en la lista de resultados
LINE 3: ORDER BY 177 DESC
                 ^
in SYSTEMPATH\Database\Postgre\Connection.php on line 211.
 1 SYSTEMPATH\Database\BaseConnection.php(734): CodeIgniter\Database\Postgre\Connection->execute('SELECT *
FROM "registro"."mpoblad"
ORDER BY 177 DESC
 LIMIT 1')
 2 SYSTEMPATH\Database\BaseConnection.php(648): CodeIgniter\Database\BaseConnection->simpleQuery('SELECT *
FROM "registro"."mpoblad"
ORDER BY 177 DESC
 LIMIT 1')
 3 SYSTEMPATH\Database\BaseBuilder.php(1636): CodeIgniter\Database\BaseConnection->query('SELECT *
FROM "registro"."mpoblad"
ORDER BY 177 DESC
 LIMIT 1', [], false)
 4 SYSTEMPATH\Model.php(330): CodeIgniter\Database\BaseBuilder->get()
 5 SYSTEMPATH\BaseModel.php(714): CodeIgniter\Model->doFirst()
 6 APPPATH\Models\usuariosModel.php(103): CodeIgniter\BaseModel->first()
 7 APPPATH\Controllers\Autentificacion.php(136): App\Models\usuariosModel->BuscarPorIdModel('177')
 8 SYSTEMPATH\CodeIgniter.php(933): App\Controllers\Autentificacion->BuscarPorId()
 9 SYSTEMPATH\CodeIgniter.php(509): CodeIgniter\CodeIgniter->runController(Object(App\Controllers\Autentificacion))
10 SYSTEMPATH\CodeIgniter.php(355): CodeIgniter\CodeIgniter->handleRequest(null, Object(Config\Cache), false)
11 SYSTEMPATH\Boot.php(325): CodeIgniter\CodeIgniter->run()
12 SYSTEMPATH\Boot.php(67): CodeIgniter\Boot::runCodeIgniter(Object(CodeIgniter\CodeIgniter))
13 FCPATH\index.php(56): CodeIgniter\Boot::bootWeb(Object(Config\Paths))
CRITICAL - 2024-09-04 03:17:56 --> [Caused by] ErrorException: pg_query(): Query failed: ERROR:  la posición 177 de ORDER BY no está en la lista de resultados
LINE 3: ORDER BY 177 DESC
                 ^
in SYSTEMPATH\Database\Postgre\Connection.php on line 206.
 1 [internal function]: CodeIgniter\Debug\Exceptions->errorHandler(2, 'pg_query(): Query failed: ERROR:  la posición 177 de ORDER BY no está en la lista de resultados
LINE 3: ORDER BY 177 DESC
                 ^', 'C:\\laragon\\www\\PROGRAMA\\system\\Database\\Postgre\\Connection.php', 206)
 2 SYSTEMPATH\Database\Postgre\Connection.php(206): pg_query(Object(PgSql\Connection), 'SELECT *
FROM "registro"."mpoblad"
ORDER BY 177 DESC
 LIMIT 1')
 3 SYSTEMPATH\Database\BaseConnection.php(734): CodeIgniter\Database\Postgre\Connection->execute('SELECT *
FROM "registro"."mpoblad"
ORDER BY 177 DESC
 LIMIT 1')
 4 SYSTEMPATH\Database\BaseConnection.php(648): CodeIgniter\Database\BaseConnection->simpleQuery('SELECT *
FROM "registro"."mpoblad"
ORDER BY 177 DESC
 LIMIT 1')
 5 SYSTEMPATH\Database\BaseBuilder.php(1636): CodeIgniter\Database\BaseConnection->query('SELECT *
FROM "registro"."mpoblad"
ORDER BY 177 DESC
 LIMIT 1', [], false)
 6 SYSTEMPATH\Model.php(330): CodeIgniter\Database\BaseBuilder->get()
 7 SYSTEMPATH\BaseModel.php(714): CodeIgniter\Model->doFirst()
 8 APPPATH\Models\usuariosModel.php(103): CodeIgniter\BaseModel->first()
 9 APPPATH\Controllers\Autentificacion.php(136): App\Models\usuariosModel->BuscarPorIdModel('177')
10 SYSTEMPATH\CodeIgniter.php(933): App\Controllers\Autentificacion->BuscarPorId()
11 SYSTEMPATH\CodeIgniter.php(509): CodeIgniter\CodeIgniter->runController(Object(App\Controllers\Autentificacion))
12 SYSTEMPATH\CodeIgniter.php(355): CodeIgniter\CodeIgniter->handleRequest(null, Object(Config\Cache), false)
13 SYSTEMPATH\Boot.php(325): CodeIgniter\CodeIgniter->run()
14 SYSTEMPATH\Boot.php(67): CodeIgniter\Boot::runCodeIgniter(Object(CodeIgniter\CodeIgniter))
15 FCPATH\index.php(56): CodeIgniter\Boot::bootWeb(Object(Config\Paths))
INFO - 2024-09-04 03:19:00 --> Session: Class initialized using 'CodeIgniter\Session\Handlers\FileHandler' driver.
CRITICAL - 2024-09-04 03:19:06 --> Error: Call to a member function first() on null
[Method: POST, Route: buscarPorId]
in APPPATH\Models\usuariosModel.php on line 103.
 1 APPPATH\Controllers\Autentificacion.php(136): App\Models\usuariosModel->BuscarPorIdModel('177')
 2 SYSTEMPATH\CodeIgniter.php(933): App\Controllers\Autentificacion->BuscarPorId()
 3 SYSTEMPATH\CodeIgniter.php(509): CodeIgniter\CodeIgniter->runController(Object(App\Controllers\Autentificacion))
 4 SYSTEMPATH\CodeIgniter.php(355): CodeIgniter\CodeIgniter->handleRequest(null, Object(Config\Cache), false)
 5 SYSTEMPATH\Boot.php(325): CodeIgniter\CodeIgniter->run()
 6 SYSTEMPATH\Boot.php(67): CodeIgniter\Boot::runCodeIgniter(Object(CodeIgniter\CodeIgniter))
 7 FCPATH\index.php(56): CodeIgniter\Boot::bootWeb(Object(Config\Paths))
INFO - 2024-09-04 03:20:21 --> Session: Class initialized using 'CodeIgniter\Session\Handlers\FileHandler' driver.
ERROR - 2024-09-04 03:20:28 --> ErrorException: pg_query(): Query failed: ERROR:  la posición 177 de ORDER BY no está en la lista de resultados
LINE 3: ORDER BY 177
                 ^ in C:\laragon\www\PROGRAMA\system\Database\Postgre\Connection.php:206
Stack trace:
#0 [internal function]: CodeIgniter\Debug\Exceptions->errorHandler(2, 'pg_query(): Que...', 'C:\\laragon\\www\\...', 206)
#1 C:\laragon\www\PROGRAMA\system\Database\Postgre\Connection.php(206): pg_query(Object(PgSql\Connection), 'SELECT *\nFROM "...')
#2 C:\laragon\www\PROGRAMA\system\Database\BaseConnection.php(734): CodeIgniter\Database\Postgre\Connection->execute('SELECT *\nFROM "...')
#3 C:\laragon\www\PROGRAMA\system\Database\BaseConnection.php(648): CodeIgniter\Database\BaseConnection->simpleQuery('SELECT *\nFROM "...')
#4 C:\laragon\www\PROGRAMA\system\Database\BaseBuilder.php(1636): CodeIgniter\Database\BaseConnection->query('SELECT *\nFROM "...', Array, false)
#5 C:\laragon\www\PROGRAMA\system\Model.php(330): CodeIgniter\Database\BaseBuilder->get()
#6 C:\laragon\www\PROGRAMA\system\BaseModel.php(714): CodeIgniter\Model->doFirst()
#7 C:\laragon\www\PROGRAMA\app\Models\usuariosModel.php(103): CodeIgniter\BaseModel->first()
#8 C:\laragon\www\PROGRAMA\app\Controllers\Autentificacion.php(136): App\Models\usuariosModel->BuscarPorIdModel('177')
#9 C:\laragon\www\PROGRAMA\system\CodeIgniter.php(933): App\Controllers\Autentificacion->BuscarPorId()
#10 C:\laragon\www\PROGRAMA\system\CodeIgniter.php(509): CodeIgniter\CodeIgniter->runController(Object(App\Controllers\Autentificacion))
#11 C:\laragon\www\PROGRAMA\system\CodeIgniter.php(355): CodeIgniter\CodeIgniter->handleRequest(NULL, Object(Config\Cache), false)
#12 C:\laragon\www\PROGRAMA\system\Boot.php(325): CodeIgniter\CodeIgniter->run()
#13 C:\laragon\www\PROGRAMA\system\Boot.php(67): CodeIgniter\Boot::runCodeIgniter(Object(CodeIgniter\CodeIgniter))
#14 C:\laragon\www\PROGRAMA\public\index.php(56): CodeIgniter\Boot::bootWeb(Object(Config\Paths))
#15 {main}
CRITICAL - 2024-09-04 03:20:28 --> CodeIgniter\Database\Exceptions\DatabaseException: pg_query(): Query failed: ERROR:  la posición 177 de ORDER BY no está en la lista de resultados
LINE 3: ORDER BY 177
                 ^
[Method: POST, Route: buscarPorId]
in SYSTEMPATH\Database\BaseConnection.php on line 688.
 1 SYSTEMPATH\Database\BaseBuilder.php(1636): CodeIgniter\Database\BaseConnection->query('SELECT *
FROM "registro"."mpoblad"
ORDER BY 177
 LIMIT 1', [], false)
 2 SYSTEMPATH\Model.php(330): CodeIgniter\Database\BaseBuilder->get()
 3 SYSTEMPATH\BaseModel.php(714): CodeIgniter\Model->doFirst()
 4 APPPATH\Models\usuariosModel.php(103): CodeIgniter\BaseModel->first()
 5 APPPATH\Controllers\Autentificacion.php(136): App\Models\usuariosModel->BuscarPorIdModel('177')
 6 SYSTEMPATH\CodeIgniter.php(933): App\Controllers\Autentificacion->BuscarPorId()
 7 SYSTEMPATH\CodeIgniter.php(509): CodeIgniter\CodeIgniter->runController(Object(App\Controllers\Autentificacion))
 8 SYSTEMPATH\CodeIgniter.php(355): CodeIgniter\CodeIgniter->handleRequest(null, Object(Config\Cache), false)
 9 SYSTEMPATH\Boot.php(325): CodeIgniter\CodeIgniter->run()
10 SYSTEMPATH\Boot.php(67): CodeIgniter\Boot::runCodeIgniter(Object(CodeIgniter\CodeIgniter))
11 FCPATH\index.php(56): CodeIgniter\Boot::bootWeb(Object(Config\Paths))
CRITICAL - 2024-09-04 03:20:28 --> [Caused by] CodeIgniter\Database\Exceptions\DatabaseException: pg_query(): Query failed: ERROR:  la posición 177 de ORDER BY no está en la lista de resultados
LINE 3: ORDER BY 177
                 ^
in SYSTEMPATH\Database\Postgre\Connection.php on line 211.
 1 SYSTEMPATH\Database\BaseConnection.php(734): CodeIgniter\Database\Postgre\Connection->execute('SELECT *
FROM "registro"."mpoblad"
ORDER BY 177
 LIMIT 1')
 2 SYSTEMPATH\Database\BaseConnection.php(648): CodeIgniter\Database\BaseConnection->simpleQuery('SELECT *
FROM "registro"."mpoblad"
ORDER BY 177
 LIMIT 1')
 3 SYSTEMPATH\Database\BaseBuilder.php(1636): CodeIgniter\Database\BaseConnection->query('SELECT *
FROM "registro"."mpoblad"
ORDER BY 177
 LIMIT 1', [], false)
 4 SYSTEMPATH\Model.php(330): CodeIgniter\Database\BaseBuilder->get()
 5 SYSTEMPATH\BaseModel.php(714): CodeIgniter\Model->doFirst()
 6 APPPATH\Models\usuariosModel.php(103): CodeIgniter\BaseModel->first()
 7 APPPATH\Controllers\Autentificacion.php(136): App\Models\usuariosModel->BuscarPorIdModel('177')
 8 SYSTEMPATH\CodeIgniter.php(933): App\Controllers\Autentificacion->BuscarPorId()
 9 SYSTEMPATH\CodeIgniter.php(509): CodeIgniter\CodeIgniter->runController(Object(App\Controllers\Autentificacion))
10 SYSTEMPATH\CodeIgniter.php(355): CodeIgniter\CodeIgniter->handleRequest(null, Object(Config\Cache), false)
11 SYSTEMPATH\Boot.php(325): CodeIgniter\CodeIgniter->run()
12 SYSTEMPATH\Boot.php(67): CodeIgniter\Boot::runCodeIgniter(Object(CodeIgniter\CodeIgniter))
13 FCPATH\index.php(56): CodeIgniter\Boot::bootWeb(Object(Config\Paths))
CRITICAL - 2024-09-04 03:20:28 --> [Caused by] ErrorException: pg_query(): Query failed: ERROR:  la posición 177 de ORDER BY no está en la lista de resultados
LINE 3: ORDER BY 177
                 ^
in SYSTEMPATH\Database\Postgre\Connection.php on line 206.
 1 [internal function]: CodeIgniter\Debug\Exceptions->errorHandler(2, 'pg_query(): Query failed: ERROR:  la posición 177 de ORDER BY no está en la lista de resultados
LINE 3: ORDER BY 177
                 ^', 'C:\\laragon\\www\\PROGRAMA\\system\\Database\\Postgre\\Connection.php', 206)
 2 SYSTEMPATH\Database\Postgre\Connection.php(206): pg_query(Object(PgSql\Connection), 'SELECT *
FROM "registro"."mpoblad"
ORDER BY 177
 LIMIT 1')
 3 SYSTEMPATH\Database\BaseConnection.php(734): CodeIgniter\Database\Postgre\Connection->execute('SELECT *
FROM "registro"."mpoblad"
ORDER BY 177
 LIMIT 1')
 4 SYSTEMPATH\Database\BaseConnection.php(648): CodeIgniter\Database\BaseConnection->simpleQuery('SELECT *
FROM "registro"."mpoblad"
ORDER BY 177
 LIMIT 1')
 5 SYSTEMPATH\Database\BaseBuilder.php(1636): CodeIgniter\Database\BaseConnection->query('SELECT *
FROM "registro"."mpoblad"
ORDER BY 177
 LIMIT 1', [], false)
 6 SYSTEMPATH\Model.php(330): CodeIgniter\Database\BaseBuilder->get()
 7 SYSTEMPATH\BaseModel.php(714): CodeIgniter\Model->doFirst()
 8 APPPATH\Models\usuariosModel.php(103): CodeIgniter\BaseModel->first()
 9 APPPATH\Controllers\Autentificacion.php(136): App\Models\usuariosModel->BuscarPorIdModel('177')
10 SYSTEMPATH\CodeIgniter.php(933): App\Controllers\Autentificacion->BuscarPorId()
11 SYSTEMPATH\CodeIgniter.php(509): CodeIgniter\CodeIgniter->runController(Object(App\Controllers\Autentificacion))
12 SYSTEMPATH\CodeIgniter.php(355): CodeIgniter\CodeIgniter->handleRequest(null, Object(Config\Cache), false)
13 SYSTEMPATH\Boot.php(325): CodeIgniter\CodeIgniter->run()
14 SYSTEMPATH\Boot.php(67): CodeIgniter\Boot::runCodeIgniter(Object(CodeIgniter\CodeIgniter))
15 FCPATH\index.php(56): CodeIgniter\Boot::bootWeb(Object(Config\Paths))
INFO - 2024-09-04 03:23:27 --> Session: Class initialized using 'CodeIgniter\Session\Handlers\FileHandler' driver.
CRITICAL - 2024-09-04 03:23:35 --> Error: Cannot use object of type CodeIgniter\Database\Postgre\Result as array
[Method: POST, Route: buscarPorId]
in APPPATH\Models\usuariosModel.php on line 104.
 1 APPPATH\Controllers\Autentificacion.php(136): App\Models\usuariosModel->BuscarPorIdModel('177')
 2 SYSTEMPATH\CodeIgniter.php(933): App\Controllers\Autentificacion->BuscarPorId()
 3 SYSTEMPATH\CodeIgniter.php(509): CodeIgniter\CodeIgniter->runController(Object(App\Controllers\Autentificacion))
 4 SYSTEMPATH\CodeIgniter.php(355): CodeIgniter\CodeIgniter->handleRequest(null, Object(Config\Cache), false)
 5 SYSTEMPATH\Boot.php(325): CodeIgniter\CodeIgniter->run()
 6 SYSTEMPATH\Boot.php(67): CodeIgniter\Boot::runCodeIgniter(Object(CodeIgniter\CodeIgniter))
 7 FCPATH\index.php(56): CodeIgniter\Boot::bootWeb(Object(Config\Paths))
INFO - 2024-09-04 03:24:48 --> Session: Class initialized using 'CodeIgniter\Session\Handlers\FileHandler' driver.
ERROR - 2024-09-04 03:26:59 --> ErrorException: pg_query(): Query failed: ERROR:  la posición 177 de ORDER BY no está en la lista de resultados
LINE 3: ORDER BY 177 DESC
                 ^ in C:\laragon\www\PROGRAMA\system\Database\Postgre\Connection.php:206
Stack trace:
#0 [internal function]: CodeIgniter\Debug\Exceptions->errorHandler(2, 'pg_query(): Que...', 'C:\\laragon\\www\\...', 206)
#1 C:\laragon\www\PROGRAMA\system\Database\Postgre\Connection.php(206): pg_query(Object(PgSql\Connection), 'SELECT *\nFROM "...')
#2 C:\laragon\www\PROGRAMA\system\Database\BaseConnection.php(734): CodeIgniter\Database\Postgre\Connection->execute('SELECT *\nFROM "...')
#3 C:\laragon\www\PROGRAMA\system\Database\BaseConnection.php(648): CodeIgniter\Database\BaseConnection->simpleQuery('SELECT *\nFROM "...')
#4 C:\laragon\www\PROGRAMA\system\Database\BaseBuilder.php(1636): CodeIgniter\Database\BaseConnection->query('SELECT *\nFROM "...', Array, false)
#5 C:\laragon\www\PROGRAMA\system\Model.php(330): CodeIgniter\Database\BaseBuilder->get()
#6 C:\laragon\www\PROGRAMA\system\BaseModel.php(714): CodeIgniter\Model->doFirst()
#7 C:\laragon\www\PROGRAMA\app\Models\usuariosModel.php(103): CodeIgniter\BaseModel->first()
#8 C:\laragon\www\PROGRAMA\app\Controllers\Autentificacion.php(136): App\Models\usuariosModel->BuscarPorIdModel('177')
#9 C:\laragon\www\PROGRAMA\system\CodeIgniter.php(933): App\Controllers\Autentificacion->BuscarPorId()
#10 C:\laragon\www\PROGRAMA\system\CodeIgniter.php(509): CodeIgniter\CodeIgniter->runController(Object(App\Controllers\Autentificacion))
#11 C:\laragon\www\PROGRAMA\system\CodeIgniter.php(355): CodeIgniter\CodeIgniter->handleRequest(NULL, Object(Config\Cache), false)
#12 C:\laragon\www\PROGRAMA\system\Boot.php(325): CodeIgniter\CodeIgniter->run()
#13 C:\laragon\www\PROGRAMA\system\Boot.php(67): CodeIgniter\Boot::runCodeIgniter(Object(CodeIgniter\CodeIgniter))
#14 C:\laragon\www\PROGRAMA\public\index.php(56): CodeIgniter\Boot::bootWeb(Object(Config\Paths))
#15 {main}
CRITICAL - 2024-09-04 03:26:59 --> CodeIgniter\Database\Exceptions\DatabaseException: pg_query(): Query failed: ERROR:  la posición 177 de ORDER BY no está en la lista de resultados
LINE 3: ORDER BY 177 DESC
                 ^
[Method: POST, Route: buscarPorId]
in SYSTEMPATH\Database\BaseConnection.php on line 688.
 1 SYSTEMPATH\Database\BaseBuilder.php(1636): CodeIgniter\Database\BaseConnection->query('SELECT *
FROM "registro"."mpoblad"
ORDER BY 177 DESC
 LIMIT 1', [], false)
 2 SYSTEMPATH\Model.php(330): CodeIgniter\Database\BaseBuilder->get()
 3 SYSTEMPATH\BaseModel.php(714): CodeIgniter\Model->doFirst()
 4 APPPATH\Models\usuariosModel.php(103): CodeIgniter\BaseModel->first()
 5 APPPATH\Controllers\Autentificacion.php(136): App\Models\usuariosModel->BuscarPorIdModel('177')
 6 SYSTEMPATH\CodeIgniter.php(933): App\Controllers\Autentificacion->BuscarPorId()
 7 SYSTEMPATH\CodeIgniter.php(509): CodeIgniter\CodeIgniter->runController(Object(App\Controllers\Autentificacion))
 8 SYSTEMPATH\CodeIgniter.php(355): CodeIgniter\CodeIgniter->handleRequest(null, Object(Config\Cache), false)
 9 SYSTEMPATH\Boot.php(325): CodeIgniter\CodeIgniter->run()
10 SYSTEMPATH\Boot.php(67): CodeIgniter\Boot::runCodeIgniter(Object(CodeIgniter\CodeIgniter))
11 FCPATH\index.php(56): CodeIgniter\Boot::bootWeb(Object(Config\Paths))
CRITICAL - 2024-09-04 03:26:59 --> [Caused by] CodeIgniter\Database\Exceptions\DatabaseException: pg_query(): Query failed: ERROR:  la posición 177 de ORDER BY no está en la lista de resultados
LINE 3: ORDER BY 177 DESC
                 ^
in SYSTEMPATH\Database\Postgre\Connection.php on line 211.
 1 SYSTEMPATH\Database\BaseConnection.php(734): CodeIgniter\Database\Postgre\Connection->execute('SELECT *
FROM "registro"."mpoblad"
ORDER BY 177 DESC
 LIMIT 1')
 2 SYSTEMPATH\Database\BaseConnection.php(648): CodeIgniter\Database\BaseConnection->simpleQuery('SELECT *
FROM "registro"."mpoblad"
ORDER BY 177 DESC
 LIMIT 1')
 3 SYSTEMPATH\Database\BaseBuilder.php(1636): CodeIgniter\Database\BaseConnection->query('SELECT *
FROM "registro"."mpoblad"
ORDER BY 177 DESC
 LIMIT 1', [], false)
 4 SYSTEMPATH\Model.php(330): CodeIgniter\Database\BaseBuilder->get()
 5 SYSTEMPATH\BaseModel.php(714): CodeIgniter\Model->doFirst()
 6 APPPATH\Models\usuariosModel.php(103): CodeIgniter\BaseModel->first()
 7 APPPATH\Controllers\Autentificacion.php(136): App\Models\usuariosModel->BuscarPorIdModel('177')
 8 SYSTEMPATH\CodeIgniter.php(933): App\Controllers\Autentificacion->BuscarPorId()
 9 SYSTEMPATH\CodeIgniter.php(509): CodeIgniter\CodeIgniter->runController(Object(App\Controllers\Autentificacion))
10 SYSTEMPATH\CodeIgniter.php(355): CodeIgniter\CodeIgniter->handleRequest(null, Object(Config\Cache), false)
11 SYSTEMPATH\Boot.php(325): CodeIgniter\CodeIgniter->run()
12 SYSTEMPATH\Boot.php(67): CodeIgniter\Boot::runCodeIgniter(Object(CodeIgniter\CodeIgniter))
13 FCPATH\index.php(56): CodeIgniter\Boot::bootWeb(Object(Config\Paths))
CRITICAL - 2024-09-04 03:26:59 --> [Caused by] ErrorException: pg_query(): Query failed: ERROR:  la posición 177 de ORDER BY no está en la lista de resultados
LINE 3: ORDER BY 177 DESC
                 ^
in SYSTEMPATH\Database\Postgre\Connection.php on line 206.
 1 [internal function]: CodeIgniter\Debug\Exceptions->errorHandler(2, 'pg_query(): Query failed: ERROR:  la posición 177 de ORDER BY no está en la lista de resultados
LINE 3: ORDER BY 177 DESC
                 ^', 'C:\\laragon\\www\\PROGRAMA\\system\\Database\\Postgre\\Connection.php', 206)
 2 SYSTEMPATH\Database\Postgre\Connection.php(206): pg_query(Object(PgSql\Connection), 'SELECT *
FROM "registro"."mpoblad"
ORDER BY 177 DESC
 LIMIT 1')
 3 SYSTEMPATH\Database\BaseConnection.php(734): CodeIgniter\Database\Postgre\Connection->execute('SELECT *
FROM "registro"."mpoblad"
ORDER BY 177 DESC
 LIMIT 1')
 4 SYSTEMPATH\Database\BaseConnection.php(648): CodeIgniter\Database\BaseConnection->simpleQuery('SELECT *
FROM "registro"."mpoblad"
ORDER BY 177 DESC
 LIMIT 1')
 5 SYSTEMPATH\Database\BaseBuilder.php(1636): CodeIgniter\Database\BaseConnection->query('SELECT *
FROM "registro"."mpoblad"
ORDER BY 177 DESC
 LIMIT 1', [], false)
 6 SYSTEMPATH\Model.php(330): CodeIgniter\Database\BaseBuilder->get()
 7 SYSTEMPATH\BaseModel.php(714): CodeIgniter\Model->doFirst()
 8 APPPATH\Models\usuariosModel.php(103): CodeIgniter\BaseModel->first()
 9 APPPATH\Controllers\Autentificacion.php(136): App\Models\usuariosModel->BuscarPorIdModel('177')
10 SYSTEMPATH\CodeIgniter.php(933): App\Controllers\Autentificacion->BuscarPorId()
11 SYSTEMPATH\CodeIgniter.php(509): CodeIgniter\CodeIgniter->runController(Object(App\Controllers\Autentificacion))
12 SYSTEMPATH\CodeIgniter.php(355): CodeIgniter\CodeIgniter->handleRequest(null, Object(Config\Cache), false)
13 SYSTEMPATH\Boot.php(325): CodeIgniter\CodeIgniter->run()
14 SYSTEMPATH\Boot.php(67): CodeIgniter\Boot::runCodeIgniter(Object(CodeIgniter\CodeIgniter))
15 FCPATH\index.php(56): CodeIgniter\Boot::bootWeb(Object(Config\Paths))
ERROR - 2024-09-04 03:27:57 --> ErrorException: pg_query(): Query failed: ERROR:  la posición 177 de ORDER BY no está en la lista de resultados
LINE 3: ORDER BY 177 DESC
                 ^ in C:\laragon\www\PROGRAMA\system\Database\Postgre\Connection.php:206
Stack trace:
#0 [internal function]: CodeIgniter\Debug\Exceptions->errorHandler(2, 'pg_query(): Que...', 'C:\\laragon\\www\\...', 206)
#1 C:\laragon\www\PROGRAMA\system\Database\Postgre\Connection.php(206): pg_query(Object(PgSql\Connection), 'SELECT *\nFROM "...')
#2 C:\laragon\www\PROGRAMA\system\Database\BaseConnection.php(734): CodeIgniter\Database\Postgre\Connection->execute('SELECT *\nFROM "...')
#3 C:\laragon\www\PROGRAMA\system\Database\BaseConnection.php(648): CodeIgniter\Database\BaseConnection->simpleQuery('SELECT *\nFROM "...')
#4 C:\laragon\www\PROGRAMA\system\Database\BaseBuilder.php(1636): CodeIgniter\Database\BaseConnection->query('SELECT *\nFROM "...', Array, false)
#5 C:\laragon\www\PROGRAMA\system\Model.php(330): CodeIgniter\Database\BaseBuilder->get()
#6 C:\laragon\www\PROGRAMA\system\BaseModel.php(714): CodeIgniter\Model->doFirst()
#7 C:\laragon\www\PROGRAMA\app\Models\usuariosModel.php(103): CodeIgniter\BaseModel->first()
#8 C:\laragon\www\PROGRAMA\app\Controllers\Autentificacion.php(136): App\Models\usuariosModel->BuscarPorIdModel('177')
#9 C:\laragon\www\PROGRAMA\system\CodeIgniter.php(933): App\Controllers\Autentificacion->BuscarPorId()
#10 C:\laragon\www\PROGRAMA\system\CodeIgniter.php(509): CodeIgniter\CodeIgniter->runController(Object(App\Controllers\Autentificacion))
#11 C:\laragon\www\PROGRAMA\system\CodeIgniter.php(355): CodeIgniter\CodeIgniter->handleRequest(NULL, Object(Config\Cache), false)
#12 C:\laragon\www\PROGRAMA\system\Boot.php(325): CodeIgniter\CodeIgniter->run()
#13 C:\laragon\www\PROGRAMA\system\Boot.php(67): CodeIgniter\Boot::runCodeIgniter(Object(CodeIgniter\CodeIgniter))
#14 C:\laragon\www\PROGRAMA\public\index.php(56): CodeIgniter\Boot::bootWeb(Object(Config\Paths))
#15 {main}
CRITICAL - 2024-09-04 03:27:57 --> CodeIgniter\Database\Exceptions\DatabaseException: pg_query(): Query failed: ERROR:  la posición 177 de ORDER BY no está en la lista de resultados
LINE 3: ORDER BY 177 DESC
                 ^
[Method: POST, Route: buscarPorId]
in SYSTEMPATH\Database\BaseConnection.php on line 688.
 1 SYSTEMPATH\Database\BaseBuilder.php(1636): CodeIgniter\Database\BaseConnection->query('SELECT *
FROM "registro"."mpoblad"
ORDER BY 177 DESC
 LIMIT 1', [], false)
 2 SYSTEMPATH\Model.php(330): CodeIgniter\Database\BaseBuilder->get()
 3 SYSTEMPATH\BaseModel.php(714): CodeIgniter\Model->doFirst()
 4 APPPATH\Models\usuariosModel.php(103): CodeIgniter\BaseModel->first()
 5 APPPATH\Controllers\Autentificacion.php(136): App\Models\usuariosModel->BuscarPorIdModel('177')
 6 SYSTEMPATH\CodeIgniter.php(933): App\Controllers\Autentificacion->BuscarPorId()
 7 SYSTEMPATH\CodeIgniter.php(509): CodeIgniter\CodeIgniter->runController(Object(App\Controllers\Autentificacion))
 8 SYSTEMPATH\CodeIgniter.php(355): CodeIgniter\CodeIgniter->handleRequest(null, Object(Config\Cache), false)
 9 SYSTEMPATH\Boot.php(325): CodeIgniter\CodeIgniter->run()
10 SYSTEMPATH\Boot.php(67): CodeIgniter\Boot::runCodeIgniter(Object(CodeIgniter\CodeIgniter))
11 FCPATH\index.php(56): CodeIgniter\Boot::bootWeb(Object(Config\Paths))
CRITICAL - 2024-09-04 03:27:57 --> [Caused by] CodeIgniter\Database\Exceptions\DatabaseException: pg_query(): Query failed: ERROR:  la posición 177 de ORDER BY no está en la lista de resultados
LINE 3: ORDER BY 177 DESC
                 ^
in SYSTEMPATH\Database\Postgre\Connection.php on line 211.
 1 SYSTEMPATH\Database\BaseConnection.php(734): CodeIgniter\Database\Postgre\Connection->execute('SELECT *
FROM "registro"."mpoblad"
ORDER BY 177 DESC
 LIMIT 1')
 2 SYSTEMPATH\Database\BaseConnection.php(648): CodeIgniter\Database\BaseConnection->simpleQuery('SELECT *
FROM "registro"."mpoblad"
ORDER BY 177 DESC
 LIMIT 1')
 3 SYSTEMPATH\Database\BaseBuilder.php(1636): CodeIgniter\Database\BaseConnection->query('SELECT *
FROM "registro"."mpoblad"
ORDER BY 177 DESC
 LIMIT 1', [], false)
 4 SYSTEMPATH\Model.php(330): CodeIgniter\Database\BaseBuilder->get()
 5 SYSTEMPATH\BaseModel.php(714): CodeIgniter\Model->doFirst()
 6 APPPATH\Models\usuariosModel.php(103): CodeIgniter\BaseModel->first()
 7 APPPATH\Controllers\Autentificacion.php(136): App\Models\usuariosModel->BuscarPorIdModel('177')
 8 SYSTEMPATH\CodeIgniter.php(933): App\Controllers\Autentificacion->BuscarPorId()
 9 SYSTEMPATH\CodeIgniter.php(509): CodeIgniter\CodeIgniter->runController(Object(App\Controllers\Autentificacion))
10 SYSTEMPATH\CodeIgniter.php(355): CodeIgniter\CodeIgniter->handleRequest(null, Object(Config\Cache), false)
11 SYSTEMPATH\Boot.php(325): CodeIgniter\CodeIgniter->run()
12 SYSTEMPATH\Boot.php(67): CodeIgniter\Boot::runCodeIgniter(Object(CodeIgniter\CodeIgniter))
13 FCPATH\index.php(56): CodeIgniter\Boot::bootWeb(Object(Config\Paths))
CRITICAL - 2024-09-04 03:27:57 --> [Caused by] ErrorException: pg_query(): Query failed: ERROR:  la posición 177 de ORDER BY no está en la lista de resultados
LINE 3: ORDER BY 177 DESC
                 ^
in SYSTEMPATH\Database\Postgre\Connection.php on line 206.
 1 [internal function]: CodeIgniter\Debug\Exceptions->errorHandler(2, 'pg_query(): Query failed: ERROR:  la posición 177 de ORDER BY no está en la lista de resultados
LINE 3: ORDER BY 177 DESC
                 ^', 'C:\\laragon\\www\\PROGRAMA\\system\\Database\\Postgre\\Connection.php', 206)
 2 SYSTEMPATH\Database\Postgre\Connection.php(206): pg_query(Object(PgSql\Connection), 'SELECT *
FROM "registro"."mpoblad"
ORDER BY 177 DESC
 LIMIT 1')
 3 SYSTEMPATH\Database\BaseConnection.php(734): CodeIgniter\Database\Postgre\Connection->execute('SELECT *
FROM "registro"."mpoblad"
ORDER BY 177 DESC
 LIMIT 1')
 4 SYSTEMPATH\Database\BaseConnection.php(648): CodeIgniter\Database\BaseConnection->simpleQuery('SELECT *
FROM "registro"."mpoblad"
ORDER BY 177 DESC
 LIMIT 1')
 5 SYSTEMPATH\Database\BaseBuilder.php(1636): CodeIgniter\Database\BaseConnection->query('SELECT *
FROM "registro"."mpoblad"
ORDER BY 177 DESC
 LIMIT 1', [], false)
 6 SYSTEMPATH\Model.php(330): CodeIgniter\Database\BaseBuilder->get()
 7 SYSTEMPATH\BaseModel.php(714): CodeIgniter\Model->doFirst()
 8 APPPATH\Models\usuariosModel.php(103): CodeIgniter\BaseModel->first()
 9 APPPATH\Controllers\Autentificacion.php(136): App\Models\usuariosModel->BuscarPorIdModel('177')
10 SYSTEMPATH\CodeIgniter.php(933): App\Controllers\Autentificacion->BuscarPorId()
11 SYSTEMPATH\CodeIgniter.php(509): CodeIgniter\CodeIgniter->runController(Object(App\Controllers\Autentificacion))
12 SYSTEMPATH\CodeIgniter.php(355): CodeIgniter\CodeIgniter->handleRequest(null, Object(Config\Cache), false)
13 SYSTEMPATH\Boot.php(325): CodeIgniter\CodeIgniter->run()
14 SYSTEMPATH\Boot.php(67): CodeIgniter\Boot::runCodeIgniter(Object(CodeIgniter\CodeIgniter))
15 FCPATH\index.php(56): CodeIgniter\Boot::bootWeb(Object(Config\Paths))
ERROR - 2024-09-04 03:28:57 --> ErrorException: pg_query(): Query failed: ERROR:  la posición 177 de ORDER BY no está en la lista de resultados
LINE 3: ORDER BY 177 DESC
                 ^ in C:\laragon\www\PROGRAMA\system\Database\Postgre\Connection.php:206
Stack trace:
#0 [internal function]: CodeIgniter\Debug\Exceptions->errorHandler(2, 'pg_query(): Que...', 'C:\\laragon\\www\\...', 206)
#1 C:\laragon\www\PROGRAMA\system\Database\Postgre\Connection.php(206): pg_query(Object(PgSql\Connection), 'SELECT *\nFROM "...')
#2 C:\laragon\www\PROGRAMA\system\Database\BaseConnection.php(734): CodeIgniter\Database\Postgre\Connection->execute('SELECT *\nFROM "...')
#3 C:\laragon\www\PROGRAMA\system\Database\BaseConnection.php(648): CodeIgniter\Database\BaseConnection->simpleQuery('SELECT *\nFROM "...')
#4 C:\laragon\www\PROGRAMA\system\Database\BaseBuilder.php(1636): CodeIgniter\Database\BaseConnection->query('SELECT *\nFROM "...', Array, false)
#5 C:\laragon\www\PROGRAMA\system\Model.php(330): CodeIgniter\Database\BaseBuilder->get()
#6 C:\laragon\www\PROGRAMA\system\BaseModel.php(714): CodeIgniter\Model->doFirst()
#7 C:\laragon\www\PROGRAMA\app\Models\usuariosModel.php(103): CodeIgniter\BaseModel->first()
#8 C:\laragon\www\PROGRAMA\app\Controllers\Autentificacion.php(136): App\Models\usuariosModel->BuscarPorIdModel('177')
#9 C:\laragon\www\PROGRAMA\system\CodeIgniter.php(933): App\Controllers\Autentificacion->BuscarPorId()
#10 C:\laragon\www\PROGRAMA\system\CodeIgniter.php(509): CodeIgniter\CodeIgniter->runController(Object(App\Controllers\Autentificacion))
#11 C:\laragon\www\PROGRAMA\system\CodeIgniter.php(355): CodeIgniter\CodeIgniter->handleRequest(NULL, Object(Config\Cache), false)
#12 C:\laragon\www\PROGRAMA\system\Boot.php(325): CodeIgniter\CodeIgniter->run()
#13 C:\laragon\www\PROGRAMA\system\Boot.php(67): CodeIgniter\Boot::runCodeIgniter(Object(CodeIgniter\CodeIgniter))
#14 C:\laragon\www\PROGRAMA\public\index.php(56): CodeIgniter\Boot::bootWeb(Object(Config\Paths))
#15 {main}
CRITICAL - 2024-09-04 03:28:57 --> CodeIgniter\Database\Exceptions\DatabaseException: pg_query(): Query failed: ERROR:  la posición 177 de ORDER BY no está en la lista de resultados
LINE 3: ORDER BY 177 DESC
                 ^
[Method: POST, Route: buscarPorId]
in SYSTEMPATH\Database\BaseConnection.php on line 688.
 1 SYSTEMPATH\Database\BaseBuilder.php(1636): CodeIgniter\Database\BaseConnection->query('SELECT *
FROM "registro"."mpoblad"
ORDER BY 177 DESC
 LIMIT 1', [], false)
 2 SYSTEMPATH\Model.php(330): CodeIgniter\Database\BaseBuilder->get()
 3 SYSTEMPATH\BaseModel.php(714): CodeIgniter\Model->doFirst()
 4 APPPATH\Models\usuariosModel.php(103): CodeIgniter\BaseModel->first()
 5 APPPATH\Controllers\Autentificacion.php(136): App\Models\usuariosModel->BuscarPorIdModel('177')
 6 SYSTEMPATH\CodeIgniter.php(933): App\Controllers\Autentificacion->BuscarPorId()
 7 SYSTEMPATH\CodeIgniter.php(509): CodeIgniter\CodeIgniter->runController(Object(App\Controllers\Autentificacion))
 8 SYSTEMPATH\CodeIgniter.php(355): CodeIgniter\CodeIgniter->handleRequest(null, Object(Config\Cache), false)
 9 SYSTEMPATH\Boot.php(325): CodeIgniter\CodeIgniter->run()
10 SYSTEMPATH\Boot.php(67): CodeIgniter\Boot::runCodeIgniter(Object(CodeIgniter\CodeIgniter))
11 FCPATH\index.php(56): CodeIgniter\Boot::bootWeb(Object(Config\Paths))
CRITICAL - 2024-09-04 03:28:57 --> [Caused by] CodeIgniter\Database\Exceptions\DatabaseException: pg_query(): Query failed: ERROR:  la posición 177 de ORDER BY no está en la lista de resultados
LINE 3: ORDER BY 177 DESC
                 ^
in SYSTEMPATH\Database\Postgre\Connection.php on line 211.
 1 SYSTEMPATH\Database\BaseConnection.php(734): CodeIgniter\Database\Postgre\Connection->execute('SELECT *
FROM "registro"."mpoblad"
ORDER BY 177 DESC
 LIMIT 1')
 2 SYSTEMPATH\Database\BaseConnection.php(648): CodeIgniter\Database\BaseConnection->simpleQuery('SELECT *
FROM "registro"."mpoblad"
ORDER BY 177 DESC
 LIMIT 1')
 3 SYSTEMPATH\Database\BaseBuilder.php(1636): CodeIgniter\Database\BaseConnection->query('SELECT *
FROM "registro"."mpoblad"
ORDER BY 177 DESC
 LIMIT 1', [], false)
 4 SYSTEMPATH\Model.php(330): CodeIgniter\Database\BaseBuilder->get()
 5 SYSTEMPATH\BaseModel.php(714): CodeIgniter\Model->doFirst()
 6 APPPATH\Models\usuariosModel.php(103): CodeIgniter\BaseModel->first()
 7 APPPATH\Controllers\Autentificacion.php(136): App\Models\usuariosModel->BuscarPorIdModel('177')
 8 SYSTEMPATH\CodeIgniter.php(933): App\Controllers\Autentificacion->BuscarPorId()
 9 SYSTEMPATH\CodeIgniter.php(509): CodeIgniter\CodeIgniter->runController(Object(App\Controllers\Autentificacion))
10 SYSTEMPATH\CodeIgniter.php(355): CodeIgniter\CodeIgniter->handleRequest(null, Object(Config\Cache), false)
11 SYSTEMPATH\Boot.php(325): CodeIgniter\CodeIgniter->run()
12 SYSTEMPATH\Boot.php(67): CodeIgniter\Boot::runCodeIgniter(Object(CodeIgniter\CodeIgniter))
13 FCPATH\index.php(56): CodeIgniter\Boot::bootWeb(Object(Config\Paths))
CRITICAL - 2024-09-04 03:28:57 --> [Caused by] ErrorException: pg_query(): Query failed: ERROR:  la posición 177 de ORDER BY no está en la lista de resultados
LINE 3: ORDER BY 177 DESC
                 ^
in SYSTEMPATH\Database\Postgre\Connection.php on line 206.
 1 [internal function]: CodeIgniter\Debug\Exceptions->errorHandler(2, 'pg_query(): Query failed: ERROR:  la posición 177 de ORDER BY no está en la lista de resultados
LINE 3: ORDER BY 177 DESC
                 ^', 'C:\\laragon\\www\\PROGRAMA\\system\\Database\\Postgre\\Connection.php', 206)
 2 SYSTEMPATH\Database\Postgre\Connection.php(206): pg_query(Object(PgSql\Connection), 'SELECT *
FROM "registro"."mpoblad"
ORDER BY 177 DESC
 LIMIT 1')
 3 SYSTEMPATH\Database\BaseConnection.php(734): CodeIgniter\Database\Postgre\Connection->execute('SELECT *
FROM "registro"."mpoblad"
ORDER BY 177 DESC
 LIMIT 1')
 4 SYSTEMPATH\Database\BaseConnection.php(648): CodeIgniter\Database\BaseConnection->simpleQuery('SELECT *
FROM "registro"."mpoblad"
ORDER BY 177 DESC
 LIMIT 1')
 5 SYSTEMPATH\Database\BaseBuilder.php(1636): CodeIgniter\Database\BaseConnection->query('SELECT *
FROM "registro"."mpoblad"
ORDER BY 177 DESC
 LIMIT 1', [], false)
 6 SYSTEMPATH\Model.php(330): CodeIgniter\Database\BaseBuilder->get()
 7 SYSTEMPATH\BaseModel.php(714): CodeIgniter\Model->doFirst()
 8 APPPATH\Models\usuariosModel.php(103): CodeIgniter\BaseModel->first()
 9 APPPATH\Controllers\Autentificacion.php(136): App\Models\usuariosModel->BuscarPorIdModel('177')
10 SYSTEMPATH\CodeIgniter.php(933): App\Controllers\Autentificacion->BuscarPorId()
11 SYSTEMPATH\CodeIgniter.php(509): CodeIgniter\CodeIgniter->runController(Object(App\Controllers\Autentificacion))
12 SYSTEMPATH\CodeIgniter.php(355): CodeIgniter\CodeIgniter->handleRequest(null, Object(Config\Cache), false)
13 SYSTEMPATH\Boot.php(325): CodeIgniter\CodeIgniter->run()
14 SYSTEMPATH\Boot.php(67): CodeIgniter\Boot::runCodeIgniter(Object(CodeIgniter\CodeIgniter))
15 FCPATH\index.php(56): CodeIgniter\Boot::bootWeb(Object(Config\Paths))
CRITICAL - 2024-09-04 03:34:27 --> Error: Cannot use object of type App\Models\usuariosModel as array
[Method: POST, Route: buscarPorId]
in APPPATH\Models\usuariosModel.php on line 104.
 1 APPPATH\Controllers\Autentificacion.php(136): App\Models\usuariosModel->BuscarPorIdModel('177')
 2 SYSTEMPATH\CodeIgniter.php(933): App\Controllers\Autentificacion->BuscarPorId()
 3 SYSTEMPATH\CodeIgniter.php(509): CodeIgniter\CodeIgniter->runController(Object(App\Controllers\Autentificacion))
 4 SYSTEMPATH\CodeIgniter.php(355): CodeIgniter\CodeIgniter->handleRequest(null, Object(Config\Cache), false)
 5 SYSTEMPATH\Boot.php(325): CodeIgniter\CodeIgniter->run()
 6 SYSTEMPATH\Boot.php(67): CodeIgniter\Boot::runCodeIgniter(Object(CodeIgniter\CodeIgniter))
 7 FCPATH\index.php(56): CodeIgniter\Boot::bootWeb(Object(Config\Paths))
CRITICAL - 2024-09-04 03:38:56 --> Error: Cannot use object of type CodeIgniter\Database\Postgre\Builder as array
[Method: POST, Route: buscarPorId]
in APPPATH\Models\usuariosModel.php on line 104.
 1 APPPATH\Controllers\Autentificacion.php(136): App\Models\usuariosModel->BuscarPorIdModel('177')
 2 SYSTEMPATH\CodeIgniter.php(933): App\Controllers\Autentificacion->BuscarPorId()
 3 SYSTEMPATH\CodeIgniter.php(509): CodeIgniter\CodeIgniter->runController(Object(App\Controllers\Autentificacion))
 4 SYSTEMPATH\CodeIgniter.php(355): CodeIgniter\CodeIgniter->handleRequest(null, Object(Config\Cache), false)
 5 SYSTEMPATH\Boot.php(325): CodeIgniter\CodeIgniter->run()
 6 SYSTEMPATH\Boot.php(67): CodeIgniter\Boot::runCodeIgniter(Object(CodeIgniter\CodeIgniter))
 7 FCPATH\index.php(56): CodeIgniter\Boot::bootWeb(Object(Config\Paths))
CRITICAL - 2024-09-04 04:09:52 --> ErrorException: Undefined array key "idsigma"
[Method: POST, Route: buscarPorId]
in APPPATH\Models\usuariosModel.php on line 104.
 1 APPPATH\Models\usuariosModel.php(104): CodeIgniter\Debug\Exceptions->errorHandler(2, 'Undefined array key "idsigma"', 'C:\\laragon\\www\\PROGRAMA\\app\\Models\\usuariosModel.php', 104)
 2 APPPATH\Controllers\Autentificacion.php(136): App\Models\usuariosModel->BuscarPorIdModel(null)
 3 SYSTEMPATH\CodeIgniter.php(933): App\Controllers\Autentificacion->BuscarPorId()
 4 SYSTEMPATH\CodeIgniter.php(509): CodeIgniter\CodeIgniter->runController(Object(App\Controllers\Autentificacion))
 5 SYSTEMPATH\CodeIgniter.php(355): CodeIgniter\CodeIgniter->handleRequest(null, Object(Config\Cache), false)
 6 SYSTEMPATH\Boot.php(325): CodeIgniter\CodeIgniter->run()
 7 SYSTEMPATH\Boot.php(67): CodeIgniter\Boot::runCodeIgniter(Object(CodeIgniter\CodeIgniter))
 8 FCPATH\index.php(56): CodeIgniter\Boot::bootWeb(Object(Config\Paths))
INFO - 2024-09-04 04:25:31 --> Session: Class initialized using 'CodeIgniter\Session\Handlers\FileHandler' driver.
INFO - 2024-09-04 04:26:39 --> Session: Class initialized using 'CodeIgniter\Session\Handlers\FileHandler' driver.
INFO - 2024-09-04 04:27:31 --> Session: Class initialized using 'CodeIgniter\Session\Handlers\FileHandler' driver.
INFO - 2024-09-04 04:27:44 --> Session: Class initialized using 'CodeIgniter\Session\Handlers\FileHandler' driver.
INFO - 2024-09-04 04:29:36 --> Session: Class initialized using 'CodeIgniter\Session\Handlers\FileHandler' driver.
INFO - 2024-09-04 04:29:55 --> Session: Class initialized using 'CodeIgniter\Session\Handlers\FileHandler' driver.
INFO - 2024-09-04 04:30:27 --> Session: Class initialized using 'CodeIgniter\Session\Handlers\FileHandler' driver.
INFO - 2024-09-04 04:31:18 --> Session: Class initialized using 'CodeIgniter\Session\Handlers\FileHandler' driver.
INFO - 2024-09-04 04:31:40 --> Session: Class initialized using 'CodeIgniter\Session\Handlers\FileHandler' driver.
INFO - 2024-09-04 04:32:29 --> Session: Class initialized using 'CodeIgniter\Session\Handlers\FileHandler' driver.
INFO - 2024-09-04 04:34:04 --> Session: Class initialized using 'CodeIgniter\Session\Handlers\FileHandler' driver.
INFO - 2024-09-04 04:34:20 --> Session: Class initialized using 'CodeIgniter\Session\Handlers\FileHandler' driver.
INFO - 2024-09-04 04:35:13 --> Session: Class initialized using 'CodeIgniter\Session\Handlers\FileHandler' driver.
INFO - 2024-09-04 04:36:06 --> Session: Class initialized using 'CodeIgniter\Session\Handlers\FileHandler' driver.
INFO - 2024-09-04 04:36:22 --> Session: Class initialized using 'CodeIgniter\Session\Handlers\FileHandler' driver.
INFO - 2024-09-04 04:37:05 --> Session: Class initialized using 'CodeIgniter\Session\Handlers\FileHandler' driver.
INFO - 2024-09-04 04:37:43 --> Session: Class initialized using 'CodeIgniter\Session\Handlers\FileHandler' driver.
INFO - 2024-09-04 04:39:46 --> Session: Class initialized using 'CodeIgniter\Session\Handlers\FileHandler' driver.
INFO - 2024-09-04 04:40:10 --> Session: Class initialized using 'CodeIgniter\Session\Handlers\FileHandler' driver.
CRITICAL - 2024-09-04 04:42:05 --> ErrorException: Trying to access array offset on value of type null
[Method: POST, Route: buscarPorId]
in APPPATH\Models\usuariosModel.php on line 104.
 1 APPPATH\Models\usuariosModel.php(104): CodeIgniter\Debug\Exceptions->errorHandler(2, 'Trying to access array offset on value of type null', 'C:\\laragon\\www\\PROGRAMA\\app\\Models\\usuariosModel.php', 104)
 2 APPPATH\Controllers\Autentificacion.php(136): App\Models\usuariosModel->BuscarPorIdModel('177')
 3 SYSTEMPATH\CodeIgniter.php(933): App\Controllers\Autentificacion->BuscarPorId()
 4 SYSTEMPATH\CodeIgniter.php(509): CodeIgniter\CodeIgniter->runController(Object(App\Controllers\Autentificacion))
 5 SYSTEMPATH\CodeIgniter.php(355): CodeIgniter\CodeIgniter->handleRequest(null, Object(Config\Cache), false)
 6 SYSTEMPATH\Boot.php(325): CodeIgniter\CodeIgniter->run()
 7 SYSTEMPATH\Boot.php(67): CodeIgniter\Boot::runCodeIgniter(Object(CodeIgniter\CodeIgniter))
 8 FCPATH\index.php(56): CodeIgniter\Boot::bootWeb(Object(Config\Paths))
INFO - 2024-09-04 21:05:16 --> Session: Class initialized using 'CodeIgniter\Session\Handlers\FileHandler' driver.
INFO - 2024-09-04 21:06:04 --> Session: Class initialized using 'CodeIgniter\Session\Handlers\FileHandler' driver.
INFO - 2024-09-04 21:11:33 --> Session: Class initialized using 'CodeIgniter\Session\Handlers\FileHandler' driver.
INFO - 2024-09-04 21:14:47 --> Session: Class initialized using 'CodeIgniter\Session\Handlers\FileHandler' driver.
INFO - 2024-09-04 21:16:15 --> Session: Class initialized using 'CodeIgniter\Session\Handlers\FileHandler' driver.
INFO - 2024-09-04 21:18:10 --> Session: Class initialized using 'CodeIgniter\Session\Handlers\FileHandler' driver.
INFO - 2024-09-04 21:18:45 --> Session: Class initialized using 'CodeIgniter\Session\Handlers\FileHandler' driver.
INFO - 2024-09-04 21:19:22 --> Session: Class initialized using 'CodeIgniter\Session\Handlers\FileHandler' driver.
INFO - 2024-09-04 21:24:34 --> Session: Class initialized using 'CodeIgniter\Session\Handlers\FileHandler' driver.
INFO - 2024-09-04 21:24:52 --> Session: Class initialized using 'CodeIgniter\Session\Handlers\FileHandler' driver.
INFO - 2024-09-04 21:27:48 --> Session: Class initialized using 'CodeIgniter\Session\Handlers\FileHandler' driver.
INFO - 2024-09-04 21:28:17 --> Session: Class initialized using 'CodeIgniter\Session\Handlers\FileHandler' driver.
INFO - 2024-09-04 21:33:59 --> Session: Class initialized using 'CodeIgniter\Session\Handlers\FileHandler' driver.
INFO - 2024-09-04 21:35:18 --> Session: Class initialized using 'CodeIgniter\Session\Handlers\FileHandler' driver.
INFO - 2024-09-04 21:35:49 --> Session: Class initialized using 'CodeIgniter\Session\Handlers\FileHandler' driver.
INFO - 2024-09-04 21:36:05 --> Session: Class initialized using 'CodeIgniter\Session\Handlers\FileHandler' driver.
INFO - 2024-09-04 21:37:43 --> Session: Class initialized using 'CodeIgniter\Session\Handlers\FileHandler' driver.
INFO - 2024-09-04 21:39:26 --> Session: Class initialized using 'CodeIgniter\Session\Handlers\FileHandler' driver.
INFO - 2024-09-04 21:40:00 --> Session: Class initialized using 'CodeIgniter\Session\Handlers\FileHandler' driver.
INFO - 2024-09-04 21:40:39 --> Session: Class initialized using 'CodeIgniter\Session\Handlers\FileHandler' driver.
INFO - 2024-09-04 21:44:41 --> Session: Class initialized using 'CodeIgniter\Session\Handlers\FileHandler' driver.
INFO - 2024-09-04 21:45:09 --> Session: Class initialized using 'CodeIgniter\Session\Handlers\FileHandler' driver.
INFO - 2024-09-04 21:45:58 --> Session: Class initialized using 'CodeIgniter\Session\Handlers\FileHandler' driver.
INFO - 2024-09-04 21:46:20 --> Session: Class initialized using 'CodeIgniter\Session\Handlers\FileHandler' driver.
INFO - 2024-09-04 21:46:41 --> Session: Class initialized using 'CodeIgniter\Session\Handlers\FileHandler' driver.
INFO - 2024-09-04 21:48:33 --> Session: Class initialized using 'CodeIgniter\Session\Handlers\FileHandler' driver.
INFO - 2024-09-04 21:49:39 --> Session: Class initialized using 'CodeIgniter\Session\Handlers\FileHandler' driver.
INFO - 2024-09-04 21:50:05 --> Session: Class initialized using 'CodeIgniter\Session\Handlers\FileHandler' driver.
INFO - 2024-09-04 21:50:54 --> Session: Class initialized using 'CodeIgniter\Session\Handlers\FileHandler' driver.
INFO - 2024-09-04 21:51:39 --> Session: Class initialized using 'CodeIgniter\Session\Handlers\FileHandler' driver.
INFO - 2024-09-04 21:52:19 --> Session: Class initialized using 'CodeIgniter\Session\Handlers\FileHandler' driver.
INFO - 2024-09-04 21:54:50 --> Session: Class initialized using 'CodeIgniter\Session\Handlers\FileHandler' driver.
INFO - 2024-09-04 21:55:10 --> Session: Class initialized using 'CodeIgniter\Session\Handlers\FileHandler' driver.
INFO - 2024-09-04 21:55:44 --> Session: Class initialized using 'CodeIgniter\Session\Handlers\FileHandler' driver.
INFO - 2024-09-04 21:57:23 --> Session: Class initialized using 'CodeIgniter\Session\Handlers\FileHandler' driver.
INFO - 2024-09-04 21:57:48 --> Session: Class initialized using 'CodeIgniter\Session\Handlers\FileHandler' driver.
INFO - 2024-09-04 21:59:43 --> Session: Class initialized using 'CodeIgniter\Session\Handlers\FileHandler' driver.
INFO - 2024-09-04 22:00:16 --> Session: Class initialized using 'CodeIgniter\Session\Handlers\FileHandler' driver.
INFO - 2024-09-04 22:01:21 --> Session: Class initialized using 'CodeIgniter\Session\Handlers\FileHandler' driver.
INFO - 2024-09-04 22:01:45 --> Session: Class initialized using 'CodeIgniter\Session\Handlers\FileHandler' driver.
INFO - 2024-09-04 22:02:11 --> Session: Class initialized using 'CodeIgniter\Session\Handlers\FileHandler' driver.
INFO - 2024-09-04 22:06:25 --> Session: Class initialized using 'CodeIgniter\Session\Handlers\FileHandler' driver.
INFO - 2024-09-04 22:08:56 --> Session: Class initialized using 'CodeIgniter\Session\Handlers\FileHandler' driver.
INFO - 2024-09-04 22:09:38 --> Session: Class initialized using 'CodeIgniter\Session\Handlers\FileHandler' driver.
INFO - 2024-09-04 22:14:26 --> Session: Class initialized using 'CodeIgniter\Session\Handlers\FileHandler' driver.
INFO - 2024-09-04 22:14:51 --> Session: Class initialized using 'CodeIgniter\Session\Handlers\FileHandler' driver.
INFO - 2024-09-04 22:15:20 --> Session: Class initialized using 'CodeIgniter\Session\Handlers\FileHandler' driver.
INFO - 2024-09-04 22:15:55 --> Session: Class initialized using 'CodeIgniter\Session\Handlers\FileHandler' driver.
INFO - 2024-09-04 22:16:29 --> Session: Class initialized using 'CodeIgniter\Session\Handlers\FileHandler' driver.
INFO - 2024-09-04 22:16:52 --> Session: Class initialized using 'CodeIgniter\Session\Handlers\FileHandler' driver.
INFO - 2024-09-04 22:17:26 --> Session: Class initialized using 'CodeIgniter\Session\Handlers\FileHandler' driver.
INFO - 2024-09-04 22:17:56 --> Session: Class initialized using 'CodeIgniter\Session\Handlers\FileHandler' driver.
INFO - 2024-09-04 22:18:53 --> Session: Class initialized using 'CodeIgniter\Session\Handlers\FileHandler' driver.
INFO - 2024-09-04 22:19:13 --> Session: Class initialized using 'CodeIgniter\Session\Handlers\FileHandler' driver.
INFO - 2024-09-04 22:19:24 --> Session: Class initialized using 'CodeIgniter\Session\Handlers\FileHandler' driver.
INFO - 2024-09-04 22:19:59 --> Session: Class initialized using 'CodeIgniter\Session\Handlers\FileHandler' driver.
INFO - 2024-09-04 22:20:21 --> Session: Class initialized using 'CodeIgniter\Session\Handlers\FileHandler' driver.
INFO - 2024-09-04 22:23:21 --> Session: Class initialized using 'CodeIgniter\Session\Handlers\FileHandler' driver.
INFO - 2024-09-04 22:23:55 --> Session: Class initialized using 'CodeIgniter\Session\Handlers\FileHandler' driver.
INFO - 2024-09-04 22:25:30 --> Session: Class initialized using 'CodeIgniter\Session\Handlers\FileHandler' driver.
INFO - 2024-09-04 22:26:43 --> Session: Class initialized using 'CodeIgniter\Session\Handlers\FileHandler' driver.
INFO - 2024-09-04 22:27:02 --> Session: Class initialized using 'CodeIgniter\Session\Handlers\FileHandler' driver.
INFO - 2024-09-04 22:27:17 --> Session: Class initialized using 'CodeIgniter\Session\Handlers\FileHandler' driver.
INFO - 2024-09-04 22:28:46 --> Session: Class initialized using 'CodeIgniter\Session\Handlers\FileHandler' driver.
INFO - 2024-09-04 22:29:18 --> Session: Class initialized using 'CodeIgniter\Session\Handlers\FileHandler' driver.
INFO - 2024-09-04 22:30:25 --> Session: Class initialized using 'CodeIgniter\Session\Handlers\FileHandler' driver.
INFO - 2024-09-04 22:31:08 --> Session: Class initialized using 'CodeIgniter\Session\Handlers\FileHandler' driver.
