CRITICAL - 2024-09-03 22:04:04 --> ArgumentCountError: Too few arguments to function App\Controllers\Autentificacion::BuscarPorId(), 0 passed in C:\laragon\www\PROGRAMA\system\CodeIgniter.php on line 933 and exactly 1 expected
[Method: GET, Route: buscarPorId]
in APPPATH\Controllers\Autentificacion.php on line 132.
 1 SYSTEMPATH\CodeIgniter.php(933): App\Controllers\Autentificacion->BuscarPorId()
 2 SYSTEMPATH\CodeIgniter.php(509): CodeIgniter\CodeIgniter->runController(Object(App\Controllers\Autentificacion))
 3 SYSTEMPATH\CodeIgniter.php(355): CodeIgniter\CodeIgniter->handleRequest(null, Object(Config\Cache), false)
 4 SYSTEMPATH\Boot.php(325): CodeIgniter\CodeIgniter->run()
 5 SYSTEMPATH\Boot.php(67): CodeIgniter\Boot::runCodeIgniter(Object(CodeIgniter\CodeIgniter))
 6 FCPATH\index.php(56): CodeIgniter\Boot::bootWeb(Object(Config\Paths))
CRITICAL - 2024-09-03 22:04:04 --> ArgumentCountError: Too few arguments to function App\Controllers\Autentificacion::BuscarPorId(), 0 passed in C:\laragon\www\PROGRAMA\system\CodeIgniter.php on line 933 and exactly 1 expected
[Method: GET, Route: buscarPorId]
in APPPATH\Controllers\Autentificacion.php on line 132.
 1 SYSTEMPATH\CodeIgniter.php(933): App\Controllers\Autentificacion->BuscarPorId()
 2 SYSTEMPATH\CodeIgniter.php(509): CodeIgniter\CodeIgniter->runController(Object(App\Controllers\Autentificacion))
 3 SYSTEMPATH\CodeIgniter.php(355): CodeIgniter\CodeIgniter->handleRequest(null, Object(Config\Cache), false)
 4 SYSTEMPATH\Boot.php(325): CodeIgniter\CodeIgniter->run()
 5 SYSTEMPATH\Boot.php(67): CodeIgniter\Boot::runCodeIgniter(Object(CodeIgniter\CodeIgniter))
 6 FCPATH\index.php(56): CodeIgniter\Boot::bootWeb(Object(Config\Paths))
CRITICAL - 2024-09-03 22:04:04 --> ArgumentCountError: Too few arguments to function App\Controllers\Autentificacion::BuscarPorId(), 0 passed in C:\laragon\www\PROGRAMA\system\CodeIgniter.php on line 933 and exactly 1 expected
[Method: GET, Route: buscarPorId]
in APPPATH\Controllers\Autentificacion.php on line 132.
 1 SYSTEMPATH\CodeIgniter.php(933): App\Controllers\Autentificacion->BuscarPorId()
 2 SYSTEMPATH\CodeIgniter.php(509): CodeIgniter\CodeIgniter->runController(Object(App\Controllers\Autentificacion))
 3 SYSTEMPATH\CodeIgniter.php(355): CodeIgniter\CodeIgniter->handleRequest(null, Object(Config\Cache), false)
 4 SYSTEMPATH\Boot.php(325): CodeIgniter\CodeIgniter->run()
 5 SYSTEMPATH\Boot.php(67): CodeIgniter\Boot::runCodeIgniter(Object(CodeIgniter\CodeIgniter))
 6 FCPATH\index.php(56): CodeIgniter\Boot::bootWeb(Object(Config\Paths))
INFO - 2024-09-03 23:17:58 --> Session: Class initialized using 'CodeIgniter\Session\Handlers\FileHandler' driver.
CRITICAL - 2024-09-03 23:18:02 --> ArgumentCountError: Too few arguments to function App\Controllers\Autentificacion::BuscarPorId(), 0 passed in C:\laragon\www\PROGRAMA\system\CodeIgniter.php on line 933 and exactly 1 expected
[Method: GET, Route: buscarPorId]
in APPPATH\Controllers\Autentificacion.php on line 132.
 1 SYSTEMPATH\CodeIgniter.php(933): App\Controllers\Autentificacion->BuscarPorId()
 2 SYSTEMPATH\CodeIgniter.php(509): CodeIgniter\CodeIgniter->runController(Object(App\Controllers\Autentificacion))
 3 SYSTEMPATH\CodeIgniter.php(355): CodeIgniter\CodeIgniter->handleRequest(null, Object(Config\Cache), false)
 4 SYSTEMPATH\Boot.php(325): CodeIgniter\CodeIgniter->run()
 5 SYSTEMPATH\Boot.php(67): CodeIgniter\Boot::runCodeIgniter(Object(CodeIgniter\CodeIgniter))
 6 FCPATH\index.php(56): CodeIgniter\Boot::bootWeb(Object(Config\Paths))
CRITICAL - 2024-09-03 23:18:02 --> ArgumentCountError: Too few arguments to function App\Controllers\Autentificacion::BuscarPorId(), 0 passed in C:\laragon\www\PROGRAMA\system\CodeIgniter.php on line 933 and exactly 1 expected
[Method: GET, Route: buscarPorId]
in APPPATH\Controllers\Autentificacion.php on line 132.
 1 SYSTEMPATH\CodeIgniter.php(933): App\Controllers\Autentificacion->BuscarPorId()
 2 SYSTEMPATH\CodeIgniter.php(509): CodeIgniter\CodeIgniter->runController(Object(App\Controllers\Autentificacion))
 3 SYSTEMPATH\CodeIgniter.php(355): CodeIgniter\CodeIgniter->handleRequest(null, Object(Config\Cache), false)
 4 SYSTEMPATH\Boot.php(325): CodeIgniter\CodeIgniter->run()
 5 SYSTEMPATH\Boot.php(67): CodeIgniter\Boot::runCodeIgniter(Object(CodeIgniter\CodeIgniter))
 6 FCPATH\index.php(56): CodeIgniter\Boot::bootWeb(Object(Config\Paths))
CRITICAL - 2024-09-03 23:18:02 --> ArgumentCountError: Too few arguments to function App\Controllers\Autentificacion::BuscarPorId(), 0 passed in C:\laragon\www\PROGRAMA\system\CodeIgniter.php on line 933 and exactly 1 expected
[Method: GET, Route: buscarPorId]
in APPPATH\Controllers\Autentificacion.php on line 132.
 1 SYSTEMPATH\CodeIgniter.php(933): App\Controllers\Autentificacion->BuscarPorId()
 2 SYSTEMPATH\CodeIgniter.php(509): CodeIgniter\CodeIgniter->runController(Object(App\Controllers\Autentificacion))
 3 SYSTEMPATH\CodeIgniter.php(355): CodeIgniter\CodeIgniter->handleRequest(null, Object(Config\Cache), false)
 4 SYSTEMPATH\Boot.php(325): CodeIgniter\CodeIgniter->run()
 5 SYSTEMPATH\Boot.php(67): CodeIgniter\Boot::runCodeIgniter(Object(CodeIgniter\CodeIgniter))
 6 FCPATH\index.php(56): CodeIgniter\Boot::bootWeb(Object(Config\Paths))
CRITICAL - 2024-09-03 23:18:02 --> ArgumentCountError: Too few arguments to function App\Controllers\Autentificacion::BuscarPorId(), 0 passed in C:\laragon\www\PROGRAMA\system\CodeIgniter.php on line 933 and exactly 1 expected
[Method: GET, Route: buscarPorId]
in APPPATH\Controllers\Autentificacion.php on line 132.
 1 SYSTEMPATH\CodeIgniter.php(933): App\Controllers\Autentificacion->BuscarPorId()
 2 SYSTEMPATH\CodeIgniter.php(509): CodeIgniter\CodeIgniter->runController(Object(App\Controllers\Autentificacion))
 3 SYSTEMPATH\CodeIgniter.php(355): CodeIgniter\CodeIgniter->handleRequest(null, Object(Config\Cache), false)
 4 SYSTEMPATH\Boot.php(325): CodeIgniter\CodeIgniter->run()
 5 SYSTEMPATH\Boot.php(67): CodeIgniter\Boot::runCodeIgniter(Object(CodeIgniter\CodeIgniter))
 6 FCPATH\index.php(56): CodeIgniter\Boot::bootWeb(Object(Config\Paths))
CRITICAL - 2024-09-03 23:18:03 --> ArgumentCountError: Too few arguments to function App\Controllers\Autentificacion::BuscarPorId(), 0 passed in C:\laragon\www\PROGRAMA\system\CodeIgniter.php on line 933 and exactly 1 expected
[Method: GET, Route: buscarPorId]
in APPPATH\Controllers\Autentificacion.php on line 132.
 1 SYSTEMPATH\CodeIgniter.php(933): App\Controllers\Autentificacion->BuscarPorId()
 2 SYSTEMPATH\CodeIgniter.php(509): CodeIgniter\CodeIgniter->runController(Object(App\Controllers\Autentificacion))
 3 SYSTEMPATH\CodeIgniter.php(355): CodeIgniter\CodeIgniter->handleRequest(null, Object(Config\Cache), false)
 4 SYSTEMPATH\Boot.php(325): CodeIgniter\CodeIgniter->run()
 5 SYSTEMPATH\Boot.php(67): CodeIgniter\Boot::runCodeIgniter(Object(CodeIgniter\CodeIgniter))
 6 FCPATH\index.php(56): CodeIgniter\Boot::bootWeb(Object(Config\Paths))
CRITICAL - 2024-09-03 23:18:03 --> ArgumentCountError: Too few arguments to function App\Controllers\Autentificacion::BuscarPorId(), 0 passed in C:\laragon\www\PROGRAMA\system\CodeIgniter.php on line 933 and exactly 1 expected
[Method: GET, Route: buscarPorId]
in APPPATH\Controllers\Autentificacion.php on line 132.
 1 SYSTEMPATH\CodeIgniter.php(933): App\Controllers\Autentificacion->BuscarPorId()
 2 SYSTEMPATH\CodeIgniter.php(509): CodeIgniter\CodeIgniter->runController(Object(App\Controllers\Autentificacion))
 3 SYSTEMPATH\CodeIgniter.php(355): CodeIgniter\CodeIgniter->handleRequest(null, Object(Config\Cache), false)
 4 SYSTEMPATH\Boot.php(325): CodeIgniter\CodeIgniter->run()
 5 SYSTEMPATH\Boot.php(67): CodeIgniter\Boot::runCodeIgniter(Object(CodeIgniter\CodeIgniter))
 6 FCPATH\index.php(56): CodeIgniter\Boot::bootWeb(Object(Config\Paths))
CRITICAL - 2024-09-03 23:18:03 --> ArgumentCountError: Too few arguments to function App\Controllers\Autentificacion::BuscarPorId(), 0 passed in C:\laragon\www\PROGRAMA\system\CodeIgniter.php on line 933 and exactly 1 expected
[Method: GET, Route: buscarPorId]
in APPPATH\Controllers\Autentificacion.php on line 132.
 1 SYSTEMPATH\CodeIgniter.php(933): App\Controllers\Autentificacion->BuscarPorId()
 2 SYSTEMPATH\CodeIgniter.php(509): CodeIgniter\CodeIgniter->runController(Object(App\Controllers\Autentificacion))
 3 SYSTEMPATH\CodeIgniter.php(355): CodeIgniter\CodeIgniter->handleRequest(null, Object(Config\Cache), false)
 4 SYSTEMPATH\Boot.php(325): CodeIgniter\CodeIgniter->run()
 5 SYSTEMPATH\Boot.php(67): CodeIgniter\Boot::runCodeIgniter(Object(CodeIgniter\CodeIgniter))
 6 FCPATH\index.php(56): CodeIgniter\Boot::bootWeb(Object(Config\Paths))
CRITICAL - 2024-09-03 23:18:03 --> ArgumentCountError: Too few arguments to function App\Controllers\Autentificacion::BuscarPorId(), 0 passed in C:\laragon\www\PROGRAMA\system\CodeIgniter.php on line 933 and exactly 1 expected
[Method: GET, Route: buscarPorId]
in APPPATH\Controllers\Autentificacion.php on line 132.
 1 SYSTEMPATH\CodeIgniter.php(933): App\Controllers\Autentificacion->BuscarPorId()
 2 SYSTEMPATH\CodeIgniter.php(509): CodeIgniter\CodeIgniter->runController(Object(App\Controllers\Autentificacion))
 3 SYSTEMPATH\CodeIgniter.php(355): CodeIgniter\CodeIgniter->handleRequest(null, Object(Config\Cache), false)
 4 SYSTEMPATH\Boot.php(325): CodeIgniter\CodeIgniter->run()
 5 SYSTEMPATH\Boot.php(67): CodeIgniter\Boot::runCodeIgniter(Object(CodeIgniter\CodeIgniter))
 6 FCPATH\index.php(56): CodeIgniter\Boot::bootWeb(Object(Config\Paths))
CRITICAL - 2024-09-03 23:18:03 --> ArgumentCountError: Too few arguments to function App\Controllers\Autentificacion::BuscarPorId(), 0 passed in C:\laragon\www\PROGRAMA\system\CodeIgniter.php on line 933 and exactly 1 expected
[Method: GET, Route: buscarPorId]
in APPPATH\Controllers\Autentificacion.php on line 132.
 1 SYSTEMPATH\CodeIgniter.php(933): App\Controllers\Autentificacion->BuscarPorId()
 2 SYSTEMPATH\CodeIgniter.php(509): CodeIgniter\CodeIgniter->runController(Object(App\Controllers\Autentificacion))
 3 SYSTEMPATH\CodeIgniter.php(355): CodeIgniter\CodeIgniter->handleRequest(null, Object(Config\Cache), false)
 4 SYSTEMPATH\Boot.php(325): CodeIgniter\CodeIgniter->run()
 5 SYSTEMPATH\Boot.php(67): CodeIgniter\Boot::runCodeIgniter(Object(CodeIgniter\CodeIgniter))
 6 FCPATH\index.php(56): CodeIgniter\Boot::bootWeb(Object(Config\Paths))
CRITICAL - 2024-09-03 23:18:04 --> ArgumentCountError: Too few arguments to function App\Controllers\Autentificacion::BuscarPorId(), 0 passed in C:\laragon\www\PROGRAMA\system\CodeIgniter.php on line 933 and exactly 1 expected
[Method: GET, Route: buscarPorId]
in APPPATH\Controllers\Autentificacion.php on line 132.
 1 SYSTEMPATH\CodeIgniter.php(933): App\Controllers\Autentificacion->BuscarPorId()
 2 SYSTEMPATH\CodeIgniter.php(509): CodeIgniter\CodeIgniter->runController(Object(App\Controllers\Autentificacion))
 3 SYSTEMPATH\CodeIgniter.php(355): CodeIgniter\CodeIgniter->handleRequest(null, Object(Config\Cache), false)
 4 SYSTEMPATH\Boot.php(325): CodeIgniter\CodeIgniter->run()
 5 SYSTEMPATH\Boot.php(67): CodeIgniter\Boot::runCodeIgniter(Object(CodeIgniter\CodeIgniter))
 6 FCPATH\index.php(56): CodeIgniter\Boot::bootWeb(Object(Config\Paths))
CRITICAL - 2024-09-03 23:18:06 --> ArgumentCountError: Too few arguments to function App\Controllers\Autentificacion::BuscarPorId(), 0 passed in C:\laragon\www\PROGRAMA\system\CodeIgniter.php on line 933 and exactly 1 expected
[Method: GET, Route: buscarPorId]
in APPPATH\Controllers\Autentificacion.php on line 132.
 1 SYSTEMPATH\CodeIgniter.php(933): App\Controllers\Autentificacion->BuscarPorId()
 2 SYSTEMPATH\CodeIgniter.php(509): CodeIgniter\CodeIgniter->runController(Object(App\Controllers\Autentificacion))
 3 SYSTEMPATH\CodeIgniter.php(355): CodeIgniter\CodeIgniter->handleRequest(null, Object(Config\Cache), false)
 4 SYSTEMPATH\Boot.php(325): CodeIgniter\CodeIgniter->run()
 5 SYSTEMPATH\Boot.php(67): CodeIgniter\Boot::runCodeIgniter(Object(CodeIgniter\CodeIgniter))
 6 FCPATH\index.php(56): CodeIgniter\Boot::bootWeb(Object(Config\Paths))
CRITICAL - 2024-09-03 23:18:06 --> ArgumentCountError: Too few arguments to function App\Controllers\Autentificacion::BuscarPorId(), 0 passed in C:\laragon\www\PROGRAMA\system\CodeIgniter.php on line 933 and exactly 1 expected
[Method: GET, Route: buscarPorId]
in APPPATH\Controllers\Autentificacion.php on line 132.
 1 SYSTEMPATH\CodeIgniter.php(933): App\Controllers\Autentificacion->BuscarPorId()
 2 SYSTEMPATH\CodeIgniter.php(509): CodeIgniter\CodeIgniter->runController(Object(App\Controllers\Autentificacion))
 3 SYSTEMPATH\CodeIgniter.php(355): CodeIgniter\CodeIgniter->handleRequest(null, Object(Config\Cache), false)
 4 SYSTEMPATH\Boot.php(325): CodeIgniter\CodeIgniter->run()
 5 SYSTEMPATH\Boot.php(67): CodeIgniter\Boot::runCodeIgniter(Object(CodeIgniter\CodeIgniter))
 6 FCPATH\index.php(56): CodeIgniter\Boot::bootWeb(Object(Config\Paths))
CRITICAL - 2024-09-03 23:18:06 --> ArgumentCountError: Too few arguments to function App\Controllers\Autentificacion::BuscarPorId(), 0 passed in C:\laragon\www\PROGRAMA\system\CodeIgniter.php on line 933 and exactly 1 expected
[Method: GET, Route: buscarPorId]
in APPPATH\Controllers\Autentificacion.php on line 132.
 1 SYSTEMPATH\CodeIgniter.php(933): App\Controllers\Autentificacion->BuscarPorId()
 2 SYSTEMPATH\CodeIgniter.php(509): CodeIgniter\CodeIgniter->runController(Object(App\Controllers\Autentificacion))
 3 SYSTEMPATH\CodeIgniter.php(355): CodeIgniter\CodeIgniter->handleRequest(null, Object(Config\Cache), false)
 4 SYSTEMPATH\Boot.php(325): CodeIgniter\CodeIgniter->run()
 5 SYSTEMPATH\Boot.php(67): CodeIgniter\Boot::runCodeIgniter(Object(CodeIgniter\CodeIgniter))
 6 FCPATH\index.php(56): CodeIgniter\Boot::bootWeb(Object(Config\Paths))
CRITICAL - 2024-09-03 23:18:06 --> ArgumentCountError: Too few arguments to function App\Controllers\Autentificacion::BuscarPorId(), 0 passed in C:\laragon\www\PROGRAMA\system\CodeIgniter.php on line 933 and exactly 1 expected
[Method: GET, Route: buscarPorId]
in APPPATH\Controllers\Autentificacion.php on line 132.
 1 SYSTEMPATH\CodeIgniter.php(933): App\Controllers\Autentificacion->BuscarPorId()
 2 SYSTEMPATH\CodeIgniter.php(509): CodeIgniter\CodeIgniter->runController(Object(App\Controllers\Autentificacion))
 3 SYSTEMPATH\CodeIgniter.php(355): CodeIgniter\CodeIgniter->handleRequest(null, Object(Config\Cache), false)
 4 SYSTEMPATH\Boot.php(325): CodeIgniter\CodeIgniter->run()
 5 SYSTEMPATH\Boot.php(67): CodeIgniter\Boot::runCodeIgniter(Object(CodeIgniter\CodeIgniter))
 6 FCPATH\index.php(56): CodeIgniter\Boot::bootWeb(Object(Config\Paths))
CRITICAL - 2024-09-03 23:18:06 --> ArgumentCountError: Too few arguments to function App\Controllers\Autentificacion::BuscarPorId(), 0 passed in C:\laragon\www\PROGRAMA\system\CodeIgniter.php on line 933 and exactly 1 expected
[Method: GET, Route: buscarPorId]
in APPPATH\Controllers\Autentificacion.php on line 132.
 1 SYSTEMPATH\CodeIgniter.php(933): App\Controllers\Autentificacion->BuscarPorId()
 2 SYSTEMPATH\CodeIgniter.php(509): CodeIgniter\CodeIgniter->runController(Object(App\Controllers\Autentificacion))
 3 SYSTEMPATH\CodeIgniter.php(355): CodeIgniter\CodeIgniter->handleRequest(null, Object(Config\Cache), false)
 4 SYSTEMPATH\Boot.php(325): CodeIgniter\CodeIgniter->run()
 5 SYSTEMPATH\Boot.php(67): CodeIgniter\Boot::runCodeIgniter(Object(CodeIgniter\CodeIgniter))
 6 FCPATH\index.php(56): CodeIgniter\Boot::bootWeb(Object(Config\Paths))
CRITICAL - 2024-09-03 23:18:12 --> ArgumentCountError: Too few arguments to function App\Controllers\Autentificacion::BuscarPorId(), 0 passed in C:\laragon\www\PROGRAMA\system\CodeIgniter.php on line 933 and exactly 1 expected
[Method: GET, Route: buscarPorId]
in APPPATH\Controllers\Autentificacion.php on line 132.
 1 SYSTEMPATH\CodeIgniter.php(933): App\Controllers\Autentificacion->BuscarPorId()
 2 SYSTEMPATH\CodeIgniter.php(509): CodeIgniter\CodeIgniter->runController(Object(App\Controllers\Autentificacion))
 3 SYSTEMPATH\CodeIgniter.php(355): CodeIgniter\CodeIgniter->handleRequest(null, Object(Config\Cache), false)
 4 SYSTEMPATH\Boot.php(325): CodeIgniter\CodeIgniter->run()
 5 SYSTEMPATH\Boot.php(67): CodeIgniter\Boot::runCodeIgniter(Object(CodeIgniter\CodeIgniter))
 6 FCPATH\index.php(56): CodeIgniter\Boot::bootWeb(Object(Config\Paths))
CRITICAL - 2024-09-03 23:18:12 --> ArgumentCountError: Too few arguments to function App\Controllers\Autentificacion::BuscarPorId(), 0 passed in C:\laragon\www\PROGRAMA\system\CodeIgniter.php on line 933 and exactly 1 expected
[Method: GET, Route: buscarPorId]
in APPPATH\Controllers\Autentificacion.php on line 132.
 1 SYSTEMPATH\CodeIgniter.php(933): App\Controllers\Autentificacion->BuscarPorId()
 2 SYSTEMPATH\CodeIgniter.php(509): CodeIgniter\CodeIgniter->runController(Object(App\Controllers\Autentificacion))
 3 SYSTEMPATH\CodeIgniter.php(355): CodeIgniter\CodeIgniter->handleRequest(null, Object(Config\Cache), false)
 4 SYSTEMPATH\Boot.php(325): CodeIgniter\CodeIgniter->run()
 5 SYSTEMPATH\Boot.php(67): CodeIgniter\Boot::runCodeIgniter(Object(CodeIgniter\CodeIgniter))
 6 FCPATH\index.php(56): CodeIgniter\Boot::bootWeb(Object(Config\Paths))
CRITICAL - 2024-09-03 23:18:16 --> ArgumentCountError: Too few arguments to function App\Controllers\Autentificacion::BuscarPorId(), 0 passed in C:\laragon\www\PROGRAMA\system\CodeIgniter.php on line 933 and exactly 1 expected
[Method: GET, Route: buscarPorId]
in APPPATH\Controllers\Autentificacion.php on line 132.
 1 SYSTEMPATH\CodeIgniter.php(933): App\Controllers\Autentificacion->BuscarPorId()
 2 SYSTEMPATH\CodeIgniter.php(509): CodeIgniter\CodeIgniter->runController(Object(App\Controllers\Autentificacion))
 3 SYSTEMPATH\CodeIgniter.php(355): CodeIgniter\CodeIgniter->handleRequest(null, Object(Config\Cache), false)
 4 SYSTEMPATH\Boot.php(325): CodeIgniter\CodeIgniter->run()
 5 SYSTEMPATH\Boot.php(67): CodeIgniter\Boot::runCodeIgniter(Object(CodeIgniter\CodeIgniter))
 6 FCPATH\index.php(56): CodeIgniter\Boot::bootWeb(Object(Config\Paths))
CRITICAL - 2024-09-03 23:18:16 --> ArgumentCountError: Too few arguments to function App\Controllers\Autentificacion::BuscarPorId(), 0 passed in C:\laragon\www\PROGRAMA\system\CodeIgniter.php on line 933 and exactly 1 expected
[Method: GET, Route: buscarPorId]
in APPPATH\Controllers\Autentificacion.php on line 132.
 1 SYSTEMPATH\CodeIgniter.php(933): App\Controllers\Autentificacion->BuscarPorId()
 2 SYSTEMPATH\CodeIgniter.php(509): CodeIgniter\CodeIgniter->runController(Object(App\Controllers\Autentificacion))
 3 SYSTEMPATH\CodeIgniter.php(355): CodeIgniter\CodeIgniter->handleRequest(null, Object(Config\Cache), false)
 4 SYSTEMPATH\Boot.php(325): CodeIgniter\CodeIgniter->run()
 5 SYSTEMPATH\Boot.php(67): CodeIgniter\Boot::runCodeIgniter(Object(CodeIgniter\CodeIgniter))
 6 FCPATH\index.php(56): CodeIgniter\Boot::bootWeb(Object(Config\Paths))
INFO - 2024-09-03 23:20:47 --> Session: Class initialized using 'CodeIgniter\Session\Handlers\FileHandler' driver.
CRITICAL - 2024-09-03 23:20:51 --> ArgumentCountError: Too few arguments to function App\Controllers\Autentificacion::BuscarPorId(), 0 passed in C:\laragon\www\PROGRAMA\system\CodeIgniter.php on line 933 and exactly 1 expected
[Method: GET, Route: buscarPorId]
in APPPATH\Controllers\Autentificacion.php on line 132.
 1 SYSTEMPATH\CodeIgniter.php(933): App\Controllers\Autentificacion->BuscarPorId()
 2 SYSTEMPATH\CodeIgniter.php(509): CodeIgniter\CodeIgniter->runController(Object(App\Controllers\Autentificacion))
 3 SYSTEMPATH\CodeIgniter.php(355): CodeIgniter\CodeIgniter->handleRequest(null, Object(Config\Cache), false)
 4 SYSTEMPATH\Boot.php(325): CodeIgniter\CodeIgniter->run()
 5 SYSTEMPATH\Boot.php(67): CodeIgniter\Boot::runCodeIgniter(Object(CodeIgniter\CodeIgniter))
 6 FCPATH\index.php(56): CodeIgniter\Boot::bootWeb(Object(Config\Paths))
CRITICAL - 2024-09-03 23:20:52 --> ArgumentCountError: Too few arguments to function App\Controllers\Autentificacion::BuscarPorId(), 0 passed in C:\laragon\www\PROGRAMA\system\CodeIgniter.php on line 933 and exactly 1 expected
[Method: GET, Route: buscarPorId]
in APPPATH\Controllers\Autentificacion.php on line 132.
 1 SYSTEMPATH\CodeIgniter.php(933): App\Controllers\Autentificacion->BuscarPorId()
 2 SYSTEMPATH\CodeIgniter.php(509): CodeIgniter\CodeIgniter->runController(Object(App\Controllers\Autentificacion))
 3 SYSTEMPATH\CodeIgniter.php(355): CodeIgniter\CodeIgniter->handleRequest(null, Object(Config\Cache), false)
 4 SYSTEMPATH\Boot.php(325): CodeIgniter\CodeIgniter->run()
 5 SYSTEMPATH\Boot.php(67): CodeIgniter\Boot::runCodeIgniter(Object(CodeIgniter\CodeIgniter))
 6 FCPATH\index.php(56): CodeIgniter\Boot::bootWeb(Object(Config\Paths))
CRITICAL - 2024-09-03 23:20:52 --> ArgumentCountError: Too few arguments to function App\Controllers\Autentificacion::BuscarPorId(), 0 passed in C:\laragon\www\PROGRAMA\system\CodeIgniter.php on line 933 and exactly 1 expected
[Method: GET, Route: buscarPorId]
in APPPATH\Controllers\Autentificacion.php on line 132.
 1 SYSTEMPATH\CodeIgniter.php(933): App\Controllers\Autentificacion->BuscarPorId()
 2 SYSTEMPATH\CodeIgniter.php(509): CodeIgniter\CodeIgniter->runController(Object(App\Controllers\Autentificacion))
 3 SYSTEMPATH\CodeIgniter.php(355): CodeIgniter\CodeIgniter->handleRequest(null, Object(Config\Cache), false)
 4 SYSTEMPATH\Boot.php(325): CodeIgniter\CodeIgniter->run()
 5 SYSTEMPATH\Boot.php(67): CodeIgniter\Boot::runCodeIgniter(Object(CodeIgniter\CodeIgniter))
 6 FCPATH\index.php(56): CodeIgniter\Boot::bootWeb(Object(Config\Paths))
INFO - 2024-09-03 23:29:34 --> Session: Class initialized using 'CodeIgniter\Session\Handlers\FileHandler' driver.
INFO - 2024-09-03 23:29:39 --> Session: Class initialized using 'CodeIgniter\Session\Handlers\FileHandler' driver.
INFO - 2024-09-03 23:29:42 --> Session: Class initialized using 'CodeIgniter\Session\Handlers\FileHandler' driver.
CRITICAL - 2024-09-03 23:29:44 --> ArgumentCountError: Too few arguments to function App\Controllers\Autentificacion::BuscarPorId(), 0 passed in C:\laragon\www\PROGRAMA\system\CodeIgniter.php on line 933 and exactly 1 expected
[Method: GET, Route: buscarPorId]
in APPPATH\Controllers\Autentificacion.php on line 132.
 1 SYSTEMPATH\CodeIgniter.php(933): App\Controllers\Autentificacion->BuscarPorId()
 2 SYSTEMPATH\CodeIgniter.php(509): CodeIgniter\CodeIgniter->runController(Object(App\Controllers\Autentificacion))
 3 SYSTEMPATH\CodeIgniter.php(355): CodeIgniter\CodeIgniter->handleRequest(null, Object(Config\Cache), false)
 4 SYSTEMPATH\Boot.php(325): CodeIgniter\CodeIgniter->run()
 5 SYSTEMPATH\Boot.php(67): CodeIgniter\Boot::runCodeIgniter(Object(CodeIgniter\CodeIgniter))
 6 FCPATH\index.php(56): CodeIgniter\Boot::bootWeb(Object(Config\Paths))
CRITICAL - 2024-09-03 23:31:10 --> ArgumentCountError: Too few arguments to function App\Controllers\Autentificacion::BuscarPorId(), 0 passed in C:\laragon\www\PROGRAMA\system\CodeIgniter.php on line 933 and exactly 1 expected
[Method: GET, Route: buscarPorId]
in APPPATH\Controllers\Autentificacion.php on line 132.
 1 SYSTEMPATH\CodeIgniter.php(933): App\Controllers\Autentificacion->BuscarPorId()
 2 SYSTEMPATH\CodeIgniter.php(509): CodeIgniter\CodeIgniter->runController(Object(App\Controllers\Autentificacion))
 3 SYSTEMPATH\CodeIgniter.php(355): CodeIgniter\CodeIgniter->handleRequest(null, Object(Config\Cache), false)
 4 SYSTEMPATH\Boot.php(325): CodeIgniter\CodeIgniter->run()
 5 SYSTEMPATH\Boot.php(67): CodeIgniter\Boot::runCodeIgniter(Object(CodeIgniter\CodeIgniter))
 6 FCPATH\index.php(56): CodeIgniter\Boot::bootWeb(Object(Config\Paths))
CRITICAL - 2024-09-03 23:31:53 --> ArgumentCountError: Too few arguments to function App\Controllers\Autentificacion::BuscarPorId(), 0 passed in C:\laragon\www\PROGRAMA\system\CodeIgniter.php on line 933 and exactly 1 expected
[Method: GET, Route: buscarPorId]
in APPPATH\Controllers\Autentificacion.php on line 132.
 1 SYSTEMPATH\CodeIgniter.php(933): App\Controllers\Autentificacion->BuscarPorId()
 2 SYSTEMPATH\CodeIgniter.php(509): CodeIgniter\CodeIgniter->runController(Object(App\Controllers\Autentificacion))
 3 SYSTEMPATH\CodeIgniter.php(355): CodeIgniter\CodeIgniter->handleRequest(null, Object(Config\Cache), false)
 4 SYSTEMPATH\Boot.php(325): CodeIgniter\CodeIgniter->run()
 5 SYSTEMPATH\Boot.php(67): CodeIgniter\Boot::runCodeIgniter(Object(CodeIgniter\CodeIgniter))
 6 FCPATH\index.php(56): CodeIgniter\Boot::bootWeb(Object(Config\Paths))
