CRITICAL - 2024-07-23 17:50:52 --> TypeError: App\Controllers\Clientes::index2(): Return value must be of type string, none returned
[Method: GET, Route: indexCliente]
in APPPATH\Controllers\Clientes.php on line 11.
 1 SYSTEMPATH\CodeIgniter.php(933): App\Controllers\Clientes->index2()
 2 SYSTEMPATH\CodeIgniter.php(509): CodeIgniter\CodeIgniter->runController(Object(App\Controllers\Clientes))
 3 SYSTEMPATH\CodeIgniter.php(355): CodeIgniter\CodeIgniter->handleRequest(null, Object(Config\Cache), false)
 4 SYSTEMPATH\Boot.php(325): CodeIgniter\CodeIgniter->run()
 5 SYSTEMPATH\Boot.php(67): CodeIgniter\Boot::runCodeIgniter(Object(CodeIgniter\CodeIgniter))
 6 FCPATH\index.php(56): CodeIgniter\Boot::bootWeb(Object(Config\Paths))
ERROR - 2024-07-23 23:06:02 --> Error connecting to the database: mysqli_sql_exception: Access denied for user ''@'localhost' (using password: YES) in C:\laragon\www\PROGRAMA\system\Database\MySQLi\Connection.php:187
Stack trace:
#0 C:\laragon\www\PROGRAMA\system\Database\MySQLi\Connection.php(187): mysqli->real_connect('localhost', '', '', '', 3306, '', 0)
#1 C:\laragon\www\PROGRAMA\system\Database\BaseConnection.php(421): CodeIgniter\Database\MySQLi\Connection->connect(false)
#2 C:\laragon\www\PROGRAMA\system\Database\BaseConnection.php(616): CodeIgniter\Database\BaseConnection->initialize()
#3 C:\laragon\www\PROGRAMA\app\Controllers\Clientes.php(28): CodeIgniter\Database\BaseConnection->query('select Idclient...')
#4 C:\laragon\www\PROGRAMA\system\CodeIgniter.php(933): App\Controllers\Clientes->index2()
#5 C:\laragon\www\PROGRAMA\system\CodeIgniter.php(509): CodeIgniter\CodeIgniter->runController(Object(App\Controllers\Clientes))
#6 C:\laragon\www\PROGRAMA\system\CodeIgniter.php(355): CodeIgniter\CodeIgniter->handleRequest(NULL, Object(Config\Cache), false)
#7 C:\laragon\www\PROGRAMA\system\Boot.php(325): CodeIgniter\CodeIgniter->run()
#8 C:\laragon\www\PROGRAMA\system\Boot.php(67): CodeIgniter\Boot::runCodeIgniter(Object(CodeIgniter\CodeIgniter))
#9 C:\laragon\www\PROGRAMA\public\index.php(56): CodeIgniter\Boot::bootWeb(Object(Config\Paths))
#10 {main}

Next CodeIgniter\Database\Exceptions\DatabaseException: Access denied for user ''@'localhost' (using password: YES) in C:\laragon\www\PROGRAMA\system\Database\MySQLi\Connection.php:231
Stack trace:
#0 C:\laragon\www\PROGRAMA\system\Database\BaseConnection.php(421): CodeIgniter\Database\MySQLi\Connection->connect(false)
#1 C:\laragon\www\PROGRAMA\system\Database\BaseConnection.php(616): CodeIgniter\Database\BaseConnection->initialize()
#2 C:\laragon\www\PROGRAMA\app\Controllers\Clientes.php(28): CodeIgniter\Database\BaseConnection->query('select Idclient...')
#3 C:\laragon\www\PROGRAMA\system\CodeIgniter.php(933): App\Controllers\Clientes->index2()
#4 C:\laragon\www\PROGRAMA\system\CodeIgniter.php(509): CodeIgniter\CodeIgniter->runController(Object(App\Controllers\Clientes))
#5 C:\laragon\www\PROGRAMA\system\CodeIgniter.php(355): CodeIgniter\CodeIgniter->handleRequest(NULL, Object(Config\Cache), false)
#6 C:\laragon\www\PROGRAMA\system\Boot.php(325): CodeIgniter\CodeIgniter->run()
#7 C:\laragon\www\PROGRAMA\system\Boot.php(67): CodeIgniter\Boot::runCodeIgniter(Object(CodeIgniter\CodeIgniter))
#8 C:\laragon\www\PROGRAMA\public\index.php(56): CodeIgniter\Boot::bootWeb(Object(Config\Paths))
#9 {main}
CRITICAL - 2024-07-23 23:06:02 --> CodeIgniter\Database\Exceptions\DatabaseException: Unable to connect to the database.
Main connection [MySQLi]: Access denied for user ''@'localhost' (using password: YES)
[Method: GET, Route: clienteslista]
in SYSTEMPATH\Database\BaseConnection.php on line 467.
 1 SYSTEMPATH\Database\BaseConnection.php(616): CodeIgniter\Database\BaseConnection->initialize()
 2 APPPATH\Controllers\Clientes.php(28): CodeIgniter\Database\BaseConnection->query('select Idcliente,NombreCompañía from Clientes ')
 3 SYSTEMPATH\CodeIgniter.php(933): App\Controllers\Clientes->index2()
 4 SYSTEMPATH\CodeIgniter.php(509): CodeIgniter\CodeIgniter->runController(Object(App\Controllers\Clientes))
 5 SYSTEMPATH\CodeIgniter.php(355): CodeIgniter\CodeIgniter->handleRequest(null, Object(Config\Cache), false)
 6 SYSTEMPATH\Boot.php(325): CodeIgniter\CodeIgniter->run()
 7 SYSTEMPATH\Boot.php(67): CodeIgniter\Boot::runCodeIgniter(Object(CodeIgniter\CodeIgniter))
 8 FCPATH\index.php(56): CodeIgniter\Boot::bootWeb(Object(Config\Paths))
ERROR - 2024-07-23 23:07:17 --> Error connecting to the database: mysqli_sql_exception: Access denied for user ''@'localhost' (using password: YES) in C:\laragon\www\PROGRAMA\system\Database\MySQLi\Connection.php:187
Stack trace:
#0 C:\laragon\www\PROGRAMA\system\Database\MySQLi\Connection.php(187): mysqli->real_connect('localhost', '', '', '', 3306, '', 0)
#1 C:\laragon\www\PROGRAMA\system\Database\BaseConnection.php(421): CodeIgniter\Database\MySQLi\Connection->connect(false)
#2 C:\laragon\www\PROGRAMA\system\Database\BaseConnection.php(616): CodeIgniter\Database\BaseConnection->initialize()
#3 C:\laragon\www\PROGRAMA\app\Controllers\Clientes.php(28): CodeIgniter\Database\BaseConnection->query('select Idclient...')
#4 C:\laragon\www\PROGRAMA\system\CodeIgniter.php(933): App\Controllers\Clientes->index2()
#5 C:\laragon\www\PROGRAMA\system\CodeIgniter.php(509): CodeIgniter\CodeIgniter->runController(Object(App\Controllers\Clientes))
#6 C:\laragon\www\PROGRAMA\system\CodeIgniter.php(355): CodeIgniter\CodeIgniter->handleRequest(NULL, Object(Config\Cache), false)
#7 C:\laragon\www\PROGRAMA\system\Boot.php(325): CodeIgniter\CodeIgniter->run()
#8 C:\laragon\www\PROGRAMA\system\Boot.php(67): CodeIgniter\Boot::runCodeIgniter(Object(CodeIgniter\CodeIgniter))
#9 C:\laragon\www\PROGRAMA\public\index.php(56): CodeIgniter\Boot::bootWeb(Object(Config\Paths))
#10 {main}

Next CodeIgniter\Database\Exceptions\DatabaseException: Access denied for user ''@'localhost' (using password: YES) in C:\laragon\www\PROGRAMA\system\Database\MySQLi\Connection.php:231
Stack trace:
#0 C:\laragon\www\PROGRAMA\system\Database\BaseConnection.php(421): CodeIgniter\Database\MySQLi\Connection->connect(false)
#1 C:\laragon\www\PROGRAMA\system\Database\BaseConnection.php(616): CodeIgniter\Database\BaseConnection->initialize()
#2 C:\laragon\www\PROGRAMA\app\Controllers\Clientes.php(28): CodeIgniter\Database\BaseConnection->query('select Idclient...')
#3 C:\laragon\www\PROGRAMA\system\CodeIgniter.php(933): App\Controllers\Clientes->index2()
#4 C:\laragon\www\PROGRAMA\system\CodeIgniter.php(509): CodeIgniter\CodeIgniter->runController(Object(App\Controllers\Clientes))
#5 C:\laragon\www\PROGRAMA\system\CodeIgniter.php(355): CodeIgniter\CodeIgniter->handleRequest(NULL, Object(Config\Cache), false)
#6 C:\laragon\www\PROGRAMA\system\Boot.php(325): CodeIgniter\CodeIgniter->run()
#7 C:\laragon\www\PROGRAMA\system\Boot.php(67): CodeIgniter\Boot::runCodeIgniter(Object(CodeIgniter\CodeIgniter))
#8 C:\laragon\www\PROGRAMA\public\index.php(56): CodeIgniter\Boot::bootWeb(Object(Config\Paths))
#9 {main}
CRITICAL - 2024-07-23 23:07:17 --> CodeIgniter\Database\Exceptions\DatabaseException: Unable to connect to the database.
Main connection [MySQLi]: Access denied for user ''@'localhost' (using password: YES)
[Method: GET, Route: clienteslista]
in SYSTEMPATH\Database\BaseConnection.php on line 467.
 1 SYSTEMPATH\Database\BaseConnection.php(616): CodeIgniter\Database\BaseConnection->initialize()
 2 APPPATH\Controllers\Clientes.php(28): CodeIgniter\Database\BaseConnection->query('select Idcliente,NombreCompañía from Clientes ')
 3 SYSTEMPATH\CodeIgniter.php(933): App\Controllers\Clientes->index2()
 4 SYSTEMPATH\CodeIgniter.php(509): CodeIgniter\CodeIgniter->runController(Object(App\Controllers\Clientes))
 5 SYSTEMPATH\CodeIgniter.php(355): CodeIgniter\CodeIgniter->handleRequest(null, Object(Config\Cache), false)
 6 SYSTEMPATH\Boot.php(325): CodeIgniter\CodeIgniter->run()
 7 SYSTEMPATH\Boot.php(67): CodeIgniter\Boot::runCodeIgniter(Object(CodeIgniter\CodeIgniter))
 8 FCPATH\index.php(56): CodeIgniter\Boot::bootWeb(Object(Config\Paths))
ERROR - 2024-07-23 23:22:21 --> Error connecting to the database: mysqli_sql_exception: Access denied for user ''@'localhost' (using password: YES) in C:\laragon\www\PROGRAMA\system\Database\MySQLi\Connection.php:187
Stack trace:
#0 C:\laragon\www\PROGRAMA\system\Database\MySQLi\Connection.php(187): mysqli->real_connect('localhost', '', '', '', 3306, '', 0)
#1 C:\laragon\www\PROGRAMA\system\Database\BaseConnection.php(421): CodeIgniter\Database\MySQLi\Connection->connect(false)
#2 C:\laragon\www\PROGRAMA\system\Database\BaseConnection.php(616): CodeIgniter\Database\BaseConnection->initialize()
#3 C:\laragon\www\PROGRAMA\app\Controllers\Clientes.php(28): CodeIgniter\Database\BaseConnection->query('select Idclient...')
#4 C:\laragon\www\PROGRAMA\system\CodeIgniter.php(933): App\Controllers\Clientes->index2()
#5 C:\laragon\www\PROGRAMA\system\CodeIgniter.php(509): CodeIgniter\CodeIgniter->runController(Object(App\Controllers\Clientes))
#6 C:\laragon\www\PROGRAMA\system\CodeIgniter.php(355): CodeIgniter\CodeIgniter->handleRequest(NULL, Object(Config\Cache), false)
#7 C:\laragon\www\PROGRAMA\system\Boot.php(325): CodeIgniter\CodeIgniter->run()
#8 C:\laragon\www\PROGRAMA\system\Boot.php(67): CodeIgniter\Boot::runCodeIgniter(Object(CodeIgniter\CodeIgniter))
#9 C:\laragon\www\PROGRAMA\public\index.php(56): CodeIgniter\Boot::bootWeb(Object(Config\Paths))
#10 {main}

Next CodeIgniter\Database\Exceptions\DatabaseException: Access denied for user ''@'localhost' (using password: YES) in C:\laragon\www\PROGRAMA\system\Database\MySQLi\Connection.php:231
Stack trace:
#0 C:\laragon\www\PROGRAMA\system\Database\BaseConnection.php(421): CodeIgniter\Database\MySQLi\Connection->connect(false)
#1 C:\laragon\www\PROGRAMA\system\Database\BaseConnection.php(616): CodeIgniter\Database\BaseConnection->initialize()
#2 C:\laragon\www\PROGRAMA\app\Controllers\Clientes.php(28): CodeIgniter\Database\BaseConnection->query('select Idclient...')
#3 C:\laragon\www\PROGRAMA\system\CodeIgniter.php(933): App\Controllers\Clientes->index2()
#4 C:\laragon\www\PROGRAMA\system\CodeIgniter.php(509): CodeIgniter\CodeIgniter->runController(Object(App\Controllers\Clientes))
#5 C:\laragon\www\PROGRAMA\system\CodeIgniter.php(355): CodeIgniter\CodeIgniter->handleRequest(NULL, Object(Config\Cache), false)
#6 C:\laragon\www\PROGRAMA\system\Boot.php(325): CodeIgniter\CodeIgniter->run()
#7 C:\laragon\www\PROGRAMA\system\Boot.php(67): CodeIgniter\Boot::runCodeIgniter(Object(CodeIgniter\CodeIgniter))
#8 C:\laragon\www\PROGRAMA\public\index.php(56): CodeIgniter\Boot::bootWeb(Object(Config\Paths))
#9 {main}
CRITICAL - 2024-07-23 23:22:21 --> CodeIgniter\Database\Exceptions\DatabaseException: Unable to connect to the database.
Main connection [MySQLi]: Access denied for user ''@'localhost' (using password: YES)
[Method: GET, Route: clientess]
in SYSTEMPATH\Database\BaseConnection.php on line 467.
 1 SYSTEMPATH\Database\BaseConnection.php(616): CodeIgniter\Database\BaseConnection->initialize()
 2 APPPATH\Controllers\Clientes.php(28): CodeIgniter\Database\BaseConnection->query('select Idcliente,NombreCompañía, NombreContacto, CargoContacto ,
        Dirección, Ciudad,País, Teléfono from Clientes ')
 3 SYSTEMPATH\CodeIgniter.php(933): App\Controllers\Clientes->index2()
 4 SYSTEMPATH\CodeIgniter.php(509): CodeIgniter\CodeIgniter->runController(Object(App\Controllers\Clientes))
 5 SYSTEMPATH\CodeIgniter.php(355): CodeIgniter\CodeIgniter->handleRequest(null, Object(Config\Cache), false)
 6 SYSTEMPATH\Boot.php(325): CodeIgniter\CodeIgniter->run()
 7 SYSTEMPATH\Boot.php(67): CodeIgniter\Boot::runCodeIgniter(Object(CodeIgniter\CodeIgniter))
 8 FCPATH\index.php(56): CodeIgniter\Boot::bootWeb(Object(Config\Paths))
ERROR - 2024-07-23 23:25:11 --> Error connecting to the database: mysqli_sql_exception: Access denied for user ''@'localhost' (using password: YES) in C:\laragon\www\PROGRAMA\system\Database\MySQLi\Connection.php:187
Stack trace:
#0 C:\laragon\www\PROGRAMA\system\Database\MySQLi\Connection.php(187): mysqli->real_connect('localhost', '', '', '', 3306, '', 0)
#1 C:\laragon\www\PROGRAMA\system\Database\BaseConnection.php(421): CodeIgniter\Database\MySQLi\Connection->connect(false)
#2 C:\laragon\www\PROGRAMA\system\Database\BaseConnection.php(616): CodeIgniter\Database\BaseConnection->initialize()
#3 C:\laragon\www\PROGRAMA\app\Controllers\Clientes.php(28): CodeIgniter\Database\BaseConnection->query('select Idclient...')
#4 C:\laragon\www\PROGRAMA\system\CodeIgniter.php(933): App\Controllers\Clientes->index2()
#5 C:\laragon\www\PROGRAMA\system\CodeIgniter.php(509): CodeIgniter\CodeIgniter->runController(Object(App\Controllers\Clientes))
#6 C:\laragon\www\PROGRAMA\system\CodeIgniter.php(355): CodeIgniter\CodeIgniter->handleRequest(NULL, Object(Config\Cache), false)
#7 C:\laragon\www\PROGRAMA\system\Boot.php(325): CodeIgniter\CodeIgniter->run()
#8 C:\laragon\www\PROGRAMA\system\Boot.php(67): CodeIgniter\Boot::runCodeIgniter(Object(CodeIgniter\CodeIgniter))
#9 C:\laragon\www\PROGRAMA\public\index.php(56): CodeIgniter\Boot::bootWeb(Object(Config\Paths))
#10 {main}

Next CodeIgniter\Database\Exceptions\DatabaseException: Access denied for user ''@'localhost' (using password: YES) in C:\laragon\www\PROGRAMA\system\Database\MySQLi\Connection.php:231
Stack trace:
#0 C:\laragon\www\PROGRAMA\system\Database\BaseConnection.php(421): CodeIgniter\Database\MySQLi\Connection->connect(false)
#1 C:\laragon\www\PROGRAMA\system\Database\BaseConnection.php(616): CodeIgniter\Database\BaseConnection->initialize()
#2 C:\laragon\www\PROGRAMA\app\Controllers\Clientes.php(28): CodeIgniter\Database\BaseConnection->query('select Idclient...')
#3 C:\laragon\www\PROGRAMA\system\CodeIgniter.php(933): App\Controllers\Clientes->index2()
#4 C:\laragon\www\PROGRAMA\system\CodeIgniter.php(509): CodeIgniter\CodeIgniter->runController(Object(App\Controllers\Clientes))
#5 C:\laragon\www\PROGRAMA\system\CodeIgniter.php(355): CodeIgniter\CodeIgniter->handleRequest(NULL, Object(Config\Cache), false)
#6 C:\laragon\www\PROGRAMA\system\Boot.php(325): CodeIgniter\CodeIgniter->run()
#7 C:\laragon\www\PROGRAMA\system\Boot.php(67): CodeIgniter\Boot::runCodeIgniter(Object(CodeIgniter\CodeIgniter))
#8 C:\laragon\www\PROGRAMA\public\index.php(56): CodeIgniter\Boot::bootWeb(Object(Config\Paths))
#9 {main}
CRITICAL - 2024-07-23 23:25:11 --> CodeIgniter\Database\Exceptions\DatabaseException: Unable to connect to the database.
Main connection [MySQLi]: Access denied for user ''@'localhost' (using password: YES)
[Method: GET, Route: clientess]
in SYSTEMPATH\Database\BaseConnection.php on line 467.
 1 SYSTEMPATH\Database\BaseConnection.php(616): CodeIgniter\Database\BaseConnection->initialize()
 2 APPPATH\Controllers\Clientes.php(28): CodeIgniter\Database\BaseConnection->query('select Idcliente,NombreCompañía, NombreContacto, CargoContacto ,
        Dirección, Ciudad,País, Teléfono from Clientes ')
 3 SYSTEMPATH\CodeIgniter.php(933): App\Controllers\Clientes->index2()
 4 SYSTEMPATH\CodeIgniter.php(509): CodeIgniter\CodeIgniter->runController(Object(App\Controllers\Clientes))
 5 SYSTEMPATH\CodeIgniter.php(355): CodeIgniter\CodeIgniter->handleRequest(null, Object(Config\Cache), false)
 6 SYSTEMPATH\Boot.php(325): CodeIgniter\CodeIgniter->run()
 7 SYSTEMPATH\Boot.php(67): CodeIgniter\Boot::runCodeIgniter(Object(CodeIgniter\CodeIgniter))
 8 FCPATH\index.php(56): CodeIgniter\Boot::bootWeb(Object(Config\Paths))
ERROR - 2024-07-23 23:34:32 --> Error connecting to the database: mysqli_sql_exception: Access denied for user ''@'localhost' (using password: YES) in C:\laragon\www\PROGRAMA\system\Database\MySQLi\Connection.php:187
Stack trace:
#0 C:\laragon\www\PROGRAMA\system\Database\MySQLi\Connection.php(187): mysqli->real_connect('localhost', '', '', '', 3306, '', 0)
#1 C:\laragon\www\PROGRAMA\system\Database\BaseConnection.php(421): CodeIgniter\Database\MySQLi\Connection->connect(false)
#2 C:\laragon\www\PROGRAMA\system\Database\BaseConnection.php(616): CodeIgniter\Database\BaseConnection->initialize()
#3 C:\laragon\www\PROGRAMA\app\Controllers\Clientes.php(28): CodeIgniter\Database\BaseConnection->query('select Idclient...')
#4 C:\laragon\www\PROGRAMA\system\CodeIgniter.php(933): App\Controllers\Clientes->index2()
#5 C:\laragon\www\PROGRAMA\system\CodeIgniter.php(509): CodeIgniter\CodeIgniter->runController(Object(App\Controllers\Clientes))
#6 C:\laragon\www\PROGRAMA\system\CodeIgniter.php(355): CodeIgniter\CodeIgniter->handleRequest(NULL, Object(Config\Cache), false)
#7 C:\laragon\www\PROGRAMA\system\Boot.php(325): CodeIgniter\CodeIgniter->run()
#8 C:\laragon\www\PROGRAMA\system\Boot.php(67): CodeIgniter\Boot::runCodeIgniter(Object(CodeIgniter\CodeIgniter))
#9 C:\laragon\www\PROGRAMA\public\index.php(56): CodeIgniter\Boot::bootWeb(Object(Config\Paths))
#10 {main}

Next CodeIgniter\Database\Exceptions\DatabaseException: Access denied for user ''@'localhost' (using password: YES) in C:\laragon\www\PROGRAMA\system\Database\MySQLi\Connection.php:231
Stack trace:
#0 C:\laragon\www\PROGRAMA\system\Database\BaseConnection.php(421): CodeIgniter\Database\MySQLi\Connection->connect(false)
#1 C:\laragon\www\PROGRAMA\system\Database\BaseConnection.php(616): CodeIgniter\Database\BaseConnection->initialize()
#2 C:\laragon\www\PROGRAMA\app\Controllers\Clientes.php(28): CodeIgniter\Database\BaseConnection->query('select Idclient...')
#3 C:\laragon\www\PROGRAMA\system\CodeIgniter.php(933): App\Controllers\Clientes->index2()
#4 C:\laragon\www\PROGRAMA\system\CodeIgniter.php(509): CodeIgniter\CodeIgniter->runController(Object(App\Controllers\Clientes))
#5 C:\laragon\www\PROGRAMA\system\CodeIgniter.php(355): CodeIgniter\CodeIgniter->handleRequest(NULL, Object(Config\Cache), false)
#6 C:\laragon\www\PROGRAMA\system\Boot.php(325): CodeIgniter\CodeIgniter->run()
#7 C:\laragon\www\PROGRAMA\system\Boot.php(67): CodeIgniter\Boot::runCodeIgniter(Object(CodeIgniter\CodeIgniter))
#8 C:\laragon\www\PROGRAMA\public\index.php(56): CodeIgniter\Boot::bootWeb(Object(Config\Paths))
#9 {main}
CRITICAL - 2024-07-23 23:34:32 --> CodeIgniter\Database\Exceptions\DatabaseException: Unable to connect to the database.
Main connection [MySQLi]: Access denied for user ''@'localhost' (using password: YES)
[Method: GET, Route: clientess]
in SYSTEMPATH\Database\BaseConnection.php on line 467.
 1 SYSTEMPATH\Database\BaseConnection.php(616): CodeIgniter\Database\BaseConnection->initialize()
 2 APPPATH\Controllers\Clientes.php(28): CodeIgniter\Database\BaseConnection->query('select Idcliente,NombreCompañía, NombreContacto, CargoContacto ,
        Dirección, Ciudad,País, Teléfono from Clientes')
 3 SYSTEMPATH\CodeIgniter.php(933): App\Controllers\Clientes->index2()
 4 SYSTEMPATH\CodeIgniter.php(509): CodeIgniter\CodeIgniter->runController(Object(App\Controllers\Clientes))
 5 SYSTEMPATH\CodeIgniter.php(355): CodeIgniter\CodeIgniter->handleRequest(null, Object(Config\Cache), false)
 6 SYSTEMPATH\Boot.php(325): CodeIgniter\CodeIgniter->run()
 7 SYSTEMPATH\Boot.php(67): CodeIgniter\Boot::runCodeIgniter(Object(CodeIgniter\CodeIgniter))
 8 FCPATH\index.php(56): CodeIgniter\Boot::bootWeb(Object(Config\Paths))
ERROR - 2024-07-23 23:36:12 --> Error connecting to the database: Error: Undefined constant "CodeIgniter\Database\SQLSRV\SQLSRV_ENC_CHAR" in C:\laragon\www\PROGRAMA\system\Database\SQLSRV\Connection.php:108
Stack trace:
#0 C:\laragon\www\PROGRAMA\system\Database\BaseConnection.php(421): CodeIgniter\Database\SQLSRV\Connection->connect(false)
#1 C:\laragon\www\PROGRAMA\system\Database\BaseConnection.php(616): CodeIgniter\Database\BaseConnection->initialize()
#2 C:\laragon\www\PROGRAMA\app\Controllers\Clientes.php(28): CodeIgniter\Database\BaseConnection->query('select Idclient...')
#3 C:\laragon\www\PROGRAMA\system\CodeIgniter.php(933): App\Controllers\Clientes->index2()
#4 C:\laragon\www\PROGRAMA\system\CodeIgniter.php(509): CodeIgniter\CodeIgniter->runController(Object(App\Controllers\Clientes))
#5 C:\laragon\www\PROGRAMA\system\CodeIgniter.php(355): CodeIgniter\CodeIgniter->handleRequest(NULL, Object(Config\Cache), false)
#6 C:\laragon\www\PROGRAMA\system\Boot.php(325): CodeIgniter\CodeIgniter->run()
#7 C:\laragon\www\PROGRAMA\system\Boot.php(67): CodeIgniter\Boot::runCodeIgniter(Object(CodeIgniter\CodeIgniter))
#8 C:\laragon\www\PROGRAMA\public\index.php(56): CodeIgniter\Boot::bootWeb(Object(Config\Paths))
#9 {main}
CRITICAL - 2024-07-23 23:36:12 --> CodeIgniter\Database\Exceptions\DatabaseException: Unable to connect to the database.
Main connection [SQLSRV]: Undefined constant "CodeIgniter\Database\SQLSRV\SQLSRV_ENC_CHAR"
[Method: GET, Route: clientess]
in SYSTEMPATH\Database\BaseConnection.php on line 467.
 1 SYSTEMPATH\Database\BaseConnection.php(616): CodeIgniter\Database\BaseConnection->initialize()
 2 APPPATH\Controllers\Clientes.php(28): CodeIgniter\Database\BaseConnection->query('select Idcliente,NombreCompañía, NombreContacto, CargoContacto ,
        Dirección, Ciudad,País, Teléfono from Clientes')
 3 SYSTEMPATH\CodeIgniter.php(933): App\Controllers\Clientes->index2()
 4 SYSTEMPATH\CodeIgniter.php(509): CodeIgniter\CodeIgniter->runController(Object(App\Controllers\Clientes))
 5 SYSTEMPATH\CodeIgniter.php(355): CodeIgniter\CodeIgniter->handleRequest(null, Object(Config\Cache), false)
 6 SYSTEMPATH\Boot.php(325): CodeIgniter\CodeIgniter->run()
 7 SYSTEMPATH\Boot.php(67): CodeIgniter\Boot::runCodeIgniter(Object(CodeIgniter\CodeIgniter))
 8 FCPATH\index.php(56): CodeIgniter\Boot::bootWeb(Object(Config\Paths))
ERROR - 2024-07-23 23:36:13 --> Error connecting to the database: Error: Undefined constant "CodeIgniter\Database\SQLSRV\SQLSRV_ENC_CHAR" in C:\laragon\www\PROGRAMA\system\Database\SQLSRV\Connection.php:108
Stack trace:
#0 C:\laragon\www\PROGRAMA\system\Database\BaseConnection.php(421): CodeIgniter\Database\SQLSRV\Connection->connect(false)
#1 C:\laragon\www\PROGRAMA\system\Database\BaseConnection.php(616): CodeIgniter\Database\BaseConnection->initialize()
#2 C:\laragon\www\PROGRAMA\app\Controllers\Clientes.php(28): CodeIgniter\Database\BaseConnection->query('select Idclient...')
#3 C:\laragon\www\PROGRAMA\system\CodeIgniter.php(933): App\Controllers\Clientes->index2()
#4 C:\laragon\www\PROGRAMA\system\CodeIgniter.php(509): CodeIgniter\CodeIgniter->runController(Object(App\Controllers\Clientes))
#5 C:\laragon\www\PROGRAMA\system\CodeIgniter.php(355): CodeIgniter\CodeIgniter->handleRequest(NULL, Object(Config\Cache), false)
#6 C:\laragon\www\PROGRAMA\system\Boot.php(325): CodeIgniter\CodeIgniter->run()
#7 C:\laragon\www\PROGRAMA\system\Boot.php(67): CodeIgniter\Boot::runCodeIgniter(Object(CodeIgniter\CodeIgniter))
#8 C:\laragon\www\PROGRAMA\public\index.php(56): CodeIgniter\Boot::bootWeb(Object(Config\Paths))
#9 {main}
CRITICAL - 2024-07-23 23:36:13 --> CodeIgniter\Database\Exceptions\DatabaseException: Unable to connect to the database.
Main connection [SQLSRV]: Undefined constant "CodeIgniter\Database\SQLSRV\SQLSRV_ENC_CHAR"
[Method: GET, Route: clientess]
in SYSTEMPATH\Database\BaseConnection.php on line 467.
 1 SYSTEMPATH\Database\BaseConnection.php(616): CodeIgniter\Database\BaseConnection->initialize()
 2 APPPATH\Controllers\Clientes.php(28): CodeIgniter\Database\BaseConnection->query('select Idcliente,NombreCompañía, NombreContacto, CargoContacto ,
        Dirección, Ciudad,País, Teléfono from Clientes')
 3 SYSTEMPATH\CodeIgniter.php(933): App\Controllers\Clientes->index2()
 4 SYSTEMPATH\CodeIgniter.php(509): CodeIgniter\CodeIgniter->runController(Object(App\Controllers\Clientes))
 5 SYSTEMPATH\CodeIgniter.php(355): CodeIgniter\CodeIgniter->handleRequest(null, Object(Config\Cache), false)
 6 SYSTEMPATH\Boot.php(325): CodeIgniter\CodeIgniter->run()
 7 SYSTEMPATH\Boot.php(67): CodeIgniter\Boot::runCodeIgniter(Object(CodeIgniter\CodeIgniter))
 8 FCPATH\index.php(56): CodeIgniter\Boot::bootWeb(Object(Config\Paths))
ERROR - 2024-07-23 23:36:13 --> Error connecting to the database: Error: Undefined constant "CodeIgniter\Database\SQLSRV\SQLSRV_ENC_CHAR" in C:\laragon\www\PROGRAMA\system\Database\SQLSRV\Connection.php:108
Stack trace:
#0 C:\laragon\www\PROGRAMA\system\Database\BaseConnection.php(421): CodeIgniter\Database\SQLSRV\Connection->connect(false)
#1 C:\laragon\www\PROGRAMA\system\Database\BaseConnection.php(616): CodeIgniter\Database\BaseConnection->initialize()
#2 C:\laragon\www\PROGRAMA\app\Controllers\Clientes.php(28): CodeIgniter\Database\BaseConnection->query('select Idclient...')
#3 C:\laragon\www\PROGRAMA\system\CodeIgniter.php(933): App\Controllers\Clientes->index2()
#4 C:\laragon\www\PROGRAMA\system\CodeIgniter.php(509): CodeIgniter\CodeIgniter->runController(Object(App\Controllers\Clientes))
#5 C:\laragon\www\PROGRAMA\system\CodeIgniter.php(355): CodeIgniter\CodeIgniter->handleRequest(NULL, Object(Config\Cache), false)
#6 C:\laragon\www\PROGRAMA\system\Boot.php(325): CodeIgniter\CodeIgniter->run()
#7 C:\laragon\www\PROGRAMA\system\Boot.php(67): CodeIgniter\Boot::runCodeIgniter(Object(CodeIgniter\CodeIgniter))
#8 C:\laragon\www\PROGRAMA\public\index.php(56): CodeIgniter\Boot::bootWeb(Object(Config\Paths))
#9 {main}
CRITICAL - 2024-07-23 23:36:13 --> CodeIgniter\Database\Exceptions\DatabaseException: Unable to connect to the database.
Main connection [SQLSRV]: Undefined constant "CodeIgniter\Database\SQLSRV\SQLSRV_ENC_CHAR"
[Method: GET, Route: clientess]
in SYSTEMPATH\Database\BaseConnection.php on line 467.
 1 SYSTEMPATH\Database\BaseConnection.php(616): CodeIgniter\Database\BaseConnection->initialize()
 2 APPPATH\Controllers\Clientes.php(28): CodeIgniter\Database\BaseConnection->query('select Idcliente,NombreCompañía, NombreContacto, CargoContacto ,
        Dirección, Ciudad,País, Teléfono from Clientes')
 3 SYSTEMPATH\CodeIgniter.php(933): App\Controllers\Clientes->index2()
 4 SYSTEMPATH\CodeIgniter.php(509): CodeIgniter\CodeIgniter->runController(Object(App\Controllers\Clientes))
 5 SYSTEMPATH\CodeIgniter.php(355): CodeIgniter\CodeIgniter->handleRequest(null, Object(Config\Cache), false)
 6 SYSTEMPATH\Boot.php(325): CodeIgniter\CodeIgniter->run()
 7 SYSTEMPATH\Boot.php(67): CodeIgniter\Boot::runCodeIgniter(Object(CodeIgniter\CodeIgniter))
 8 FCPATH\index.php(56): CodeIgniter\Boot::bootWeb(Object(Config\Paths))
ERROR - 2024-07-23 23:36:13 --> Error connecting to the database: Error: Undefined constant "CodeIgniter\Database\SQLSRV\SQLSRV_ENC_CHAR" in C:\laragon\www\PROGRAMA\system\Database\SQLSRV\Connection.php:108
Stack trace:
#0 C:\laragon\www\PROGRAMA\system\Database\BaseConnection.php(421): CodeIgniter\Database\SQLSRV\Connection->connect(false)
#1 C:\laragon\www\PROGRAMA\system\Database\BaseConnection.php(616): CodeIgniter\Database\BaseConnection->initialize()
#2 C:\laragon\www\PROGRAMA\app\Controllers\Clientes.php(28): CodeIgniter\Database\BaseConnection->query('select Idclient...')
#3 C:\laragon\www\PROGRAMA\system\CodeIgniter.php(933): App\Controllers\Clientes->index2()
#4 C:\laragon\www\PROGRAMA\system\CodeIgniter.php(509): CodeIgniter\CodeIgniter->runController(Object(App\Controllers\Clientes))
#5 C:\laragon\www\PROGRAMA\system\CodeIgniter.php(355): CodeIgniter\CodeIgniter->handleRequest(NULL, Object(Config\Cache), false)
#6 C:\laragon\www\PROGRAMA\system\Boot.php(325): CodeIgniter\CodeIgniter->run()
#7 C:\laragon\www\PROGRAMA\system\Boot.php(67): CodeIgniter\Boot::runCodeIgniter(Object(CodeIgniter\CodeIgniter))
#8 C:\laragon\www\PROGRAMA\public\index.php(56): CodeIgniter\Boot::bootWeb(Object(Config\Paths))
#9 {main}
CRITICAL - 2024-07-23 23:36:13 --> CodeIgniter\Database\Exceptions\DatabaseException: Unable to connect to the database.
Main connection [SQLSRV]: Undefined constant "CodeIgniter\Database\SQLSRV\SQLSRV_ENC_CHAR"
[Method: GET, Route: clientess]
in SYSTEMPATH\Database\BaseConnection.php on line 467.
 1 SYSTEMPATH\Database\BaseConnection.php(616): CodeIgniter\Database\BaseConnection->initialize()
 2 APPPATH\Controllers\Clientes.php(28): CodeIgniter\Database\BaseConnection->query('select Idcliente,NombreCompañía, NombreContacto, CargoContacto ,
        Dirección, Ciudad,País, Teléfono from Clientes')
 3 SYSTEMPATH\CodeIgniter.php(933): App\Controllers\Clientes->index2()
 4 SYSTEMPATH\CodeIgniter.php(509): CodeIgniter\CodeIgniter->runController(Object(App\Controllers\Clientes))
 5 SYSTEMPATH\CodeIgniter.php(355): CodeIgniter\CodeIgniter->handleRequest(null, Object(Config\Cache), false)
 6 SYSTEMPATH\Boot.php(325): CodeIgniter\CodeIgniter->run()
 7 SYSTEMPATH\Boot.php(67): CodeIgniter\Boot::runCodeIgniter(Object(CodeIgniter\CodeIgniter))
 8 FCPATH\index.php(56): CodeIgniter\Boot::bootWeb(Object(Config\Paths))
ERROR - 2024-07-23 23:36:13 --> Error connecting to the database: Error: Undefined constant "CodeIgniter\Database\SQLSRV\SQLSRV_ENC_CHAR" in C:\laragon\www\PROGRAMA\system\Database\SQLSRV\Connection.php:108
Stack trace:
#0 C:\laragon\www\PROGRAMA\system\Database\BaseConnection.php(421): CodeIgniter\Database\SQLSRV\Connection->connect(false)
#1 C:\laragon\www\PROGRAMA\system\Database\BaseConnection.php(616): CodeIgniter\Database\BaseConnection->initialize()
#2 C:\laragon\www\PROGRAMA\app\Controllers\Clientes.php(28): CodeIgniter\Database\BaseConnection->query('select Idclient...')
#3 C:\laragon\www\PROGRAMA\system\CodeIgniter.php(933): App\Controllers\Clientes->index2()
#4 C:\laragon\www\PROGRAMA\system\CodeIgniter.php(509): CodeIgniter\CodeIgniter->runController(Object(App\Controllers\Clientes))
#5 C:\laragon\www\PROGRAMA\system\CodeIgniter.php(355): CodeIgniter\CodeIgniter->handleRequest(NULL, Object(Config\Cache), false)
#6 C:\laragon\www\PROGRAMA\system\Boot.php(325): CodeIgniter\CodeIgniter->run()
#7 C:\laragon\www\PROGRAMA\system\Boot.php(67): CodeIgniter\Boot::runCodeIgniter(Object(CodeIgniter\CodeIgniter))
#8 C:\laragon\www\PROGRAMA\public\index.php(56): CodeIgniter\Boot::bootWeb(Object(Config\Paths))
#9 {main}
CRITICAL - 2024-07-23 23:36:13 --> CodeIgniter\Database\Exceptions\DatabaseException: Unable to connect to the database.
Main connection [SQLSRV]: Undefined constant "CodeIgniter\Database\SQLSRV\SQLSRV_ENC_CHAR"
[Method: GET, Route: clientess]
in SYSTEMPATH\Database\BaseConnection.php on line 467.
 1 SYSTEMPATH\Database\BaseConnection.php(616): CodeIgniter\Database\BaseConnection->initialize()
 2 APPPATH\Controllers\Clientes.php(28): CodeIgniter\Database\BaseConnection->query('select Idcliente,NombreCompañía, NombreContacto, CargoContacto ,
        Dirección, Ciudad,País, Teléfono from Clientes')
 3 SYSTEMPATH\CodeIgniter.php(933): App\Controllers\Clientes->index2()
 4 SYSTEMPATH\CodeIgniter.php(509): CodeIgniter\CodeIgniter->runController(Object(App\Controllers\Clientes))
 5 SYSTEMPATH\CodeIgniter.php(355): CodeIgniter\CodeIgniter->handleRequest(null, Object(Config\Cache), false)
 6 SYSTEMPATH\Boot.php(325): CodeIgniter\CodeIgniter->run()
 7 SYSTEMPATH\Boot.php(67): CodeIgniter\Boot::runCodeIgniter(Object(CodeIgniter\CodeIgniter))
 8 FCPATH\index.php(56): CodeIgniter\Boot::bootWeb(Object(Config\Paths))
ERROR - 2024-07-23 23:36:14 --> Error connecting to the database: Error: Undefined constant "CodeIgniter\Database\SQLSRV\SQLSRV_ENC_CHAR" in C:\laragon\www\PROGRAMA\system\Database\SQLSRV\Connection.php:108
Stack trace:
#0 C:\laragon\www\PROGRAMA\system\Database\BaseConnection.php(421): CodeIgniter\Database\SQLSRV\Connection->connect(false)
#1 C:\laragon\www\PROGRAMA\system\Database\BaseConnection.php(616): CodeIgniter\Database\BaseConnection->initialize()
#2 C:\laragon\www\PROGRAMA\app\Controllers\Clientes.php(28): CodeIgniter\Database\BaseConnection->query('select Idclient...')
#3 C:\laragon\www\PROGRAMA\system\CodeIgniter.php(933): App\Controllers\Clientes->index2()
#4 C:\laragon\www\PROGRAMA\system\CodeIgniter.php(509): CodeIgniter\CodeIgniter->runController(Object(App\Controllers\Clientes))
#5 C:\laragon\www\PROGRAMA\system\CodeIgniter.php(355): CodeIgniter\CodeIgniter->handleRequest(NULL, Object(Config\Cache), false)
#6 C:\laragon\www\PROGRAMA\system\Boot.php(325): CodeIgniter\CodeIgniter->run()
#7 C:\laragon\www\PROGRAMA\system\Boot.php(67): CodeIgniter\Boot::runCodeIgniter(Object(CodeIgniter\CodeIgniter))
#8 C:\laragon\www\PROGRAMA\public\index.php(56): CodeIgniter\Boot::bootWeb(Object(Config\Paths))
#9 {main}
CRITICAL - 2024-07-23 23:36:14 --> CodeIgniter\Database\Exceptions\DatabaseException: Unable to connect to the database.
Main connection [SQLSRV]: Undefined constant "CodeIgniter\Database\SQLSRV\SQLSRV_ENC_CHAR"
[Method: GET, Route: clientess]
in SYSTEMPATH\Database\BaseConnection.php on line 467.
 1 SYSTEMPATH\Database\BaseConnection.php(616): CodeIgniter\Database\BaseConnection->initialize()
 2 APPPATH\Controllers\Clientes.php(28): CodeIgniter\Database\BaseConnection->query('select Idcliente,NombreCompañía, NombreContacto, CargoContacto ,
        Dirección, Ciudad,País, Teléfono from Clientes')
 3 SYSTEMPATH\CodeIgniter.php(933): App\Controllers\Clientes->index2()
 4 SYSTEMPATH\CodeIgniter.php(509): CodeIgniter\CodeIgniter->runController(Object(App\Controllers\Clientes))
 5 SYSTEMPATH\CodeIgniter.php(355): CodeIgniter\CodeIgniter->handleRequest(null, Object(Config\Cache), false)
 6 SYSTEMPATH\Boot.php(325): CodeIgniter\CodeIgniter->run()
 7 SYSTEMPATH\Boot.php(67): CodeIgniter\Boot::runCodeIgniter(Object(CodeIgniter\CodeIgniter))
 8 FCPATH\index.php(56): CodeIgniter\Boot::bootWeb(Object(Config\Paths))
ERROR - 2024-07-23 23:36:14 --> Error connecting to the database: Error: Undefined constant "CodeIgniter\Database\SQLSRV\SQLSRV_ENC_CHAR" in C:\laragon\www\PROGRAMA\system\Database\SQLSRV\Connection.php:108
Stack trace:
#0 C:\laragon\www\PROGRAMA\system\Database\BaseConnection.php(421): CodeIgniter\Database\SQLSRV\Connection->connect(false)
#1 C:\laragon\www\PROGRAMA\system\Database\BaseConnection.php(616): CodeIgniter\Database\BaseConnection->initialize()
#2 C:\laragon\www\PROGRAMA\app\Controllers\Clientes.php(28): CodeIgniter\Database\BaseConnection->query('select Idclient...')
#3 C:\laragon\www\PROGRAMA\system\CodeIgniter.php(933): App\Controllers\Clientes->index2()
#4 C:\laragon\www\PROGRAMA\system\CodeIgniter.php(509): CodeIgniter\CodeIgniter->runController(Object(App\Controllers\Clientes))
#5 C:\laragon\www\PROGRAMA\system\CodeIgniter.php(355): CodeIgniter\CodeIgniter->handleRequest(NULL, Object(Config\Cache), false)
#6 C:\laragon\www\PROGRAMA\system\Boot.php(325): CodeIgniter\CodeIgniter->run()
#7 C:\laragon\www\PROGRAMA\system\Boot.php(67): CodeIgniter\Boot::runCodeIgniter(Object(CodeIgniter\CodeIgniter))
#8 C:\laragon\www\PROGRAMA\public\index.php(56): CodeIgniter\Boot::bootWeb(Object(Config\Paths))
#9 {main}
CRITICAL - 2024-07-23 23:36:14 --> CodeIgniter\Database\Exceptions\DatabaseException: Unable to connect to the database.
Main connection [SQLSRV]: Undefined constant "CodeIgniter\Database\SQLSRV\SQLSRV_ENC_CHAR"
[Method: GET, Route: clientess]
in SYSTEMPATH\Database\BaseConnection.php on line 467.
 1 SYSTEMPATH\Database\BaseConnection.php(616): CodeIgniter\Database\BaseConnection->initialize()
 2 APPPATH\Controllers\Clientes.php(28): CodeIgniter\Database\BaseConnection->query('select Idcliente,NombreCompañía, NombreContacto, CargoContacto ,
        Dirección, Ciudad,País, Teléfono from Clientes')
 3 SYSTEMPATH\CodeIgniter.php(933): App\Controllers\Clientes->index2()
 4 SYSTEMPATH\CodeIgniter.php(509): CodeIgniter\CodeIgniter->runController(Object(App\Controllers\Clientes))
 5 SYSTEMPATH\CodeIgniter.php(355): CodeIgniter\CodeIgniter->handleRequest(null, Object(Config\Cache), false)
 6 SYSTEMPATH\Boot.php(325): CodeIgniter\CodeIgniter->run()
 7 SYSTEMPATH\Boot.php(67): CodeIgniter\Boot::runCodeIgniter(Object(CodeIgniter\CodeIgniter))
 8 FCPATH\index.php(56): CodeIgniter\Boot::bootWeb(Object(Config\Paths))
ERROR - 2024-07-23 23:39:31 --> Error connecting to the database: Error: Undefined constant "CodeIgniter\Database\SQLSRV\SQLSRV_ENC_CHAR" in C:\laragon\www\PROGRAMA\system\Database\SQLSRV\Connection.php:108
Stack trace:
#0 C:\laragon\www\PROGRAMA\system\Database\BaseConnection.php(421): CodeIgniter\Database\SQLSRV\Connection->connect(false)
#1 C:\laragon\www\PROGRAMA\system\Database\BaseConnection.php(616): CodeIgniter\Database\BaseConnection->initialize()
#2 C:\laragon\www\PROGRAMA\app\Controllers\Clientes.php(28): CodeIgniter\Database\BaseConnection->query('select Idclient...')
#3 C:\laragon\www\PROGRAMA\system\CodeIgniter.php(933): App\Controllers\Clientes->cliente_lista()
#4 C:\laragon\www\PROGRAMA\system\CodeIgniter.php(509): CodeIgniter\CodeIgniter->runController(Object(App\Controllers\Clientes))
#5 C:\laragon\www\PROGRAMA\system\CodeIgniter.php(355): CodeIgniter\CodeIgniter->handleRequest(NULL, Object(Config\Cache), false)
#6 C:\laragon\www\PROGRAMA\system\Boot.php(325): CodeIgniter\CodeIgniter->run()
#7 C:\laragon\www\PROGRAMA\system\Boot.php(67): CodeIgniter\Boot::runCodeIgniter(Object(CodeIgniter\CodeIgniter))
#8 C:\laragon\www\PROGRAMA\public\index.php(56): CodeIgniter\Boot::bootWeb(Object(Config\Paths))
#9 {main}
CRITICAL - 2024-07-23 23:39:31 --> CodeIgniter\Database\Exceptions\DatabaseException: Unable to connect to the database.
Main connection [SQLSRV]: Undefined constant "CodeIgniter\Database\SQLSRV\SQLSRV_ENC_CHAR"
[Method: GET, Route: clientelista]
in SYSTEMPATH\Database\BaseConnection.php on line 467.
 1 SYSTEMPATH\Database\BaseConnection.php(616): CodeIgniter\Database\BaseConnection->initialize()
 2 APPPATH\Controllers\Clientes.php(28): CodeIgniter\Database\BaseConnection->query('select Idcliente,NombreCompañía, NombreContacto, CargoContacto,
        Dirección, Ciudad,País, Teléfono from Clientes')
 3 SYSTEMPATH\CodeIgniter.php(933): App\Controllers\Clientes->cliente_lista()
 4 SYSTEMPATH\CodeIgniter.php(509): CodeIgniter\CodeIgniter->runController(Object(App\Controllers\Clientes))
 5 SYSTEMPATH\CodeIgniter.php(355): CodeIgniter\CodeIgniter->handleRequest(null, Object(Config\Cache), false)
 6 SYSTEMPATH\Boot.php(325): CodeIgniter\CodeIgniter->run()
 7 SYSTEMPATH\Boot.php(67): CodeIgniter\Boot::runCodeIgniter(Object(CodeIgniter\CodeIgniter))
 8 FCPATH\index.php(56): CodeIgniter\Boot::bootWeb(Object(Config\Paths))
ERROR - 2024-07-23 23:39:38 --> Error connecting to the database: Error: Undefined constant "CodeIgniter\Database\SQLSRV\SQLSRV_ENC_CHAR" in C:\laragon\www\PROGRAMA\system\Database\SQLSRV\Connection.php:108
Stack trace:
#0 C:\laragon\www\PROGRAMA\system\Database\BaseConnection.php(421): CodeIgniter\Database\SQLSRV\Connection->connect(false)
#1 C:\laragon\www\PROGRAMA\system\Database\BaseConnection.php(616): CodeIgniter\Database\BaseConnection->initialize()
#2 C:\laragon\www\PROGRAMA\app\Controllers\Clientes.php(28): CodeIgniter\Database\BaseConnection->query('select Idclient...')
#3 C:\laragon\www\PROGRAMA\system\CodeIgniter.php(933): App\Controllers\Clientes->cliente_lista()
#4 C:\laragon\www\PROGRAMA\system\CodeIgniter.php(509): CodeIgniter\CodeIgniter->runController(Object(App\Controllers\Clientes))
#5 C:\laragon\www\PROGRAMA\system\CodeIgniter.php(355): CodeIgniter\CodeIgniter->handleRequest(NULL, Object(Config\Cache), false)
#6 C:\laragon\www\PROGRAMA\system\Boot.php(325): CodeIgniter\CodeIgniter->run()
#7 C:\laragon\www\PROGRAMA\system\Boot.php(67): CodeIgniter\Boot::runCodeIgniter(Object(CodeIgniter\CodeIgniter))
#8 C:\laragon\www\PROGRAMA\public\index.php(56): CodeIgniter\Boot::bootWeb(Object(Config\Paths))
#9 {main}
CRITICAL - 2024-07-23 23:39:38 --> CodeIgniter\Database\Exceptions\DatabaseException: Unable to connect to the database.
Main connection [SQLSRV]: Undefined constant "CodeIgniter\Database\SQLSRV\SQLSRV_ENC_CHAR"
[Method: GET, Route: clientelista]
in SYSTEMPATH\Database\BaseConnection.php on line 467.
 1 SYSTEMPATH\Database\BaseConnection.php(616): CodeIgniter\Database\BaseConnection->initialize()
 2 APPPATH\Controllers\Clientes.php(28): CodeIgniter\Database\BaseConnection->query('select Idcliente,NombreCompañía, NombreContacto, CargoContacto,
        Dirección, Ciudad,País, Teléfono from Clientes')
 3 SYSTEMPATH\CodeIgniter.php(933): App\Controllers\Clientes->cliente_lista()
 4 SYSTEMPATH\CodeIgniter.php(509): CodeIgniter\CodeIgniter->runController(Object(App\Controllers\Clientes))
 5 SYSTEMPATH\CodeIgniter.php(355): CodeIgniter\CodeIgniter->handleRequest(null, Object(Config\Cache), false)
 6 SYSTEMPATH\Boot.php(325): CodeIgniter\CodeIgniter->run()
 7 SYSTEMPATH\Boot.php(67): CodeIgniter\Boot::runCodeIgniter(Object(CodeIgniter\CodeIgniter))
 8 FCPATH\index.php(56): CodeIgniter\Boot::bootWeb(Object(Config\Paths))
ERROR - 2024-07-23 23:41:13 --> Error connecting to the database: Error: Undefined constant "CodeIgniter\Database\SQLSRV\SQLSRV_ENC_CHAR" in C:\laragon\www\PROGRAMA\system\Database\SQLSRV\Connection.php:108
Stack trace:
#0 C:\laragon\www\PROGRAMA\system\Database\BaseConnection.php(421): CodeIgniter\Database\SQLSRV\Connection->connect(false)
#1 C:\laragon\www\PROGRAMA\system\Database\BaseConnection.php(616): CodeIgniter\Database\BaseConnection->initialize()
#2 C:\laragon\www\PROGRAMA\app\Controllers\Clientes.php(28): CodeIgniter\Database\BaseConnection->query('select Idclient...')
#3 C:\laragon\www\PROGRAMA\system\CodeIgniter.php(933): App\Controllers\Clientes->cliente_lista()
#4 C:\laragon\www\PROGRAMA\system\CodeIgniter.php(509): CodeIgniter\CodeIgniter->runController(Object(App\Controllers\Clientes))
#5 C:\laragon\www\PROGRAMA\system\CodeIgniter.php(355): CodeIgniter\CodeIgniter->handleRequest(NULL, Object(Config\Cache), false)
#6 C:\laragon\www\PROGRAMA\system\Boot.php(325): CodeIgniter\CodeIgniter->run()
#7 C:\laragon\www\PROGRAMA\system\Boot.php(67): CodeIgniter\Boot::runCodeIgniter(Object(CodeIgniter\CodeIgniter))
#8 C:\laragon\www\PROGRAMA\public\index.php(56): CodeIgniter\Boot::bootWeb(Object(Config\Paths))
#9 {main}
CRITICAL - 2024-07-23 23:41:13 --> CodeIgniter\Database\Exceptions\DatabaseException: Unable to connect to the database.
Main connection [SQLSRV]: Undefined constant "CodeIgniter\Database\SQLSRV\SQLSRV_ENC_CHAR"
[Method: GET, Route: clientelista]
in SYSTEMPATH\Database\BaseConnection.php on line 467.
 1 SYSTEMPATH\Database\BaseConnection.php(616): CodeIgniter\Database\BaseConnection->initialize()
 2 APPPATH\Controllers\Clientes.php(28): CodeIgniter\Database\BaseConnection->query('select Idcliente,NombreCompañía, NombreContacto, CargoContacto,
        Dirección, Ciudad,País, Teléfono from Clientes')
 3 SYSTEMPATH\CodeIgniter.php(933): App\Controllers\Clientes->cliente_lista()
 4 SYSTEMPATH\CodeIgniter.php(509): CodeIgniter\CodeIgniter->runController(Object(App\Controllers\Clientes))
 5 SYSTEMPATH\CodeIgniter.php(355): CodeIgniter\CodeIgniter->handleRequest(null, Object(Config\Cache), false)
 6 SYSTEMPATH\Boot.php(325): CodeIgniter\CodeIgniter->run()
 7 SYSTEMPATH\Boot.php(67): CodeIgniter\Boot::runCodeIgniter(Object(CodeIgniter\CodeIgniter))
 8 FCPATH\index.php(56): CodeIgniter\Boot::bootWeb(Object(Config\Paths))
ERROR - 2024-07-23 23:41:19 --> Error connecting to the database: Error: Undefined constant "CodeIgniter\Database\SQLSRV\SQLSRV_ENC_CHAR" in C:\laragon\www\PROGRAMA\system\Database\SQLSRV\Connection.php:108
Stack trace:
#0 C:\laragon\www\PROGRAMA\system\Database\BaseConnection.php(421): CodeIgniter\Database\SQLSRV\Connection->connect(false)
#1 C:\laragon\www\PROGRAMA\system\Database\BaseConnection.php(616): CodeIgniter\Database\BaseConnection->initialize()
#2 C:\laragon\www\PROGRAMA\app\Controllers\Clientes.php(28): CodeIgniter\Database\BaseConnection->query('select Idclient...')
#3 C:\laragon\www\PROGRAMA\system\CodeIgniter.php(933): App\Controllers\Clientes->cliente_lista()
#4 C:\laragon\www\PROGRAMA\system\CodeIgniter.php(509): CodeIgniter\CodeIgniter->runController(Object(App\Controllers\Clientes))
#5 C:\laragon\www\PROGRAMA\system\CodeIgniter.php(355): CodeIgniter\CodeIgniter->handleRequest(NULL, Object(Config\Cache), false)
#6 C:\laragon\www\PROGRAMA\system\Boot.php(325): CodeIgniter\CodeIgniter->run()
#7 C:\laragon\www\PROGRAMA\system\Boot.php(67): CodeIgniter\Boot::runCodeIgniter(Object(CodeIgniter\CodeIgniter))
#8 C:\laragon\www\PROGRAMA\public\index.php(56): CodeIgniter\Boot::bootWeb(Object(Config\Paths))
#9 {main}
CRITICAL - 2024-07-23 23:41:19 --> CodeIgniter\Database\Exceptions\DatabaseException: Unable to connect to the database.
Main connection [SQLSRV]: Undefined constant "CodeIgniter\Database\SQLSRV\SQLSRV_ENC_CHAR"
[Method: GET, Route: clientelista]
in SYSTEMPATH\Database\BaseConnection.php on line 467.
 1 SYSTEMPATH\Database\BaseConnection.php(616): CodeIgniter\Database\BaseConnection->initialize()
 2 APPPATH\Controllers\Clientes.php(28): CodeIgniter\Database\BaseConnection->query('select Idcliente,NombreCompañía, NombreContacto, CargoContacto,
        Dirección, Ciudad,País, Teléfono from Clientes')
 3 SYSTEMPATH\CodeIgniter.php(933): App\Controllers\Clientes->cliente_lista()
 4 SYSTEMPATH\CodeIgniter.php(509): CodeIgniter\CodeIgniter->runController(Object(App\Controllers\Clientes))
 5 SYSTEMPATH\CodeIgniter.php(355): CodeIgniter\CodeIgniter->handleRequest(null, Object(Config\Cache), false)
 6 SYSTEMPATH\Boot.php(325): CodeIgniter\CodeIgniter->run()
 7 SYSTEMPATH\Boot.php(67): CodeIgniter\Boot::runCodeIgniter(Object(CodeIgniter\CodeIgniter))
 8 FCPATH\index.php(56): CodeIgniter\Boot::bootWeb(Object(Config\Paths))
ERROR - 2024-07-23 23:42:31 --> Error connecting to the database: Error: Undefined constant "CodeIgniter\Database\SQLSRV\SQLSRV_ENC_CHAR" in C:\laragon\www\PROGRAMA\system\Database\SQLSRV\Connection.php:108
Stack trace:
#0 C:\laragon\www\PROGRAMA\system\Database\BaseConnection.php(421): CodeIgniter\Database\SQLSRV\Connection->connect(false)
#1 C:\laragon\www\PROGRAMA\system\Database\BaseConnection.php(616): CodeIgniter\Database\BaseConnection->initialize()
#2 C:\laragon\www\PROGRAMA\app\Controllers\Clientes.php(28): CodeIgniter\Database\BaseConnection->query('select Idclient...')
#3 C:\laragon\www\PROGRAMA\system\CodeIgniter.php(933): App\Controllers\Clientes->cliente_lista()
#4 C:\laragon\www\PROGRAMA\system\CodeIgniter.php(509): CodeIgniter\CodeIgniter->runController(Object(App\Controllers\Clientes))
#5 C:\laragon\www\PROGRAMA\system\CodeIgniter.php(355): CodeIgniter\CodeIgniter->handleRequest(NULL, Object(Config\Cache), false)
#6 C:\laragon\www\PROGRAMA\system\Boot.php(325): CodeIgniter\CodeIgniter->run()
#7 C:\laragon\www\PROGRAMA\system\Boot.php(67): CodeIgniter\Boot::runCodeIgniter(Object(CodeIgniter\CodeIgniter))
#8 C:\laragon\www\PROGRAMA\public\index.php(56): CodeIgniter\Boot::bootWeb(Object(Config\Paths))
#9 {main}
CRITICAL - 2024-07-23 23:42:31 --> CodeIgniter\Database\Exceptions\DatabaseException: Unable to connect to the database.
Main connection [SQLSRV]: Undefined constant "CodeIgniter\Database\SQLSRV\SQLSRV_ENC_CHAR"
[Method: GET, Route: clientelista]
in SYSTEMPATH\Database\BaseConnection.php on line 467.
 1 SYSTEMPATH\Database\BaseConnection.php(616): CodeIgniter\Database\BaseConnection->initialize()
 2 APPPATH\Controllers\Clientes.php(28): CodeIgniter\Database\BaseConnection->query('select Idcliente,NombreCompañía, NombreContacto, CargoContacto,
        Dirección, Ciudad,País, Teléfono from Clientes')
 3 SYSTEMPATH\CodeIgniter.php(933): App\Controllers\Clientes->cliente_lista()
 4 SYSTEMPATH\CodeIgniter.php(509): CodeIgniter\CodeIgniter->runController(Object(App\Controllers\Clientes))
 5 SYSTEMPATH\CodeIgniter.php(355): CodeIgniter\CodeIgniter->handleRequest(null, Object(Config\Cache), false)
 6 SYSTEMPATH\Boot.php(325): CodeIgniter\CodeIgniter->run()
 7 SYSTEMPATH\Boot.php(67): CodeIgniter\Boot::runCodeIgniter(Object(CodeIgniter\CodeIgniter))
 8 FCPATH\index.php(56): CodeIgniter\Boot::bootWeb(Object(Config\Paths))
ERROR - 2024-07-23 23:43:21 --> Error connecting to the database: Error: Undefined constant "CodeIgniter\Database\SQLSRV\SQLSRV_ENC_CHAR" in C:\laragon\www\PROGRAMA\system\Database\SQLSRV\Connection.php:108
Stack trace:
#0 C:\laragon\www\PROGRAMA\system\Database\BaseConnection.php(421): CodeIgniter\Database\SQLSRV\Connection->connect(false)
#1 C:\laragon\www\PROGRAMA\system\Database\BaseConnection.php(616): CodeIgniter\Database\BaseConnection->initialize()
#2 C:\laragon\www\PROGRAMA\app\Controllers\Clientes.php(28): CodeIgniter\Database\BaseConnection->query('select Idclient...')
#3 C:\laragon\www\PROGRAMA\system\CodeIgniter.php(933): App\Controllers\Clientes->cliente_lista()
#4 C:\laragon\www\PROGRAMA\system\CodeIgniter.php(509): CodeIgniter\CodeIgniter->runController(Object(App\Controllers\Clientes))
#5 C:\laragon\www\PROGRAMA\system\CodeIgniter.php(355): CodeIgniter\CodeIgniter->handleRequest(NULL, Object(Config\Cache), false)
#6 C:\laragon\www\PROGRAMA\system\Boot.php(325): CodeIgniter\CodeIgniter->run()
#7 C:\laragon\www\PROGRAMA\system\Boot.php(67): CodeIgniter\Boot::runCodeIgniter(Object(CodeIgniter\CodeIgniter))
#8 C:\laragon\www\PROGRAMA\public\index.php(56): CodeIgniter\Boot::bootWeb(Object(Config\Paths))
#9 {main}
CRITICAL - 2024-07-23 23:43:21 --> CodeIgniter\Database\Exceptions\DatabaseException: Unable to connect to the database.
Main connection [SQLSRV]: Undefined constant "CodeIgniter\Database\SQLSRV\SQLSRV_ENC_CHAR"
[Method: GET, Route: clientelista]
in SYSTEMPATH\Database\BaseConnection.php on line 467.
 1 SYSTEMPATH\Database\BaseConnection.php(616): CodeIgniter\Database\BaseConnection->initialize()
 2 APPPATH\Controllers\Clientes.php(28): CodeIgniter\Database\BaseConnection->query('select Idcliente,NombreCompañía, NombreContacto, CargoContacto,
        Dirección, Ciudad,País, Teléfono from Clientes')
 3 SYSTEMPATH\CodeIgniter.php(933): App\Controllers\Clientes->cliente_lista()
 4 SYSTEMPATH\CodeIgniter.php(509): CodeIgniter\CodeIgniter->runController(Object(App\Controllers\Clientes))
 5 SYSTEMPATH\CodeIgniter.php(355): CodeIgniter\CodeIgniter->handleRequest(null, Object(Config\Cache), false)
 6 SYSTEMPATH\Boot.php(325): CodeIgniter\CodeIgniter->run()
 7 SYSTEMPATH\Boot.php(67): CodeIgniter\Boot::runCodeIgniter(Object(CodeIgniter\CodeIgniter))
 8 FCPATH\index.php(56): CodeIgniter\Boot::bootWeb(Object(Config\Paths))
ERROR - 2024-07-23 23:43:35 --> Error connecting to the database: Error: Undefined constant "CodeIgniter\Database\SQLSRV\SQLSRV_ENC_CHAR" in C:\laragon\www\PROGRAMA\system\Database\SQLSRV\Connection.php:108
Stack trace:
#0 C:\laragon\www\PROGRAMA\system\Database\BaseConnection.php(421): CodeIgniter\Database\SQLSRV\Connection->connect(false)
#1 C:\laragon\www\PROGRAMA\system\Database\BaseConnection.php(616): CodeIgniter\Database\BaseConnection->initialize()
#2 C:\laragon\www\PROGRAMA\app\Controllers\Clientes.php(28): CodeIgniter\Database\BaseConnection->query('select Idclient...')
#3 C:\laragon\www\PROGRAMA\system\CodeIgniter.php(933): App\Controllers\Clientes->cliente_lista()
#4 C:\laragon\www\PROGRAMA\system\CodeIgniter.php(509): CodeIgniter\CodeIgniter->runController(Object(App\Controllers\Clientes))
#5 C:\laragon\www\PROGRAMA\system\CodeIgniter.php(355): CodeIgniter\CodeIgniter->handleRequest(NULL, Object(Config\Cache), false)
#6 C:\laragon\www\PROGRAMA\system\Boot.php(325): CodeIgniter\CodeIgniter->run()
#7 C:\laragon\www\PROGRAMA\system\Boot.php(67): CodeIgniter\Boot::runCodeIgniter(Object(CodeIgniter\CodeIgniter))
#8 C:\laragon\www\PROGRAMA\public\index.php(56): CodeIgniter\Boot::bootWeb(Object(Config\Paths))
#9 {main}
CRITICAL - 2024-07-23 23:43:35 --> CodeIgniter\Database\Exceptions\DatabaseException: Unable to connect to the database.
Main connection [SQLSRV]: Undefined constant "CodeIgniter\Database\SQLSRV\SQLSRV_ENC_CHAR"
[Method: GET, Route: clientelista]
in SYSTEMPATH\Database\BaseConnection.php on line 467.
 1 SYSTEMPATH\Database\BaseConnection.php(616): CodeIgniter\Database\BaseConnection->initialize()
 2 APPPATH\Controllers\Clientes.php(28): CodeIgniter\Database\BaseConnection->query('select Idcliente,NombreCompañía, NombreContacto, CargoContacto,
        Dirección, Ciudad,País, Teléfono from Clientes')
 3 SYSTEMPATH\CodeIgniter.php(933): App\Controllers\Clientes->cliente_lista()
 4 SYSTEMPATH\CodeIgniter.php(509): CodeIgniter\CodeIgniter->runController(Object(App\Controllers\Clientes))
 5 SYSTEMPATH\CodeIgniter.php(355): CodeIgniter\CodeIgniter->handleRequest(null, Object(Config\Cache), false)
 6 SYSTEMPATH\Boot.php(325): CodeIgniter\CodeIgniter->run()
 7 SYSTEMPATH\Boot.php(67): CodeIgniter\Boot::runCodeIgniter(Object(CodeIgniter\CodeIgniter))
 8 FCPATH\index.php(56): CodeIgniter\Boot::bootWeb(Object(Config\Paths))
ERROR - 2024-07-23 23:44:00 --> Error connecting to the database: Error: Undefined constant "CodeIgniter\Database\SQLSRV\SQLSRV_ENC_CHAR" in C:\laragon\www\PROGRAMA\system\Database\SQLSRV\Connection.php:108
Stack trace:
#0 C:\laragon\www\PROGRAMA\system\Database\BaseConnection.php(421): CodeIgniter\Database\SQLSRV\Connection->connect(false)
#1 C:\laragon\www\PROGRAMA\system\Database\BaseConnection.php(616): CodeIgniter\Database\BaseConnection->initialize()
#2 C:\laragon\www\PROGRAMA\app\Controllers\Clientes.php(28): CodeIgniter\Database\BaseConnection->query('select Idclient...')
#3 C:\laragon\www\PROGRAMA\system\CodeIgniter.php(933): App\Controllers\Clientes->cliente_lista()
#4 C:\laragon\www\PROGRAMA\system\CodeIgniter.php(509): CodeIgniter\CodeIgniter->runController(Object(App\Controllers\Clientes))
#5 C:\laragon\www\PROGRAMA\system\CodeIgniter.php(355): CodeIgniter\CodeIgniter->handleRequest(NULL, Object(Config\Cache), false)
#6 C:\laragon\www\PROGRAMA\system\Boot.php(325): CodeIgniter\CodeIgniter->run()
#7 C:\laragon\www\PROGRAMA\system\Boot.php(67): CodeIgniter\Boot::runCodeIgniter(Object(CodeIgniter\CodeIgniter))
#8 C:\laragon\www\PROGRAMA\public\index.php(56): CodeIgniter\Boot::bootWeb(Object(Config\Paths))
#9 {main}
CRITICAL - 2024-07-23 23:44:00 --> CodeIgniter\Database\Exceptions\DatabaseException: Unable to connect to the database.
Main connection [SQLSRV]: Undefined constant "CodeIgniter\Database\SQLSRV\SQLSRV_ENC_CHAR"
[Method: GET, Route: clientelista]
in SYSTEMPATH\Database\BaseConnection.php on line 467.
 1 SYSTEMPATH\Database\BaseConnection.php(616): CodeIgniter\Database\BaseConnection->initialize()
 2 APPPATH\Controllers\Clientes.php(28): CodeIgniter\Database\BaseConnection->query('select Idcliente,NombreCompañía, NombreContacto, CargoContacto,
        Dirección, Ciudad,País, Teléfono from Clientes')
 3 SYSTEMPATH\CodeIgniter.php(933): App\Controllers\Clientes->cliente_lista()
 4 SYSTEMPATH\CodeIgniter.php(509): CodeIgniter\CodeIgniter->runController(Object(App\Controllers\Clientes))
 5 SYSTEMPATH\CodeIgniter.php(355): CodeIgniter\CodeIgniter->handleRequest(null, Object(Config\Cache), false)
 6 SYSTEMPATH\Boot.php(325): CodeIgniter\CodeIgniter->run()
 7 SYSTEMPATH\Boot.php(67): CodeIgniter\Boot::runCodeIgniter(Object(CodeIgniter\CodeIgniter))
 8 FCPATH\index.php(56): CodeIgniter\Boot::bootWeb(Object(Config\Paths))
ERROR - 2024-07-23 23:44:01 --> Error connecting to the database: Error: Undefined constant "CodeIgniter\Database\SQLSRV\SQLSRV_ENC_CHAR" in C:\laragon\www\PROGRAMA\system\Database\SQLSRV\Connection.php:108
Stack trace:
#0 C:\laragon\www\PROGRAMA\system\Database\BaseConnection.php(421): CodeIgniter\Database\SQLSRV\Connection->connect(false)
#1 C:\laragon\www\PROGRAMA\system\Database\BaseConnection.php(616): CodeIgniter\Database\BaseConnection->initialize()
#2 C:\laragon\www\PROGRAMA\app\Controllers\Clientes.php(28): CodeIgniter\Database\BaseConnection->query('select Idclient...')
#3 C:\laragon\www\PROGRAMA\system\CodeIgniter.php(933): App\Controllers\Clientes->cliente_lista()
#4 C:\laragon\www\PROGRAMA\system\CodeIgniter.php(509): CodeIgniter\CodeIgniter->runController(Object(App\Controllers\Clientes))
#5 C:\laragon\www\PROGRAMA\system\CodeIgniter.php(355): CodeIgniter\CodeIgniter->handleRequest(NULL, Object(Config\Cache), false)
#6 C:\laragon\www\PROGRAMA\system\Boot.php(325): CodeIgniter\CodeIgniter->run()
#7 C:\laragon\www\PROGRAMA\system\Boot.php(67): CodeIgniter\Boot::runCodeIgniter(Object(CodeIgniter\CodeIgniter))
#8 C:\laragon\www\PROGRAMA\public\index.php(56): CodeIgniter\Boot::bootWeb(Object(Config\Paths))
#9 {main}
CRITICAL - 2024-07-23 23:44:01 --> CodeIgniter\Database\Exceptions\DatabaseException: Unable to connect to the database.
Main connection [SQLSRV]: Undefined constant "CodeIgniter\Database\SQLSRV\SQLSRV_ENC_CHAR"
[Method: GET, Route: clientelista]
in SYSTEMPATH\Database\BaseConnection.php on line 467.
 1 SYSTEMPATH\Database\BaseConnection.php(616): CodeIgniter\Database\BaseConnection->initialize()
 2 APPPATH\Controllers\Clientes.php(28): CodeIgniter\Database\BaseConnection->query('select Idcliente,NombreCompañía, NombreContacto, CargoContacto,
        Dirección, Ciudad,País, Teléfono from Clientes')
 3 SYSTEMPATH\CodeIgniter.php(933): App\Controllers\Clientes->cliente_lista()
 4 SYSTEMPATH\CodeIgniter.php(509): CodeIgniter\CodeIgniter->runController(Object(App\Controllers\Clientes))
 5 SYSTEMPATH\CodeIgniter.php(355): CodeIgniter\CodeIgniter->handleRequest(null, Object(Config\Cache), false)
 6 SYSTEMPATH\Boot.php(325): CodeIgniter\CodeIgniter->run()
 7 SYSTEMPATH\Boot.php(67): CodeIgniter\Boot::runCodeIgniter(Object(CodeIgniter\CodeIgniter))
 8 FCPATH\index.php(56): CodeIgniter\Boot::bootWeb(Object(Config\Paths))
ERROR - 2024-07-23 23:44:04 --> Error connecting to the database: Error: Undefined constant "CodeIgniter\Database\SQLSRV\SQLSRV_ENC_CHAR" in C:\laragon\www\PROGRAMA\system\Database\SQLSRV\Connection.php:108
Stack trace:
#0 C:\laragon\www\PROGRAMA\system\Database\BaseConnection.php(421): CodeIgniter\Database\SQLSRV\Connection->connect(false)
#1 C:\laragon\www\PROGRAMA\system\Database\BaseConnection.php(616): CodeIgniter\Database\BaseConnection->initialize()
#2 C:\laragon\www\PROGRAMA\app\Controllers\Clientes.php(28): CodeIgniter\Database\BaseConnection->query('select Idclient...')
#3 C:\laragon\www\PROGRAMA\system\CodeIgniter.php(933): App\Controllers\Clientes->cliente_lista()
#4 C:\laragon\www\PROGRAMA\system\CodeIgniter.php(509): CodeIgniter\CodeIgniter->runController(Object(App\Controllers\Clientes))
#5 C:\laragon\www\PROGRAMA\system\CodeIgniter.php(355): CodeIgniter\CodeIgniter->handleRequest(NULL, Object(Config\Cache), false)
#6 C:\laragon\www\PROGRAMA\system\Boot.php(325): CodeIgniter\CodeIgniter->run()
#7 C:\laragon\www\PROGRAMA\system\Boot.php(67): CodeIgniter\Boot::runCodeIgniter(Object(CodeIgniter\CodeIgniter))
#8 C:\laragon\www\PROGRAMA\public\index.php(56): CodeIgniter\Boot::bootWeb(Object(Config\Paths))
#9 {main}
CRITICAL - 2024-07-23 23:44:04 --> CodeIgniter\Database\Exceptions\DatabaseException: Unable to connect to the database.
Main connection [SQLSRV]: Undefined constant "CodeIgniter\Database\SQLSRV\SQLSRV_ENC_CHAR"
[Method: GET, Route: clientelista]
in SYSTEMPATH\Database\BaseConnection.php on line 467.
 1 SYSTEMPATH\Database\BaseConnection.php(616): CodeIgniter\Database\BaseConnection->initialize()
 2 APPPATH\Controllers\Clientes.php(28): CodeIgniter\Database\BaseConnection->query('select Idcliente,NombreCompañía, NombreContacto, CargoContacto,
        Dirección, Ciudad,País, Teléfono from Clientes')
 3 SYSTEMPATH\CodeIgniter.php(933): App\Controllers\Clientes->cliente_lista()
 4 SYSTEMPATH\CodeIgniter.php(509): CodeIgniter\CodeIgniter->runController(Object(App\Controllers\Clientes))
 5 SYSTEMPATH\CodeIgniter.php(355): CodeIgniter\CodeIgniter->handleRequest(null, Object(Config\Cache), false)
 6 SYSTEMPATH\Boot.php(325): CodeIgniter\CodeIgniter->run()
 7 SYSTEMPATH\Boot.php(67): CodeIgniter\Boot::runCodeIgniter(Object(CodeIgniter\CodeIgniter))
 8 FCPATH\index.php(56): CodeIgniter\Boot::bootWeb(Object(Config\Paths))
ERROR - 2024-07-23 23:44:05 --> Error connecting to the database: Error: Undefined constant "CodeIgniter\Database\SQLSRV\SQLSRV_ENC_CHAR" in C:\laragon\www\PROGRAMA\system\Database\SQLSRV\Connection.php:108
Stack trace:
#0 C:\laragon\www\PROGRAMA\system\Database\BaseConnection.php(421): CodeIgniter\Database\SQLSRV\Connection->connect(false)
#1 C:\laragon\www\PROGRAMA\system\Database\BaseConnection.php(616): CodeIgniter\Database\BaseConnection->initialize()
#2 C:\laragon\www\PROGRAMA\app\Controllers\Clientes.php(28): CodeIgniter\Database\BaseConnection->query('select Idclient...')
#3 C:\laragon\www\PROGRAMA\system\CodeIgniter.php(933): App\Controllers\Clientes->cliente_lista()
#4 C:\laragon\www\PROGRAMA\system\CodeIgniter.php(509): CodeIgniter\CodeIgniter->runController(Object(App\Controllers\Clientes))
#5 C:\laragon\www\PROGRAMA\system\CodeIgniter.php(355): CodeIgniter\CodeIgniter->handleRequest(NULL, Object(Config\Cache), false)
#6 C:\laragon\www\PROGRAMA\system\Boot.php(325): CodeIgniter\CodeIgniter->run()
#7 C:\laragon\www\PROGRAMA\system\Boot.php(67): CodeIgniter\Boot::runCodeIgniter(Object(CodeIgniter\CodeIgniter))
#8 C:\laragon\www\PROGRAMA\public\index.php(56): CodeIgniter\Boot::bootWeb(Object(Config\Paths))
#9 {main}
CRITICAL - 2024-07-23 23:44:05 --> CodeIgniter\Database\Exceptions\DatabaseException: Unable to connect to the database.
Main connection [SQLSRV]: Undefined constant "CodeIgniter\Database\SQLSRV\SQLSRV_ENC_CHAR"
[Method: GET, Route: clientelista]
in SYSTEMPATH\Database\BaseConnection.php on line 467.
 1 SYSTEMPATH\Database\BaseConnection.php(616): CodeIgniter\Database\BaseConnection->initialize()
 2 APPPATH\Controllers\Clientes.php(28): CodeIgniter\Database\BaseConnection->query('select Idcliente,NombreCompañía, NombreContacto, CargoContacto,
        Dirección, Ciudad,País, Teléfono from Clientes')
 3 SYSTEMPATH\CodeIgniter.php(933): App\Controllers\Clientes->cliente_lista()
 4 SYSTEMPATH\CodeIgniter.php(509): CodeIgniter\CodeIgniter->runController(Object(App\Controllers\Clientes))
 5 SYSTEMPATH\CodeIgniter.php(355): CodeIgniter\CodeIgniter->handleRequest(null, Object(Config\Cache), false)
 6 SYSTEMPATH\Boot.php(325): CodeIgniter\CodeIgniter->run()
 7 SYSTEMPATH\Boot.php(67): CodeIgniter\Boot::runCodeIgniter(Object(CodeIgniter\CodeIgniter))
 8 FCPATH\index.php(56): CodeIgniter\Boot::bootWeb(Object(Config\Paths))
ERROR - 2024-07-23 23:44:05 --> Error connecting to the database: Error: Undefined constant "CodeIgniter\Database\SQLSRV\SQLSRV_ENC_CHAR" in C:\laragon\www\PROGRAMA\system\Database\SQLSRV\Connection.php:108
Stack trace:
#0 C:\laragon\www\PROGRAMA\system\Database\BaseConnection.php(421): CodeIgniter\Database\SQLSRV\Connection->connect(false)
#1 C:\laragon\www\PROGRAMA\system\Database\BaseConnection.php(616): CodeIgniter\Database\BaseConnection->initialize()
#2 C:\laragon\www\PROGRAMA\app\Controllers\Clientes.php(28): CodeIgniter\Database\BaseConnection->query('select Idclient...')
#3 C:\laragon\www\PROGRAMA\system\CodeIgniter.php(933): App\Controllers\Clientes->cliente_lista()
#4 C:\laragon\www\PROGRAMA\system\CodeIgniter.php(509): CodeIgniter\CodeIgniter->runController(Object(App\Controllers\Clientes))
#5 C:\laragon\www\PROGRAMA\system\CodeIgniter.php(355): CodeIgniter\CodeIgniter->handleRequest(NULL, Object(Config\Cache), false)
#6 C:\laragon\www\PROGRAMA\system\Boot.php(325): CodeIgniter\CodeIgniter->run()
#7 C:\laragon\www\PROGRAMA\system\Boot.php(67): CodeIgniter\Boot::runCodeIgniter(Object(CodeIgniter\CodeIgniter))
#8 C:\laragon\www\PROGRAMA\public\index.php(56): CodeIgniter\Boot::bootWeb(Object(Config\Paths))
#9 {main}
CRITICAL - 2024-07-23 23:44:05 --> CodeIgniter\Database\Exceptions\DatabaseException: Unable to connect to the database.
Main connection [SQLSRV]: Undefined constant "CodeIgniter\Database\SQLSRV\SQLSRV_ENC_CHAR"
[Method: GET, Route: clientelista]
in SYSTEMPATH\Database\BaseConnection.php on line 467.
 1 SYSTEMPATH\Database\BaseConnection.php(616): CodeIgniter\Database\BaseConnection->initialize()
 2 APPPATH\Controllers\Clientes.php(28): CodeIgniter\Database\BaseConnection->query('select Idcliente,NombreCompañía, NombreContacto, CargoContacto,
        Dirección, Ciudad,País, Teléfono from Clientes')
 3 SYSTEMPATH\CodeIgniter.php(933): App\Controllers\Clientes->cliente_lista()
 4 SYSTEMPATH\CodeIgniter.php(509): CodeIgniter\CodeIgniter->runController(Object(App\Controllers\Clientes))
 5 SYSTEMPATH\CodeIgniter.php(355): CodeIgniter\CodeIgniter->handleRequest(null, Object(Config\Cache), false)
 6 SYSTEMPATH\Boot.php(325): CodeIgniter\CodeIgniter->run()
 7 SYSTEMPATH\Boot.php(67): CodeIgniter\Boot::runCodeIgniter(Object(CodeIgniter\CodeIgniter))
 8 FCPATH\index.php(56): CodeIgniter\Boot::bootWeb(Object(Config\Paths))
ERROR - 2024-07-23 23:44:06 --> Error connecting to the database: Error: Undefined constant "CodeIgniter\Database\SQLSRV\SQLSRV_ENC_CHAR" in C:\laragon\www\PROGRAMA\system\Database\SQLSRV\Connection.php:108
Stack trace:
#0 C:\laragon\www\PROGRAMA\system\Database\BaseConnection.php(421): CodeIgniter\Database\SQLSRV\Connection->connect(false)
#1 C:\laragon\www\PROGRAMA\system\Database\BaseConnection.php(616): CodeIgniter\Database\BaseConnection->initialize()
#2 C:\laragon\www\PROGRAMA\app\Controllers\Clientes.php(28): CodeIgniter\Database\BaseConnection->query('select Idclient...')
#3 C:\laragon\www\PROGRAMA\system\CodeIgniter.php(933): App\Controllers\Clientes->cliente_lista()
#4 C:\laragon\www\PROGRAMA\system\CodeIgniter.php(509): CodeIgniter\CodeIgniter->runController(Object(App\Controllers\Clientes))
#5 C:\laragon\www\PROGRAMA\system\CodeIgniter.php(355): CodeIgniter\CodeIgniter->handleRequest(NULL, Object(Config\Cache), false)
#6 C:\laragon\www\PROGRAMA\system\Boot.php(325): CodeIgniter\CodeIgniter->run()
#7 C:\laragon\www\PROGRAMA\system\Boot.php(67): CodeIgniter\Boot::runCodeIgniter(Object(CodeIgniter\CodeIgniter))
#8 C:\laragon\www\PROGRAMA\public\index.php(56): CodeIgniter\Boot::bootWeb(Object(Config\Paths))
#9 {main}
CRITICAL - 2024-07-23 23:44:06 --> CodeIgniter\Database\Exceptions\DatabaseException: Unable to connect to the database.
Main connection [SQLSRV]: Undefined constant "CodeIgniter\Database\SQLSRV\SQLSRV_ENC_CHAR"
[Method: GET, Route: clientelista]
in SYSTEMPATH\Database\BaseConnection.php on line 467.
 1 SYSTEMPATH\Database\BaseConnection.php(616): CodeIgniter\Database\BaseConnection->initialize()
 2 APPPATH\Controllers\Clientes.php(28): CodeIgniter\Database\BaseConnection->query('select Idcliente,NombreCompañía, NombreContacto, CargoContacto,
        Dirección, Ciudad,País, Teléfono from Clientes')
 3 SYSTEMPATH\CodeIgniter.php(933): App\Controllers\Clientes->cliente_lista()
 4 SYSTEMPATH\CodeIgniter.php(509): CodeIgniter\CodeIgniter->runController(Object(App\Controllers\Clientes))
 5 SYSTEMPATH\CodeIgniter.php(355): CodeIgniter\CodeIgniter->handleRequest(null, Object(Config\Cache), false)
 6 SYSTEMPATH\Boot.php(325): CodeIgniter\CodeIgniter->run()
 7 SYSTEMPATH\Boot.php(67): CodeIgniter\Boot::runCodeIgniter(Object(CodeIgniter\CodeIgniter))
 8 FCPATH\index.php(56): CodeIgniter\Boot::bootWeb(Object(Config\Paths))
ERROR - 2024-07-23 23:44:06 --> Error connecting to the database: Error: Undefined constant "CodeIgniter\Database\SQLSRV\SQLSRV_ENC_CHAR" in C:\laragon\www\PROGRAMA\system\Database\SQLSRV\Connection.php:108
Stack trace:
#0 C:\laragon\www\PROGRAMA\system\Database\BaseConnection.php(421): CodeIgniter\Database\SQLSRV\Connection->connect(false)
#1 C:\laragon\www\PROGRAMA\system\Database\BaseConnection.php(616): CodeIgniter\Database\BaseConnection->initialize()
#2 C:\laragon\www\PROGRAMA\app\Controllers\Clientes.php(28): CodeIgniter\Database\BaseConnection->query('select Idclient...')
#3 C:\laragon\www\PROGRAMA\system\CodeIgniter.php(933): App\Controllers\Clientes->cliente_lista()
#4 C:\laragon\www\PROGRAMA\system\CodeIgniter.php(509): CodeIgniter\CodeIgniter->runController(Object(App\Controllers\Clientes))
#5 C:\laragon\www\PROGRAMA\system\CodeIgniter.php(355): CodeIgniter\CodeIgniter->handleRequest(NULL, Object(Config\Cache), false)
#6 C:\laragon\www\PROGRAMA\system\Boot.php(325): CodeIgniter\CodeIgniter->run()
#7 C:\laragon\www\PROGRAMA\system\Boot.php(67): CodeIgniter\Boot::runCodeIgniter(Object(CodeIgniter\CodeIgniter))
#8 C:\laragon\www\PROGRAMA\public\index.php(56): CodeIgniter\Boot::bootWeb(Object(Config\Paths))
#9 {main}
CRITICAL - 2024-07-23 23:44:06 --> CodeIgniter\Database\Exceptions\DatabaseException: Unable to connect to the database.
Main connection [SQLSRV]: Undefined constant "CodeIgniter\Database\SQLSRV\SQLSRV_ENC_CHAR"
[Method: GET, Route: clientelista]
in SYSTEMPATH\Database\BaseConnection.php on line 467.
 1 SYSTEMPATH\Database\BaseConnection.php(616): CodeIgniter\Database\BaseConnection->initialize()
 2 APPPATH\Controllers\Clientes.php(28): CodeIgniter\Database\BaseConnection->query('select Idcliente,NombreCompañía, NombreContacto, CargoContacto,
        Dirección, Ciudad,País, Teléfono from Clientes')
 3 SYSTEMPATH\CodeIgniter.php(933): App\Controllers\Clientes->cliente_lista()
 4 SYSTEMPATH\CodeIgniter.php(509): CodeIgniter\CodeIgniter->runController(Object(App\Controllers\Clientes))
 5 SYSTEMPATH\CodeIgniter.php(355): CodeIgniter\CodeIgniter->handleRequest(null, Object(Config\Cache), false)
 6 SYSTEMPATH\Boot.php(325): CodeIgniter\CodeIgniter->run()
 7 SYSTEMPATH\Boot.php(67): CodeIgniter\Boot::runCodeIgniter(Object(CodeIgniter\CodeIgniter))
 8 FCPATH\index.php(56): CodeIgniter\Boot::bootWeb(Object(Config\Paths))
ERROR - 2024-07-23 23:44:06 --> Error connecting to the database: Error: Undefined constant "CodeIgniter\Database\SQLSRV\SQLSRV_ENC_CHAR" in C:\laragon\www\PROGRAMA\system\Database\SQLSRV\Connection.php:108
Stack trace:
#0 C:\laragon\www\PROGRAMA\system\Database\BaseConnection.php(421): CodeIgniter\Database\SQLSRV\Connection->connect(false)
#1 C:\laragon\www\PROGRAMA\system\Database\BaseConnection.php(616): CodeIgniter\Database\BaseConnection->initialize()
#2 C:\laragon\www\PROGRAMA\app\Controllers\Clientes.php(28): CodeIgniter\Database\BaseConnection->query('select Idclient...')
#3 C:\laragon\www\PROGRAMA\system\CodeIgniter.php(933): App\Controllers\Clientes->cliente_lista()
#4 C:\laragon\www\PROGRAMA\system\CodeIgniter.php(509): CodeIgniter\CodeIgniter->runController(Object(App\Controllers\Clientes))
#5 C:\laragon\www\PROGRAMA\system\CodeIgniter.php(355): CodeIgniter\CodeIgniter->handleRequest(NULL, Object(Config\Cache), false)
#6 C:\laragon\www\PROGRAMA\system\Boot.php(325): CodeIgniter\CodeIgniter->run()
#7 C:\laragon\www\PROGRAMA\system\Boot.php(67): CodeIgniter\Boot::runCodeIgniter(Object(CodeIgniter\CodeIgniter))
#8 C:\laragon\www\PROGRAMA\public\index.php(56): CodeIgniter\Boot::bootWeb(Object(Config\Paths))
#9 {main}
CRITICAL - 2024-07-23 23:44:06 --> CodeIgniter\Database\Exceptions\DatabaseException: Unable to connect to the database.
Main connection [SQLSRV]: Undefined constant "CodeIgniter\Database\SQLSRV\SQLSRV_ENC_CHAR"
[Method: GET, Route: clientelista]
in SYSTEMPATH\Database\BaseConnection.php on line 467.
 1 SYSTEMPATH\Database\BaseConnection.php(616): CodeIgniter\Database\BaseConnection->initialize()
 2 APPPATH\Controllers\Clientes.php(28): CodeIgniter\Database\BaseConnection->query('select Idcliente,NombreCompañía, NombreContacto, CargoContacto,
        Dirección, Ciudad,País, Teléfono from Clientes')
 3 SYSTEMPATH\CodeIgniter.php(933): App\Controllers\Clientes->cliente_lista()
 4 SYSTEMPATH\CodeIgniter.php(509): CodeIgniter\CodeIgniter->runController(Object(App\Controllers\Clientes))
 5 SYSTEMPATH\CodeIgniter.php(355): CodeIgniter\CodeIgniter->handleRequest(null, Object(Config\Cache), false)
 6 SYSTEMPATH\Boot.php(325): CodeIgniter\CodeIgniter->run()
 7 SYSTEMPATH\Boot.php(67): CodeIgniter\Boot::runCodeIgniter(Object(CodeIgniter\CodeIgniter))
 8 FCPATH\index.php(56): CodeIgniter\Boot::bootWeb(Object(Config\Paths))
ERROR - 2024-07-23 23:44:06 --> Error connecting to the database: Error: Undefined constant "CodeIgniter\Database\SQLSRV\SQLSRV_ENC_CHAR" in C:\laragon\www\PROGRAMA\system\Database\SQLSRV\Connection.php:108
Stack trace:
#0 C:\laragon\www\PROGRAMA\system\Database\BaseConnection.php(421): CodeIgniter\Database\SQLSRV\Connection->connect(false)
#1 C:\laragon\www\PROGRAMA\system\Database\BaseConnection.php(616): CodeIgniter\Database\BaseConnection->initialize()
#2 C:\laragon\www\PROGRAMA\app\Controllers\Clientes.php(28): CodeIgniter\Database\BaseConnection->query('select Idclient...')
#3 C:\laragon\www\PROGRAMA\system\CodeIgniter.php(933): App\Controllers\Clientes->cliente_lista()
#4 C:\laragon\www\PROGRAMA\system\CodeIgniter.php(509): CodeIgniter\CodeIgniter->runController(Object(App\Controllers\Clientes))
#5 C:\laragon\www\PROGRAMA\system\CodeIgniter.php(355): CodeIgniter\CodeIgniter->handleRequest(NULL, Object(Config\Cache), false)
#6 C:\laragon\www\PROGRAMA\system\Boot.php(325): CodeIgniter\CodeIgniter->run()
#7 C:\laragon\www\PROGRAMA\system\Boot.php(67): CodeIgniter\Boot::runCodeIgniter(Object(CodeIgniter\CodeIgniter))
#8 C:\laragon\www\PROGRAMA\public\index.php(56): CodeIgniter\Boot::bootWeb(Object(Config\Paths))
#9 {main}
CRITICAL - 2024-07-23 23:44:06 --> CodeIgniter\Database\Exceptions\DatabaseException: Unable to connect to the database.
Main connection [SQLSRV]: Undefined constant "CodeIgniter\Database\SQLSRV\SQLSRV_ENC_CHAR"
[Method: GET, Route: clientelista]
in SYSTEMPATH\Database\BaseConnection.php on line 467.
 1 SYSTEMPATH\Database\BaseConnection.php(616): CodeIgniter\Database\BaseConnection->initialize()
 2 APPPATH\Controllers\Clientes.php(28): CodeIgniter\Database\BaseConnection->query('select Idcliente,NombreCompañía, NombreContacto, CargoContacto,
        Dirección, Ciudad,País, Teléfono from Clientes')
 3 SYSTEMPATH\CodeIgniter.php(933): App\Controllers\Clientes->cliente_lista()
 4 SYSTEMPATH\CodeIgniter.php(509): CodeIgniter\CodeIgniter->runController(Object(App\Controllers\Clientes))
 5 SYSTEMPATH\CodeIgniter.php(355): CodeIgniter\CodeIgniter->handleRequest(null, Object(Config\Cache), false)
 6 SYSTEMPATH\Boot.php(325): CodeIgniter\CodeIgniter->run()
 7 SYSTEMPATH\Boot.php(67): CodeIgniter\Boot::runCodeIgniter(Object(CodeIgniter\CodeIgniter))
 8 FCPATH\index.php(56): CodeIgniter\Boot::bootWeb(Object(Config\Paths))
ERROR - 2024-07-23 23:44:08 --> Error connecting to the database: Error: Undefined constant "CodeIgniter\Database\SQLSRV\SQLSRV_ENC_CHAR" in C:\laragon\www\PROGRAMA\system\Database\SQLSRV\Connection.php:108
Stack trace:
#0 C:\laragon\www\PROGRAMA\system\Database\BaseConnection.php(421): CodeIgniter\Database\SQLSRV\Connection->connect(false)
#1 C:\laragon\www\PROGRAMA\system\Database\BaseConnection.php(616): CodeIgniter\Database\BaseConnection->initialize()
#2 C:\laragon\www\PROGRAMA\app\Controllers\Clientes.php(28): CodeIgniter\Database\BaseConnection->query('select Idclient...')
#3 C:\laragon\www\PROGRAMA\system\CodeIgniter.php(933): App\Controllers\Clientes->cliente_lista()
#4 C:\laragon\www\PROGRAMA\system\CodeIgniter.php(509): CodeIgniter\CodeIgniter->runController(Object(App\Controllers\Clientes))
#5 C:\laragon\www\PROGRAMA\system\CodeIgniter.php(355): CodeIgniter\CodeIgniter->handleRequest(NULL, Object(Config\Cache), false)
#6 C:\laragon\www\PROGRAMA\system\Boot.php(325): CodeIgniter\CodeIgniter->run()
#7 C:\laragon\www\PROGRAMA\system\Boot.php(67): CodeIgniter\Boot::runCodeIgniter(Object(CodeIgniter\CodeIgniter))
#8 C:\laragon\www\PROGRAMA\public\index.php(56): CodeIgniter\Boot::bootWeb(Object(Config\Paths))
#9 {main}
CRITICAL - 2024-07-23 23:44:08 --> CodeIgniter\Database\Exceptions\DatabaseException: Unable to connect to the database.
Main connection [SQLSRV]: Undefined constant "CodeIgniter\Database\SQLSRV\SQLSRV_ENC_CHAR"
[Method: GET, Route: clientelista]
in SYSTEMPATH\Database\BaseConnection.php on line 467.
 1 SYSTEMPATH\Database\BaseConnection.php(616): CodeIgniter\Database\BaseConnection->initialize()
 2 APPPATH\Controllers\Clientes.php(28): CodeIgniter\Database\BaseConnection->query('select Idcliente,NombreCompañía, NombreContacto, CargoContacto,
        Dirección, Ciudad,País, Teléfono from Clientes')
 3 SYSTEMPATH\CodeIgniter.php(933): App\Controllers\Clientes->cliente_lista()
 4 SYSTEMPATH\CodeIgniter.php(509): CodeIgniter\CodeIgniter->runController(Object(App\Controllers\Clientes))
 5 SYSTEMPATH\CodeIgniter.php(355): CodeIgniter\CodeIgniter->handleRequest(null, Object(Config\Cache), false)
 6 SYSTEMPATH\Boot.php(325): CodeIgniter\CodeIgniter->run()
 7 SYSTEMPATH\Boot.php(67): CodeIgniter\Boot::runCodeIgniter(Object(CodeIgniter\CodeIgniter))
 8 FCPATH\index.php(56): CodeIgniter\Boot::bootWeb(Object(Config\Paths))
ERROR - 2024-07-23 23:45:46 --> Error connecting to the database: Error: Undefined constant "CodeIgniter\Database\SQLSRV\SQLSRV_ENC_CHAR" in C:\laragon\www\PROGRAMA\system\Database\SQLSRV\Connection.php:108
Stack trace:
#0 C:\laragon\www\PROGRAMA\system\Database\BaseConnection.php(421): CodeIgniter\Database\SQLSRV\Connection->connect(false)
#1 C:\laragon\www\PROGRAMA\system\Database\BaseConnection.php(616): CodeIgniter\Database\BaseConnection->initialize()
#2 C:\laragon\www\PROGRAMA\app\Controllers\Clientes.php(28): CodeIgniter\Database\BaseConnection->query('SELECT Idclient...')
#3 C:\laragon\www\PROGRAMA\system\CodeIgniter.php(933): App\Controllers\Clientes->cliente_lista()
#4 C:\laragon\www\PROGRAMA\system\CodeIgniter.php(509): CodeIgniter\CodeIgniter->runController(Object(App\Controllers\Clientes))
#5 C:\laragon\www\PROGRAMA\system\CodeIgniter.php(355): CodeIgniter\CodeIgniter->handleRequest(NULL, Object(Config\Cache), false)
#6 C:\laragon\www\PROGRAMA\system\Boot.php(325): CodeIgniter\CodeIgniter->run()
#7 C:\laragon\www\PROGRAMA\system\Boot.php(67): CodeIgniter\Boot::runCodeIgniter(Object(CodeIgniter\CodeIgniter))
#8 C:\laragon\www\PROGRAMA\public\index.php(56): CodeIgniter\Boot::bootWeb(Object(Config\Paths))
#9 {main}
CRITICAL - 2024-07-23 23:45:46 --> CodeIgniter\Database\Exceptions\DatabaseException: Unable to connect to the database.
Main connection [SQLSRV]: Undefined constant "CodeIgniter\Database\SQLSRV\SQLSRV_ENC_CHAR"
[Method: GET, Route: clientelista]
in SYSTEMPATH\Database\BaseConnection.php on line 467.
 1 SYSTEMPATH\Database\BaseConnection.php(616): CodeIgniter\Database\BaseConnection->initialize()
 2 APPPATH\Controllers\Clientes.php(28): CodeIgniter\Database\BaseConnection->query('SELECT Idcliente,NombreCompañía, NombreContacto, CargoContacto,
        Dirección, Ciudad,País, Teléfono FROM Clientes')
 3 SYSTEMPATH\CodeIgniter.php(933): App\Controllers\Clientes->cliente_lista()
 4 SYSTEMPATH\CodeIgniter.php(509): CodeIgniter\CodeIgniter->runController(Object(App\Controllers\Clientes))
 5 SYSTEMPATH\CodeIgniter.php(355): CodeIgniter\CodeIgniter->handleRequest(null, Object(Config\Cache), false)
 6 SYSTEMPATH\Boot.php(325): CodeIgniter\CodeIgniter->run()
 7 SYSTEMPATH\Boot.php(67): CodeIgniter\Boot::runCodeIgniter(Object(CodeIgniter\CodeIgniter))
 8 FCPATH\index.php(56): CodeIgniter\Boot::bootWeb(Object(Config\Paths))
ERROR - 2024-07-23 23:45:49 --> Error connecting to the database: Error: Undefined constant "CodeIgniter\Database\SQLSRV\SQLSRV_ENC_CHAR" in C:\laragon\www\PROGRAMA\system\Database\SQLSRV\Connection.php:108
Stack trace:
#0 C:\laragon\www\PROGRAMA\system\Database\BaseConnection.php(421): CodeIgniter\Database\SQLSRV\Connection->connect(false)
#1 C:\laragon\www\PROGRAMA\system\Database\BaseConnection.php(616): CodeIgniter\Database\BaseConnection->initialize()
#2 C:\laragon\www\PROGRAMA\app\Controllers\Clientes.php(28): CodeIgniter\Database\BaseConnection->query('SELECT Idclient...')
#3 C:\laragon\www\PROGRAMA\system\CodeIgniter.php(933): App\Controllers\Clientes->cliente_lista()
#4 C:\laragon\www\PROGRAMA\system\CodeIgniter.php(509): CodeIgniter\CodeIgniter->runController(Object(App\Controllers\Clientes))
#5 C:\laragon\www\PROGRAMA\system\CodeIgniter.php(355): CodeIgniter\CodeIgniter->handleRequest(NULL, Object(Config\Cache), false)
#6 C:\laragon\www\PROGRAMA\system\Boot.php(325): CodeIgniter\CodeIgniter->run()
#7 C:\laragon\www\PROGRAMA\system\Boot.php(67): CodeIgniter\Boot::runCodeIgniter(Object(CodeIgniter\CodeIgniter))
#8 C:\laragon\www\PROGRAMA\public\index.php(56): CodeIgniter\Boot::bootWeb(Object(Config\Paths))
#9 {main}
CRITICAL - 2024-07-23 23:45:49 --> CodeIgniter\Database\Exceptions\DatabaseException: Unable to connect to the database.
Main connection [SQLSRV]: Undefined constant "CodeIgniter\Database\SQLSRV\SQLSRV_ENC_CHAR"
[Method: GET, Route: clientelista]
in SYSTEMPATH\Database\BaseConnection.php on line 467.
 1 SYSTEMPATH\Database\BaseConnection.php(616): CodeIgniter\Database\BaseConnection->initialize()
 2 APPPATH\Controllers\Clientes.php(28): CodeIgniter\Database\BaseConnection->query('SELECT Idcliente,NombreCompañía, NombreContacto, CargoContacto,
        Dirección, Ciudad,País, Teléfono FROM Clientes')
 3 SYSTEMPATH\CodeIgniter.php(933): App\Controllers\Clientes->cliente_lista()
 4 SYSTEMPATH\CodeIgniter.php(509): CodeIgniter\CodeIgniter->runController(Object(App\Controllers\Clientes))
 5 SYSTEMPATH\CodeIgniter.php(355): CodeIgniter\CodeIgniter->handleRequest(null, Object(Config\Cache), false)
 6 SYSTEMPATH\Boot.php(325): CodeIgniter\CodeIgniter->run()
 7 SYSTEMPATH\Boot.php(67): CodeIgniter\Boot::runCodeIgniter(Object(CodeIgniter\CodeIgniter))
 8 FCPATH\index.php(56): CodeIgniter\Boot::bootWeb(Object(Config\Paths))
ERROR - 2024-07-23 23:45:58 --> Error connecting to the database: Error: Undefined constant "CodeIgniter\Database\SQLSRV\SQLSRV_ENC_CHAR" in C:\laragon\www\PROGRAMA\system\Database\SQLSRV\Connection.php:108
Stack trace:
#0 C:\laragon\www\PROGRAMA\system\Database\BaseConnection.php(421): CodeIgniter\Database\SQLSRV\Connection->connect(false)
#1 C:\laragon\www\PROGRAMA\system\Database\BaseConnection.php(616): CodeIgniter\Database\BaseConnection->initialize()
#2 C:\laragon\www\PROGRAMA\app\Controllers\Clientes.php(28): CodeIgniter\Database\BaseConnection->query('SELECT Idclient...')
#3 C:\laragon\www\PROGRAMA\system\CodeIgniter.php(933): App\Controllers\Clientes->cliente_lista()
#4 C:\laragon\www\PROGRAMA\system\CodeIgniter.php(509): CodeIgniter\CodeIgniter->runController(Object(App\Controllers\Clientes))
#5 C:\laragon\www\PROGRAMA\system\CodeIgniter.php(355): CodeIgniter\CodeIgniter->handleRequest(NULL, Object(Config\Cache), false)
#6 C:\laragon\www\PROGRAMA\system\Boot.php(325): CodeIgniter\CodeIgniter->run()
#7 C:\laragon\www\PROGRAMA\system\Boot.php(67): CodeIgniter\Boot::runCodeIgniter(Object(CodeIgniter\CodeIgniter))
#8 C:\laragon\www\PROGRAMA\public\index.php(56): CodeIgniter\Boot::bootWeb(Object(Config\Paths))
#9 {main}
CRITICAL - 2024-07-23 23:45:58 --> CodeIgniter\Database\Exceptions\DatabaseException: Unable to connect to the database.
Main connection [SQLSRV]: Undefined constant "CodeIgniter\Database\SQLSRV\SQLSRV_ENC_CHAR"
[Method: GET, Route: clientelista]
in SYSTEMPATH\Database\BaseConnection.php on line 467.
 1 SYSTEMPATH\Database\BaseConnection.php(616): CodeIgniter\Database\BaseConnection->initialize()
 2 APPPATH\Controllers\Clientes.php(28): CodeIgniter\Database\BaseConnection->query('SELECT Idcliente,NombreCompañía, NombreContacto, CargoContacto,
        Dirección, Ciudad,País, Teléfono FROM Clientes')
 3 SYSTEMPATH\CodeIgniter.php(933): App\Controllers\Clientes->cliente_lista()
 4 SYSTEMPATH\CodeIgniter.php(509): CodeIgniter\CodeIgniter->runController(Object(App\Controllers\Clientes))
 5 SYSTEMPATH\CodeIgniter.php(355): CodeIgniter\CodeIgniter->handleRequest(null, Object(Config\Cache), false)
 6 SYSTEMPATH\Boot.php(325): CodeIgniter\CodeIgniter->run()
 7 SYSTEMPATH\Boot.php(67): CodeIgniter\Boot::runCodeIgniter(Object(CodeIgniter\CodeIgniter))
 8 FCPATH\index.php(56): CodeIgniter\Boot::bootWeb(Object(Config\Paths))
ERROR - 2024-07-23 23:49:46 --> Error connecting to the database: Error: Undefined constant "CodeIgniter\Database\SQLSRV\SQLSRV_ENC_CHAR" in C:\laragon\www\PROGRAMA\system\Database\SQLSRV\Connection.php:108
Stack trace:
#0 C:\laragon\www\PROGRAMA\system\Database\BaseConnection.php(421): CodeIgniter\Database\SQLSRV\Connection->connect(false)
#1 C:\laragon\www\PROGRAMA\system\Database\BaseConnection.php(616): CodeIgniter\Database\BaseConnection->initialize()
#2 C:\laragon\www\PROGRAMA\app\Controllers\Clientes.php(28): CodeIgniter\Database\BaseConnection->query('SELECT Idclient...')
#3 C:\laragon\www\PROGRAMA\system\CodeIgniter.php(933): App\Controllers\Clientes->cliente_lista()
#4 C:\laragon\www\PROGRAMA\system\CodeIgniter.php(509): CodeIgniter\CodeIgniter->runController(Object(App\Controllers\Clientes))
#5 C:\laragon\www\PROGRAMA\system\CodeIgniter.php(355): CodeIgniter\CodeIgniter->handleRequest(NULL, Object(Config\Cache), false)
#6 C:\laragon\www\PROGRAMA\system\Boot.php(325): CodeIgniter\CodeIgniter->run()
#7 C:\laragon\www\PROGRAMA\system\Boot.php(67): CodeIgniter\Boot::runCodeIgniter(Object(CodeIgniter\CodeIgniter))
#8 C:\laragon\www\PROGRAMA\public\index.php(56): CodeIgniter\Boot::bootWeb(Object(Config\Paths))
#9 {main}
CRITICAL - 2024-07-23 23:49:46 --> CodeIgniter\Database\Exceptions\DatabaseException: Unable to connect to the database.
Main connection [SQLSRV]: Undefined constant "CodeIgniter\Database\SQLSRV\SQLSRV_ENC_CHAR"
[Method: GET, Route: clientelista]
in SYSTEMPATH\Database\BaseConnection.php on line 467.
 1 SYSTEMPATH\Database\BaseConnection.php(616): CodeIgniter\Database\BaseConnection->initialize()
 2 APPPATH\Controllers\Clientes.php(28): CodeIgniter\Database\BaseConnection->query('SELECT Idcliente,NombreCompañía, NombreContacto, CargoContacto,
        Dirección, Ciudad,País, Teléfono FROM Clientes')
 3 SYSTEMPATH\CodeIgniter.php(933): App\Controllers\Clientes->cliente_lista()
 4 SYSTEMPATH\CodeIgniter.php(509): CodeIgniter\CodeIgniter->runController(Object(App\Controllers\Clientes))
 5 SYSTEMPATH\CodeIgniter.php(355): CodeIgniter\CodeIgniter->handleRequest(null, Object(Config\Cache), false)
 6 SYSTEMPATH\Boot.php(325): CodeIgniter\CodeIgniter->run()
 7 SYSTEMPATH\Boot.php(67): CodeIgniter\Boot::runCodeIgniter(Object(CodeIgniter\CodeIgniter))
 8 FCPATH\index.php(56): CodeIgniter\Boot::bootWeb(Object(Config\Paths))
ERROR - 2024-07-23 23:49:51 --> Error connecting to the database: Error: Undefined constant "CodeIgniter\Database\SQLSRV\SQLSRV_ENC_CHAR" in C:\laragon\www\PROGRAMA\system\Database\SQLSRV\Connection.php:108
Stack trace:
#0 C:\laragon\www\PROGRAMA\system\Database\BaseConnection.php(421): CodeIgniter\Database\SQLSRV\Connection->connect(false)
#1 C:\laragon\www\PROGRAMA\system\Database\BaseConnection.php(616): CodeIgniter\Database\BaseConnection->initialize()
#2 C:\laragon\www\PROGRAMA\app\Controllers\Clientes.php(28): CodeIgniter\Database\BaseConnection->query('SELECT Idclient...')
#3 C:\laragon\www\PROGRAMA\system\CodeIgniter.php(933): App\Controllers\Clientes->cliente_lista()
#4 C:\laragon\www\PROGRAMA\system\CodeIgniter.php(509): CodeIgniter\CodeIgniter->runController(Object(App\Controllers\Clientes))
#5 C:\laragon\www\PROGRAMA\system\CodeIgniter.php(355): CodeIgniter\CodeIgniter->handleRequest(NULL, Object(Config\Cache), false)
#6 C:\laragon\www\PROGRAMA\system\Boot.php(325): CodeIgniter\CodeIgniter->run()
#7 C:\laragon\www\PROGRAMA\system\Boot.php(67): CodeIgniter\Boot::runCodeIgniter(Object(CodeIgniter\CodeIgniter))
#8 C:\laragon\www\PROGRAMA\public\index.php(56): CodeIgniter\Boot::bootWeb(Object(Config\Paths))
#9 {main}
CRITICAL - 2024-07-23 23:49:51 --> CodeIgniter\Database\Exceptions\DatabaseException: Unable to connect to the database.
Main connection [SQLSRV]: Undefined constant "CodeIgniter\Database\SQLSRV\SQLSRV_ENC_CHAR"
[Method: GET, Route: clientelista]
in SYSTEMPATH\Database\BaseConnection.php on line 467.
 1 SYSTEMPATH\Database\BaseConnection.php(616): CodeIgniter\Database\BaseConnection->initialize()
 2 APPPATH\Controllers\Clientes.php(28): CodeIgniter\Database\BaseConnection->query('SELECT Idcliente,NombreCompañía, NombreContacto, CargoContacto,
        Dirección, Ciudad,País, Teléfono FROM Clientes')
 3 SYSTEMPATH\CodeIgniter.php(933): App\Controllers\Clientes->cliente_lista()
 4 SYSTEMPATH\CodeIgniter.php(509): CodeIgniter\CodeIgniter->runController(Object(App\Controllers\Clientes))
 5 SYSTEMPATH\CodeIgniter.php(355): CodeIgniter\CodeIgniter->handleRequest(null, Object(Config\Cache), false)
 6 SYSTEMPATH\Boot.php(325): CodeIgniter\CodeIgniter->run()
 7 SYSTEMPATH\Boot.php(67): CodeIgniter\Boot::runCodeIgniter(Object(CodeIgniter\CodeIgniter))
 8 FCPATH\index.php(56): CodeIgniter\Boot::bootWeb(Object(Config\Paths))
ERROR - 2024-07-23 23:49:51 --> Error connecting to the database: Error: Undefined constant "CodeIgniter\Database\SQLSRV\SQLSRV_ENC_CHAR" in C:\laragon\www\PROGRAMA\system\Database\SQLSRV\Connection.php:108
Stack trace:
#0 C:\laragon\www\PROGRAMA\system\Database\BaseConnection.php(421): CodeIgniter\Database\SQLSRV\Connection->connect(false)
#1 C:\laragon\www\PROGRAMA\system\Database\BaseConnection.php(616): CodeIgniter\Database\BaseConnection->initialize()
#2 C:\laragon\www\PROGRAMA\app\Controllers\Clientes.php(28): CodeIgniter\Database\BaseConnection->query('SELECT Idclient...')
#3 C:\laragon\www\PROGRAMA\system\CodeIgniter.php(933): App\Controllers\Clientes->cliente_lista()
#4 C:\laragon\www\PROGRAMA\system\CodeIgniter.php(509): CodeIgniter\CodeIgniter->runController(Object(App\Controllers\Clientes))
#5 C:\laragon\www\PROGRAMA\system\CodeIgniter.php(355): CodeIgniter\CodeIgniter->handleRequest(NULL, Object(Config\Cache), false)
#6 C:\laragon\www\PROGRAMA\system\Boot.php(325): CodeIgniter\CodeIgniter->run()
#7 C:\laragon\www\PROGRAMA\system\Boot.php(67): CodeIgniter\Boot::runCodeIgniter(Object(CodeIgniter\CodeIgniter))
#8 C:\laragon\www\PROGRAMA\public\index.php(56): CodeIgniter\Boot::bootWeb(Object(Config\Paths))
#9 {main}
CRITICAL - 2024-07-23 23:49:51 --> CodeIgniter\Database\Exceptions\DatabaseException: Unable to connect to the database.
Main connection [SQLSRV]: Undefined constant "CodeIgniter\Database\SQLSRV\SQLSRV_ENC_CHAR"
[Method: GET, Route: clientelista]
in SYSTEMPATH\Database\BaseConnection.php on line 467.
 1 SYSTEMPATH\Database\BaseConnection.php(616): CodeIgniter\Database\BaseConnection->initialize()
 2 APPPATH\Controllers\Clientes.php(28): CodeIgniter\Database\BaseConnection->query('SELECT Idcliente,NombreCompañía, NombreContacto, CargoContacto,
        Dirección, Ciudad,País, Teléfono FROM Clientes')
 3 SYSTEMPATH\CodeIgniter.php(933): App\Controllers\Clientes->cliente_lista()
 4 SYSTEMPATH\CodeIgniter.php(509): CodeIgniter\CodeIgniter->runController(Object(App\Controllers\Clientes))
 5 SYSTEMPATH\CodeIgniter.php(355): CodeIgniter\CodeIgniter->handleRequest(null, Object(Config\Cache), false)
 6 SYSTEMPATH\Boot.php(325): CodeIgniter\CodeIgniter->run()
 7 SYSTEMPATH\Boot.php(67): CodeIgniter\Boot::runCodeIgniter(Object(CodeIgniter\CodeIgniter))
 8 FCPATH\index.php(56): CodeIgniter\Boot::bootWeb(Object(Config\Paths))
ERROR - 2024-07-23 23:49:51 --> Error connecting to the database: Error: Undefined constant "CodeIgniter\Database\SQLSRV\SQLSRV_ENC_CHAR" in C:\laragon\www\PROGRAMA\system\Database\SQLSRV\Connection.php:108
Stack trace:
#0 C:\laragon\www\PROGRAMA\system\Database\BaseConnection.php(421): CodeIgniter\Database\SQLSRV\Connection->connect(false)
#1 C:\laragon\www\PROGRAMA\system\Database\BaseConnection.php(616): CodeIgniter\Database\BaseConnection->initialize()
#2 C:\laragon\www\PROGRAMA\app\Controllers\Clientes.php(28): CodeIgniter\Database\BaseConnection->query('SELECT Idclient...')
#3 C:\laragon\www\PROGRAMA\system\CodeIgniter.php(933): App\Controllers\Clientes->cliente_lista()
#4 C:\laragon\www\PROGRAMA\system\CodeIgniter.php(509): CodeIgniter\CodeIgniter->runController(Object(App\Controllers\Clientes))
#5 C:\laragon\www\PROGRAMA\system\CodeIgniter.php(355): CodeIgniter\CodeIgniter->handleRequest(NULL, Object(Config\Cache), false)
#6 C:\laragon\www\PROGRAMA\system\Boot.php(325): CodeIgniter\CodeIgniter->run()
#7 C:\laragon\www\PROGRAMA\system\Boot.php(67): CodeIgniter\Boot::runCodeIgniter(Object(CodeIgniter\CodeIgniter))
#8 C:\laragon\www\PROGRAMA\public\index.php(56): CodeIgniter\Boot::bootWeb(Object(Config\Paths))
#9 {main}
CRITICAL - 2024-07-23 23:49:51 --> CodeIgniter\Database\Exceptions\DatabaseException: Unable to connect to the database.
Main connection [SQLSRV]: Undefined constant "CodeIgniter\Database\SQLSRV\SQLSRV_ENC_CHAR"
[Method: GET, Route: clientelista]
in SYSTEMPATH\Database\BaseConnection.php on line 467.
 1 SYSTEMPATH\Database\BaseConnection.php(616): CodeIgniter\Database\BaseConnection->initialize()
 2 APPPATH\Controllers\Clientes.php(28): CodeIgniter\Database\BaseConnection->query('SELECT Idcliente,NombreCompañía, NombreContacto, CargoContacto,
        Dirección, Ciudad,País, Teléfono FROM Clientes')
 3 SYSTEMPATH\CodeIgniter.php(933): App\Controllers\Clientes->cliente_lista()
 4 SYSTEMPATH\CodeIgniter.php(509): CodeIgniter\CodeIgniter->runController(Object(App\Controllers\Clientes))
 5 SYSTEMPATH\CodeIgniter.php(355): CodeIgniter\CodeIgniter->handleRequest(null, Object(Config\Cache), false)
 6 SYSTEMPATH\Boot.php(325): CodeIgniter\CodeIgniter->run()
 7 SYSTEMPATH\Boot.php(67): CodeIgniter\Boot::runCodeIgniter(Object(CodeIgniter\CodeIgniter))
 8 FCPATH\index.php(56): CodeIgniter\Boot::bootWeb(Object(Config\Paths))
ERROR - 2024-07-23 23:49:51 --> Error connecting to the database: Error: Undefined constant "CodeIgniter\Database\SQLSRV\SQLSRV_ENC_CHAR" in C:\laragon\www\PROGRAMA\system\Database\SQLSRV\Connection.php:108
Stack trace:
#0 C:\laragon\www\PROGRAMA\system\Database\BaseConnection.php(421): CodeIgniter\Database\SQLSRV\Connection->connect(false)
#1 C:\laragon\www\PROGRAMA\system\Database\BaseConnection.php(616): CodeIgniter\Database\BaseConnection->initialize()
#2 C:\laragon\www\PROGRAMA\app\Controllers\Clientes.php(28): CodeIgniter\Database\BaseConnection->query('SELECT Idclient...')
#3 C:\laragon\www\PROGRAMA\system\CodeIgniter.php(933): App\Controllers\Clientes->cliente_lista()
#4 C:\laragon\www\PROGRAMA\system\CodeIgniter.php(509): CodeIgniter\CodeIgniter->runController(Object(App\Controllers\Clientes))
#5 C:\laragon\www\PROGRAMA\system\CodeIgniter.php(355): CodeIgniter\CodeIgniter->handleRequest(NULL, Object(Config\Cache), false)
#6 C:\laragon\www\PROGRAMA\system\Boot.php(325): CodeIgniter\CodeIgniter->run()
#7 C:\laragon\www\PROGRAMA\system\Boot.php(67): CodeIgniter\Boot::runCodeIgniter(Object(CodeIgniter\CodeIgniter))
#8 C:\laragon\www\PROGRAMA\public\index.php(56): CodeIgniter\Boot::bootWeb(Object(Config\Paths))
#9 {main}
CRITICAL - 2024-07-23 23:49:51 --> CodeIgniter\Database\Exceptions\DatabaseException: Unable to connect to the database.
Main connection [SQLSRV]: Undefined constant "CodeIgniter\Database\SQLSRV\SQLSRV_ENC_CHAR"
[Method: GET, Route: clientelista]
in SYSTEMPATH\Database\BaseConnection.php on line 467.
 1 SYSTEMPATH\Database\BaseConnection.php(616): CodeIgniter\Database\BaseConnection->initialize()
 2 APPPATH\Controllers\Clientes.php(28): CodeIgniter\Database\BaseConnection->query('SELECT Idcliente,NombreCompañía, NombreContacto, CargoContacto,
        Dirección, Ciudad,País, Teléfono FROM Clientes')
 3 SYSTEMPATH\CodeIgniter.php(933): App\Controllers\Clientes->cliente_lista()
 4 SYSTEMPATH\CodeIgniter.php(509): CodeIgniter\CodeIgniter->runController(Object(App\Controllers\Clientes))
 5 SYSTEMPATH\CodeIgniter.php(355): CodeIgniter\CodeIgniter->handleRequest(null, Object(Config\Cache), false)
 6 SYSTEMPATH\Boot.php(325): CodeIgniter\CodeIgniter->run()
 7 SYSTEMPATH\Boot.php(67): CodeIgniter\Boot::runCodeIgniter(Object(CodeIgniter\CodeIgniter))
 8 FCPATH\index.php(56): CodeIgniter\Boot::bootWeb(Object(Config\Paths))
