INFO - 2024-08-23 17:41:45 --> Session: Class initialized using 'CodeIgniter\Session\Handlers\FileHandler' driver.
INFO - 2024-08-23 17:42:22 --> Session: Class initialized using 'CodeIgniter\Session\Handlers\FileHandler' driver.
ERROR - 2024-08-23 17:42:22 --> ErrorException: pg_query(): Query failed: ERROR:  el valor null para la columna «vusernm» viola la restricción not null
DETAIL:  La fila que falla contiene (0000000277, 0000000277, LAS MOLINAS 2, 22        , 1000000025, 1, 2022-01-01 00:00:00, 2024-01-01 00:00:00, 1, ::1, null, 2024-08-23 17:42:22, 1). in C:\laragon\www\PROGRAMA\system\Database\Postgre\Connection.php:206
Stack trace:
#0 [internal function]: CodeIgniter\Debug\Exceptions->errorHandler(2, 'pg_query(): Que...', 'C:\\laragon\\www\\...', 206)
#1 C:\laragon\www\PROGRAMA\system\Database\Postgre\Connection.php(206): pg_query(Object(PgSql\Connection), 'INSERT INTO "re...')
#2 C:\laragon\www\PROGRAMA\system\Database\BaseConnection.php(734): CodeIgniter\Database\Postgre\Connection->execute('INSERT INTO "re...')
#3 C:\laragon\www\PROGRAMA\system\Database\BaseConnection.php(648): CodeIgniter\Database\BaseConnection->simpleQuery('INSERT INTO "re...')
#4 C:\laragon\www\PROGRAMA\system\Database\BaseBuilder.php(2332): CodeIgniter\Database\BaseConnection->query('INSERT INTO "re...', Array, false)
#5 C:\laragon\www\PROGRAMA\system\Model.php(394): CodeIgniter\Database\BaseBuilder->insert()
#6 C:\laragon\www\PROGRAMA\system\BaseModel.php(840): CodeIgniter\Model->doInsert(Array)
#7 C:\laragon\www\PROGRAMA\system\Model.php(802): CodeIgniter\BaseModel->insert(Array, false)
#8 C:\laragon\www\PROGRAMA\app\Models\usuariosModel.php(85): CodeIgniter\Model->insert(Array, false)
#9 C:\laragon\www\PROGRAMA\app\Controllers\Autentificacion.php(121): App\Models\usuariosModel->InsertarNuevaId(Array)
#10 C:\laragon\www\PROGRAMA\system\CodeIgniter.php(933): App\Controllers\Autentificacion->InsertarData()
#11 C:\laragon\www\PROGRAMA\system\CodeIgniter.php(509): CodeIgniter\CodeIgniter->runController(Object(App\Controllers\Autentificacion))
#12 C:\laragon\www\PROGRAMA\system\CodeIgniter.php(355): CodeIgniter\CodeIgniter->handleRequest(NULL, Object(Config\Cache), false)
#13 C:\laragon\www\PROGRAMA\system\Boot.php(325): CodeIgniter\CodeIgniter->run()
#14 C:\laragon\www\PROGRAMA\system\Boot.php(67): CodeIgniter\Boot::runCodeIgniter(Object(CodeIgniter\CodeIgniter))
#15 C:\laragon\www\PROGRAMA\public\index.php(56): CodeIgniter\Boot::bootWeb(Object(Config\Paths))
#16 {main}
CRITICAL - 2024-08-23 17:42:22 --> CodeIgniter\Database\Exceptions\DatabaseException: pg_query(): Query failed: ERROR:  el valor null para la columna «vusernm» viola la restricción not null
DETAIL:  La fila que falla contiene (0000000277, 0000000277, LAS MOLINAS 2, 22        , 1000000025, 1, 2022-01-01 00:00:00, 2024-01-01 00:00:00, 1, ::1, null, 2024-08-23 17:42:22, 1).
[Method: POST, Route: insertarData]
in SYSTEMPATH\Database\BaseConnection.php on line 688.
 1 SYSTEMPATH\Database\BaseBuilder.php(2332): CodeIgniter\Database\BaseConnection->query('INSERT INTO "registro"."mpoblad" ("vnombre", "cdistri", "ctipcen", "cidzona", "dfecdes", "dfechas", "nestado", "vhostnm", "vusernm", "ddatetm", "nsector", "idsigma", "ccodcen") VALUES (:vnombre:, :cdistri:, :ctipcen:, :cidzona:, :dfecdes:, :dfechas:, :nestado:, :vhostnm:, :vusernm:, :ddatetm:, :nsector:, :idsigma:, :ccodcen:)', [...], false)
 2 SYSTEMPATH\Model.php(394): CodeIgniter\Database\BaseBuilder->insert()
 3 SYSTEMPATH\BaseModel.php(840): CodeIgniter\Model->doInsert([...])
 4 SYSTEMPATH\Model.php(802): CodeIgniter\BaseModel->insert([...], false)
 5 APPPATH\Models\usuariosModel.php(85): CodeIgniter\Model->insert([...], false)
 6 APPPATH\Controllers\Autentificacion.php(121): App\Models\usuariosModel->InsertarNuevaId([...])
 7 SYSTEMPATH\CodeIgniter.php(933): App\Controllers\Autentificacion->InsertarData()
 8 SYSTEMPATH\CodeIgniter.php(509): CodeIgniter\CodeIgniter->runController(Object(App\Controllers\Autentificacion))
 9 SYSTEMPATH\CodeIgniter.php(355): CodeIgniter\CodeIgniter->handleRequest(null, Object(Config\Cache), false)
10 SYSTEMPATH\Boot.php(325): CodeIgniter\CodeIgniter->run()
11 SYSTEMPATH\Boot.php(67): CodeIgniter\Boot::runCodeIgniter(Object(CodeIgniter\CodeIgniter))
12 FCPATH\index.php(56): CodeIgniter\Boot::bootWeb(Object(Config\Paths))
CRITICAL - 2024-08-23 17:42:22 --> [Caused by] CodeIgniter\Database\Exceptions\DatabaseException: pg_query(): Query failed: ERROR:  el valor null para la columna «vusernm» viola la restricción not null
DETAIL:  La fila que falla contiene (0000000277, 0000000277, LAS MOLINAS 2, 22        , 1000000025, 1, 2022-01-01 00:00:00, 2024-01-01 00:00:00, 1, ::1, null, 2024-08-23 17:42:22, 1).
in SYSTEMPATH\Database\Postgre\Connection.php on line 211.
 1 SYSTEMPATH\Database\BaseConnection.php(734): CodeIgniter\Database\Postgre\Connection->execute('INSERT INTO "registro"."mpoblad" ("vnombre", "cdistri", "ctipcen", "cidzona", "dfecdes", "dfechas", "nestado", "vhostnm", "vusernm", "ddatetm", "nsector", "idsigma", "ccodcen") VALUES (\'LAS MOLINAS 2\', 22, \'1000000025\', \'1\', \'2022-01-01 00:00:00\', \'2024-01-01 00:00:00\', 1, \'::1\', NULL, \'2024-08-23 17:42:22\', \'1\', \'0000000277\', \'0000000277\')')
 2 SYSTEMPATH\Database\BaseConnection.php(648): CodeIgniter\Database\BaseConnection->simpleQuery('INSERT INTO "registro"."mpoblad" ("vnombre", "cdistri", "ctipcen", "cidzona", "dfecdes", "dfechas", "nestado", "vhostnm", "vusernm", "ddatetm", "nsector", "idsigma", "ccodcen") VALUES (\'LAS MOLINAS 2\', 22, \'1000000025\', \'1\', \'2022-01-01 00:00:00\', \'2024-01-01 00:00:00\', 1, \'::1\', NULL, \'2024-08-23 17:42:22\', \'1\', \'0000000277\', \'0000000277\')')
 3 SYSTEMPATH\Database\BaseBuilder.php(2332): CodeIgniter\Database\BaseConnection->query('INSERT INTO "registro"."mpoblad" ("vnombre", "cdistri", "ctipcen", "cidzona", "dfecdes", "dfechas", "nestado", "vhostnm", "vusernm", "ddatetm", "nsector", "idsigma", "ccodcen") VALUES (:vnombre:, :cdistri:, :ctipcen:, :cidzona:, :dfecdes:, :dfechas:, :nestado:, :vhostnm:, :vusernm:, :ddatetm:, :nsector:, :idsigma:, :ccodcen:)', [...], false)
 4 SYSTEMPATH\Model.php(394): CodeIgniter\Database\BaseBuilder->insert()
 5 SYSTEMPATH\BaseModel.php(840): CodeIgniter\Model->doInsert([...])
 6 SYSTEMPATH\Model.php(802): CodeIgniter\BaseModel->insert([...], false)
 7 APPPATH\Models\usuariosModel.php(85): CodeIgniter\Model->insert([...], false)
 8 APPPATH\Controllers\Autentificacion.php(121): App\Models\usuariosModel->InsertarNuevaId([...])
 9 SYSTEMPATH\CodeIgniter.php(933): App\Controllers\Autentificacion->InsertarData()
10 SYSTEMPATH\CodeIgniter.php(509): CodeIgniter\CodeIgniter->runController(Object(App\Controllers\Autentificacion))
11 SYSTEMPATH\CodeIgniter.php(355): CodeIgniter\CodeIgniter->handleRequest(null, Object(Config\Cache), false)
12 SYSTEMPATH\Boot.php(325): CodeIgniter\CodeIgniter->run()
13 SYSTEMPATH\Boot.php(67): CodeIgniter\Boot::runCodeIgniter(Object(CodeIgniter\CodeIgniter))
14 FCPATH\index.php(56): CodeIgniter\Boot::bootWeb(Object(Config\Paths))
CRITICAL - 2024-08-23 17:42:22 --> [Caused by] ErrorException: pg_query(): Query failed: ERROR:  el valor null para la columna «vusernm» viola la restricción not null
DETAIL:  La fila que falla contiene (0000000277, 0000000277, LAS MOLINAS 2, 22        , 1000000025, 1, 2022-01-01 00:00:00, 2024-01-01 00:00:00, 1, ::1, null, 2024-08-23 17:42:22, 1).
in SYSTEMPATH\Database\Postgre\Connection.php on line 206.
 1 [internal function]: CodeIgniter\Debug\Exceptions->errorHandler(2, 'pg_query(): Query failed: ERROR:  el valor null para la columna «vusernm» viola la restricción not null
DETAIL:  La fila que falla contiene (0000000277, 0000000277, LAS MOLINAS 2, 22        , 1000000025, 1, 2022-01-01 00:00:00, 2024-01-01 00:00:00, 1, ::1, null, 2024-08-23 17:42:22, 1).', 'C:\\laragon\\www\\PROGRAMA\\system\\Database\\Postgre\\Connection.php', 206)
 2 SYSTEMPATH\Database\Postgre\Connection.php(206): pg_query(Object(PgSql\Connection), 'INSERT INTO "registro"."mpoblad" ("vnombre", "cdistri", "ctipcen", "cidzona", "dfecdes", "dfechas", "nestado", "vhostnm", "vusernm", "ddatetm", "nsector", "idsigma", "ccodcen") VALUES (\'LAS MOLINAS 2\', 22, \'1000000025\', \'1\', \'2022-01-01 00:00:00\', \'2024-01-01 00:00:00\', 1, \'::1\', NULL, \'2024-08-23 17:42:22\', \'1\', \'0000000277\', \'0000000277\')')
 3 SYSTEMPATH\Database\BaseConnection.php(734): CodeIgniter\Database\Postgre\Connection->execute('INSERT INTO "registro"."mpoblad" ("vnombre", "cdistri", "ctipcen", "cidzona", "dfecdes", "dfechas", "nestado", "vhostnm", "vusernm", "ddatetm", "nsector", "idsigma", "ccodcen") VALUES (\'LAS MOLINAS 2\', 22, \'1000000025\', \'1\', \'2022-01-01 00:00:00\', \'2024-01-01 00:00:00\', 1, \'::1\', NULL, \'2024-08-23 17:42:22\', \'1\', \'0000000277\', \'0000000277\')')
 4 SYSTEMPATH\Database\BaseConnection.php(648): CodeIgniter\Database\BaseConnection->simpleQuery('INSERT INTO "registro"."mpoblad" ("vnombre", "cdistri", "ctipcen", "cidzona", "dfecdes", "dfechas", "nestado", "vhostnm", "vusernm", "ddatetm", "nsector", "idsigma", "ccodcen") VALUES (\'LAS MOLINAS 2\', 22, \'1000000025\', \'1\', \'2022-01-01 00:00:00\', \'2024-01-01 00:00:00\', 1, \'::1\', NULL, \'2024-08-23 17:42:22\', \'1\', \'0000000277\', \'0000000277\')')
 5 SYSTEMPATH\Database\BaseBuilder.php(2332): CodeIgniter\Database\BaseConnection->query('INSERT INTO "registro"."mpoblad" ("vnombre", "cdistri", "ctipcen", "cidzona", "dfecdes", "dfechas", "nestado", "vhostnm", "vusernm", "ddatetm", "nsector", "idsigma", "ccodcen") VALUES (:vnombre:, :cdistri:, :ctipcen:, :cidzona:, :dfecdes:, :dfechas:, :nestado:, :vhostnm:, :vusernm:, :ddatetm:, :nsector:, :idsigma:, :ccodcen:)', [...], false)
 6 SYSTEMPATH\Model.php(394): CodeIgniter\Database\BaseBuilder->insert()
 7 SYSTEMPATH\BaseModel.php(840): CodeIgniter\Model->doInsert([...])
 8 SYSTEMPATH\Model.php(802): CodeIgniter\BaseModel->insert([...], false)
 9 APPPATH\Models\usuariosModel.php(85): CodeIgniter\Model->insert([...], false)
10 APPPATH\Controllers\Autentificacion.php(121): App\Models\usuariosModel->InsertarNuevaId([...])
11 SYSTEMPATH\CodeIgniter.php(933): App\Controllers\Autentificacion->InsertarData()
12 SYSTEMPATH\CodeIgniter.php(509): CodeIgniter\CodeIgniter->runController(Object(App\Controllers\Autentificacion))
13 SYSTEMPATH\CodeIgniter.php(355): CodeIgniter\CodeIgniter->handleRequest(null, Object(Config\Cache), false)
14 SYSTEMPATH\Boot.php(325): CodeIgniter\CodeIgniter->run()
15 SYSTEMPATH\Boot.php(67): CodeIgniter\Boot::runCodeIgniter(Object(CodeIgniter\CodeIgniter))
16 FCPATH\index.php(56): CodeIgniter\Boot::bootWeb(Object(Config\Paths))
INFO - 2024-08-23 17:43:05 --> Session: Class initialized using 'CodeIgniter\Session\Handlers\FileHandler' driver.
INFO - 2024-08-23 17:43:10 --> Session: Class initialized using 'CodeIgniter\Session\Handlers\FileHandler' driver.
INFO - 2024-08-23 17:43:14 --> Session: Class initialized using 'CodeIgniter\Session\Handlers\FileHandler' driver.
INFO - 2024-08-23 17:43:33 --> Session: Class initialized using 'CodeIgniter\Session\Handlers\FileHandler' driver.
ERROR - 2024-08-23 17:43:33 --> ErrorException: pg_query(): Query failed: ERROR:  lastval no está definido en esta sesión in C:\laragon\www\PROGRAMA\system\Database\Postgre\Connection.php:206
Stack trace:
#0 [internal function]: CodeIgniter\Debug\Exceptions->errorHandler(2, 'pg_query(): Que...', 'C:\\laragon\\www\\...', 206)
#1 C:\laragon\www\PROGRAMA\system\Database\Postgre\Connection.php(206): pg_query(Object(PgSql\Connection), 'SELECT LASTVAL(...')
#2 C:\laragon\www\PROGRAMA\system\Database\BaseConnection.php(734): CodeIgniter\Database\Postgre\Connection->execute('SELECT LASTVAL(...')
#3 C:\laragon\www\PROGRAMA\system\Database\BaseConnection.php(648): CodeIgniter\Database\BaseConnection->simpleQuery('SELECT LASTVAL(...')
#4 C:\laragon\www\PROGRAMA\system\Database\Postgre\Connection.php(501): CodeIgniter\Database\BaseConnection->query('SELECT LASTVAL(...')
#5 C:\laragon\www\PROGRAMA\system\Model.php(399): CodeIgniter\Database\Postgre\Connection->insertID()
#6 C:\laragon\www\PROGRAMA\system\BaseModel.php(840): CodeIgniter\Model->doInsert(Array)
#7 C:\laragon\www\PROGRAMA\system\Model.php(802): CodeIgniter\BaseModel->insert(Array, false)
#8 C:\laragon\www\PROGRAMA\app\Models\usuariosModel.php(85): CodeIgniter\Model->insert(Array, false)
#9 C:\laragon\www\PROGRAMA\app\Controllers\Autentificacion.php(121): App\Models\usuariosModel->InsertarNuevaId(Array)
#10 C:\laragon\www\PROGRAMA\system\CodeIgniter.php(933): App\Controllers\Autentificacion->InsertarData()
#11 C:\laragon\www\PROGRAMA\system\CodeIgniter.php(509): CodeIgniter\CodeIgniter->runController(Object(App\Controllers\Autentificacion))
#12 C:\laragon\www\PROGRAMA\system\CodeIgniter.php(355): CodeIgniter\CodeIgniter->handleRequest(NULL, Object(Config\Cache), false)
#13 C:\laragon\www\PROGRAMA\system\Boot.php(325): CodeIgniter\CodeIgniter->run()
#14 C:\laragon\www\PROGRAMA\system\Boot.php(67): CodeIgniter\Boot::runCodeIgniter(Object(CodeIgniter\CodeIgniter))
#15 C:\laragon\www\PROGRAMA\public\index.php(56): CodeIgniter\Boot::bootWeb(Object(Config\Paths))
#16 {main}
CRITICAL - 2024-08-23 17:43:33 --> CodeIgniter\Database\Exceptions\DatabaseException: pg_query(): Query failed: ERROR:  lastval no está definido en esta sesión
[Method: POST, Route: insertarData]
in SYSTEMPATH\Database\BaseConnection.php on line 688.
 1 SYSTEMPATH\Database\Postgre\Connection.php(501): CodeIgniter\Database\BaseConnection->query('SELECT LASTVAL() AS ins_id')
 2 SYSTEMPATH\Model.php(399): CodeIgniter\Database\Postgre\Connection->insertID()
 3 SYSTEMPATH\BaseModel.php(840): CodeIgniter\Model->doInsert([...])
 4 SYSTEMPATH\Model.php(802): CodeIgniter\BaseModel->insert([...], false)
 5 APPPATH\Models\usuariosModel.php(85): CodeIgniter\Model->insert([...], false)
 6 APPPATH\Controllers\Autentificacion.php(121): App\Models\usuariosModel->InsertarNuevaId([...])
 7 SYSTEMPATH\CodeIgniter.php(933): App\Controllers\Autentificacion->InsertarData()
 8 SYSTEMPATH\CodeIgniter.php(509): CodeIgniter\CodeIgniter->runController(Object(App\Controllers\Autentificacion))
 9 SYSTEMPATH\CodeIgniter.php(355): CodeIgniter\CodeIgniter->handleRequest(null, Object(Config\Cache), false)
10 SYSTEMPATH\Boot.php(325): CodeIgniter\CodeIgniter->run()
11 SYSTEMPATH\Boot.php(67): CodeIgniter\Boot::runCodeIgniter(Object(CodeIgniter\CodeIgniter))
12 FCPATH\index.php(56): CodeIgniter\Boot::bootWeb(Object(Config\Paths))
CRITICAL - 2024-08-23 17:43:33 --> [Caused by] CodeIgniter\Database\Exceptions\DatabaseException: pg_query(): Query failed: ERROR:  lastval no está definido en esta sesión
in SYSTEMPATH\Database\Postgre\Connection.php on line 211.
 1 SYSTEMPATH\Database\BaseConnection.php(734): CodeIgniter\Database\Postgre\Connection->execute('SELECT LASTVAL() AS ins_id')
 2 SYSTEMPATH\Database\BaseConnection.php(648): CodeIgniter\Database\BaseConnection->simpleQuery('SELECT LASTVAL() AS ins_id')
 3 SYSTEMPATH\Database\Postgre\Connection.php(501): CodeIgniter\Database\BaseConnection->query('SELECT LASTVAL() AS ins_id')
 4 SYSTEMPATH\Model.php(399): CodeIgniter\Database\Postgre\Connection->insertID()
 5 SYSTEMPATH\BaseModel.php(840): CodeIgniter\Model->doInsert([...])
 6 SYSTEMPATH\Model.php(802): CodeIgniter\BaseModel->insert([...], false)
 7 APPPATH\Models\usuariosModel.php(85): CodeIgniter\Model->insert([...], false)
 8 APPPATH\Controllers\Autentificacion.php(121): App\Models\usuariosModel->InsertarNuevaId([...])
 9 SYSTEMPATH\CodeIgniter.php(933): App\Controllers\Autentificacion->InsertarData()
10 SYSTEMPATH\CodeIgniter.php(509): CodeIgniter\CodeIgniter->runController(Object(App\Controllers\Autentificacion))
11 SYSTEMPATH\CodeIgniter.php(355): CodeIgniter\CodeIgniter->handleRequest(null, Object(Config\Cache), false)
12 SYSTEMPATH\Boot.php(325): CodeIgniter\CodeIgniter->run()
13 SYSTEMPATH\Boot.php(67): CodeIgniter\Boot::runCodeIgniter(Object(CodeIgniter\CodeIgniter))
14 FCPATH\index.php(56): CodeIgniter\Boot::bootWeb(Object(Config\Paths))
CRITICAL - 2024-08-23 17:43:33 --> [Caused by] ErrorException: pg_query(): Query failed: ERROR:  lastval no está definido en esta sesión
in SYSTEMPATH\Database\Postgre\Connection.php on line 206.
 1 [internal function]: CodeIgniter\Debug\Exceptions->errorHandler(2, 'pg_query(): Query failed: ERROR:  lastval no está definido en esta sesión', 'C:\\laragon\\www\\PROGRAMA\\system\\Database\\Postgre\\Connection.php', 206)
 2 SYSTEMPATH\Database\Postgre\Connection.php(206): pg_query(Object(PgSql\Connection), 'SELECT LASTVAL() AS ins_id')
 3 SYSTEMPATH\Database\BaseConnection.php(734): CodeIgniter\Database\Postgre\Connection->execute('SELECT LASTVAL() AS ins_id')
 4 SYSTEMPATH\Database\BaseConnection.php(648): CodeIgniter\Database\BaseConnection->simpleQuery('SELECT LASTVAL() AS ins_id')
 5 SYSTEMPATH\Database\Postgre\Connection.php(501): CodeIgniter\Database\BaseConnection->query('SELECT LASTVAL() AS ins_id')
 6 SYSTEMPATH\Model.php(399): CodeIgniter\Database\Postgre\Connection->insertID()
 7 SYSTEMPATH\BaseModel.php(840): CodeIgniter\Model->doInsert([...])
 8 SYSTEMPATH\Model.php(802): CodeIgniter\BaseModel->insert([...], false)
 9 APPPATH\Models\usuariosModel.php(85): CodeIgniter\Model->insert([...], false)
10 APPPATH\Controllers\Autentificacion.php(121): App\Models\usuariosModel->InsertarNuevaId([...])
11 SYSTEMPATH\CodeIgniter.php(933): App\Controllers\Autentificacion->InsertarData()
12 SYSTEMPATH\CodeIgniter.php(509): CodeIgniter\CodeIgniter->runController(Object(App\Controllers\Autentificacion))
13 SYSTEMPATH\CodeIgniter.php(355): CodeIgniter\CodeIgniter->handleRequest(null, Object(Config\Cache), false)
14 SYSTEMPATH\Boot.php(325): CodeIgniter\CodeIgniter->run()
15 SYSTEMPATH\Boot.php(67): CodeIgniter\Boot::runCodeIgniter(Object(CodeIgniter\CodeIgniter))
16 FCPATH\index.php(56): CodeIgniter\Boot::bootWeb(Object(Config\Paths))
INFO - 2024-08-23 17:50:24 --> Session: Class initialized using 'CodeIgniter\Session\Handlers\FileHandler' driver.
INFO - 2024-08-23 17:50:37 --> Session: Class initialized using 'CodeIgniter\Session\Handlers\FileHandler' driver.
ERROR - 2024-08-23 17:50:37 --> ErrorException: pg_query(): Query failed: ERROR:  lastval no está definido en esta sesión in C:\laragon\www\PROGRAMA\system\Database\Postgre\Connection.php:206
Stack trace:
#0 [internal function]: CodeIgniter\Debug\Exceptions->errorHandler(2, 'pg_query(): Que...', 'C:\\laragon\\www\\...', 206)
#1 C:\laragon\www\PROGRAMA\system\Database\Postgre\Connection.php(206): pg_query(Object(PgSql\Connection), 'SELECT LASTVAL(...')
#2 C:\laragon\www\PROGRAMA\system\Database\BaseConnection.php(734): CodeIgniter\Database\Postgre\Connection->execute('SELECT LASTVAL(...')
#3 C:\laragon\www\PROGRAMA\system\Database\BaseConnection.php(648): CodeIgniter\Database\BaseConnection->simpleQuery('SELECT LASTVAL(...')
#4 C:\laragon\www\PROGRAMA\system\Database\Postgre\Connection.php(501): CodeIgniter\Database\BaseConnection->query('SELECT LASTVAL(...')
#5 C:\laragon\www\PROGRAMA\system\Model.php(399): CodeIgniter\Database\Postgre\Connection->insertID()
#6 C:\laragon\www\PROGRAMA\system\BaseModel.php(840): CodeIgniter\Model->doInsert(Array)
#7 C:\laragon\www\PROGRAMA\system\Model.php(802): CodeIgniter\BaseModel->insert(Array, false)
#8 C:\laragon\www\PROGRAMA\app\Models\usuariosModel.php(85): CodeIgniter\Model->insert(Array, false)
#9 C:\laragon\www\PROGRAMA\app\Controllers\Autentificacion.php(121): App\Models\usuariosModel->InsertarNuevaId(Array)
#10 C:\laragon\www\PROGRAMA\system\CodeIgniter.php(933): App\Controllers\Autentificacion->InsertarData()
#11 C:\laragon\www\PROGRAMA\system\CodeIgniter.php(509): CodeIgniter\CodeIgniter->runController(Object(App\Controllers\Autentificacion))
#12 C:\laragon\www\PROGRAMA\system\CodeIgniter.php(355): CodeIgniter\CodeIgniter->handleRequest(NULL, Object(Config\Cache), false)
#13 C:\laragon\www\PROGRAMA\system\Boot.php(325): CodeIgniter\CodeIgniter->run()
#14 C:\laragon\www\PROGRAMA\system\Boot.php(67): CodeIgniter\Boot::runCodeIgniter(Object(CodeIgniter\CodeIgniter))
#15 C:\laragon\www\PROGRAMA\public\index.php(56): CodeIgniter\Boot::bootWeb(Object(Config\Paths))
#16 {main}
CRITICAL - 2024-08-23 17:50:37 --> CodeIgniter\Database\Exceptions\DatabaseException: pg_query(): Query failed: ERROR:  lastval no está definido en esta sesión
[Method: POST, Route: insertarData]
in SYSTEMPATH\Database\BaseConnection.php on line 688.
 1 SYSTEMPATH\Database\Postgre\Connection.php(501): CodeIgniter\Database\BaseConnection->query('SELECT LASTVAL() AS ins_id')
 2 SYSTEMPATH\Model.php(399): CodeIgniter\Database\Postgre\Connection->insertID()
 3 SYSTEMPATH\BaseModel.php(840): CodeIgniter\Model->doInsert([...])
 4 SYSTEMPATH\Model.php(802): CodeIgniter\BaseModel->insert([...], false)
 5 APPPATH\Models\usuariosModel.php(85): CodeIgniter\Model->insert([...], false)
 6 APPPATH\Controllers\Autentificacion.php(121): App\Models\usuariosModel->InsertarNuevaId([...])
 7 SYSTEMPATH\CodeIgniter.php(933): App\Controllers\Autentificacion->InsertarData()
 8 SYSTEMPATH\CodeIgniter.php(509): CodeIgniter\CodeIgniter->runController(Object(App\Controllers\Autentificacion))
 9 SYSTEMPATH\CodeIgniter.php(355): CodeIgniter\CodeIgniter->handleRequest(null, Object(Config\Cache), false)
10 SYSTEMPATH\Boot.php(325): CodeIgniter\CodeIgniter->run()
11 SYSTEMPATH\Boot.php(67): CodeIgniter\Boot::runCodeIgniter(Object(CodeIgniter\CodeIgniter))
12 FCPATH\index.php(56): CodeIgniter\Boot::bootWeb(Object(Config\Paths))
CRITICAL - 2024-08-23 17:50:37 --> [Caused by] CodeIgniter\Database\Exceptions\DatabaseException: pg_query(): Query failed: ERROR:  lastval no está definido en esta sesión
in SYSTEMPATH\Database\Postgre\Connection.php on line 211.
 1 SYSTEMPATH\Database\BaseConnection.php(734): CodeIgniter\Database\Postgre\Connection->execute('SELECT LASTVAL() AS ins_id')
 2 SYSTEMPATH\Database\BaseConnection.php(648): CodeIgniter\Database\BaseConnection->simpleQuery('SELECT LASTVAL() AS ins_id')
 3 SYSTEMPATH\Database\Postgre\Connection.php(501): CodeIgniter\Database\BaseConnection->query('SELECT LASTVAL() AS ins_id')
 4 SYSTEMPATH\Model.php(399): CodeIgniter\Database\Postgre\Connection->insertID()
 5 SYSTEMPATH\BaseModel.php(840): CodeIgniter\Model->doInsert([...])
 6 SYSTEMPATH\Model.php(802): CodeIgniter\BaseModel->insert([...], false)
 7 APPPATH\Models\usuariosModel.php(85): CodeIgniter\Model->insert([...], false)
 8 APPPATH\Controllers\Autentificacion.php(121): App\Models\usuariosModel->InsertarNuevaId([...])
 9 SYSTEMPATH\CodeIgniter.php(933): App\Controllers\Autentificacion->InsertarData()
10 SYSTEMPATH\CodeIgniter.php(509): CodeIgniter\CodeIgniter->runController(Object(App\Controllers\Autentificacion))
11 SYSTEMPATH\CodeIgniter.php(355): CodeIgniter\CodeIgniter->handleRequest(null, Object(Config\Cache), false)
12 SYSTEMPATH\Boot.php(325): CodeIgniter\CodeIgniter->run()
13 SYSTEMPATH\Boot.php(67): CodeIgniter\Boot::runCodeIgniter(Object(CodeIgniter\CodeIgniter))
14 FCPATH\index.php(56): CodeIgniter\Boot::bootWeb(Object(Config\Paths))
CRITICAL - 2024-08-23 17:50:37 --> [Caused by] ErrorException: pg_query(): Query failed: ERROR:  lastval no está definido en esta sesión
in SYSTEMPATH\Database\Postgre\Connection.php on line 206.
 1 [internal function]: CodeIgniter\Debug\Exceptions->errorHandler(2, 'pg_query(): Query failed: ERROR:  lastval no está definido en esta sesión', 'C:\\laragon\\www\\PROGRAMA\\system\\Database\\Postgre\\Connection.php', 206)
 2 SYSTEMPATH\Database\Postgre\Connection.php(206): pg_query(Object(PgSql\Connection), 'SELECT LASTVAL() AS ins_id')
 3 SYSTEMPATH\Database\BaseConnection.php(734): CodeIgniter\Database\Postgre\Connection->execute('SELECT LASTVAL() AS ins_id')
 4 SYSTEMPATH\Database\BaseConnection.php(648): CodeIgniter\Database\BaseConnection->simpleQuery('SELECT LASTVAL() AS ins_id')
 5 SYSTEMPATH\Database\Postgre\Connection.php(501): CodeIgniter\Database\BaseConnection->query('SELECT LASTVAL() AS ins_id')
 6 SYSTEMPATH\Model.php(399): CodeIgniter\Database\Postgre\Connection->insertID()
 7 SYSTEMPATH\BaseModel.php(840): CodeIgniter\Model->doInsert([...])
 8 SYSTEMPATH\Model.php(802): CodeIgniter\BaseModel->insert([...], false)
 9 APPPATH\Models\usuariosModel.php(85): CodeIgniter\Model->insert([...], false)
10 APPPATH\Controllers\Autentificacion.php(121): App\Models\usuariosModel->InsertarNuevaId([...])
11 SYSTEMPATH\CodeIgniter.php(933): App\Controllers\Autentificacion->InsertarData()
12 SYSTEMPATH\CodeIgniter.php(509): CodeIgniter\CodeIgniter->runController(Object(App\Controllers\Autentificacion))
13 SYSTEMPATH\CodeIgniter.php(355): CodeIgniter\CodeIgniter->handleRequest(null, Object(Config\Cache), false)
14 SYSTEMPATH\Boot.php(325): CodeIgniter\CodeIgniter->run()
15 SYSTEMPATH\Boot.php(67): CodeIgniter\Boot::runCodeIgniter(Object(CodeIgniter\CodeIgniter))
16 FCPATH\index.php(56): CodeIgniter\Boot::bootWeb(Object(Config\Paths))
INFO - 2024-08-23 17:51:37 --> Session: Class initialized using 'CodeIgniter\Session\Handlers\FileHandler' driver.
ERROR - 2024-08-23 17:51:37 --> ErrorException: pg_query(): Query failed: ERROR:  lastval no está definido en esta sesión in C:\laragon\www\PROGRAMA\system\Database\Postgre\Connection.php:206
Stack trace:
#0 [internal function]: CodeIgniter\Debug\Exceptions->errorHandler(2, 'pg_query(): Que...', 'C:\\laragon\\www\\...', 206)
#1 C:\laragon\www\PROGRAMA\system\Database\Postgre\Connection.php(206): pg_query(Object(PgSql\Connection), 'SELECT LASTVAL(...')
#2 C:\laragon\www\PROGRAMA\system\Database\BaseConnection.php(734): CodeIgniter\Database\Postgre\Connection->execute('SELECT LASTVAL(...')
#3 C:\laragon\www\PROGRAMA\system\Database\BaseConnection.php(648): CodeIgniter\Database\BaseConnection->simpleQuery('SELECT LASTVAL(...')
#4 C:\laragon\www\PROGRAMA\system\Database\Postgre\Connection.php(501): CodeIgniter\Database\BaseConnection->query('SELECT LASTVAL(...')
#5 C:\laragon\www\PROGRAMA\system\Model.php(399): CodeIgniter\Database\Postgre\Connection->insertID()
#6 C:\laragon\www\PROGRAMA\system\BaseModel.php(840): CodeIgniter\Model->doInsert(Array)
#7 C:\laragon\www\PROGRAMA\system\Model.php(802): CodeIgniter\BaseModel->insert(Array, false)
#8 C:\laragon\www\PROGRAMA\app\Models\usuariosModel.php(85): CodeIgniter\Model->insert(Array, false)
#9 C:\laragon\www\PROGRAMA\app\Controllers\Autentificacion.php(121): App\Models\usuariosModel->InsertarNuevaId(Array)
#10 C:\laragon\www\PROGRAMA\system\CodeIgniter.php(933): App\Controllers\Autentificacion->InsertarData()
#11 C:\laragon\www\PROGRAMA\system\CodeIgniter.php(509): CodeIgniter\CodeIgniter->runController(Object(App\Controllers\Autentificacion))
#12 C:\laragon\www\PROGRAMA\system\CodeIgniter.php(355): CodeIgniter\CodeIgniter->handleRequest(NULL, Object(Config\Cache), false)
#13 C:\laragon\www\PROGRAMA\system\Boot.php(325): CodeIgniter\CodeIgniter->run()
#14 C:\laragon\www\PROGRAMA\system\Boot.php(67): CodeIgniter\Boot::runCodeIgniter(Object(CodeIgniter\CodeIgniter))
#15 C:\laragon\www\PROGRAMA\public\index.php(56): CodeIgniter\Boot::bootWeb(Object(Config\Paths))
#16 {main}
CRITICAL - 2024-08-23 17:51:37 --> CodeIgniter\Database\Exceptions\DatabaseException: pg_query(): Query failed: ERROR:  lastval no está definido en esta sesión
[Method: POST, Route: insertarData]
in SYSTEMPATH\Database\BaseConnection.php on line 688.
 1 SYSTEMPATH\Database\Postgre\Connection.php(501): CodeIgniter\Database\BaseConnection->query('SELECT LASTVAL() AS ins_id')
 2 SYSTEMPATH\Model.php(399): CodeIgniter\Database\Postgre\Connection->insertID()
 3 SYSTEMPATH\BaseModel.php(840): CodeIgniter\Model->doInsert([...])
 4 SYSTEMPATH\Model.php(802): CodeIgniter\BaseModel->insert([...], false)
 5 APPPATH\Models\usuariosModel.php(85): CodeIgniter\Model->insert([...], false)
 6 APPPATH\Controllers\Autentificacion.php(121): App\Models\usuariosModel->InsertarNuevaId([...])
 7 SYSTEMPATH\CodeIgniter.php(933): App\Controllers\Autentificacion->InsertarData()
 8 SYSTEMPATH\CodeIgniter.php(509): CodeIgniter\CodeIgniter->runController(Object(App\Controllers\Autentificacion))
 9 SYSTEMPATH\CodeIgniter.php(355): CodeIgniter\CodeIgniter->handleRequest(null, Object(Config\Cache), false)
10 SYSTEMPATH\Boot.php(325): CodeIgniter\CodeIgniter->run()
11 SYSTEMPATH\Boot.php(67): CodeIgniter\Boot::runCodeIgniter(Object(CodeIgniter\CodeIgniter))
12 FCPATH\index.php(56): CodeIgniter\Boot::bootWeb(Object(Config\Paths))
CRITICAL - 2024-08-23 17:51:37 --> [Caused by] CodeIgniter\Database\Exceptions\DatabaseException: pg_query(): Query failed: ERROR:  lastval no está definido en esta sesión
in SYSTEMPATH\Database\Postgre\Connection.php on line 211.
 1 SYSTEMPATH\Database\BaseConnection.php(734): CodeIgniter\Database\Postgre\Connection->execute('SELECT LASTVAL() AS ins_id')
 2 SYSTEMPATH\Database\BaseConnection.php(648): CodeIgniter\Database\BaseConnection->simpleQuery('SELECT LASTVAL() AS ins_id')
 3 SYSTEMPATH\Database\Postgre\Connection.php(501): CodeIgniter\Database\BaseConnection->query('SELECT LASTVAL() AS ins_id')
 4 SYSTEMPATH\Model.php(399): CodeIgniter\Database\Postgre\Connection->insertID()
 5 SYSTEMPATH\BaseModel.php(840): CodeIgniter\Model->doInsert([...])
 6 SYSTEMPATH\Model.php(802): CodeIgniter\BaseModel->insert([...], false)
 7 APPPATH\Models\usuariosModel.php(85): CodeIgniter\Model->insert([...], false)
 8 APPPATH\Controllers\Autentificacion.php(121): App\Models\usuariosModel->InsertarNuevaId([...])
 9 SYSTEMPATH\CodeIgniter.php(933): App\Controllers\Autentificacion->InsertarData()
10 SYSTEMPATH\CodeIgniter.php(509): CodeIgniter\CodeIgniter->runController(Object(App\Controllers\Autentificacion))
11 SYSTEMPATH\CodeIgniter.php(355): CodeIgniter\CodeIgniter->handleRequest(null, Object(Config\Cache), false)
12 SYSTEMPATH\Boot.php(325): CodeIgniter\CodeIgniter->run()
13 SYSTEMPATH\Boot.php(67): CodeIgniter\Boot::runCodeIgniter(Object(CodeIgniter\CodeIgniter))
14 FCPATH\index.php(56): CodeIgniter\Boot::bootWeb(Object(Config\Paths))
CRITICAL - 2024-08-23 17:51:37 --> [Caused by] ErrorException: pg_query(): Query failed: ERROR:  lastval no está definido en esta sesión
in SYSTEMPATH\Database\Postgre\Connection.php on line 206.
 1 [internal function]: CodeIgniter\Debug\Exceptions->errorHandler(2, 'pg_query(): Query failed: ERROR:  lastval no está definido en esta sesión', 'C:\\laragon\\www\\PROGRAMA\\system\\Database\\Postgre\\Connection.php', 206)
 2 SYSTEMPATH\Database\Postgre\Connection.php(206): pg_query(Object(PgSql\Connection), 'SELECT LASTVAL() AS ins_id')
 3 SYSTEMPATH\Database\BaseConnection.php(734): CodeIgniter\Database\Postgre\Connection->execute('SELECT LASTVAL() AS ins_id')
 4 SYSTEMPATH\Database\BaseConnection.php(648): CodeIgniter\Database\BaseConnection->simpleQuery('SELECT LASTVAL() AS ins_id')
 5 SYSTEMPATH\Database\Postgre\Connection.php(501): CodeIgniter\Database\BaseConnection->query('SELECT LASTVAL() AS ins_id')
 6 SYSTEMPATH\Model.php(399): CodeIgniter\Database\Postgre\Connection->insertID()
 7 SYSTEMPATH\BaseModel.php(840): CodeIgniter\Model->doInsert([...])
 8 SYSTEMPATH\Model.php(802): CodeIgniter\BaseModel->insert([...], false)
 9 APPPATH\Models\usuariosModel.php(85): CodeIgniter\Model->insert([...], false)
10 APPPATH\Controllers\Autentificacion.php(121): App\Models\usuariosModel->InsertarNuevaId([...])
11 SYSTEMPATH\CodeIgniter.php(933): App\Controllers\Autentificacion->InsertarData()
12 SYSTEMPATH\CodeIgniter.php(509): CodeIgniter\CodeIgniter->runController(Object(App\Controllers\Autentificacion))
13 SYSTEMPATH\CodeIgniter.php(355): CodeIgniter\CodeIgniter->handleRequest(null, Object(Config\Cache), false)
14 SYSTEMPATH\Boot.php(325): CodeIgniter\CodeIgniter->run()
15 SYSTEMPATH\Boot.php(67): CodeIgniter\Boot::runCodeIgniter(Object(CodeIgniter\CodeIgniter))
16 FCPATH\index.php(56): CodeIgniter\Boot::bootWeb(Object(Config\Paths))
