INFO - 2024-09-11 20:03:35 --> Session: Class initialized using 'CodeIgniter\Session\Handlers\FileHandler' driver.
INFO - 2024-09-11 20:03:58 --> Session: Class initialized using 'CodeIgniter\Session\Handlers\FileHandler' driver.
CRITICAL - 2024-09-11 20:03:58 --> ParseError: syntax error, unexpected double-quoted string ">Vias</a>", expecting "," or ";"
[Method: POST, Route: menu]
in APPPATH\Views\tema\template.php on line 79.
 1 SYSTEMPATH\View\View.php(237): CodeIgniter\View\View->CodeIgniter\View\{closure}()
 2 SYSTEMPATH\View\View.php(250): CodeIgniter\View\View->render('tema/template', [], true)
 3 SYSTEMPATH\Common.php(1171): CodeIgniter\View\View->render('dasbord/inicio', [], true)
 4 APPPATH\Controllers\Autentificacion.php(73): view('dasbord/inicio')
 5 SYSTEMPATH\CodeIgniter.php(933): App\Controllers\Autentificacion->ingresar()
 6 SYSTEMPATH\CodeIgniter.php(509): CodeIgniter\CodeIgniter->runController(Object(App\Controllers\Autentificacion))
 7 SYSTEMPATH\CodeIgniter.php(355): CodeIgniter\CodeIgniter->handleRequest(null, Object(Config\Cache), false)
 8 SYSTEMPATH\Boot.php(325): CodeIgniter\CodeIgniter->run()
 9 SYSTEMPATH\Boot.php(67): CodeIgniter\Boot::runCodeIgniter(Object(CodeIgniter\CodeIgniter))
10 FCPATH\index.php(56): CodeIgniter\Boot::bootWeb(Object(Config\Paths))
INFO - 2024-09-11 20:04:36 --> Session: Class initialized using 'CodeIgniter\Session\Handlers\FileHandler' driver.
INFO - 2024-09-11 20:10:25 --> Session: Class initialized using 'CodeIgniter\Session\Handlers\FileHandler' driver.
INFO - 2024-09-11 20:10:30 --> Session: Class initialized using 'CodeIgniter\Session\Handlers\FileHandler' driver.
INFO - 2024-09-11 20:11:24 --> Session: Class initialized using 'CodeIgniter\Session\Handlers\FileHandler' driver.
INFO - 2024-09-11 20:11:30 --> Session: Class initialized using 'CodeIgniter\Session\Handlers\FileHandler' driver.
INFO - 2024-09-11 20:34:53 --> Session: Class initialized using 'CodeIgniter\Session\Handlers\FileHandler' driver.
INFO - 2024-09-11 20:34:57 --> Session: Class initialized using 'CodeIgniter\Session\Handlers\FileHandler' driver.
INFO - 2024-09-11 20:34:57 --> Session: Class initialized using 'CodeIgniter\Session\Handlers\FileHandler' driver.
INFO - 2024-09-11 20:35:02 --> Session: Class initialized using 'CodeIgniter\Session\Handlers\FileHandler' driver.
INFO - 2024-09-11 20:41:15 --> Session: Class initialized using 'CodeIgniter\Session\Handlers\FileHandler' driver.
INFO - 2024-09-11 20:41:22 --> Session: Class initialized using 'CodeIgniter\Session\Handlers\FileHandler' driver.
INFO - 2024-09-11 20:45:12 --> Session: Class initialized using 'CodeIgniter\Session\Handlers\FileHandler' driver.
INFO - 2024-09-11 20:45:17 --> Session: Class initialized using 'CodeIgniter\Session\Handlers\FileHandler' driver.
INFO - 2024-09-11 20:45:55 --> Session: Class initialized using 'CodeIgniter\Session\Handlers\FileHandler' driver.
INFO - 2024-09-11 20:46:02 --> Session: Class initialized using 'CodeIgniter\Session\Handlers\FileHandler' driver.
INFO - 2024-09-11 20:52:01 --> Session: Class initialized using 'CodeIgniter\Session\Handlers\FileHandler' driver.
INFO - 2024-09-11 20:52:06 --> Session: Class initialized using 'CodeIgniter\Session\Handlers\FileHandler' driver.
INFO - 2024-09-11 21:03:05 --> Session: Class initialized using 'CodeIgniter\Session\Handlers\FileHandler' driver.
INFO - 2024-09-11 21:03:10 --> Session: Class initialized using 'CodeIgniter\Session\Handlers\FileHandler' driver.
INFO - 2024-09-11 21:14:22 --> Session: Class initialized using 'CodeIgniter\Session\Handlers\FileHandler' driver.
INFO - 2024-09-11 21:14:27 --> Session: Class initialized using 'CodeIgniter\Session\Handlers\FileHandler' driver.
CRITICAL - 2024-09-11 21:31:59 --> CodeIgniter\Router\Exceptions\RouterException: The namespace delimiter is a backslash (\), not a slash (/). Route handler: "\App\Controllers\viasController/ViasControlador::viastema"
[Method: GET, Route: vias]
in SYSTEMPATH\Router\Router.php on line 492.
 1 SYSTEMPATH\Router\Router.php(492): CodeIgniter\Router\Exceptions\RouterException::forInvalidControllerName('\\App\\Controllers\\viasController/ViasControlador::viastema')
 2 SYSTEMPATH\Router\Router.php(210): CodeIgniter\Router\Router->checkRoutes('vias')
 3 SYSTEMPATH\CodeIgniter.php(834): CodeIgniter\Router\Router->handle('vias')
 4 SYSTEMPATH\CodeIgniter.php(457): CodeIgniter\CodeIgniter->tryToRouteIt(Object(CodeIgniter\Router\RouteCollection))
 5 SYSTEMPATH\CodeIgniter.php(355): CodeIgniter\CodeIgniter->handleRequest(null, Object(Config\Cache), false)
 6 SYSTEMPATH\Boot.php(325): CodeIgniter\CodeIgniter->run()
 7 SYSTEMPATH\Boot.php(67): CodeIgniter\Boot::runCodeIgniter(Object(CodeIgniter\CodeIgniter))
 8 FCPATH\index.php(56): CodeIgniter\Boot::bootWeb(Object(Config\Paths))
CRITICAL - 2024-09-11 21:32:43 --> CodeIgniter\Router\Exceptions\RouterException: The namespace delimiter is a backslash (\), not a slash (/). Route handler: "\App\Controllers\viasController/ViasControlador::viastema"
[Method: GET, Route: vias]
in SYSTEMPATH\Router\Router.php on line 492.
 1 SYSTEMPATH\Router\Router.php(492): CodeIgniter\Router\Exceptions\RouterException::forInvalidControllerName('\\App\\Controllers\\viasController/ViasControlador::viastema')
 2 SYSTEMPATH\Router\Router.php(210): CodeIgniter\Router\Router->checkRoutes('vias')
 3 SYSTEMPATH\CodeIgniter.php(834): CodeIgniter\Router\Router->handle('vias')
 4 SYSTEMPATH\CodeIgniter.php(457): CodeIgniter\CodeIgniter->tryToRouteIt(Object(CodeIgniter\Router\RouteCollection))
 5 SYSTEMPATH\CodeIgniter.php(355): CodeIgniter\CodeIgniter->handleRequest(null, Object(Config\Cache), false)
 6 SYSTEMPATH\Boot.php(325): CodeIgniter\CodeIgniter->run()
 7 SYSTEMPATH\Boot.php(67): CodeIgniter\Boot::runCodeIgniter(Object(CodeIgniter\CodeIgniter))
 8 FCPATH\index.php(56): CodeIgniter\Boot::bootWeb(Object(Config\Paths))
CRITICAL - 2024-09-11 21:32:44 --> CodeIgniter\Router\Exceptions\RouterException: The namespace delimiter is a backslash (\), not a slash (/). Route handler: "\App\Controllers\viasController/ViasControlador::viastema"
[Method: GET, Route: vias]
in SYSTEMPATH\Router\Router.php on line 492.
 1 SYSTEMPATH\Router\Router.php(492): CodeIgniter\Router\Exceptions\RouterException::forInvalidControllerName('\\App\\Controllers\\viasController/ViasControlador::viastema')
 2 SYSTEMPATH\Router\Router.php(210): CodeIgniter\Router\Router->checkRoutes('vias')
 3 SYSTEMPATH\CodeIgniter.php(834): CodeIgniter\Router\Router->handle('vias')
 4 SYSTEMPATH\CodeIgniter.php(457): CodeIgniter\CodeIgniter->tryToRouteIt(Object(CodeIgniter\Router\RouteCollection))
 5 SYSTEMPATH\CodeIgniter.php(355): CodeIgniter\CodeIgniter->handleRequest(null, Object(Config\Cache), false)
 6 SYSTEMPATH\Boot.php(325): CodeIgniter\CodeIgniter->run()
 7 SYSTEMPATH\Boot.php(67): CodeIgniter\Boot::runCodeIgniter(Object(CodeIgniter\CodeIgniter))
 8 FCPATH\index.php(56): CodeIgniter\Boot::bootWeb(Object(Config\Paths))
CRITICAL - 2024-09-11 21:32:45 --> CodeIgniter\Router\Exceptions\RouterException: The namespace delimiter is a backslash (\), not a slash (/). Route handler: "\App\Controllers\viasController/ViasControlador::viastema"
[Method: GET, Route: vias]
in SYSTEMPATH\Router\Router.php on line 492.
 1 SYSTEMPATH\Router\Router.php(492): CodeIgniter\Router\Exceptions\RouterException::forInvalidControllerName('\\App\\Controllers\\viasController/ViasControlador::viastema')
 2 SYSTEMPATH\Router\Router.php(210): CodeIgniter\Router\Router->checkRoutes('vias')
 3 SYSTEMPATH\CodeIgniter.php(834): CodeIgniter\Router\Router->handle('vias')
 4 SYSTEMPATH\CodeIgniter.php(457): CodeIgniter\CodeIgniter->tryToRouteIt(Object(CodeIgniter\Router\RouteCollection))
 5 SYSTEMPATH\CodeIgniter.php(355): CodeIgniter\CodeIgniter->handleRequest(null, Object(Config\Cache), false)
 6 SYSTEMPATH\Boot.php(325): CodeIgniter\CodeIgniter->run()
 7 SYSTEMPATH\Boot.php(67): CodeIgniter\Boot::runCodeIgniter(Object(CodeIgniter\CodeIgniter))
 8 FCPATH\index.php(56): CodeIgniter\Boot::bootWeb(Object(Config\Paths))
CRITICAL - 2024-09-11 21:32:45 --> CodeIgniter\Router\Exceptions\RouterException: The namespace delimiter is a backslash (\), not a slash (/). Route handler: "\App\Controllers\viasController/ViasControlador::viastema"
[Method: GET, Route: vias]
in SYSTEMPATH\Router\Router.php on line 492.
 1 SYSTEMPATH\Router\Router.php(492): CodeIgniter\Router\Exceptions\RouterException::forInvalidControllerName('\\App\\Controllers\\viasController/ViasControlador::viastema')
 2 SYSTEMPATH\Router\Router.php(210): CodeIgniter\Router\Router->checkRoutes('vias')
 3 SYSTEMPATH\CodeIgniter.php(834): CodeIgniter\Router\Router->handle('vias')
 4 SYSTEMPATH\CodeIgniter.php(457): CodeIgniter\CodeIgniter->tryToRouteIt(Object(CodeIgniter\Router\RouteCollection))
 5 SYSTEMPATH\CodeIgniter.php(355): CodeIgniter\CodeIgniter->handleRequest(null, Object(Config\Cache), false)
 6 SYSTEMPATH\Boot.php(325): CodeIgniter\CodeIgniter->run()
 7 SYSTEMPATH\Boot.php(67): CodeIgniter\Boot::runCodeIgniter(Object(CodeIgniter\CodeIgniter))
 8 FCPATH\index.php(56): CodeIgniter\Boot::bootWeb(Object(Config\Paths))
CRITICAL - 2024-09-11 21:32:45 --> CodeIgniter\Router\Exceptions\RouterException: The namespace delimiter is a backslash (\), not a slash (/). Route handler: "\App\Controllers\viasController/ViasControlador::viastema"
[Method: GET, Route: vias]
in SYSTEMPATH\Router\Router.php on line 492.
 1 SYSTEMPATH\Router\Router.php(492): CodeIgniter\Router\Exceptions\RouterException::forInvalidControllerName('\\App\\Controllers\\viasController/ViasControlador::viastema')
 2 SYSTEMPATH\Router\Router.php(210): CodeIgniter\Router\Router->checkRoutes('vias')
 3 SYSTEMPATH\CodeIgniter.php(834): CodeIgniter\Router\Router->handle('vias')
 4 SYSTEMPATH\CodeIgniter.php(457): CodeIgniter\CodeIgniter->tryToRouteIt(Object(CodeIgniter\Router\RouteCollection))
 5 SYSTEMPATH\CodeIgniter.php(355): CodeIgniter\CodeIgniter->handleRequest(null, Object(Config\Cache), false)
 6 SYSTEMPATH\Boot.php(325): CodeIgniter\CodeIgniter->run()
 7 SYSTEMPATH\Boot.php(67): CodeIgniter\Boot::runCodeIgniter(Object(CodeIgniter\CodeIgniter))
 8 FCPATH\index.php(56): CodeIgniter\Boot::bootWeb(Object(Config\Paths))
CRITICAL - 2024-09-11 21:32:45 --> CodeIgniter\Router\Exceptions\RouterException: The namespace delimiter is a backslash (\), not a slash (/). Route handler: "\App\Controllers\viasController/ViasControlador::viastema"
[Method: GET, Route: vias]
in SYSTEMPATH\Router\Router.php on line 492.
 1 SYSTEMPATH\Router\Router.php(492): CodeIgniter\Router\Exceptions\RouterException::forInvalidControllerName('\\App\\Controllers\\viasController/ViasControlador::viastema')
 2 SYSTEMPATH\Router\Router.php(210): CodeIgniter\Router\Router->checkRoutes('vias')
 3 SYSTEMPATH\CodeIgniter.php(834): CodeIgniter\Router\Router->handle('vias')
 4 SYSTEMPATH\CodeIgniter.php(457): CodeIgniter\CodeIgniter->tryToRouteIt(Object(CodeIgniter\Router\RouteCollection))
 5 SYSTEMPATH\CodeIgniter.php(355): CodeIgniter\CodeIgniter->handleRequest(null, Object(Config\Cache), false)
 6 SYSTEMPATH\Boot.php(325): CodeIgniter\CodeIgniter->run()
 7 SYSTEMPATH\Boot.php(67): CodeIgniter\Boot::runCodeIgniter(Object(CodeIgniter\CodeIgniter))
 8 FCPATH\index.php(56): CodeIgniter\Boot::bootWeb(Object(Config\Paths))
CRITICAL - 2024-09-11 21:34:33 --> CodeIgniter\Router\Exceptions\RouterException: The namespace delimiter is a backslash (\), not a slash (/). Route handler: "\App\Controllers\viasController/ViasControlador::viastema"
[Method: GET, Route: vias]
in SYSTEMPATH\Router\Router.php on line 492.
 1 SYSTEMPATH\Router\Router.php(492): CodeIgniter\Router\Exceptions\RouterException::forInvalidControllerName('\\App\\Controllers\\viasController/ViasControlador::viastema')
 2 SYSTEMPATH\Router\Router.php(210): CodeIgniter\Router\Router->checkRoutes('vias')
 3 SYSTEMPATH\CodeIgniter.php(834): CodeIgniter\Router\Router->handle('vias')
 4 SYSTEMPATH\CodeIgniter.php(457): CodeIgniter\CodeIgniter->tryToRouteIt(Object(CodeIgniter\Router\RouteCollection))
 5 SYSTEMPATH\CodeIgniter.php(355): CodeIgniter\CodeIgniter->handleRequest(null, Object(Config\Cache), false)
 6 SYSTEMPATH\Boot.php(325): CodeIgniter\CodeIgniter->run()
 7 SYSTEMPATH\Boot.php(67): CodeIgniter\Boot::runCodeIgniter(Object(CodeIgniter\CodeIgniter))
 8 FCPATH\index.php(56): CodeIgniter\Boot::bootWeb(Object(Config\Paths))
INFO - 2024-09-11 23:48:33 --> Session: Class initialized using 'CodeIgniter\Session\Handlers\FileHandler' driver.
INFO - 2024-09-11 23:48:37 --> Session: Class initialized using 'CodeIgniter\Session\Handlers\FileHandler' driver.
