INFO - 2024-10-07 00:05:17 --> Session: Class initialized using 'CodeIgniter\Session\Handlers\FileHandler' driver.
INFO - 2024-10-07 00:06:02 --> Session: Class initialized using 'CodeIgniter\Session\Handlers\FileHandler' driver.
INFO - 2024-10-07 00:06:48 --> Session: Class initialized using 'CodeIgniter\Session\Handlers\FileHandler' driver.
ERROR - 2024-10-07 00:06:48 --> ErrorException: pg_query(): Query failed: ERROR:  lastval no está definido en esta sesión in C:\laragon\www\PROGRAMA\system\Database\Postgre\Connection.php:206
Stack trace:
#0 [internal function]: CodeIgniter\Debug\Exceptions->errorHandler(2, 'pg_query(): Que...', 'C:\\laragon\\www\\...', 206)
#1 C:\laragon\www\PROGRAMA\system\Database\Postgre\Connection.php(206): pg_query(Object(PgSql\Connection), 'SELECT LASTVAL(...')
#2 C:\laragon\www\PROGRAMA\system\Database\BaseConnection.php(734): CodeIgniter\Database\Postgre\Connection->execute('SELECT LASTVAL(...')
#3 C:\laragon\www\PROGRAMA\system\Database\BaseConnection.php(648): CodeIgniter\Database\BaseConnection->simpleQuery('SELECT LASTVAL(...')
#4 C:\laragon\www\PROGRAMA\system\Database\Postgre\Connection.php(501): CodeIgniter\Database\BaseConnection->query('SELECT LASTVAL(...')
#5 C:\laragon\www\PROGRAMA\system\Model.php(399): CodeIgniter\Database\Postgre\Connection->insertID()
#6 C:\laragon\www\PROGRAMA\system\BaseModel.php(840): CodeIgniter\Model->doInsert(Array)
#7 C:\laragon\www\PROGRAMA\system\Model.php(802): CodeIgniter\BaseModel->insert(Array, false)
#8 C:\laragon\www\PROGRAMA\app\Models\viasModel\viasModelo.php(66): CodeIgniter\Model->insert(Array, false)
#9 C:\laragon\www\PROGRAMA\app\Controllers\viasController\ViasControlador.php(56): App\Models\viasModel\viasModelo->InsertarNuevaVia(Array)
#10 C:\laragon\www\PROGRAMA\system\CodeIgniter.php(933): App\Controllers\viasController\ViasControlador->InsertarVia()
#11 C:\laragon\www\PROGRAMA\system\CodeIgniter.php(509): CodeIgniter\CodeIgniter->runController(Object(App\Controllers\viasController\ViasControlador))
#12 C:\laragon\www\PROGRAMA\system\CodeIgniter.php(355): CodeIgniter\CodeIgniter->handleRequest(NULL, Object(Config\Cache), false)
#13 C:\laragon\www\PROGRAMA\system\Boot.php(325): CodeIgniter\CodeIgniter->run()
#14 C:\laragon\www\PROGRAMA\system\Boot.php(67): CodeIgniter\Boot::runCodeIgniter(Object(CodeIgniter\CodeIgniter))
#15 C:\laragon\www\PROGRAMA\public\index.php(56): CodeIgniter\Boot::bootWeb(Object(Config\Paths))
#16 {main}
CRITICAL - 2024-10-07 00:06:48 --> CodeIgniter\Database\Exceptions\DatabaseException: pg_query(): Query failed: ERROR:  lastval no está definido en esta sesión
[Method: POST, Route: InsertarVia]
in SYSTEMPATH\Database\BaseConnection.php on line 688.
 1 SYSTEMPATH\Database\Postgre\Connection.php(501): CodeIgniter\Database\BaseConnection->query('SELECT LASTVAL() AS ins_id')
 2 SYSTEMPATH\Model.php(399): CodeIgniter\Database\Postgre\Connection->insertID()
 3 SYSTEMPATH\BaseModel.php(840): CodeIgniter\Model->doInsert([...])
 4 SYSTEMPATH\Model.php(802): CodeIgniter\BaseModel->insert([...], false)
 5 APPPATH\Models\viasModel\viasModelo.php(66): CodeIgniter\Model->insert([...], false)
 6 APPPATH\Controllers\viasController\ViasControlador.php(56): App\Models\viasModel\viasModelo->InsertarNuevaVia([...])
 7 SYSTEMPATH\CodeIgniter.php(933): App\Controllers\viasController\ViasControlador->InsertarVia()
 8 SYSTEMPATH\CodeIgniter.php(509): CodeIgniter\CodeIgniter->runController(Object(App\Controllers\viasController\ViasControlador))
 9 SYSTEMPATH\CodeIgniter.php(355): CodeIgniter\CodeIgniter->handleRequest(null, Object(Config\Cache), false)
10 SYSTEMPATH\Boot.php(325): CodeIgniter\CodeIgniter->run()
11 SYSTEMPATH\Boot.php(67): CodeIgniter\Boot::runCodeIgniter(Object(CodeIgniter\CodeIgniter))
12 FCPATH\index.php(56): CodeIgniter\Boot::bootWeb(Object(Config\Paths))
CRITICAL - 2024-10-07 00:06:48 --> [Caused by] CodeIgniter\Database\Exceptions\DatabaseException: pg_query(): Query failed: ERROR:  lastval no está definido en esta sesión
in SYSTEMPATH\Database\Postgre\Connection.php on line 211.
 1 SYSTEMPATH\Database\BaseConnection.php(734): CodeIgniter\Database\Postgre\Connection->execute('SELECT LASTVAL() AS ins_id')
 2 SYSTEMPATH\Database\BaseConnection.php(648): CodeIgniter\Database\BaseConnection->simpleQuery('SELECT LASTVAL() AS ins_id')
 3 SYSTEMPATH\Database\Postgre\Connection.php(501): CodeIgniter\Database\BaseConnection->query('SELECT LASTVAL() AS ins_id')
 4 SYSTEMPATH\Model.php(399): CodeIgniter\Database\Postgre\Connection->insertID()
 5 SYSTEMPATH\BaseModel.php(840): CodeIgniter\Model->doInsert([...])
 6 SYSTEMPATH\Model.php(802): CodeIgniter\BaseModel->insert([...], false)
 7 APPPATH\Models\viasModel\viasModelo.php(66): CodeIgniter\Model->insert([...], false)
 8 APPPATH\Controllers\viasController\ViasControlador.php(56): App\Models\viasModel\viasModelo->InsertarNuevaVia([...])
 9 SYSTEMPATH\CodeIgniter.php(933): App\Controllers\viasController\ViasControlador->InsertarVia()
10 SYSTEMPATH\CodeIgniter.php(509): CodeIgniter\CodeIgniter->runController(Object(App\Controllers\viasController\ViasControlador))
11 SYSTEMPATH\CodeIgniter.php(355): CodeIgniter\CodeIgniter->handleRequest(null, Object(Config\Cache), false)
12 SYSTEMPATH\Boot.php(325): CodeIgniter\CodeIgniter->run()
13 SYSTEMPATH\Boot.php(67): CodeIgniter\Boot::runCodeIgniter(Object(CodeIgniter\CodeIgniter))
14 FCPATH\index.php(56): CodeIgniter\Boot::bootWeb(Object(Config\Paths))
CRITICAL - 2024-10-07 00:06:48 --> [Caused by] ErrorException: pg_query(): Query failed: ERROR:  lastval no está definido en esta sesión
in SYSTEMPATH\Database\Postgre\Connection.php on line 206.
 1 [internal function]: CodeIgniter\Debug\Exceptions->errorHandler(2, 'pg_query(): Query failed: ERROR:  lastval no está definido en esta sesión', 'C:\\laragon\\www\\PROGRAMA\\system\\Database\\Postgre\\Connection.php', 206)
 2 SYSTEMPATH\Database\Postgre\Connection.php(206): pg_query(Object(PgSql\Connection), 'SELECT LASTVAL() AS ins_id')
 3 SYSTEMPATH\Database\BaseConnection.php(734): CodeIgniter\Database\Postgre\Connection->execute('SELECT LASTVAL() AS ins_id')
 4 SYSTEMPATH\Database\BaseConnection.php(648): CodeIgniter\Database\BaseConnection->simpleQuery('SELECT LASTVAL() AS ins_id')
 5 SYSTEMPATH\Database\Postgre\Connection.php(501): CodeIgniter\Database\BaseConnection->query('SELECT LASTVAL() AS ins_id')
 6 SYSTEMPATH\Model.php(399): CodeIgniter\Database\Postgre\Connection->insertID()
 7 SYSTEMPATH\BaseModel.php(840): CodeIgniter\Model->doInsert([...])
 8 SYSTEMPATH\Model.php(802): CodeIgniter\BaseModel->insert([...], false)
 9 APPPATH\Models\viasModel\viasModelo.php(66): CodeIgniter\Model->insert([...], false)
10 APPPATH\Controllers\viasController\ViasControlador.php(56): App\Models\viasModel\viasModelo->InsertarNuevaVia([...])
11 SYSTEMPATH\CodeIgniter.php(933): App\Controllers\viasController\ViasControlador->InsertarVia()
12 SYSTEMPATH\CodeIgniter.php(509): CodeIgniter\CodeIgniter->runController(Object(App\Controllers\viasController\ViasControlador))
13 SYSTEMPATH\CodeIgniter.php(355): CodeIgniter\CodeIgniter->handleRequest(null, Object(Config\Cache), false)
14 SYSTEMPATH\Boot.php(325): CodeIgniter\CodeIgniter->run()
15 SYSTEMPATH\Boot.php(67): CodeIgniter\Boot::runCodeIgniter(Object(CodeIgniter\CodeIgniter))
16 FCPATH\index.php(56): CodeIgniter\Boot::bootWeb(Object(Config\Paths))
INFO - 2024-10-07 00:06:57 --> Session: Class initialized using 'CodeIgniter\Session\Handlers\FileHandler' driver.
INFO - 2024-10-07 00:31:37 --> Session: Class initialized using 'CodeIgniter\Session\Handlers\FileHandler' driver.
CRITICAL - 2024-10-07 00:35:35 --> ParseError: syntax error, unexpected token "if"
[Method: GET, Route: ListarCompleta]
in APPPATH\Controllers\arancelController\ArancelControlador.php on line 67.
 1 SYSTEMPATH\Autoloader\Autoloader.php(296): CodeIgniter\Autoloader\Autoloader->includeFile('C:\\laragon\\www\\PROGRAMA\\app\\Controllers\\arancelController\\ArancelControlador.php')
 2 SYSTEMPATH\Autoloader\Autoloader.php(272): CodeIgniter\Autoloader\Autoloader->loadInNamespace('App\\Controllers\\arancelController\\ArancelControlador')
 3 [internal function]: CodeIgniter\Autoloader\Autoloader->loadClass('App\\Controllers\\arancelController\\ArancelControlador')
 4 SYSTEMPATH\CodeIgniter.php(887): class_exists('\\App\\Controllers\\arancelController\\ArancelControlador', true)
 5 SYSTEMPATH\CodeIgniter.php(496): CodeIgniter\CodeIgniter->startController()
 6 SYSTEMPATH\CodeIgniter.php(355): CodeIgniter\CodeIgniter->handleRequest(null, Object(Config\Cache), false)
 7 SYSTEMPATH\Boot.php(325): CodeIgniter\CodeIgniter->run()
 8 SYSTEMPATH\Boot.php(67): CodeIgniter\Boot::runCodeIgniter(Object(CodeIgniter\CodeIgniter))
 9 FCPATH\index.php(56): CodeIgniter\Boot::bootWeb(Object(Config\Paths))
CRITICAL - 2024-10-07 00:36:58 --> ParseError: syntax error, unexpected token "if"
[Method: GET, Route: ListarCompleta]
in APPPATH\Controllers\arancelController\ArancelControlador.php on line 67.
 1 SYSTEMPATH\Autoloader\Autoloader.php(296): CodeIgniter\Autoloader\Autoloader->includeFile('C:\\laragon\\www\\PROGRAMA\\app\\Controllers\\arancelController\\ArancelControlador.php')
 2 SYSTEMPATH\Autoloader\Autoloader.php(272): CodeIgniter\Autoloader\Autoloader->loadInNamespace('App\\Controllers\\arancelController\\ArancelControlador')
 3 [internal function]: CodeIgniter\Autoloader\Autoloader->loadClass('App\\Controllers\\arancelController\\ArancelControlador')
 4 SYSTEMPATH\CodeIgniter.php(887): class_exists('\\App\\Controllers\\arancelController\\ArancelControlador', true)
 5 SYSTEMPATH\CodeIgniter.php(496): CodeIgniter\CodeIgniter->startController()
 6 SYSTEMPATH\CodeIgniter.php(355): CodeIgniter\CodeIgniter->handleRequest(null, Object(Config\Cache), false)
 7 SYSTEMPATH\Boot.php(325): CodeIgniter\CodeIgniter->run()
 8 SYSTEMPATH\Boot.php(67): CodeIgniter\Boot::runCodeIgniter(Object(CodeIgniter\CodeIgniter))
 9 FCPATH\index.php(56): CodeIgniter\Boot::bootWeb(Object(Config\Paths))
CRITICAL - 2024-10-07 00:36:58 --> ParseError: syntax error, unexpected token "if"
[Method: GET, Route: ListarCompleta]
in APPPATH\Controllers\arancelController\ArancelControlador.php on line 67.
 1 SYSTEMPATH\Autoloader\Autoloader.php(296): CodeIgniter\Autoloader\Autoloader->includeFile('C:\\laragon\\www\\PROGRAMA\\app\\Controllers\\arancelController\\ArancelControlador.php')
 2 SYSTEMPATH\Autoloader\Autoloader.php(272): CodeIgniter\Autoloader\Autoloader->loadInNamespace('App\\Controllers\\arancelController\\ArancelControlador')
 3 [internal function]: CodeIgniter\Autoloader\Autoloader->loadClass('App\\Controllers\\arancelController\\ArancelControlador')
 4 SYSTEMPATH\CodeIgniter.php(887): class_exists('\\App\\Controllers\\arancelController\\ArancelControlador', true)
 5 SYSTEMPATH\CodeIgniter.php(496): CodeIgniter\CodeIgniter->startController()
 6 SYSTEMPATH\CodeIgniter.php(355): CodeIgniter\CodeIgniter->handleRequest(null, Object(Config\Cache), false)
 7 SYSTEMPATH\Boot.php(325): CodeIgniter\CodeIgniter->run()
 8 SYSTEMPATH\Boot.php(67): CodeIgniter\Boot::runCodeIgniter(Object(CodeIgniter\CodeIgniter))
 9 FCPATH\index.php(56): CodeIgniter\Boot::bootWeb(Object(Config\Paths))
CRITICAL - 2024-10-07 00:36:59 --> ParseError: syntax error, unexpected token "if"
[Method: GET, Route: ListarCompleta]
in APPPATH\Controllers\arancelController\ArancelControlador.php on line 67.
 1 SYSTEMPATH\Autoloader\Autoloader.php(296): CodeIgniter\Autoloader\Autoloader->includeFile('C:\\laragon\\www\\PROGRAMA\\app\\Controllers\\arancelController\\ArancelControlador.php')
 2 SYSTEMPATH\Autoloader\Autoloader.php(272): CodeIgniter\Autoloader\Autoloader->loadInNamespace('App\\Controllers\\arancelController\\ArancelControlador')
 3 [internal function]: CodeIgniter\Autoloader\Autoloader->loadClass('App\\Controllers\\arancelController\\ArancelControlador')
 4 SYSTEMPATH\CodeIgniter.php(887): class_exists('\\App\\Controllers\\arancelController\\ArancelControlador', true)
 5 SYSTEMPATH\CodeIgniter.php(496): CodeIgniter\CodeIgniter->startController()
 6 SYSTEMPATH\CodeIgniter.php(355): CodeIgniter\CodeIgniter->handleRequest(null, Object(Config\Cache), false)
 7 SYSTEMPATH\Boot.php(325): CodeIgniter\CodeIgniter->run()
 8 SYSTEMPATH\Boot.php(67): CodeIgniter\Boot::runCodeIgniter(Object(CodeIgniter\CodeIgniter))
 9 FCPATH\index.php(56): CodeIgniter\Boot::bootWeb(Object(Config\Paths))
CRITICAL - 2024-10-07 00:36:59 --> ParseError: syntax error, unexpected token "if"
[Method: GET, Route: ListarCompleta]
in APPPATH\Controllers\arancelController\ArancelControlador.php on line 67.
 1 SYSTEMPATH\Autoloader\Autoloader.php(296): CodeIgniter\Autoloader\Autoloader->includeFile('C:\\laragon\\www\\PROGRAMA\\app\\Controllers\\arancelController\\ArancelControlador.php')
 2 SYSTEMPATH\Autoloader\Autoloader.php(272): CodeIgniter\Autoloader\Autoloader->loadInNamespace('App\\Controllers\\arancelController\\ArancelControlador')
 3 [internal function]: CodeIgniter\Autoloader\Autoloader->loadClass('App\\Controllers\\arancelController\\ArancelControlador')
 4 SYSTEMPATH\CodeIgniter.php(887): class_exists('\\App\\Controllers\\arancelController\\ArancelControlador', true)
 5 SYSTEMPATH\CodeIgniter.php(496): CodeIgniter\CodeIgniter->startController()
 6 SYSTEMPATH\CodeIgniter.php(355): CodeIgniter\CodeIgniter->handleRequest(null, Object(Config\Cache), false)
 7 SYSTEMPATH\Boot.php(325): CodeIgniter\CodeIgniter->run()
 8 SYSTEMPATH\Boot.php(67): CodeIgniter\Boot::runCodeIgniter(Object(CodeIgniter\CodeIgniter))
 9 FCPATH\index.php(56): CodeIgniter\Boot::bootWeb(Object(Config\Paths))
CRITICAL - 2024-10-07 00:36:59 --> ParseError: syntax error, unexpected token "if"
[Method: GET, Route: ListarCompleta]
in APPPATH\Controllers\arancelController\ArancelControlador.php on line 67.
 1 SYSTEMPATH\Autoloader\Autoloader.php(296): CodeIgniter\Autoloader\Autoloader->includeFile('C:\\laragon\\www\\PROGRAMA\\app\\Controllers\\arancelController\\ArancelControlador.php')
 2 SYSTEMPATH\Autoloader\Autoloader.php(272): CodeIgniter\Autoloader\Autoloader->loadInNamespace('App\\Controllers\\arancelController\\ArancelControlador')
 3 [internal function]: CodeIgniter\Autoloader\Autoloader->loadClass('App\\Controllers\\arancelController\\ArancelControlador')
 4 SYSTEMPATH\CodeIgniter.php(887): class_exists('\\App\\Controllers\\arancelController\\ArancelControlador', true)
 5 SYSTEMPATH\CodeIgniter.php(496): CodeIgniter\CodeIgniter->startController()
 6 SYSTEMPATH\CodeIgniter.php(355): CodeIgniter\CodeIgniter->handleRequest(null, Object(Config\Cache), false)
 7 SYSTEMPATH\Boot.php(325): CodeIgniter\CodeIgniter->run()
 8 SYSTEMPATH\Boot.php(67): CodeIgniter\Boot::runCodeIgniter(Object(CodeIgniter\CodeIgniter))
 9 FCPATH\index.php(56): CodeIgniter\Boot::bootWeb(Object(Config\Paths))
CRITICAL - 2024-10-07 00:36:59 --> ParseError: syntax error, unexpected token "if"
[Method: GET, Route: ListarCompleta]
in APPPATH\Controllers\arancelController\ArancelControlador.php on line 67.
 1 SYSTEMPATH\Autoloader\Autoloader.php(296): CodeIgniter\Autoloader\Autoloader->includeFile('C:\\laragon\\www\\PROGRAMA\\app\\Controllers\\arancelController\\ArancelControlador.php')
 2 SYSTEMPATH\Autoloader\Autoloader.php(272): CodeIgniter\Autoloader\Autoloader->loadInNamespace('App\\Controllers\\arancelController\\ArancelControlador')
 3 [internal function]: CodeIgniter\Autoloader\Autoloader->loadClass('App\\Controllers\\arancelController\\ArancelControlador')
 4 SYSTEMPATH\CodeIgniter.php(887): class_exists('\\App\\Controllers\\arancelController\\ArancelControlador', true)
 5 SYSTEMPATH\CodeIgniter.php(496): CodeIgniter\CodeIgniter->startController()
 6 SYSTEMPATH\CodeIgniter.php(355): CodeIgniter\CodeIgniter->handleRequest(null, Object(Config\Cache), false)
 7 SYSTEMPATH\Boot.php(325): CodeIgniter\CodeIgniter->run()
 8 SYSTEMPATH\Boot.php(67): CodeIgniter\Boot::runCodeIgniter(Object(CodeIgniter\CodeIgniter))
 9 FCPATH\index.php(56): CodeIgniter\Boot::bootWeb(Object(Config\Paths))
CRITICAL - 2024-10-07 00:36:59 --> ParseError: syntax error, unexpected token "if"
[Method: GET, Route: ListarCompleta]
in APPPATH\Controllers\arancelController\ArancelControlador.php on line 67.
 1 SYSTEMPATH\Autoloader\Autoloader.php(296): CodeIgniter\Autoloader\Autoloader->includeFile('C:\\laragon\\www\\PROGRAMA\\app\\Controllers\\arancelController\\ArancelControlador.php')
 2 SYSTEMPATH\Autoloader\Autoloader.php(272): CodeIgniter\Autoloader\Autoloader->loadInNamespace('App\\Controllers\\arancelController\\ArancelControlador')
 3 [internal function]: CodeIgniter\Autoloader\Autoloader->loadClass('App\\Controllers\\arancelController\\ArancelControlador')
 4 SYSTEMPATH\CodeIgniter.php(887): class_exists('\\App\\Controllers\\arancelController\\ArancelControlador', true)
 5 SYSTEMPATH\CodeIgniter.php(496): CodeIgniter\CodeIgniter->startController()
 6 SYSTEMPATH\CodeIgniter.php(355): CodeIgniter\CodeIgniter->handleRequest(null, Object(Config\Cache), false)
 7 SYSTEMPATH\Boot.php(325): CodeIgniter\CodeIgniter->run()
 8 SYSTEMPATH\Boot.php(67): CodeIgniter\Boot::runCodeIgniter(Object(CodeIgniter\CodeIgniter))
 9 FCPATH\index.php(56): CodeIgniter\Boot::bootWeb(Object(Config\Paths))
CRITICAL - 2024-10-07 00:37:09 --> ParseError: syntax error, unexpected token "=", expecting "]"
[Method: GET, Route: ListarCompleta]
in APPPATH\Controllers\arancelController\ArancelControlador.php on line 79.
 1 SYSTEMPATH\Autoloader\Autoloader.php(296): CodeIgniter\Autoloader\Autoloader->includeFile('C:\\laragon\\www\\PROGRAMA\\app\\Controllers\\arancelController\\ArancelControlador.php')
 2 SYSTEMPATH\Autoloader\Autoloader.php(272): CodeIgniter\Autoloader\Autoloader->loadInNamespace('App\\Controllers\\arancelController\\ArancelControlador')
 3 [internal function]: CodeIgniter\Autoloader\Autoloader->loadClass('App\\Controllers\\arancelController\\ArancelControlador')
 4 SYSTEMPATH\CodeIgniter.php(887): class_exists('\\App\\Controllers\\arancelController\\ArancelControlador', true)
 5 SYSTEMPATH\CodeIgniter.php(496): CodeIgniter\CodeIgniter->startController()
 6 SYSTEMPATH\CodeIgniter.php(355): CodeIgniter\CodeIgniter->handleRequest(null, Object(Config\Cache), false)
 7 SYSTEMPATH\Boot.php(325): CodeIgniter\CodeIgniter->run()
 8 SYSTEMPATH\Boot.php(67): CodeIgniter\Boot::runCodeIgniter(Object(CodeIgniter\CodeIgniter))
 9 FCPATH\index.php(56): CodeIgniter\Boot::bootWeb(Object(Config\Paths))
CRITICAL - 2024-10-07 00:37:41 --> ParseError: syntax error, unexpected token "=>", expecting "]"
[Method: GET, Route: ListarCompleta]
in APPPATH\Controllers\arancelController\ArancelControlador.php on line 79.
 1 SYSTEMPATH\Autoloader\Autoloader.php(296): CodeIgniter\Autoloader\Autoloader->includeFile('C:\\laragon\\www\\PROGRAMA\\app\\Controllers\\arancelController\\ArancelControlador.php')
 2 SYSTEMPATH\Autoloader\Autoloader.php(272): CodeIgniter\Autoloader\Autoloader->loadInNamespace('App\\Controllers\\arancelController\\ArancelControlador')
 3 [internal function]: CodeIgniter\Autoloader\Autoloader->loadClass('App\\Controllers\\arancelController\\ArancelControlador')
 4 SYSTEMPATH\CodeIgniter.php(887): class_exists('\\App\\Controllers\\arancelController\\ArancelControlador', true)
 5 SYSTEMPATH\CodeIgniter.php(496): CodeIgniter\CodeIgniter->startController()
 6 SYSTEMPATH\CodeIgniter.php(355): CodeIgniter\CodeIgniter->handleRequest(null, Object(Config\Cache), false)
 7 SYSTEMPATH\Boot.php(325): CodeIgniter\CodeIgniter->run()
 8 SYSTEMPATH\Boot.php(67): CodeIgniter\Boot::runCodeIgniter(Object(CodeIgniter\CodeIgniter))
 9 FCPATH\index.php(56): CodeIgniter\Boot::bootWeb(Object(Config\Paths))
CRITICAL - 2024-10-07 00:37:58 --> ParseError: syntax error, unexpected token ";", expecting "]"
[Method: GET, Route: ListarCompleta]
in APPPATH\Controllers\arancelController\ArancelControlador.php on line 79.
 1 SYSTEMPATH\Autoloader\Autoloader.php(296): CodeIgniter\Autoloader\Autoloader->includeFile('C:\\laragon\\www\\PROGRAMA\\app\\Controllers\\arancelController\\ArancelControlador.php')
 2 SYSTEMPATH\Autoloader\Autoloader.php(272): CodeIgniter\Autoloader\Autoloader->loadInNamespace('App\\Controllers\\arancelController\\ArancelControlador')
 3 [internal function]: CodeIgniter\Autoloader\Autoloader->loadClass('App\\Controllers\\arancelController\\ArancelControlador')
 4 SYSTEMPATH\CodeIgniter.php(887): class_exists('\\App\\Controllers\\arancelController\\ArancelControlador', true)
 5 SYSTEMPATH\CodeIgniter.php(496): CodeIgniter\CodeIgniter->startController()
 6 SYSTEMPATH\CodeIgniter.php(355): CodeIgniter\CodeIgniter->handleRequest(null, Object(Config\Cache), false)
 7 SYSTEMPATH\Boot.php(325): CodeIgniter\CodeIgniter->run()
 8 SYSTEMPATH\Boot.php(67): CodeIgniter\Boot::runCodeIgniter(Object(CodeIgniter\CodeIgniter))
 9 FCPATH\index.php(56): CodeIgniter\Boot::bootWeb(Object(Config\Paths))
CRITICAL - 2024-10-07 00:37:59 --> ParseError: syntax error, unexpected token ";", expecting "]"
[Method: GET, Route: ListarCompleta]
in APPPATH\Controllers\arancelController\ArancelControlador.php on line 79.
 1 SYSTEMPATH\Autoloader\Autoloader.php(296): CodeIgniter\Autoloader\Autoloader->includeFile('C:\\laragon\\www\\PROGRAMA\\app\\Controllers\\arancelController\\ArancelControlador.php')
 2 SYSTEMPATH\Autoloader\Autoloader.php(272): CodeIgniter\Autoloader\Autoloader->loadInNamespace('App\\Controllers\\arancelController\\ArancelControlador')
 3 [internal function]: CodeIgniter\Autoloader\Autoloader->loadClass('App\\Controllers\\arancelController\\ArancelControlador')
 4 SYSTEMPATH\CodeIgniter.php(887): class_exists('\\App\\Controllers\\arancelController\\ArancelControlador', true)
 5 SYSTEMPATH\CodeIgniter.php(496): CodeIgniter\CodeIgniter->startController()
 6 SYSTEMPATH\CodeIgniter.php(355): CodeIgniter\CodeIgniter->handleRequest(null, Object(Config\Cache), false)
 7 SYSTEMPATH\Boot.php(325): CodeIgniter\CodeIgniter->run()
 8 SYSTEMPATH\Boot.php(67): CodeIgniter\Boot::runCodeIgniter(Object(CodeIgniter\CodeIgniter))
 9 FCPATH\index.php(56): CodeIgniter\Boot::bootWeb(Object(Config\Paths))
CRITICAL - 2024-10-07 00:37:59 --> ParseError: syntax error, unexpected token ";", expecting "]"
[Method: GET, Route: ListarCompleta]
in APPPATH\Controllers\arancelController\ArancelControlador.php on line 79.
 1 SYSTEMPATH\Autoloader\Autoloader.php(296): CodeIgniter\Autoloader\Autoloader->includeFile('C:\\laragon\\www\\PROGRAMA\\app\\Controllers\\arancelController\\ArancelControlador.php')
 2 SYSTEMPATH\Autoloader\Autoloader.php(272): CodeIgniter\Autoloader\Autoloader->loadInNamespace('App\\Controllers\\arancelController\\ArancelControlador')
 3 [internal function]: CodeIgniter\Autoloader\Autoloader->loadClass('App\\Controllers\\arancelController\\ArancelControlador')
 4 SYSTEMPATH\CodeIgniter.php(887): class_exists('\\App\\Controllers\\arancelController\\ArancelControlador', true)
 5 SYSTEMPATH\CodeIgniter.php(496): CodeIgniter\CodeIgniter->startController()
 6 SYSTEMPATH\CodeIgniter.php(355): CodeIgniter\CodeIgniter->handleRequest(null, Object(Config\Cache), false)
 7 SYSTEMPATH\Boot.php(325): CodeIgniter\CodeIgniter->run()
 8 SYSTEMPATH\Boot.php(67): CodeIgniter\Boot::runCodeIgniter(Object(CodeIgniter\CodeIgniter))
 9 FCPATH\index.php(56): CodeIgniter\Boot::bootWeb(Object(Config\Paths))
CRITICAL - 2024-10-07 00:37:59 --> ParseError: syntax error, unexpected token ";", expecting "]"
[Method: GET, Route: ListarCompleta]
in APPPATH\Controllers\arancelController\ArancelControlador.php on line 79.
 1 SYSTEMPATH\Autoloader\Autoloader.php(296): CodeIgniter\Autoloader\Autoloader->includeFile('C:\\laragon\\www\\PROGRAMA\\app\\Controllers\\arancelController\\ArancelControlador.php')
 2 SYSTEMPATH\Autoloader\Autoloader.php(272): CodeIgniter\Autoloader\Autoloader->loadInNamespace('App\\Controllers\\arancelController\\ArancelControlador')
 3 [internal function]: CodeIgniter\Autoloader\Autoloader->loadClass('App\\Controllers\\arancelController\\ArancelControlador')
 4 SYSTEMPATH\CodeIgniter.php(887): class_exists('\\App\\Controllers\\arancelController\\ArancelControlador', true)
 5 SYSTEMPATH\CodeIgniter.php(496): CodeIgniter\CodeIgniter->startController()
 6 SYSTEMPATH\CodeIgniter.php(355): CodeIgniter\CodeIgniter->handleRequest(null, Object(Config\Cache), false)
 7 SYSTEMPATH\Boot.php(325): CodeIgniter\CodeIgniter->run()
 8 SYSTEMPATH\Boot.php(67): CodeIgniter\Boot::runCodeIgniter(Object(CodeIgniter\CodeIgniter))
 9 FCPATH\index.php(56): CodeIgniter\Boot::bootWeb(Object(Config\Paths))
CRITICAL - 2024-10-07 00:37:59 --> ParseError: syntax error, unexpected token ";", expecting "]"
[Method: GET, Route: ListarCompleta]
in APPPATH\Controllers\arancelController\ArancelControlador.php on line 79.
 1 SYSTEMPATH\Autoloader\Autoloader.php(296): CodeIgniter\Autoloader\Autoloader->includeFile('C:\\laragon\\www\\PROGRAMA\\app\\Controllers\\arancelController\\ArancelControlador.php')
 2 SYSTEMPATH\Autoloader\Autoloader.php(272): CodeIgniter\Autoloader\Autoloader->loadInNamespace('App\\Controllers\\arancelController\\ArancelControlador')
 3 [internal function]: CodeIgniter\Autoloader\Autoloader->loadClass('App\\Controllers\\arancelController\\ArancelControlador')
 4 SYSTEMPATH\CodeIgniter.php(887): class_exists('\\App\\Controllers\\arancelController\\ArancelControlador', true)
 5 SYSTEMPATH\CodeIgniter.php(496): CodeIgniter\CodeIgniter->startController()
 6 SYSTEMPATH\CodeIgniter.php(355): CodeIgniter\CodeIgniter->handleRequest(null, Object(Config\Cache), false)
 7 SYSTEMPATH\Boot.php(325): CodeIgniter\CodeIgniter->run()
 8 SYSTEMPATH\Boot.php(67): CodeIgniter\Boot::runCodeIgniter(Object(CodeIgniter\CodeIgniter))
 9 FCPATH\index.php(56): CodeIgniter\Boot::bootWeb(Object(Config\Paths))
INFO - 2024-10-07 00:38:45 --> Session: Class initialized using 'CodeIgniter\Session\Handlers\FileHandler' driver.
INFO - 2024-10-07 01:09:17 --> Session: Class initialized using 'CodeIgniter\Session\Handlers\FileHandler' driver.
INFO - 2024-10-07 01:09:40 --> Session: Class initialized using 'CodeIgniter\Session\Handlers\FileHandler' driver.
INFO - 2024-10-07 01:09:47 --> Session: Class initialized using 'CodeIgniter\Session\Handlers\FileHandler' driver.
INFO - 2024-10-07 01:10:18 --> Session: Class initialized using 'CodeIgniter\Session\Handlers\FileHandler' driver.
INFO - 2024-10-07 01:23:55 --> Session: Class initialized using 'CodeIgniter\Session\Handlers\FileHandler' driver.
INFO - 2024-10-07 01:24:05 --> Session: Class initialized using 'CodeIgniter\Session\Handlers\FileHandler' driver.
INFO - 2024-10-07 01:24:46 --> Session: Class initialized using 'CodeIgniter\Session\Handlers\FileHandler' driver.
INFO - 2024-10-07 01:28:07 --> Session: Class initialized using 'CodeIgniter\Session\Handlers\FileHandler' driver.
INFO - 2024-10-07 01:28:28 --> Session: Class initialized using 'CodeIgniter\Session\Handlers\FileHandler' driver.
INFO - 2024-10-07 01:32:27 --> Session: Class initialized using 'CodeIgniter\Session\Handlers\FileHandler' driver.
INFO - 2024-10-07 01:33:40 --> Session: Class initialized using 'CodeIgniter\Session\Handlers\FileHandler' driver.
INFO - 2024-10-07 01:33:44 --> Session: Class initialized using 'CodeIgniter\Session\Handlers\FileHandler' driver.
CRITICAL - 2024-10-07 01:33:44 --> ErrorException: Undefined property: App\Controllers\arancelController\ArancelControlador::$reponse
[Method: POST, Route: InsertarArancel]
in APPPATH\Controllers\arancelController\ArancelControlador.php on line 68.
 1 APPPATH\Controllers\arancelController\ArancelControlador.php(68): CodeIgniter\Debug\Exceptions->errorHandler(2, 'Undefined property: App\\Controllers\\arancelController\\ArancelControlador::$reponse', 'C:\\laragon\\www\\PROGRAMA\\app\\Controllers\\arancelController\\ArancelControlador.php', 68)
 2 SYSTEMPATH\CodeIgniter.php(933): App\Controllers\arancelController\ArancelControlador->InsertarNuevoArancelController()
 3 SYSTEMPATH\CodeIgniter.php(509): CodeIgniter\CodeIgniter->runController(Object(App\Controllers\arancelController\ArancelControlador))
 4 SYSTEMPATH\CodeIgniter.php(355): CodeIgniter\CodeIgniter->handleRequest(null, Object(Config\Cache), false)
 5 SYSTEMPATH\Boot.php(325): CodeIgniter\CodeIgniter->run()
 6 SYSTEMPATH\Boot.php(67): CodeIgniter\Boot::runCodeIgniter(Object(CodeIgniter\CodeIgniter))
 7 FCPATH\index.php(56): CodeIgniter\Boot::bootWeb(Object(Config\Paths))
INFO - 2024-10-07 01:34:01 --> Session: Class initialized using 'CodeIgniter\Session\Handlers\FileHandler' driver.
CRITICAL - 2024-10-07 01:34:01 --> ErrorException: Undefined property: App\Controllers\arancelController\ArancelControlador::$reponse
[Method: POST, Route: InsertarArancel]
in APPPATH\Controllers\arancelController\ArancelControlador.php on line 68.
 1 APPPATH\Controllers\arancelController\ArancelControlador.php(68): CodeIgniter\Debug\Exceptions->errorHandler(2, 'Undefined property: App\\Controllers\\arancelController\\ArancelControlador::$reponse', 'C:\\laragon\\www\\PROGRAMA\\app\\Controllers\\arancelController\\ArancelControlador.php', 68)
 2 SYSTEMPATH\CodeIgniter.php(933): App\Controllers\arancelController\ArancelControlador->InsertarNuevoArancelController()
 3 SYSTEMPATH\CodeIgniter.php(509): CodeIgniter\CodeIgniter->runController(Object(App\Controllers\arancelController\ArancelControlador))
 4 SYSTEMPATH\CodeIgniter.php(355): CodeIgniter\CodeIgniter->handleRequest(null, Object(Config\Cache), false)
 5 SYSTEMPATH\Boot.php(325): CodeIgniter\CodeIgniter->run()
 6 SYSTEMPATH\Boot.php(67): CodeIgniter\Boot::runCodeIgniter(Object(CodeIgniter\CodeIgniter))
 7 FCPATH\index.php(56): CodeIgniter\Boot::bootWeb(Object(Config\Paths))
INFO - 2024-10-07 01:34:34 --> Session: Class initialized using 'CodeIgniter\Session\Handlers\FileHandler' driver.
INFO - 2024-10-07 01:34:42 --> Session: Class initialized using 'CodeIgniter\Session\Handlers\FileHandler' driver.
INFO - 2024-10-07 01:35:09 --> Session: Class initialized using 'CodeIgniter\Session\Handlers\FileHandler' driver.
INFO - 2024-10-07 01:35:20 --> Session: Class initialized using 'CodeIgniter\Session\Handlers\FileHandler' driver.
INFO - 2024-10-07 01:36:28 --> Session: Class initialized using 'CodeIgniter\Session\Handlers\FileHandler' driver.
INFO - 2024-10-07 01:36:37 --> Session: Class initialized using 'CodeIgniter\Session\Handlers\FileHandler' driver.
INFO - 2024-10-07 01:36:53 --> Session: Class initialized using 'CodeIgniter\Session\Handlers\FileHandler' driver.
INFO - 2024-10-07 01:36:56 --> Session: Class initialized using 'CodeIgniter\Session\Handlers\FileHandler' driver.
INFO - 2024-10-07 01:37:05 --> Session: Class initialized using 'CodeIgniter\Session\Handlers\FileHandler' driver.
INFO - 2024-10-07 01:39:43 --> Session: Class initialized using 'CodeIgniter\Session\Handlers\FileHandler' driver.
INFO - 2024-10-07 01:39:46 --> Session: Class initialized using 'CodeIgniter\Session\Handlers\FileHandler' driver.
INFO - 2024-10-07 01:39:48 --> Session: Class initialized using 'CodeIgniter\Session\Handlers\FileHandler' driver.
INFO - 2024-10-07 01:42:02 --> Session: Class initialized using 'CodeIgniter\Session\Handlers\FileHandler' driver.
INFO - 2024-10-07 01:42:05 --> Session: Class initialized using 'CodeIgniter\Session\Handlers\FileHandler' driver.
INFO - 2024-10-07 01:43:05 --> Session: Class initialized using 'CodeIgniter\Session\Handlers\FileHandler' driver.
INFO - 2024-10-07 01:43:07 --> Session: Class initialized using 'CodeIgniter\Session\Handlers\FileHandler' driver.
INFO - 2024-10-07 01:44:02 --> Session: Class initialized using 'CodeIgniter\Session\Handlers\FileHandler' driver.
CRITICAL - 2024-10-07 01:44:02 --> Error: Undefined constant "App\Models\arancelModel\SRT_PAD_LEFT"
[Method: POST, Route: InsertarArancel]
in APPPATH\Models\arancelModel\arancelModelo.php on line 96.
 1 APPPATH\Controllers\arancelController\ArancelControlador.php(96): App\Models\arancelModel\arancelModelo->InsertarNuevoArancelModel([...])
 2 SYSTEMPATH\CodeIgniter.php(933): App\Controllers\arancelController\ArancelControlador->InsertarNuevoArancelController()
 3 SYSTEMPATH\CodeIgniter.php(509): CodeIgniter\CodeIgniter->runController(Object(App\Controllers\arancelController\ArancelControlador))
 4 SYSTEMPATH\CodeIgniter.php(355): CodeIgniter\CodeIgniter->handleRequest(null, Object(Config\Cache), false)
 5 SYSTEMPATH\Boot.php(325): CodeIgniter\CodeIgniter->run()
 6 SYSTEMPATH\Boot.php(67): CodeIgniter\Boot::runCodeIgniter(Object(CodeIgniter\CodeIgniter))
 7 FCPATH\index.php(56): CodeIgniter\Boot::bootWeb(Object(Config\Paths))
INFO - 2024-10-07 01:44:06 --> Session: Class initialized using 'CodeIgniter\Session\Handlers\FileHandler' driver.
CRITICAL - 2024-10-07 01:44:06 --> Error: Undefined constant "App\Models\arancelModel\SRT_PAD_LEFT"
[Method: POST, Route: InsertarArancel]
in APPPATH\Models\arancelModel\arancelModelo.php on line 96.
 1 APPPATH\Controllers\arancelController\ArancelControlador.php(96): App\Models\arancelModel\arancelModelo->InsertarNuevoArancelModel([...])
 2 SYSTEMPATH\CodeIgniter.php(933): App\Controllers\arancelController\ArancelControlador->InsertarNuevoArancelController()
 3 SYSTEMPATH\CodeIgniter.php(509): CodeIgniter\CodeIgniter->runController(Object(App\Controllers\arancelController\ArancelControlador))
 4 SYSTEMPATH\CodeIgniter.php(355): CodeIgniter\CodeIgniter->handleRequest(null, Object(Config\Cache), false)
 5 SYSTEMPATH\Boot.php(325): CodeIgniter\CodeIgniter->run()
 6 SYSTEMPATH\Boot.php(67): CodeIgniter\Boot::runCodeIgniter(Object(CodeIgniter\CodeIgniter))
 7 FCPATH\index.php(56): CodeIgniter\Boot::bootWeb(Object(Config\Paths))
INFO - 2024-10-07 01:44:59 --> Session: Class initialized using 'CodeIgniter\Session\Handlers\FileHandler' driver.
INFO - 2024-10-07 01:45:08 --> Session: Class initialized using 'CodeIgniter\Session\Handlers\FileHandler' driver.
CRITICAL - 2024-10-07 01:45:08 --> BadMethodCallException: Call to undefined method App\Models\arancelModel\arancelModelo::protected
[Method: POST, Route: InsertarArancel]
in SYSTEMPATH\Model.php on line 932.
 1 APPPATH\Models\arancelModel\arancelModelo.php(100): CodeIgniter\Model->__call('protected', [...])
 2 APPPATH\Controllers\arancelController\ArancelControlador.php(96): App\Models\arancelModel\arancelModelo->InsertarNuevoArancelModel([...])
 3 SYSTEMPATH\CodeIgniter.php(933): App\Controllers\arancelController\ArancelControlador->InsertarNuevoArancelController()
 4 SYSTEMPATH\CodeIgniter.php(509): CodeIgniter\CodeIgniter->runController(Object(App\Controllers\arancelController\ArancelControlador))
 5 SYSTEMPATH\CodeIgniter.php(355): CodeIgniter\CodeIgniter->handleRequest(null, Object(Config\Cache), false)
 6 SYSTEMPATH\Boot.php(325): CodeIgniter\CodeIgniter->run()
 7 SYSTEMPATH\Boot.php(67): CodeIgniter\Boot::runCodeIgniter(Object(CodeIgniter\CodeIgniter))
 8 FCPATH\index.php(56): CodeIgniter\Boot::bootWeb(Object(Config\Paths))
INFO - 2024-10-07 01:45:41 --> Session: Class initialized using 'CodeIgniter\Session\Handlers\FileHandler' driver.
INFO - 2024-10-07 01:45:48 --> Session: Class initialized using 'CodeIgniter\Session\Handlers\FileHandler' driver.
ERROR - 2024-10-07 01:45:48 --> ErrorException: pg_query(): Query failed: ERROR:  el valor de hora/fecha está fuera de rango: «2024-10-48 01:45:48»
LINE 1: ...99', '92.00', '0.70140', '1996', 1, 'MCRISTOBAL', '2024-10-4...
                                                             ^
HINT:  Quizás necesite una configuración diferente de «datestyle». in C:\laragon\www\PROGRAMA\system\Database\Postgre\Connection.php:206
Stack trace:
#0 [internal function]: CodeIgniter\Debug\Exceptions->errorHandler(2, 'pg_query(): Que...', 'C:\\laragon\\www\\...', 206)
#1 C:\laragon\www\PROGRAMA\system\Database\Postgre\Connection.php(206): pg_query(Object(PgSql\Connection), 'INSERT INTO "re...')
#2 C:\laragon\www\PROGRAMA\system\Database\BaseConnection.php(734): CodeIgniter\Database\Postgre\Connection->execute('INSERT INTO "re...')
#3 C:\laragon\www\PROGRAMA\system\Database\BaseConnection.php(648): CodeIgniter\Database\BaseConnection->simpleQuery('INSERT INTO "re...')
#4 C:\laragon\www\PROGRAMA\system\Database\BaseBuilder.php(2332): CodeIgniter\Database\BaseConnection->query('INSERT INTO "re...', Array, false)
#5 C:\laragon\www\PROGRAMA\system\Model.php(394): CodeIgniter\Database\BaseBuilder->insert()
#6 C:\laragon\www\PROGRAMA\system\BaseModel.php(840): CodeIgniter\Model->doInsert(Array)
#7 C:\laragon\www\PROGRAMA\system\Model.php(802): CodeIgniter\BaseModel->insert(Array, false)
#8 C:\laragon\www\PROGRAMA\app\Models\arancelModel\arancelModelo.php(100): CodeIgniter\Model->insert(Array, false)
#9 C:\laragon\www\PROGRAMA\app\Controllers\arancelController\ArancelControlador.php(96): App\Models\arancelModel\arancelModelo->InsertarNuevoArancelModel(Array)
#10 C:\laragon\www\PROGRAMA\system\CodeIgniter.php(933): App\Controllers\arancelController\ArancelControlador->InsertarNuevoArancelController()
#11 C:\laragon\www\PROGRAMA\system\CodeIgniter.php(509): CodeIgniter\CodeIgniter->runController(Object(App\Controllers\arancelController\ArancelControlador))
#12 C:\laragon\www\PROGRAMA\system\CodeIgniter.php(355): CodeIgniter\CodeIgniter->handleRequest(NULL, Object(Config\Cache), false)
#13 C:\laragon\www\PROGRAMA\system\Boot.php(325): CodeIgniter\CodeIgniter->run()
#14 C:\laragon\www\PROGRAMA\system\Boot.php(67): CodeIgniter\Boot::runCodeIgniter(Object(CodeIgniter\CodeIgniter))
#15 C:\laragon\www\PROGRAMA\public\index.php(56): CodeIgniter\Boot::bootWeb(Object(Config\Paths))
#16 {main}
CRITICAL - 2024-10-07 01:45:48 --> CodeIgniter\Database\Exceptions\DatabaseException: pg_query(): Query failed: ERROR:  el valor de hora/fecha está fuera de rango: «2024-10-48 01:45:48»
LINE 1: ...99', '92.00', '0.70140', '1996', 1, 'MCRISTOBAL', '2024-10-4...
                                                             ^
HINT:  Quizás necesite una configuración diferente de «datestyle».
[Method: POST, Route: InsertarArancel]
in SYSTEMPATH\Database\BaseConnection.php on line 688.
 1 SYSTEMPATH\Database\BaseBuilder.php(2332): CodeIgniter\Database\BaseConnection->query('INSERT INTO "registro"."marance" ("mpoblad", "mviadis", "nladvia", "ncuaini", "ncuafin", "narance", "nfacbar", "cperiod", "nestado", "vusernm", "ddatetm", "nfrebar", "nfacbar_casa", "idsigma") VALUES (:mpoblad:, :mviadis:, :nladvia:, :ncuaini:, :ncuafin:, :narance:, :nfacbar:, :cperiod:, :nestado:, :vusernm:, :ddatetm:, :nfrebar:, :nfacbar_casa:, :idsigma:)', [...], false)
 2 SYSTEMPATH\Model.php(394): CodeIgniter\Database\BaseBuilder->insert()
 3 SYSTEMPATH\BaseModel.php(840): CodeIgniter\Model->doInsert([...])
 4 SYSTEMPATH\Model.php(802): CodeIgniter\BaseModel->insert([...], false)
 5 APPPATH\Models\arancelModel\arancelModelo.php(100): CodeIgniter\Model->insert([...], false)
 6 APPPATH\Controllers\arancelController\ArancelControlador.php(96): App\Models\arancelModel\arancelModelo->InsertarNuevoArancelModel([...])
 7 SYSTEMPATH\CodeIgniter.php(933): App\Controllers\arancelController\ArancelControlador->InsertarNuevoArancelController()
 8 SYSTEMPATH\CodeIgniter.php(509): CodeIgniter\CodeIgniter->runController(Object(App\Controllers\arancelController\ArancelControlador))
 9 SYSTEMPATH\CodeIgniter.php(355): CodeIgniter\CodeIgniter->handleRequest(null, Object(Config\Cache), false)
10 SYSTEMPATH\Boot.php(325): CodeIgniter\CodeIgniter->run()
11 SYSTEMPATH\Boot.php(67): CodeIgniter\Boot::runCodeIgniter(Object(CodeIgniter\CodeIgniter))
12 FCPATH\index.php(56): CodeIgniter\Boot::bootWeb(Object(Config\Paths))
CRITICAL - 2024-10-07 01:45:48 --> [Caused by] CodeIgniter\Database\Exceptions\DatabaseException: pg_query(): Query failed: ERROR:  el valor de hora/fecha está fuera de rango: «2024-10-48 01:45:48»
LINE 1: ...99', '92.00', '0.70140', '1996', 1, 'MCRISTOBAL', '2024-10-4...
                                                             ^
HINT:  Quizás necesite una configuración diferente de «datestyle».
in SYSTEMPATH\Database\Postgre\Connection.php on line 211.
 1 SYSTEMPATH\Database\BaseConnection.php(734): CodeIgniter\Database\Postgre\Connection->execute('INSERT INTO "registro"."marance" ("mpoblad", "mviadis", "nladvia", "ncuaini", "ncuafin", "narance", "nfacbar", "cperiod", "nestado", "vusernm", "ddatetm", "nfrebar", "nfacbar_casa", "idsigma") VALUES (\'0000000317\', \'0000000276\', \'1\', \'1\', \'999\', \'92.00\', \'0.70140\', \'1996\', 1, \'MCRISTOBAL\', \'2024-10-48 01:45:48\', \'0\', \'0\', \'0000006313\')')
 2 SYSTEMPATH\Database\BaseConnection.php(648): CodeIgniter\Database\BaseConnection->simpleQuery('INSERT INTO "registro"."marance" ("mpoblad", "mviadis", "nladvia", "ncuaini", "ncuafin", "narance", "nfacbar", "cperiod", "nestado", "vusernm", "ddatetm", "nfrebar", "nfacbar_casa", "idsigma") VALUES (\'0000000317\', \'0000000276\', \'1\', \'1\', \'999\', \'92.00\', \'0.70140\', \'1996\', 1, \'MCRISTOBAL\', \'2024-10-48 01:45:48\', \'0\', \'0\', \'0000006313\')')
 3 SYSTEMPATH\Database\BaseBuilder.php(2332): CodeIgniter\Database\BaseConnection->query('INSERT INTO "registro"."marance" ("mpoblad", "mviadis", "nladvia", "ncuaini", "ncuafin", "narance", "nfacbar", "cperiod", "nestado", "vusernm", "ddatetm", "nfrebar", "nfacbar_casa", "idsigma") VALUES (:mpoblad:, :mviadis:, :nladvia:, :ncuaini:, :ncuafin:, :narance:, :nfacbar:, :cperiod:, :nestado:, :vusernm:, :ddatetm:, :nfrebar:, :nfacbar_casa:, :idsigma:)', [...], false)
 4 SYSTEMPATH\Model.php(394): CodeIgniter\Database\BaseBuilder->insert()
 5 SYSTEMPATH\BaseModel.php(840): CodeIgniter\Model->doInsert([...])
 6 SYSTEMPATH\Model.php(802): CodeIgniter\BaseModel->insert([...], false)
 7 APPPATH\Models\arancelModel\arancelModelo.php(100): CodeIgniter\Model->insert([...], false)
 8 APPPATH\Controllers\arancelController\ArancelControlador.php(96): App\Models\arancelModel\arancelModelo->InsertarNuevoArancelModel([...])
 9 SYSTEMPATH\CodeIgniter.php(933): App\Controllers\arancelController\ArancelControlador->InsertarNuevoArancelController()
10 SYSTEMPATH\CodeIgniter.php(509): CodeIgniter\CodeIgniter->runController(Object(App\Controllers\arancelController\ArancelControlador))
11 SYSTEMPATH\CodeIgniter.php(355): CodeIgniter\CodeIgniter->handleRequest(null, Object(Config\Cache), false)
12 SYSTEMPATH\Boot.php(325): CodeIgniter\CodeIgniter->run()
13 SYSTEMPATH\Boot.php(67): CodeIgniter\Boot::runCodeIgniter(Object(CodeIgniter\CodeIgniter))
14 FCPATH\index.php(56): CodeIgniter\Boot::bootWeb(Object(Config\Paths))
CRITICAL - 2024-10-07 01:45:48 --> [Caused by] ErrorException: pg_query(): Query failed: ERROR:  el valor de hora/fecha está fuera de rango: «2024-10-48 01:45:48»
LINE 1: ...99', '92.00', '0.70140', '1996', 1, 'MCRISTOBAL', '2024-10-4...
                                                             ^
HINT:  Quizás necesite una configuración diferente de «datestyle».
in SYSTEMPATH\Database\Postgre\Connection.php on line 206.
 1 [internal function]: CodeIgniter\Debug\Exceptions->errorHandler(2, 'pg_query(): Query failed: ERROR:  el valor de hora/fecha está fuera de rango: «2024-10-48 01:45:48»
LINE 1: ...99\', \'92.00\', \'0.70140\', \'1996\', 1, \'MCRISTOBAL\', \'2024-10-4...
                                                             ^
HINT:  Quizás necesite una configuración diferente de «datestyle».', 'C:\\laragon\\www\\PROGRAMA\\system\\Database\\Postgre\\Connection.php', 206)
 2 SYSTEMPATH\Database\Postgre\Connection.php(206): pg_query(Object(PgSql\Connection), 'INSERT INTO "registro"."marance" ("mpoblad", "mviadis", "nladvia", "ncuaini", "ncuafin", "narance", "nfacbar", "cperiod", "nestado", "vusernm", "ddatetm", "nfrebar", "nfacbar_casa", "idsigma") VALUES (\'0000000317\', \'0000000276\', \'1\', \'1\', \'999\', \'92.00\', \'0.70140\', \'1996\', 1, \'MCRISTOBAL\', \'2024-10-48 01:45:48\', \'0\', \'0\', \'0000006313\')')
 3 SYSTEMPATH\Database\BaseConnection.php(734): CodeIgniter\Database\Postgre\Connection->execute('INSERT INTO "registro"."marance" ("mpoblad", "mviadis", "nladvia", "ncuaini", "ncuafin", "narance", "nfacbar", "cperiod", "nestado", "vusernm", "ddatetm", "nfrebar", "nfacbar_casa", "idsigma") VALUES (\'0000000317\', \'0000000276\', \'1\', \'1\', \'999\', \'92.00\', \'0.70140\', \'1996\', 1, \'MCRISTOBAL\', \'2024-10-48 01:45:48\', \'0\', \'0\', \'0000006313\')')
 4 SYSTEMPATH\Database\BaseConnection.php(648): CodeIgniter\Database\BaseConnection->simpleQuery('INSERT INTO "registro"."marance" ("mpoblad", "mviadis", "nladvia", "ncuaini", "ncuafin", "narance", "nfacbar", "cperiod", "nestado", "vusernm", "ddatetm", "nfrebar", "nfacbar_casa", "idsigma") VALUES (\'0000000317\', \'0000000276\', \'1\', \'1\', \'999\', \'92.00\', \'0.70140\', \'1996\', 1, \'MCRISTOBAL\', \'2024-10-48 01:45:48\', \'0\', \'0\', \'0000006313\')')
 5 SYSTEMPATH\Database\BaseBuilder.php(2332): CodeIgniter\Database\BaseConnection->query('INSERT INTO "registro"."marance" ("mpoblad", "mviadis", "nladvia", "ncuaini", "ncuafin", "narance", "nfacbar", "cperiod", "nestado", "vusernm", "ddatetm", "nfrebar", "nfacbar_casa", "idsigma") VALUES (:mpoblad:, :mviadis:, :nladvia:, :ncuaini:, :ncuafin:, :narance:, :nfacbar:, :cperiod:, :nestado:, :vusernm:, :ddatetm:, :nfrebar:, :nfacbar_casa:, :idsigma:)', [...], false)
 6 SYSTEMPATH\Model.php(394): CodeIgniter\Database\BaseBuilder->insert()
 7 SYSTEMPATH\BaseModel.php(840): CodeIgniter\Model->doInsert([...])
 8 SYSTEMPATH\Model.php(802): CodeIgniter\BaseModel->insert([...], false)
 9 APPPATH\Models\arancelModel\arancelModelo.php(100): CodeIgniter\Model->insert([...], false)
10 APPPATH\Controllers\arancelController\ArancelControlador.php(96): App\Models\arancelModel\arancelModelo->InsertarNuevoArancelModel([...])
11 SYSTEMPATH\CodeIgniter.php(933): App\Controllers\arancelController\ArancelControlador->InsertarNuevoArancelController()
12 SYSTEMPATH\CodeIgniter.php(509): CodeIgniter\CodeIgniter->runController(Object(App\Controllers\arancelController\ArancelControlador))
13 SYSTEMPATH\CodeIgniter.php(355): CodeIgniter\CodeIgniter->handleRequest(null, Object(Config\Cache), false)
14 SYSTEMPATH\Boot.php(325): CodeIgniter\CodeIgniter->run()
15 SYSTEMPATH\Boot.php(67): CodeIgniter\Boot::runCodeIgniter(Object(CodeIgniter\CodeIgniter))
16 FCPATH\index.php(56): CodeIgniter\Boot::bootWeb(Object(Config\Paths))
INFO - 2024-10-07 01:48:09 --> Session: Class initialized using 'CodeIgniter\Session\Handlers\FileHandler' driver.
INFO - 2024-10-07 01:48:17 --> Session: Class initialized using 'CodeIgniter\Session\Handlers\FileHandler' driver.
ERROR - 2024-10-07 01:48:17 --> ErrorException: pg_query(): Query failed: ERROR:  el valor null para la columna «vhostnm» viola la restricción not null
DETAIL:  La fila que falla contiene (0000006313, 0000000317, 0000000276, 1, 1, 999, 92.00, 0.70140, 1996, 1, null, MCRISTOBAL, 2024-10-07 01:48:17, 0, 0.00000). in C:\laragon\www\PROGRAMA\system\Database\Postgre\Connection.php:206
Stack trace:
#0 [internal function]: CodeIgniter\Debug\Exceptions->errorHandler(2, 'pg_query(): Que...', 'C:\\laragon\\www\\...', 206)
#1 C:\laragon\www\PROGRAMA\system\Database\Postgre\Connection.php(206): pg_query(Object(PgSql\Connection), 'INSERT INTO "re...')
#2 C:\laragon\www\PROGRAMA\system\Database\BaseConnection.php(734): CodeIgniter\Database\Postgre\Connection->execute('INSERT INTO "re...')
#3 C:\laragon\www\PROGRAMA\system\Database\BaseConnection.php(648): CodeIgniter\Database\BaseConnection->simpleQuery('INSERT INTO "re...')
#4 C:\laragon\www\PROGRAMA\system\Database\BaseBuilder.php(2332): CodeIgniter\Database\BaseConnection->query('INSERT INTO "re...', Array, false)
#5 C:\laragon\www\PROGRAMA\system\Model.php(394): CodeIgniter\Database\BaseBuilder->insert()
#6 C:\laragon\www\PROGRAMA\system\BaseModel.php(840): CodeIgniter\Model->doInsert(Array)
#7 C:\laragon\www\PROGRAMA\system\Model.php(802): CodeIgniter\BaseModel->insert(Array, false)
#8 C:\laragon\www\PROGRAMA\app\Models\arancelModel\arancelModelo.php(100): CodeIgniter\Model->insert(Array, false)
#9 C:\laragon\www\PROGRAMA\app\Controllers\arancelController\ArancelControlador.php(96): App\Models\arancelModel\arancelModelo->InsertarNuevoArancelModel(Array)
#10 C:\laragon\www\PROGRAMA\system\CodeIgniter.php(933): App\Controllers\arancelController\ArancelControlador->InsertarNuevoArancelController()
#11 C:\laragon\www\PROGRAMA\system\CodeIgniter.php(509): CodeIgniter\CodeIgniter->runController(Object(App\Controllers\arancelController\ArancelControlador))
#12 C:\laragon\www\PROGRAMA\system\CodeIgniter.php(355): CodeIgniter\CodeIgniter->handleRequest(NULL, Object(Config\Cache), false)
#13 C:\laragon\www\PROGRAMA\system\Boot.php(325): CodeIgniter\CodeIgniter->run()
#14 C:\laragon\www\PROGRAMA\system\Boot.php(67): CodeIgniter\Boot::runCodeIgniter(Object(CodeIgniter\CodeIgniter))
#15 C:\laragon\www\PROGRAMA\public\index.php(56): CodeIgniter\Boot::bootWeb(Object(Config\Paths))
#16 {main}
CRITICAL - 2024-10-07 01:48:17 --> CodeIgniter\Database\Exceptions\DatabaseException: pg_query(): Query failed: ERROR:  el valor null para la columna «vhostnm» viola la restricción not null
DETAIL:  La fila que falla contiene (0000006313, 0000000317, 0000000276, 1, 1, 999, 92.00, 0.70140, 1996, 1, null, MCRISTOBAL, 2024-10-07 01:48:17, 0, 0.00000).
[Method: POST, Route: InsertarArancel]
in SYSTEMPATH\Database\BaseConnection.php on line 688.
 1 SYSTEMPATH\Database\BaseBuilder.php(2332): CodeIgniter\Database\BaseConnection->query('INSERT INTO "registro"."marance" ("mpoblad", "mviadis", "nladvia", "ncuaini", "ncuafin", "narance", "nfacbar", "cperiod", "nestado", "vusernm", "ddatetm", "nfrebar", "nfacbar_casa", "idsigma") VALUES (:mpoblad:, :mviadis:, :nladvia:, :ncuaini:, :ncuafin:, :narance:, :nfacbar:, :cperiod:, :nestado:, :vusernm:, :ddatetm:, :nfrebar:, :nfacbar_casa:, :idsigma:)', [...], false)
 2 SYSTEMPATH\Model.php(394): CodeIgniter\Database\BaseBuilder->insert()
 3 SYSTEMPATH\BaseModel.php(840): CodeIgniter\Model->doInsert([...])
 4 SYSTEMPATH\Model.php(802): CodeIgniter\BaseModel->insert([...], false)
 5 APPPATH\Models\arancelModel\arancelModelo.php(100): CodeIgniter\Model->insert([...], false)
 6 APPPATH\Controllers\arancelController\ArancelControlador.php(96): App\Models\arancelModel\arancelModelo->InsertarNuevoArancelModel([...])
 7 SYSTEMPATH\CodeIgniter.php(933): App\Controllers\arancelController\ArancelControlador->InsertarNuevoArancelController()
 8 SYSTEMPATH\CodeIgniter.php(509): CodeIgniter\CodeIgniter->runController(Object(App\Controllers\arancelController\ArancelControlador))
 9 SYSTEMPATH\CodeIgniter.php(355): CodeIgniter\CodeIgniter->handleRequest(null, Object(Config\Cache), false)
10 SYSTEMPATH\Boot.php(325): CodeIgniter\CodeIgniter->run()
11 SYSTEMPATH\Boot.php(67): CodeIgniter\Boot::runCodeIgniter(Object(CodeIgniter\CodeIgniter))
12 FCPATH\index.php(56): CodeIgniter\Boot::bootWeb(Object(Config\Paths))
CRITICAL - 2024-10-07 01:48:17 --> [Caused by] CodeIgniter\Database\Exceptions\DatabaseException: pg_query(): Query failed: ERROR:  el valor null para la columna «vhostnm» viola la restricción not null
DETAIL:  La fila que falla contiene (0000006313, 0000000317, 0000000276, 1, 1, 999, 92.00, 0.70140, 1996, 1, null, MCRISTOBAL, 2024-10-07 01:48:17, 0, 0.00000).
in SYSTEMPATH\Database\Postgre\Connection.php on line 211.
 1 SYSTEMPATH\Database\BaseConnection.php(734): CodeIgniter\Database\Postgre\Connection->execute('INSERT INTO "registro"."marance" ("mpoblad", "mviadis", "nladvia", "ncuaini", "ncuafin", "narance", "nfacbar", "cperiod", "nestado", "vusernm", "ddatetm", "nfrebar", "nfacbar_casa", "idsigma") VALUES (\'0000000317\', \'0000000276\', \'1\', \'1\', \'999\', \'92.00\', \'0.70140\', \'1996\', 1, \'MCRISTOBAL\', \'2024-10-07 01:48:17\', \'0\', \'0\', \'0000006313\')')
 2 SYSTEMPATH\Database\BaseConnection.php(648): CodeIgniter\Database\BaseConnection->simpleQuery('INSERT INTO "registro"."marance" ("mpoblad", "mviadis", "nladvia", "ncuaini", "ncuafin", "narance", "nfacbar", "cperiod", "nestado", "vusernm", "ddatetm", "nfrebar", "nfacbar_casa", "idsigma") VALUES (\'0000000317\', \'0000000276\', \'1\', \'1\', \'999\', \'92.00\', \'0.70140\', \'1996\', 1, \'MCRISTOBAL\', \'2024-10-07 01:48:17\', \'0\', \'0\', \'0000006313\')')
 3 SYSTEMPATH\Database\BaseBuilder.php(2332): CodeIgniter\Database\BaseConnection->query('INSERT INTO "registro"."marance" ("mpoblad", "mviadis", "nladvia", "ncuaini", "ncuafin", "narance", "nfacbar", "cperiod", "nestado", "vusernm", "ddatetm", "nfrebar", "nfacbar_casa", "idsigma") VALUES (:mpoblad:, :mviadis:, :nladvia:, :ncuaini:, :ncuafin:, :narance:, :nfacbar:, :cperiod:, :nestado:, :vusernm:, :ddatetm:, :nfrebar:, :nfacbar_casa:, :idsigma:)', [...], false)
 4 SYSTEMPATH\Model.php(394): CodeIgniter\Database\BaseBuilder->insert()
 5 SYSTEMPATH\BaseModel.php(840): CodeIgniter\Model->doInsert([...])
 6 SYSTEMPATH\Model.php(802): CodeIgniter\BaseModel->insert([...], false)
 7 APPPATH\Models\arancelModel\arancelModelo.php(100): CodeIgniter\Model->insert([...], false)
 8 APPPATH\Controllers\arancelController\ArancelControlador.php(96): App\Models\arancelModel\arancelModelo->InsertarNuevoArancelModel([...])
 9 SYSTEMPATH\CodeIgniter.php(933): App\Controllers\arancelController\ArancelControlador->InsertarNuevoArancelController()
10 SYSTEMPATH\CodeIgniter.php(509): CodeIgniter\CodeIgniter->runController(Object(App\Controllers\arancelController\ArancelControlador))
11 SYSTEMPATH\CodeIgniter.php(355): CodeIgniter\CodeIgniter->handleRequest(null, Object(Config\Cache), false)
12 SYSTEMPATH\Boot.php(325): CodeIgniter\CodeIgniter->run()
13 SYSTEMPATH\Boot.php(67): CodeIgniter\Boot::runCodeIgniter(Object(CodeIgniter\CodeIgniter))
14 FCPATH\index.php(56): CodeIgniter\Boot::bootWeb(Object(Config\Paths))
CRITICAL - 2024-10-07 01:48:17 --> [Caused by] ErrorException: pg_query(): Query failed: ERROR:  el valor null para la columna «vhostnm» viola la restricción not null
DETAIL:  La fila que falla contiene (0000006313, 0000000317, 0000000276, 1, 1, 999, 92.00, 0.70140, 1996, 1, null, MCRISTOBAL, 2024-10-07 01:48:17, 0, 0.00000).
in SYSTEMPATH\Database\Postgre\Connection.php on line 206.
 1 [internal function]: CodeIgniter\Debug\Exceptions->errorHandler(2, 'pg_query(): Query failed: ERROR:  el valor null para la columna «vhostnm» viola la restricción not null
DETAIL:  La fila que falla contiene (0000006313, 0000000317, 0000000276, 1, 1, 999, 92.00, 0.70140, 1996, 1, null, MCRISTOBAL, 2024-10-07 01:48:17, 0, 0.00000).', 'C:\\laragon\\www\\PROGRAMA\\system\\Database\\Postgre\\Connection.php', 206)
 2 SYSTEMPATH\Database\Postgre\Connection.php(206): pg_query(Object(PgSql\Connection), 'INSERT INTO "registro"."marance" ("mpoblad", "mviadis", "nladvia", "ncuaini", "ncuafin", "narance", "nfacbar", "cperiod", "nestado", "vusernm", "ddatetm", "nfrebar", "nfacbar_casa", "idsigma") VALUES (\'0000000317\', \'0000000276\', \'1\', \'1\', \'999\', \'92.00\', \'0.70140\', \'1996\', 1, \'MCRISTOBAL\', \'2024-10-07 01:48:17\', \'0\', \'0\', \'0000006313\')')
 3 SYSTEMPATH\Database\BaseConnection.php(734): CodeIgniter\Database\Postgre\Connection->execute('INSERT INTO "registro"."marance" ("mpoblad", "mviadis", "nladvia", "ncuaini", "ncuafin", "narance", "nfacbar", "cperiod", "nestado", "vusernm", "ddatetm", "nfrebar", "nfacbar_casa", "idsigma") VALUES (\'0000000317\', \'0000000276\', \'1\', \'1\', \'999\', \'92.00\', \'0.70140\', \'1996\', 1, \'MCRISTOBAL\', \'2024-10-07 01:48:17\', \'0\', \'0\', \'0000006313\')')
 4 SYSTEMPATH\Database\BaseConnection.php(648): CodeIgniter\Database\BaseConnection->simpleQuery('INSERT INTO "registro"."marance" ("mpoblad", "mviadis", "nladvia", "ncuaini", "ncuafin", "narance", "nfacbar", "cperiod", "nestado", "vusernm", "ddatetm", "nfrebar", "nfacbar_casa", "idsigma") VALUES (\'0000000317\', \'0000000276\', \'1\', \'1\', \'999\', \'92.00\', \'0.70140\', \'1996\', 1, \'MCRISTOBAL\', \'2024-10-07 01:48:17\', \'0\', \'0\', \'0000006313\')')
 5 SYSTEMPATH\Database\BaseBuilder.php(2332): CodeIgniter\Database\BaseConnection->query('INSERT INTO "registro"."marance" ("mpoblad", "mviadis", "nladvia", "ncuaini", "ncuafin", "narance", "nfacbar", "cperiod", "nestado", "vusernm", "ddatetm", "nfrebar", "nfacbar_casa", "idsigma") VALUES (:mpoblad:, :mviadis:, :nladvia:, :ncuaini:, :ncuafin:, :narance:, :nfacbar:, :cperiod:, :nestado:, :vusernm:, :ddatetm:, :nfrebar:, :nfacbar_casa:, :idsigma:)', [...], false)
 6 SYSTEMPATH\Model.php(394): CodeIgniter\Database\BaseBuilder->insert()
 7 SYSTEMPATH\BaseModel.php(840): CodeIgniter\Model->doInsert([...])
 8 SYSTEMPATH\Model.php(802): CodeIgniter\BaseModel->insert([...], false)
 9 APPPATH\Models\arancelModel\arancelModelo.php(100): CodeIgniter\Model->insert([...], false)
10 APPPATH\Controllers\arancelController\ArancelControlador.php(96): App\Models\arancelModel\arancelModelo->InsertarNuevoArancelModel([...])
11 SYSTEMPATH\CodeIgniter.php(933): App\Controllers\arancelController\ArancelControlador->InsertarNuevoArancelController()
12 SYSTEMPATH\CodeIgniter.php(509): CodeIgniter\CodeIgniter->runController(Object(App\Controllers\arancelController\ArancelControlador))
13 SYSTEMPATH\CodeIgniter.php(355): CodeIgniter\CodeIgniter->handleRequest(null, Object(Config\Cache), false)
14 SYSTEMPATH\Boot.php(325): CodeIgniter\CodeIgniter->run()
15 SYSTEMPATH\Boot.php(67): CodeIgniter\Boot::runCodeIgniter(Object(CodeIgniter\CodeIgniter))
16 FCPATH\index.php(56): CodeIgniter\Boot::bootWeb(Object(Config\Paths))
INFO - 2024-10-07 01:49:25 --> Session: Class initialized using 'CodeIgniter\Session\Handlers\FileHandler' driver.
INFO - 2024-10-07 01:49:45 --> Session: Class initialized using 'CodeIgniter\Session\Handlers\FileHandler' driver.
ERROR - 2024-10-07 01:49:45 --> ErrorException: pg_query(): Query failed: ERROR:  lastval no está definido en esta sesión in C:\laragon\www\PROGRAMA\system\Database\Postgre\Connection.php:206
Stack trace:
#0 [internal function]: CodeIgniter\Debug\Exceptions->errorHandler(2, 'pg_query(): Que...', 'C:\\laragon\\www\\...', 206)
#1 C:\laragon\www\PROGRAMA\system\Database\Postgre\Connection.php(206): pg_query(Object(PgSql\Connection), 'SELECT LASTVAL(...')
#2 C:\laragon\www\PROGRAMA\system\Database\BaseConnection.php(734): CodeIgniter\Database\Postgre\Connection->execute('SELECT LASTVAL(...')
#3 C:\laragon\www\PROGRAMA\system\Database\BaseConnection.php(648): CodeIgniter\Database\BaseConnection->simpleQuery('SELECT LASTVAL(...')
#4 C:\laragon\www\PROGRAMA\system\Database\Postgre\Connection.php(501): CodeIgniter\Database\BaseConnection->query('SELECT LASTVAL(...')
#5 C:\laragon\www\PROGRAMA\system\Model.php(399): CodeIgniter\Database\Postgre\Connection->insertID()
#6 C:\laragon\www\PROGRAMA\system\BaseModel.php(840): CodeIgniter\Model->doInsert(Array)
#7 C:\laragon\www\PROGRAMA\system\Model.php(802): CodeIgniter\BaseModel->insert(Array, false)
#8 C:\laragon\www\PROGRAMA\app\Models\arancelModel\arancelModelo.php(100): CodeIgniter\Model->insert(Array, false)
#9 C:\laragon\www\PROGRAMA\app\Controllers\arancelController\ArancelControlador.php(97): App\Models\arancelModel\arancelModelo->InsertarNuevoArancelModel(Array)
#10 C:\laragon\www\PROGRAMA\system\CodeIgniter.php(933): App\Controllers\arancelController\ArancelControlador->InsertarNuevoArancelController()
#11 C:\laragon\www\PROGRAMA\system\CodeIgniter.php(509): CodeIgniter\CodeIgniter->runController(Object(App\Controllers\arancelController\ArancelControlador))
#12 C:\laragon\www\PROGRAMA\system\CodeIgniter.php(355): CodeIgniter\CodeIgniter->handleRequest(NULL, Object(Config\Cache), false)
#13 C:\laragon\www\PROGRAMA\system\Boot.php(325): CodeIgniter\CodeIgniter->run()
#14 C:\laragon\www\PROGRAMA\system\Boot.php(67): CodeIgniter\Boot::runCodeIgniter(Object(CodeIgniter\CodeIgniter))
#15 C:\laragon\www\PROGRAMA\public\index.php(56): CodeIgniter\Boot::bootWeb(Object(Config\Paths))
#16 {main}
CRITICAL - 2024-10-07 01:49:45 --> CodeIgniter\Database\Exceptions\DatabaseException: pg_query(): Query failed: ERROR:  lastval no está definido en esta sesión
[Method: POST, Route: InsertarArancel]
in SYSTEMPATH\Database\BaseConnection.php on line 688.
 1 SYSTEMPATH\Database\Postgre\Connection.php(501): CodeIgniter\Database\BaseConnection->query('SELECT LASTVAL() AS ins_id')
 2 SYSTEMPATH\Model.php(399): CodeIgniter\Database\Postgre\Connection->insertID()
 3 SYSTEMPATH\BaseModel.php(840): CodeIgniter\Model->doInsert([...])
 4 SYSTEMPATH\Model.php(802): CodeIgniter\BaseModel->insert([...], false)
 5 APPPATH\Models\arancelModel\arancelModelo.php(100): CodeIgniter\Model->insert([...], false)
 6 APPPATH\Controllers\arancelController\ArancelControlador.php(97): App\Models\arancelModel\arancelModelo->InsertarNuevoArancelModel([...])
 7 SYSTEMPATH\CodeIgniter.php(933): App\Controllers\arancelController\ArancelControlador->InsertarNuevoArancelController()
 8 SYSTEMPATH\CodeIgniter.php(509): CodeIgniter\CodeIgniter->runController(Object(App\Controllers\arancelController\ArancelControlador))
 9 SYSTEMPATH\CodeIgniter.php(355): CodeIgniter\CodeIgniter->handleRequest(null, Object(Config\Cache), false)
10 SYSTEMPATH\Boot.php(325): CodeIgniter\CodeIgniter->run()
11 SYSTEMPATH\Boot.php(67): CodeIgniter\Boot::runCodeIgniter(Object(CodeIgniter\CodeIgniter))
12 FCPATH\index.php(56): CodeIgniter\Boot::bootWeb(Object(Config\Paths))
CRITICAL - 2024-10-07 01:49:45 --> [Caused by] CodeIgniter\Database\Exceptions\DatabaseException: pg_query(): Query failed: ERROR:  lastval no está definido en esta sesión
in SYSTEMPATH\Database\Postgre\Connection.php on line 211.
 1 SYSTEMPATH\Database\BaseConnection.php(734): CodeIgniter\Database\Postgre\Connection->execute('SELECT LASTVAL() AS ins_id')
 2 SYSTEMPATH\Database\BaseConnection.php(648): CodeIgniter\Database\BaseConnection->simpleQuery('SELECT LASTVAL() AS ins_id')
 3 SYSTEMPATH\Database\Postgre\Connection.php(501): CodeIgniter\Database\BaseConnection->query('SELECT LASTVAL() AS ins_id')
 4 SYSTEMPATH\Model.php(399): CodeIgniter\Database\Postgre\Connection->insertID()
 5 SYSTEMPATH\BaseModel.php(840): CodeIgniter\Model->doInsert([...])
 6 SYSTEMPATH\Model.php(802): CodeIgniter\BaseModel->insert([...], false)
 7 APPPATH\Models\arancelModel\arancelModelo.php(100): CodeIgniter\Model->insert([...], false)
 8 APPPATH\Controllers\arancelController\ArancelControlador.php(97): App\Models\arancelModel\arancelModelo->InsertarNuevoArancelModel([...])
 9 SYSTEMPATH\CodeIgniter.php(933): App\Controllers\arancelController\ArancelControlador->InsertarNuevoArancelController()
10 SYSTEMPATH\CodeIgniter.php(509): CodeIgniter\CodeIgniter->runController(Object(App\Controllers\arancelController\ArancelControlador))
11 SYSTEMPATH\CodeIgniter.php(355): CodeIgniter\CodeIgniter->handleRequest(null, Object(Config\Cache), false)
12 SYSTEMPATH\Boot.php(325): CodeIgniter\CodeIgniter->run()
13 SYSTEMPATH\Boot.php(67): CodeIgniter\Boot::runCodeIgniter(Object(CodeIgniter\CodeIgniter))
14 FCPATH\index.php(56): CodeIgniter\Boot::bootWeb(Object(Config\Paths))
CRITICAL - 2024-10-07 01:49:45 --> [Caused by] ErrorException: pg_query(): Query failed: ERROR:  lastval no está definido en esta sesión
in SYSTEMPATH\Database\Postgre\Connection.php on line 206.
 1 [internal function]: CodeIgniter\Debug\Exceptions->errorHandler(2, 'pg_query(): Query failed: ERROR:  lastval no está definido en esta sesión', 'C:\\laragon\\www\\PROGRAMA\\system\\Database\\Postgre\\Connection.php', 206)
 2 SYSTEMPATH\Database\Postgre\Connection.php(206): pg_query(Object(PgSql\Connection), 'SELECT LASTVAL() AS ins_id')
 3 SYSTEMPATH\Database\BaseConnection.php(734): CodeIgniter\Database\Postgre\Connection->execute('SELECT LASTVAL() AS ins_id')
 4 SYSTEMPATH\Database\BaseConnection.php(648): CodeIgniter\Database\BaseConnection->simpleQuery('SELECT LASTVAL() AS ins_id')
 5 SYSTEMPATH\Database\Postgre\Connection.php(501): CodeIgniter\Database\BaseConnection->query('SELECT LASTVAL() AS ins_id')
 6 SYSTEMPATH\Model.php(399): CodeIgniter\Database\Postgre\Connection->insertID()
 7 SYSTEMPATH\BaseModel.php(840): CodeIgniter\Model->doInsert([...])
 8 SYSTEMPATH\Model.php(802): CodeIgniter\BaseModel->insert([...], false)
 9 APPPATH\Models\arancelModel\arancelModelo.php(100): CodeIgniter\Model->insert([...], false)
10 APPPATH\Controllers\arancelController\ArancelControlador.php(97): App\Models\arancelModel\arancelModelo->InsertarNuevoArancelModel([...])
11 SYSTEMPATH\CodeIgniter.php(933): App\Controllers\arancelController\ArancelControlador->InsertarNuevoArancelController()
12 SYSTEMPATH\CodeIgniter.php(509): CodeIgniter\CodeIgniter->runController(Object(App\Controllers\arancelController\ArancelControlador))
13 SYSTEMPATH\CodeIgniter.php(355): CodeIgniter\CodeIgniter->handleRequest(null, Object(Config\Cache), false)
14 SYSTEMPATH\Boot.php(325): CodeIgniter\CodeIgniter->run()
15 SYSTEMPATH\Boot.php(67): CodeIgniter\Boot::runCodeIgniter(Object(CodeIgniter\CodeIgniter))
16 FCPATH\index.php(56): CodeIgniter\Boot::bootWeb(Object(Config\Paths))
INFO - 2024-10-07 02:05:30 --> Session: Class initialized using 'CodeIgniter\Session\Handlers\FileHandler' driver.
INFO - 2024-10-07 02:06:32 --> Session: Class initialized using 'CodeIgniter\Session\Handlers\FileHandler' driver.
ERROR - 2024-10-07 02:06:32 --> ErrorException: pg_query(): Query failed: ERROR:  el valor null para la columna «idsigma» viola la restricción not null
DETAIL:  La fila que falla contiene (null, 0000000317, 0000000276, 1, 1, 999, 101.00, 0.63100, 1996, 1, ::1, MCRISTOBAL, 2024-10-07 02:06:32, 0, 0.00000). in C:\laragon\www\PROGRAMA\system\Database\Postgre\Connection.php:206
Stack trace:
#0 [internal function]: CodeIgniter\Debug\Exceptions->errorHandler(2, 'pg_query(): Que...', 'C:\\laragon\\www\\...', 206)
#1 C:\laragon\www\PROGRAMA\system\Database\Postgre\Connection.php(206): pg_query(Object(PgSql\Connection), 'INSERT INTO "re...')
#2 C:\laragon\www\PROGRAMA\system\Database\BaseConnection.php(734): CodeIgniter\Database\Postgre\Connection->execute('INSERT INTO "re...')
#3 C:\laragon\www\PROGRAMA\system\Database\BaseConnection.php(648): CodeIgniter\Database\BaseConnection->simpleQuery('INSERT INTO "re...')
#4 C:\laragon\www\PROGRAMA\system\Database\BaseBuilder.php(2332): CodeIgniter\Database\BaseConnection->query('INSERT INTO "re...', Array, false)
#5 C:\laragon\www\PROGRAMA\system\Model.php(394): CodeIgniter\Database\BaseBuilder->insert()
#6 C:\laragon\www\PROGRAMA\system\BaseModel.php(840): CodeIgniter\Model->doInsert(Array)
#7 C:\laragon\www\PROGRAMA\system\Model.php(802): CodeIgniter\BaseModel->insert(Array, false)
#8 C:\laragon\www\PROGRAMA\app\Models\arancelModel\arancelModelo.php(100): CodeIgniter\Model->insert(Array, false)
#9 C:\laragon\www\PROGRAMA\app\Controllers\arancelController\ArancelControlador.php(97): App\Models\arancelModel\arancelModelo->InsertarNuevoArancelModel(Array)
#10 C:\laragon\www\PROGRAMA\system\CodeIgniter.php(933): App\Controllers\arancelController\ArancelControlador->InsertarNuevoArancelController()
#11 C:\laragon\www\PROGRAMA\system\CodeIgniter.php(509): CodeIgniter\CodeIgniter->runController(Object(App\Controllers\arancelController\ArancelControlador))
#12 C:\laragon\www\PROGRAMA\system\CodeIgniter.php(355): CodeIgniter\CodeIgniter->handleRequest(NULL, Object(Config\Cache), false)
#13 C:\laragon\www\PROGRAMA\system\Boot.php(325): CodeIgniter\CodeIgniter->run()
#14 C:\laragon\www\PROGRAMA\system\Boot.php(67): CodeIgniter\Boot::runCodeIgniter(Object(CodeIgniter\CodeIgniter))
#15 C:\laragon\www\PROGRAMA\public\index.php(56): CodeIgniter\Boot::bootWeb(Object(Config\Paths))
#16 {main}
CRITICAL - 2024-10-07 02:06:32 --> CodeIgniter\Database\Exceptions\DatabaseException: pg_query(): Query failed: ERROR:  el valor null para la columna «idsigma» viola la restricción not null
DETAIL:  La fila que falla contiene (null, 0000000317, 0000000276, 1, 1, 999, 101.00, 0.63100, 1996, 1, ::1, MCRISTOBAL, 2024-10-07 02:06:32, 0, 0.00000).
[Method: POST, Route: InsertarArancel]
in SYSTEMPATH\Database\BaseConnection.php on line 688.
 1 SYSTEMPATH\Database\BaseBuilder.php(2332): CodeIgniter\Database\BaseConnection->query('INSERT INTO "registro"."marance" ("mpoblad", "mviadis", "nladvia", "ncuaini", "ncuafin", "narance", "nfacbar", "cperiod", "nestado", "vhostnm", "vusernm", "ddatetm", "nfrebar", "nfacbar_casa") VALUES (:mpoblad:, :mviadis:, :nladvia:, :ncuaini:, :ncuafin:, :narance:, :nfacbar:, :cperiod:, :nestado:, :vhostnm:, :vusernm:, :ddatetm:, :nfrebar:, :nfacbar_casa:)', [...], false)
 2 SYSTEMPATH\Model.php(394): CodeIgniter\Database\BaseBuilder->insert()
 3 SYSTEMPATH\BaseModel.php(840): CodeIgniter\Model->doInsert([...])
 4 SYSTEMPATH\Model.php(802): CodeIgniter\BaseModel->insert([...], false)
 5 APPPATH\Models\arancelModel\arancelModelo.php(100): CodeIgniter\Model->insert([...], false)
 6 APPPATH\Controllers\arancelController\ArancelControlador.php(97): App\Models\arancelModel\arancelModelo->InsertarNuevoArancelModel([...])
 7 SYSTEMPATH\CodeIgniter.php(933): App\Controllers\arancelController\ArancelControlador->InsertarNuevoArancelController()
 8 SYSTEMPATH\CodeIgniter.php(509): CodeIgniter\CodeIgniter->runController(Object(App\Controllers\arancelController\ArancelControlador))
 9 SYSTEMPATH\CodeIgniter.php(355): CodeIgniter\CodeIgniter->handleRequest(null, Object(Config\Cache), false)
10 SYSTEMPATH\Boot.php(325): CodeIgniter\CodeIgniter->run()
11 SYSTEMPATH\Boot.php(67): CodeIgniter\Boot::runCodeIgniter(Object(CodeIgniter\CodeIgniter))
12 FCPATH\index.php(56): CodeIgniter\Boot::bootWeb(Object(Config\Paths))
CRITICAL - 2024-10-07 02:06:32 --> [Caused by] CodeIgniter\Database\Exceptions\DatabaseException: pg_query(): Query failed: ERROR:  el valor null para la columna «idsigma» viola la restricción not null
DETAIL:  La fila que falla contiene (null, 0000000317, 0000000276, 1, 1, 999, 101.00, 0.63100, 1996, 1, ::1, MCRISTOBAL, 2024-10-07 02:06:32, 0, 0.00000).
in SYSTEMPATH\Database\Postgre\Connection.php on line 211.
 1 SYSTEMPATH\Database\BaseConnection.php(734): CodeIgniter\Database\Postgre\Connection->execute('INSERT INTO "registro"."marance" ("mpoblad", "mviadis", "nladvia", "ncuaini", "ncuafin", "narance", "nfacbar", "cperiod", "nestado", "vhostnm", "vusernm", "ddatetm", "nfrebar", "nfacbar_casa") VALUES (\'0000000317\', \'0000000276\', \'1\', \'1\', \'999\', \'101\', \'0.63100\', \'1996\', 1, \'::1\', \'MCRISTOBAL\', \'2024-10-07 02:06:32\', \'0\', \'0\')')
 2 SYSTEMPATH\Database\BaseConnection.php(648): CodeIgniter\Database\BaseConnection->simpleQuery('INSERT INTO "registro"."marance" ("mpoblad", "mviadis", "nladvia", "ncuaini", "ncuafin", "narance", "nfacbar", "cperiod", "nestado", "vhostnm", "vusernm", "ddatetm", "nfrebar", "nfacbar_casa") VALUES (\'0000000317\', \'0000000276\', \'1\', \'1\', \'999\', \'101\', \'0.63100\', \'1996\', 1, \'::1\', \'MCRISTOBAL\', \'2024-10-07 02:06:32\', \'0\', \'0\')')
 3 SYSTEMPATH\Database\BaseBuilder.php(2332): CodeIgniter\Database\BaseConnection->query('INSERT INTO "registro"."marance" ("mpoblad", "mviadis", "nladvia", "ncuaini", "ncuafin", "narance", "nfacbar", "cperiod", "nestado", "vhostnm", "vusernm", "ddatetm", "nfrebar", "nfacbar_casa") VALUES (:mpoblad:, :mviadis:, :nladvia:, :ncuaini:, :ncuafin:, :narance:, :nfacbar:, :cperiod:, :nestado:, :vhostnm:, :vusernm:, :ddatetm:, :nfrebar:, :nfacbar_casa:)', [...], false)
 4 SYSTEMPATH\Model.php(394): CodeIgniter\Database\BaseBuilder->insert()
 5 SYSTEMPATH\BaseModel.php(840): CodeIgniter\Model->doInsert([...])
 6 SYSTEMPATH\Model.php(802): CodeIgniter\BaseModel->insert([...], false)
 7 APPPATH\Models\arancelModel\arancelModelo.php(100): CodeIgniter\Model->insert([...], false)
 8 APPPATH\Controllers\arancelController\ArancelControlador.php(97): App\Models\arancelModel\arancelModelo->InsertarNuevoArancelModel([...])
 9 SYSTEMPATH\CodeIgniter.php(933): App\Controllers\arancelController\ArancelControlador->InsertarNuevoArancelController()
10 SYSTEMPATH\CodeIgniter.php(509): CodeIgniter\CodeIgniter->runController(Object(App\Controllers\arancelController\ArancelControlador))
11 SYSTEMPATH\CodeIgniter.php(355): CodeIgniter\CodeIgniter->handleRequest(null, Object(Config\Cache), false)
12 SYSTEMPATH\Boot.php(325): CodeIgniter\CodeIgniter->run()
13 SYSTEMPATH\Boot.php(67): CodeIgniter\Boot::runCodeIgniter(Object(CodeIgniter\CodeIgniter))
14 FCPATH\index.php(56): CodeIgniter\Boot::bootWeb(Object(Config\Paths))
CRITICAL - 2024-10-07 02:06:32 --> [Caused by] ErrorException: pg_query(): Query failed: ERROR:  el valor null para la columna «idsigma» viola la restricción not null
DETAIL:  La fila que falla contiene (null, 0000000317, 0000000276, 1, 1, 999, 101.00, 0.63100, 1996, 1, ::1, MCRISTOBAL, 2024-10-07 02:06:32, 0, 0.00000).
in SYSTEMPATH\Database\Postgre\Connection.php on line 206.
 1 [internal function]: CodeIgniter\Debug\Exceptions->errorHandler(2, 'pg_query(): Query failed: ERROR:  el valor null para la columna «idsigma» viola la restricción not null
DETAIL:  La fila que falla contiene (null, 0000000317, 0000000276, 1, 1, 999, 101.00, 0.63100, 1996, 1, ::1, MCRISTOBAL, 2024-10-07 02:06:32, 0, 0.00000).', 'C:\\laragon\\www\\PROGRAMA\\system\\Database\\Postgre\\Connection.php', 206)
 2 SYSTEMPATH\Database\Postgre\Connection.php(206): pg_query(Object(PgSql\Connection), 'INSERT INTO "registro"."marance" ("mpoblad", "mviadis", "nladvia", "ncuaini", "ncuafin", "narance", "nfacbar", "cperiod", "nestado", "vhostnm", "vusernm", "ddatetm", "nfrebar", "nfacbar_casa") VALUES (\'0000000317\', \'0000000276\', \'1\', \'1\', \'999\', \'101\', \'0.63100\', \'1996\', 1, \'::1\', \'MCRISTOBAL\', \'2024-10-07 02:06:32\', \'0\', \'0\')')
 3 SYSTEMPATH\Database\BaseConnection.php(734): CodeIgniter\Database\Postgre\Connection->execute('INSERT INTO "registro"."marance" ("mpoblad", "mviadis", "nladvia", "ncuaini", "ncuafin", "narance", "nfacbar", "cperiod", "nestado", "vhostnm", "vusernm", "ddatetm", "nfrebar", "nfacbar_casa") VALUES (\'0000000317\', \'0000000276\', \'1\', \'1\', \'999\', \'101\', \'0.63100\', \'1996\', 1, \'::1\', \'MCRISTOBAL\', \'2024-10-07 02:06:32\', \'0\', \'0\')')
 4 SYSTEMPATH\Database\BaseConnection.php(648): CodeIgniter\Database\BaseConnection->simpleQuery('INSERT INTO "registro"."marance" ("mpoblad", "mviadis", "nladvia", "ncuaini", "ncuafin", "narance", "nfacbar", "cperiod", "nestado", "vhostnm", "vusernm", "ddatetm", "nfrebar", "nfacbar_casa") VALUES (\'0000000317\', \'0000000276\', \'1\', \'1\', \'999\', \'101\', \'0.63100\', \'1996\', 1, \'::1\', \'MCRISTOBAL\', \'2024-10-07 02:06:32\', \'0\', \'0\')')
 5 SYSTEMPATH\Database\BaseBuilder.php(2332): CodeIgniter\Database\BaseConnection->query('INSERT INTO "registro"."marance" ("mpoblad", "mviadis", "nladvia", "ncuaini", "ncuafin", "narance", "nfacbar", "cperiod", "nestado", "vhostnm", "vusernm", "ddatetm", "nfrebar", "nfacbar_casa") VALUES (:mpoblad:, :mviadis:, :nladvia:, :ncuaini:, :ncuafin:, :narance:, :nfacbar:, :cperiod:, :nestado:, :vhostnm:, :vusernm:, :ddatetm:, :nfrebar:, :nfacbar_casa:)', [...], false)
 6 SYSTEMPATH\Model.php(394): CodeIgniter\Database\BaseBuilder->insert()
 7 SYSTEMPATH\BaseModel.php(840): CodeIgniter\Model->doInsert([...])
 8 SYSTEMPATH\Model.php(802): CodeIgniter\BaseModel->insert([...], false)
 9 APPPATH\Models\arancelModel\arancelModelo.php(100): CodeIgniter\Model->insert([...], false)
10 APPPATH\Controllers\arancelController\ArancelControlador.php(97): App\Models\arancelModel\arancelModelo->InsertarNuevoArancelModel([...])
11 SYSTEMPATH\CodeIgniter.php(933): App\Controllers\arancelController\ArancelControlador->InsertarNuevoArancelController()
12 SYSTEMPATH\CodeIgniter.php(509): CodeIgniter\CodeIgniter->runController(Object(App\Controllers\arancelController\ArancelControlador))
13 SYSTEMPATH\CodeIgniter.php(355): CodeIgniter\CodeIgniter->handleRequest(null, Object(Config\Cache), false)
14 SYSTEMPATH\Boot.php(325): CodeIgniter\CodeIgniter->run()
15 SYSTEMPATH\Boot.php(67): CodeIgniter\Boot::runCodeIgniter(Object(CodeIgniter\CodeIgniter))
16 FCPATH\index.php(56): CodeIgniter\Boot::bootWeb(Object(Config\Paths))
INFO - 2024-10-07 02:17:36 --> Session: Class initialized using 'CodeIgniter\Session\Handlers\FileHandler' driver.
INFO - 2024-10-07 02:17:51 --> Session: Class initialized using 'CodeIgniter\Session\Handlers\FileHandler' driver.
ERROR - 2024-10-07 02:17:51 --> ErrorException: pg_query(): Query failed: ERROR:  llave duplicada viola restricción de unicidad «marance_pk»
DETAIL:  Ya existe la llave (idsigma)=(0000000001). in C:\laragon\www\PROGRAMA\system\Database\Postgre\Connection.php:206
Stack trace:
#0 [internal function]: CodeIgniter\Debug\Exceptions->errorHandler(2, 'pg_query(): Que...', 'C:\\laragon\\www\\...', 206)
#1 C:\laragon\www\PROGRAMA\system\Database\Postgre\Connection.php(206): pg_query(Object(PgSql\Connection), 'INSERT INTO "re...')
#2 C:\laragon\www\PROGRAMA\system\Database\BaseConnection.php(734): CodeIgniter\Database\Postgre\Connection->execute('INSERT INTO "re...')
#3 C:\laragon\www\PROGRAMA\system\Database\BaseConnection.php(648): CodeIgniter\Database\BaseConnection->simpleQuery('INSERT INTO "re...')
#4 C:\laragon\www\PROGRAMA\system\Database\BaseBuilder.php(2332): CodeIgniter\Database\BaseConnection->query('INSERT INTO "re...', Array, false)
#5 C:\laragon\www\PROGRAMA\system\Model.php(394): CodeIgniter\Database\BaseBuilder->insert()
#6 C:\laragon\www\PROGRAMA\system\BaseModel.php(840): CodeIgniter\Model->doInsert(Array)
#7 C:\laragon\www\PROGRAMA\system\Model.php(802): CodeIgniter\BaseModel->insert(Array, false)
#8 C:\laragon\www\PROGRAMA\app\Models\arancelModel\arancelModelo.php(102): CodeIgniter\Model->insert(Array, false)
#9 C:\laragon\www\PROGRAMA\app\Controllers\arancelController\ArancelControlador.php(97): App\Models\arancelModel\arancelModelo->InsertarNuevoArancelModel(Array)
#10 C:\laragon\www\PROGRAMA\system\CodeIgniter.php(933): App\Controllers\arancelController\ArancelControlador->InsertarNuevoArancelController()
#11 C:\laragon\www\PROGRAMA\system\CodeIgniter.php(509): CodeIgniter\CodeIgniter->runController(Object(App\Controllers\arancelController\ArancelControlador))
#12 C:\laragon\www\PROGRAMA\system\CodeIgniter.php(355): CodeIgniter\CodeIgniter->handleRequest(NULL, Object(Config\Cache), false)
#13 C:\laragon\www\PROGRAMA\system\Boot.php(325): CodeIgniter\CodeIgniter->run()
#14 C:\laragon\www\PROGRAMA\system\Boot.php(67): CodeIgniter\Boot::runCodeIgniter(Object(CodeIgniter\CodeIgniter))
#15 C:\laragon\www\PROGRAMA\public\index.php(56): CodeIgniter\Boot::bootWeb(Object(Config\Paths))
#16 {main}
CRITICAL - 2024-10-07 02:17:51 --> CodeIgniter\Database\Exceptions\DatabaseException: pg_query(): Query failed: ERROR:  llave duplicada viola restricción de unicidad «marance_pk»
DETAIL:  Ya existe la llave (idsigma)=(0000000001).
[Method: POST, Route: InsertarArancel]
in SYSTEMPATH\Database\BaseConnection.php on line 688.
 1 SYSTEMPATH\Database\BaseBuilder.php(2332): CodeIgniter\Database\BaseConnection->query('INSERT INTO "registro"."marance" ("mpoblad", "mviadis", "nladvia", "ncuaini", "ncuafin", "narance", "nfacbar", "cperiod", "nestado", "vhostnm", "vusernm", "ddatetm", "nfrebar", "nfacbar_casa", "idsigma") VALUES (:mpoblad:, :mviadis:, :nladvia:, :ncuaini:, :ncuafin:, :narance:, :nfacbar:, :cperiod:, :nestado:, :vhostnm:, :vusernm:, :ddatetm:, :nfrebar:, :nfacbar_casa:, :idsigma:)', [...], false)
 2 SYSTEMPATH\Model.php(394): CodeIgniter\Database\BaseBuilder->insert()
 3 SYSTEMPATH\BaseModel.php(840): CodeIgniter\Model->doInsert([...])
 4 SYSTEMPATH\Model.php(802): CodeIgniter\BaseModel->insert([...], false)
 5 APPPATH\Models\arancelModel\arancelModelo.php(102): CodeIgniter\Model->insert([...], false)
 6 APPPATH\Controllers\arancelController\ArancelControlador.php(97): App\Models\arancelModel\arancelModelo->InsertarNuevoArancelModel([...])
 7 SYSTEMPATH\CodeIgniter.php(933): App\Controllers\arancelController\ArancelControlador->InsertarNuevoArancelController()
 8 SYSTEMPATH\CodeIgniter.php(509): CodeIgniter\CodeIgniter->runController(Object(App\Controllers\arancelController\ArancelControlador))
 9 SYSTEMPATH\CodeIgniter.php(355): CodeIgniter\CodeIgniter->handleRequest(null, Object(Config\Cache), false)
10 SYSTEMPATH\Boot.php(325): CodeIgniter\CodeIgniter->run()
11 SYSTEMPATH\Boot.php(67): CodeIgniter\Boot::runCodeIgniter(Object(CodeIgniter\CodeIgniter))
12 FCPATH\index.php(56): CodeIgniter\Boot::bootWeb(Object(Config\Paths))
CRITICAL - 2024-10-07 02:17:51 --> [Caused by] CodeIgniter\Database\Exceptions\DatabaseException: pg_query(): Query failed: ERROR:  llave duplicada viola restricción de unicidad «marance_pk»
DETAIL:  Ya existe la llave (idsigma)=(0000000001).
in SYSTEMPATH\Database\Postgre\Connection.php on line 211.
 1 SYSTEMPATH\Database\BaseConnection.php(734): CodeIgniter\Database\Postgre\Connection->execute('INSERT INTO "registro"."marance" ("mpoblad", "mviadis", "nladvia", "ncuaini", "ncuafin", "narance", "nfacbar", "cperiod", "nestado", "vhostnm", "vusernm", "ddatetm", "nfrebar", "nfacbar_casa", "idsigma") VALUES (\'0000000317\', \'0000000276\', \'1\', \'1\', \'999\', \'92.00\', \'1.7011\', \'1996\', 1, \'::1\', \'MCRISTOBAL\', \'2024-10-07 02:17:51\', \'0\', \'0\', \'0000000001\')')
 2 SYSTEMPATH\Database\BaseConnection.php(648): CodeIgniter\Database\BaseConnection->simpleQuery('INSERT INTO "registro"."marance" ("mpoblad", "mviadis", "nladvia", "ncuaini", "ncuafin", "narance", "nfacbar", "cperiod", "nestado", "vhostnm", "vusernm", "ddatetm", "nfrebar", "nfacbar_casa", "idsigma") VALUES (\'0000000317\', \'0000000276\', \'1\', \'1\', \'999\', \'92.00\', \'1.7011\', \'1996\', 1, \'::1\', \'MCRISTOBAL\', \'2024-10-07 02:17:51\', \'0\', \'0\', \'0000000001\')')
 3 SYSTEMPATH\Database\BaseBuilder.php(2332): CodeIgniter\Database\BaseConnection->query('INSERT INTO "registro"."marance" ("mpoblad", "mviadis", "nladvia", "ncuaini", "ncuafin", "narance", "nfacbar", "cperiod", "nestado", "vhostnm", "vusernm", "ddatetm", "nfrebar", "nfacbar_casa", "idsigma") VALUES (:mpoblad:, :mviadis:, :nladvia:, :ncuaini:, :ncuafin:, :narance:, :nfacbar:, :cperiod:, :nestado:, :vhostnm:, :vusernm:, :ddatetm:, :nfrebar:, :nfacbar_casa:, :idsigma:)', [...], false)
 4 SYSTEMPATH\Model.php(394): CodeIgniter\Database\BaseBuilder->insert()
 5 SYSTEMPATH\BaseModel.php(840): CodeIgniter\Model->doInsert([...])
 6 SYSTEMPATH\Model.php(802): CodeIgniter\BaseModel->insert([...], false)
 7 APPPATH\Models\arancelModel\arancelModelo.php(102): CodeIgniter\Model->insert([...], false)
 8 APPPATH\Controllers\arancelController\ArancelControlador.php(97): App\Models\arancelModel\arancelModelo->InsertarNuevoArancelModel([...])
 9 SYSTEMPATH\CodeIgniter.php(933): App\Controllers\arancelController\ArancelControlador->InsertarNuevoArancelController()
10 SYSTEMPATH\CodeIgniter.php(509): CodeIgniter\CodeIgniter->runController(Object(App\Controllers\arancelController\ArancelControlador))
11 SYSTEMPATH\CodeIgniter.php(355): CodeIgniter\CodeIgniter->handleRequest(null, Object(Config\Cache), false)
12 SYSTEMPATH\Boot.php(325): CodeIgniter\CodeIgniter->run()
13 SYSTEMPATH\Boot.php(67): CodeIgniter\Boot::runCodeIgniter(Object(CodeIgniter\CodeIgniter))
14 FCPATH\index.php(56): CodeIgniter\Boot::bootWeb(Object(Config\Paths))
CRITICAL - 2024-10-07 02:17:51 --> [Caused by] ErrorException: pg_query(): Query failed: ERROR:  llave duplicada viola restricción de unicidad «marance_pk»
DETAIL:  Ya existe la llave (idsigma)=(0000000001).
in SYSTEMPATH\Database\Postgre\Connection.php on line 206.
 1 [internal function]: CodeIgniter\Debug\Exceptions->errorHandler(2, 'pg_query(): Query failed: ERROR:  llave duplicada viola restricción de unicidad «marance_pk»
DETAIL:  Ya existe la llave (idsigma)=(0000000001).', 'C:\\laragon\\www\\PROGRAMA\\system\\Database\\Postgre\\Connection.php', 206)
 2 SYSTEMPATH\Database\Postgre\Connection.php(206): pg_query(Object(PgSql\Connection), 'INSERT INTO "registro"."marance" ("mpoblad", "mviadis", "nladvia", "ncuaini", "ncuafin", "narance", "nfacbar", "cperiod", "nestado", "vhostnm", "vusernm", "ddatetm", "nfrebar", "nfacbar_casa", "idsigma") VALUES (\'0000000317\', \'0000000276\', \'1\', \'1\', \'999\', \'92.00\', \'1.7011\', \'1996\', 1, \'::1\', \'MCRISTOBAL\', \'2024-10-07 02:17:51\', \'0\', \'0\', \'0000000001\')')
 3 SYSTEMPATH\Database\BaseConnection.php(734): CodeIgniter\Database\Postgre\Connection->execute('INSERT INTO "registro"."marance" ("mpoblad", "mviadis", "nladvia", "ncuaini", "ncuafin", "narance", "nfacbar", "cperiod", "nestado", "vhostnm", "vusernm", "ddatetm", "nfrebar", "nfacbar_casa", "idsigma") VALUES (\'0000000317\', \'0000000276\', \'1\', \'1\', \'999\', \'92.00\', \'1.7011\', \'1996\', 1, \'::1\', \'MCRISTOBAL\', \'2024-10-07 02:17:51\', \'0\', \'0\', \'0000000001\')')
 4 SYSTEMPATH\Database\BaseConnection.php(648): CodeIgniter\Database\BaseConnection->simpleQuery('INSERT INTO "registro"."marance" ("mpoblad", "mviadis", "nladvia", "ncuaini", "ncuafin", "narance", "nfacbar", "cperiod", "nestado", "vhostnm", "vusernm", "ddatetm", "nfrebar", "nfacbar_casa", "idsigma") VALUES (\'0000000317\', \'0000000276\', \'1\', \'1\', \'999\', \'92.00\', \'1.7011\', \'1996\', 1, \'::1\', \'MCRISTOBAL\', \'2024-10-07 02:17:51\', \'0\', \'0\', \'0000000001\')')
 5 SYSTEMPATH\Database\BaseBuilder.php(2332): CodeIgniter\Database\BaseConnection->query('INSERT INTO "registro"."marance" ("mpoblad", "mviadis", "nladvia", "ncuaini", "ncuafin", "narance", "nfacbar", "cperiod", "nestado", "vhostnm", "vusernm", "ddatetm", "nfrebar", "nfacbar_casa", "idsigma") VALUES (:mpoblad:, :mviadis:, :nladvia:, :ncuaini:, :ncuafin:, :narance:, :nfacbar:, :cperiod:, :nestado:, :vhostnm:, :vusernm:, :ddatetm:, :nfrebar:, :nfacbar_casa:, :idsigma:)', [...], false)
 6 SYSTEMPATH\Model.php(394): CodeIgniter\Database\BaseBuilder->insert()
 7 SYSTEMPATH\BaseModel.php(840): CodeIgniter\Model->doInsert([...])
 8 SYSTEMPATH\Model.php(802): CodeIgniter\BaseModel->insert([...], false)
 9 APPPATH\Models\arancelModel\arancelModelo.php(102): CodeIgniter\Model->insert([...], false)
10 APPPATH\Controllers\arancelController\ArancelControlador.php(97): App\Models\arancelModel\arancelModelo->InsertarNuevoArancelModel([...])
11 SYSTEMPATH\CodeIgniter.php(933): App\Controllers\arancelController\ArancelControlador->InsertarNuevoArancelController()
12 SYSTEMPATH\CodeIgniter.php(509): CodeIgniter\CodeIgniter->runController(Object(App\Controllers\arancelController\ArancelControlador))
13 SYSTEMPATH\CodeIgniter.php(355): CodeIgniter\CodeIgniter->handleRequest(null, Object(Config\Cache), false)
14 SYSTEMPATH\Boot.php(325): CodeIgniter\CodeIgniter->run()
15 SYSTEMPATH\Boot.php(67): CodeIgniter\Boot::runCodeIgniter(Object(CodeIgniter\CodeIgniter))
16 FCPATH\index.php(56): CodeIgniter\Boot::bootWeb(Object(Config\Paths))
INFO - 2024-10-07 02:18:30 --> Session: Class initialized using 'CodeIgniter\Session\Handlers\FileHandler' driver.
INFO - 2024-10-07 02:18:51 --> Session: Class initialized using 'CodeIgniter\Session\Handlers\FileHandler' driver.
ERROR - 2024-10-07 02:18:51 --> ErrorException: pg_query(): Query failed: ERROR:  lastval no está definido en esta sesión in C:\laragon\www\PROGRAMA\system\Database\Postgre\Connection.php:206
Stack trace:
#0 [internal function]: CodeIgniter\Debug\Exceptions->errorHandler(2, 'pg_query(): Que...', 'C:\\laragon\\www\\...', 206)
#1 C:\laragon\www\PROGRAMA\system\Database\Postgre\Connection.php(206): pg_query(Object(PgSql\Connection), 'SELECT LASTVAL(...')
#2 C:\laragon\www\PROGRAMA\system\Database\BaseConnection.php(734): CodeIgniter\Database\Postgre\Connection->execute('SELECT LASTVAL(...')
#3 C:\laragon\www\PROGRAMA\system\Database\BaseConnection.php(648): CodeIgniter\Database\BaseConnection->simpleQuery('SELECT LASTVAL(...')
#4 C:\laragon\www\PROGRAMA\system\Database\Postgre\Connection.php(501): CodeIgniter\Database\BaseConnection->query('SELECT LASTVAL(...')
#5 C:\laragon\www\PROGRAMA\system\Model.php(399): CodeIgniter\Database\Postgre\Connection->insertID()
#6 C:\laragon\www\PROGRAMA\system\BaseModel.php(840): CodeIgniter\Model->doInsert(Array)
#7 C:\laragon\www\PROGRAMA\system\Model.php(802): CodeIgniter\BaseModel->insert(Array, false)
#8 C:\laragon\www\PROGRAMA\app\Models\arancelModel\arancelModelo.php(100): CodeIgniter\Model->insert(Array, false)
#9 C:\laragon\www\PROGRAMA\app\Controllers\arancelController\ArancelControlador.php(97): App\Models\arancelModel\arancelModelo->InsertarNuevoArancelModel(Array)
#10 C:\laragon\www\PROGRAMA\system\CodeIgniter.php(933): App\Controllers\arancelController\ArancelControlador->InsertarNuevoArancelController()
#11 C:\laragon\www\PROGRAMA\system\CodeIgniter.php(509): CodeIgniter\CodeIgniter->runController(Object(App\Controllers\arancelController\ArancelControlador))
#12 C:\laragon\www\PROGRAMA\system\CodeIgniter.php(355): CodeIgniter\CodeIgniter->handleRequest(NULL, Object(Config\Cache), false)
#13 C:\laragon\www\PROGRAMA\system\Boot.php(325): CodeIgniter\CodeIgniter->run()
#14 C:\laragon\www\PROGRAMA\system\Boot.php(67): CodeIgniter\Boot::runCodeIgniter(Object(CodeIgniter\CodeIgniter))
#15 C:\laragon\www\PROGRAMA\public\index.php(56): CodeIgniter\Boot::bootWeb(Object(Config\Paths))
#16 {main}
CRITICAL - 2024-10-07 02:18:51 --> CodeIgniter\Database\Exceptions\DatabaseException: pg_query(): Query failed: ERROR:  lastval no está definido en esta sesión
[Method: POST, Route: InsertarArancel]
in SYSTEMPATH\Database\BaseConnection.php on line 688.
 1 SYSTEMPATH\Database\Postgre\Connection.php(501): CodeIgniter\Database\BaseConnection->query('SELECT LASTVAL() AS ins_id')
 2 SYSTEMPATH\Model.php(399): CodeIgniter\Database\Postgre\Connection->insertID()
 3 SYSTEMPATH\BaseModel.php(840): CodeIgniter\Model->doInsert([...])
 4 SYSTEMPATH\Model.php(802): CodeIgniter\BaseModel->insert([...], false)
 5 APPPATH\Models\arancelModel\arancelModelo.php(100): CodeIgniter\Model->insert([...], false)
 6 APPPATH\Controllers\arancelController\ArancelControlador.php(97): App\Models\arancelModel\arancelModelo->InsertarNuevoArancelModel([...])
 7 SYSTEMPATH\CodeIgniter.php(933): App\Controllers\arancelController\ArancelControlador->InsertarNuevoArancelController()
 8 SYSTEMPATH\CodeIgniter.php(509): CodeIgniter\CodeIgniter->runController(Object(App\Controllers\arancelController\ArancelControlador))
 9 SYSTEMPATH\CodeIgniter.php(355): CodeIgniter\CodeIgniter->handleRequest(null, Object(Config\Cache), false)
10 SYSTEMPATH\Boot.php(325): CodeIgniter\CodeIgniter->run()
11 SYSTEMPATH\Boot.php(67): CodeIgniter\Boot::runCodeIgniter(Object(CodeIgniter\CodeIgniter))
12 FCPATH\index.php(56): CodeIgniter\Boot::bootWeb(Object(Config\Paths))
CRITICAL - 2024-10-07 02:18:51 --> [Caused by] CodeIgniter\Database\Exceptions\DatabaseException: pg_query(): Query failed: ERROR:  lastval no está definido en esta sesión
in SYSTEMPATH\Database\Postgre\Connection.php on line 211.
 1 SYSTEMPATH\Database\BaseConnection.php(734): CodeIgniter\Database\Postgre\Connection->execute('SELECT LASTVAL() AS ins_id')
 2 SYSTEMPATH\Database\BaseConnection.php(648): CodeIgniter\Database\BaseConnection->simpleQuery('SELECT LASTVAL() AS ins_id')
 3 SYSTEMPATH\Database\Postgre\Connection.php(501): CodeIgniter\Database\BaseConnection->query('SELECT LASTVAL() AS ins_id')
 4 SYSTEMPATH\Model.php(399): CodeIgniter\Database\Postgre\Connection->insertID()
 5 SYSTEMPATH\BaseModel.php(840): CodeIgniter\Model->doInsert([...])
 6 SYSTEMPATH\Model.php(802): CodeIgniter\BaseModel->insert([...], false)
 7 APPPATH\Models\arancelModel\arancelModelo.php(100): CodeIgniter\Model->insert([...], false)
 8 APPPATH\Controllers\arancelController\ArancelControlador.php(97): App\Models\arancelModel\arancelModelo->InsertarNuevoArancelModel([...])
 9 SYSTEMPATH\CodeIgniter.php(933): App\Controllers\arancelController\ArancelControlador->InsertarNuevoArancelController()
10 SYSTEMPATH\CodeIgniter.php(509): CodeIgniter\CodeIgniter->runController(Object(App\Controllers\arancelController\ArancelControlador))
11 SYSTEMPATH\CodeIgniter.php(355): CodeIgniter\CodeIgniter->handleRequest(null, Object(Config\Cache), false)
12 SYSTEMPATH\Boot.php(325): CodeIgniter\CodeIgniter->run()
13 SYSTEMPATH\Boot.php(67): CodeIgniter\Boot::runCodeIgniter(Object(CodeIgniter\CodeIgniter))
14 FCPATH\index.php(56): CodeIgniter\Boot::bootWeb(Object(Config\Paths))
CRITICAL - 2024-10-07 02:18:51 --> [Caused by] ErrorException: pg_query(): Query failed: ERROR:  lastval no está definido en esta sesión
in SYSTEMPATH\Database\Postgre\Connection.php on line 206.
 1 [internal function]: CodeIgniter\Debug\Exceptions->errorHandler(2, 'pg_query(): Query failed: ERROR:  lastval no está definido en esta sesión', 'C:\\laragon\\www\\PROGRAMA\\system\\Database\\Postgre\\Connection.php', 206)
 2 SYSTEMPATH\Database\Postgre\Connection.php(206): pg_query(Object(PgSql\Connection), 'SELECT LASTVAL() AS ins_id')
 3 SYSTEMPATH\Database\BaseConnection.php(734): CodeIgniter\Database\Postgre\Connection->execute('SELECT LASTVAL() AS ins_id')
 4 SYSTEMPATH\Database\BaseConnection.php(648): CodeIgniter\Database\BaseConnection->simpleQuery('SELECT LASTVAL() AS ins_id')
 5 SYSTEMPATH\Database\Postgre\Connection.php(501): CodeIgniter\Database\BaseConnection->query('SELECT LASTVAL() AS ins_id')
 6 SYSTEMPATH\Model.php(399): CodeIgniter\Database\Postgre\Connection->insertID()
 7 SYSTEMPATH\BaseModel.php(840): CodeIgniter\Model->doInsert([...])
 8 SYSTEMPATH\Model.php(802): CodeIgniter\BaseModel->insert([...], false)
 9 APPPATH\Models\arancelModel\arancelModelo.php(100): CodeIgniter\Model->insert([...], false)
10 APPPATH\Controllers\arancelController\ArancelControlador.php(97): App\Models\arancelModel\arancelModelo->InsertarNuevoArancelModel([...])
11 SYSTEMPATH\CodeIgniter.php(933): App\Controllers\arancelController\ArancelControlador->InsertarNuevoArancelController()
12 SYSTEMPATH\CodeIgniter.php(509): CodeIgniter\CodeIgniter->runController(Object(App\Controllers\arancelController\ArancelControlador))
13 SYSTEMPATH\CodeIgniter.php(355): CodeIgniter\CodeIgniter->handleRequest(null, Object(Config\Cache), false)
14 SYSTEMPATH\Boot.php(325): CodeIgniter\CodeIgniter->run()
15 SYSTEMPATH\Boot.php(67): CodeIgniter\Boot::runCodeIgniter(Object(CodeIgniter\CodeIgniter))
16 FCPATH\index.php(56): CodeIgniter\Boot::bootWeb(Object(Config\Paths))
INFO - 2024-10-07 02:33:34 --> Session: Class initialized using 'CodeIgniter\Session\Handlers\FileHandler' driver.
CRITICAL - 2024-10-07 02:34:23 --> ParseError: syntax error, unexpected token ")", expecting variable or "{" or "$"
[Method: POST, Route: BuscarIdCenVia]
in APPPATH\Controllers\arancelController\ArancelControlador.php on line 39.
 1 SYSTEMPATH\Autoloader\Autoloader.php(296): CodeIgniter\Autoloader\Autoloader->includeFile('C:\\laragon\\www\\PROGRAMA\\app\\Controllers\\arancelController\\ArancelControlador.php')
 2 SYSTEMPATH\Autoloader\Autoloader.php(272): CodeIgniter\Autoloader\Autoloader->loadInNamespace('App\\Controllers\\arancelController\\ArancelControlador')
 3 [internal function]: CodeIgniter\Autoloader\Autoloader->loadClass('App\\Controllers\\arancelController\\ArancelControlador')
 4 SYSTEMPATH\CodeIgniter.php(887): class_exists('\\App\\Controllers\\arancelController\\ArancelControlador', true)
 5 SYSTEMPATH\CodeIgniter.php(496): CodeIgniter\CodeIgniter->startController()
 6 SYSTEMPATH\CodeIgniter.php(355): CodeIgniter\CodeIgniter->handleRequest(null, Object(Config\Cache), false)
 7 SYSTEMPATH\Boot.php(325): CodeIgniter\CodeIgniter->run()
 8 SYSTEMPATH\Boot.php(67): CodeIgniter\Boot::runCodeIgniter(Object(CodeIgniter\CodeIgniter))
 9 FCPATH\index.php(56): CodeIgniter\Boot::bootWeb(Object(Config\Paths))
CRITICAL - 2024-10-07 02:34:23 --> ParseError: syntax error, unexpected token ")", expecting variable or "{" or "$"
[Method: POST, Route: BuscarIdCenVia]
in APPPATH\Controllers\arancelController\ArancelControlador.php on line 39.
 1 SYSTEMPATH\Autoloader\Autoloader.php(296): CodeIgniter\Autoloader\Autoloader->includeFile('C:\\laragon\\www\\PROGRAMA\\app\\Controllers\\arancelController\\ArancelControlador.php')
 2 SYSTEMPATH\Autoloader\Autoloader.php(272): CodeIgniter\Autoloader\Autoloader->loadInNamespace('App\\Controllers\\arancelController\\ArancelControlador')
 3 [internal function]: CodeIgniter\Autoloader\Autoloader->loadClass('App\\Controllers\\arancelController\\ArancelControlador')
 4 SYSTEMPATH\CodeIgniter.php(887): class_exists('\\App\\Controllers\\arancelController\\ArancelControlador', true)
 5 SYSTEMPATH\CodeIgniter.php(496): CodeIgniter\CodeIgniter->startController()
 6 SYSTEMPATH\CodeIgniter.php(355): CodeIgniter\CodeIgniter->handleRequest(null, Object(Config\Cache), false)
 7 SYSTEMPATH\Boot.php(325): CodeIgniter\CodeIgniter->run()
 8 SYSTEMPATH\Boot.php(67): CodeIgniter\Boot::runCodeIgniter(Object(CodeIgniter\CodeIgniter))
 9 FCPATH\index.php(56): CodeIgniter\Boot::bootWeb(Object(Config\Paths))
CRITICAL - 2024-10-07 02:34:23 --> ParseError: syntax error, unexpected token ")", expecting variable or "{" or "$"
[Method: POST, Route: BuscarIdCenVia]
in APPPATH\Controllers\arancelController\ArancelControlador.php on line 39.
 1 SYSTEMPATH\Autoloader\Autoloader.php(296): CodeIgniter\Autoloader\Autoloader->includeFile('C:\\laragon\\www\\PROGRAMA\\app\\Controllers\\arancelController\\ArancelControlador.php')
 2 SYSTEMPATH\Autoloader\Autoloader.php(272): CodeIgniter\Autoloader\Autoloader->loadInNamespace('App\\Controllers\\arancelController\\ArancelControlador')
 3 [internal function]: CodeIgniter\Autoloader\Autoloader->loadClass('App\\Controllers\\arancelController\\ArancelControlador')
 4 SYSTEMPATH\CodeIgniter.php(887): class_exists('\\App\\Controllers\\arancelController\\ArancelControlador', true)
 5 SYSTEMPATH\CodeIgniter.php(496): CodeIgniter\CodeIgniter->startController()
 6 SYSTEMPATH\CodeIgniter.php(355): CodeIgniter\CodeIgniter->handleRequest(null, Object(Config\Cache), false)
 7 SYSTEMPATH\Boot.php(325): CodeIgniter\CodeIgniter->run()
 8 SYSTEMPATH\Boot.php(67): CodeIgniter\Boot::runCodeIgniter(Object(CodeIgniter\CodeIgniter))
 9 FCPATH\index.php(56): CodeIgniter\Boot::bootWeb(Object(Config\Paths))
INFO - 2024-10-07 02:42:55 --> Session: Class initialized using 'CodeIgniter\Session\Handlers\FileHandler' driver.
INFO - 2024-10-07 02:43:35 --> Session: Class initialized using 'CodeIgniter\Session\Handlers\FileHandler' driver.
INFO - 2024-10-07 02:43:47 --> Session: Class initialized using 'CodeIgniter\Session\Handlers\FileHandler' driver.
INFO - 2024-10-07 02:44:01 --> Session: Class initialized using 'CodeIgniter\Session\Handlers\FileHandler' driver.
INFO - 2024-10-07 02:44:30 --> Session: Class initialized using 'CodeIgniter\Session\Handlers\FileHandler' driver.
INFO - 2024-10-07 02:45:49 --> Session: Class initialized using 'CodeIgniter\Session\Handlers\FileHandler' driver.
INFO - 2024-10-07 02:46:25 --> Session: Class initialized using 'CodeIgniter\Session\Handlers\FileHandler' driver.
INFO - 2024-10-07 02:46:28 --> Session: Class initialized using 'CodeIgniter\Session\Handlers\FileHandler' driver.
INFO - 2024-10-07 02:46:53 --> Session: Class initialized using 'CodeIgniter\Session\Handlers\FileHandler' driver.
INFO - 2024-10-07 02:47:41 --> Session: Class initialized using 'CodeIgniter\Session\Handlers\FileHandler' driver.
CRITICAL - 2024-10-07 02:48:01 --> ErrorException: Undefined variable $data
[Method: GET, Route: ListarCompletaArancel]
in APPPATH\Controllers\arancelController\ArancelControlador.php on line 48.
 1 APPPATH\Controllers\arancelController\ArancelControlador.php(48): CodeIgniter\Debug\Exceptions->errorHandler(2, 'Undefined variable $data', 'C:\\laragon\\www\\PROGRAMA\\app\\Controllers\\arancelController\\ArancelControlador.php', 48)
 2 SYSTEMPATH\CodeIgniter.php(933): App\Controllers\arancelController\ArancelControlador->ListarArancelNetoController()
 3 SYSTEMPATH\CodeIgniter.php(509): CodeIgniter\CodeIgniter->runController(Object(App\Controllers\arancelController\ArancelControlador))
 4 SYSTEMPATH\CodeIgniter.php(355): CodeIgniter\CodeIgniter->handleRequest(null, Object(Config\Cache), false)
 5 SYSTEMPATH\Boot.php(325): CodeIgniter\CodeIgniter->run()
 6 SYSTEMPATH\Boot.php(67): CodeIgniter\Boot::runCodeIgniter(Object(CodeIgniter\CodeIgniter))
 7 FCPATH\index.php(56): CodeIgniter\Boot::bootWeb(Object(Config\Paths))
INFO - 2024-10-07 02:48:35 --> Session: Class initialized using 'CodeIgniter\Session\Handlers\FileHandler' driver.
