INFO - 2024-09-02 00:01:09 --> Session: Class initialized using 'CodeIgniter\Session\Handlers\FileHandler' driver.
INFO - 2024-09-02 00:01:38 --> Session: Class initialized using 'CodeIgniter\Session\Handlers\FileHandler' driver.
INFO - 2024-09-02 00:07:15 --> Session: Class initialized using 'CodeIgniter\Session\Handlers\FileHandler' driver.
INFO - 2024-09-02 00:07:43 --> Session: Class initialized using 'CodeIgniter\Session\Handlers\FileHandler' driver.
INFO - 2024-09-02 00:11:19 --> Session: Class initialized using 'CodeIgniter\Session\Handlers\FileHandler' driver.
INFO - 2024-09-02 00:13:37 --> Session: Class initialized using 'CodeIgniter\Session\Handlers\FileHandler' driver.
INFO - 2024-09-02 00:16:50 --> Session: Class initialized using 'CodeIgniter\Session\Handlers\FileHandler' driver.
INFO - 2024-09-02 00:17:11 --> Session: Class initialized using 'CodeIgniter\Session\Handlers\FileHandler' driver.
INFO - 2024-09-02 00:17:24 --> Session: Class initialized using 'CodeIgniter\Session\Handlers\FileHandler' driver.
INFO - 2024-09-02 00:18:21 --> Session: Class initialized using 'CodeIgniter\Session\Handlers\FileHandler' driver.
ERROR - 2024-09-02 00:18:21 --> ErrorException: pg_query(): Query failed: ERROR:  lastval no está definido en esta sesión in C:\laragon\www\PROGRAMA\system\Database\Postgre\Connection.php:206
Stack trace:
#0 [internal function]: CodeIgniter\Debug\Exceptions->errorHandler(2, 'pg_query(): Que...', 'C:\\laragon\\www\\...', 206)
#1 C:\laragon\www\PROGRAMA\system\Database\Postgre\Connection.php(206): pg_query(Object(PgSql\Connection), 'SELECT LASTVAL(...')
#2 C:\laragon\www\PROGRAMA\system\Database\BaseConnection.php(734): CodeIgniter\Database\Postgre\Connection->execute('SELECT LASTVAL(...')
#3 C:\laragon\www\PROGRAMA\system\Database\BaseConnection.php(648): CodeIgniter\Database\BaseConnection->simpleQuery('SELECT LASTVAL(...')
#4 C:\laragon\www\PROGRAMA\system\Database\Postgre\Connection.php(501): CodeIgniter\Database\BaseConnection->query('SELECT LASTVAL(...')
#5 C:\laragon\www\PROGRAMA\system\Model.php(399): CodeIgniter\Database\Postgre\Connection->insertID()
#6 C:\laragon\www\PROGRAMA\system\BaseModel.php(840): CodeIgniter\Model->doInsert(Array)
#7 C:\laragon\www\PROGRAMA\system\Model.php(802): CodeIgniter\BaseModel->insert(Array, false)
#8 C:\laragon\www\PROGRAMA\app\Models\usuariosModel.php(96): CodeIgniter\Model->insert(Array, false)
#9 C:\laragon\www\PROGRAMA\app\Controllers\Autentificacion.php(123): App\Models\usuariosModel->InsertarNuevaId(Array)
#10 C:\laragon\www\PROGRAMA\system\CodeIgniter.php(933): App\Controllers\Autentificacion->InsertarData()
#11 C:\laragon\www\PROGRAMA\system\CodeIgniter.php(509): CodeIgniter\CodeIgniter->runController(Object(App\Controllers\Autentificacion))
#12 C:\laragon\www\PROGRAMA\system\CodeIgniter.php(355): CodeIgniter\CodeIgniter->handleRequest(NULL, Object(Config\Cache), false)
#13 C:\laragon\www\PROGRAMA\system\Boot.php(325): CodeIgniter\CodeIgniter->run()
#14 C:\laragon\www\PROGRAMA\system\Boot.php(67): CodeIgniter\Boot::runCodeIgniter(Object(CodeIgniter\CodeIgniter))
#15 C:\laragon\www\PROGRAMA\public\index.php(56): CodeIgniter\Boot::bootWeb(Object(Config\Paths))
#16 {main}
CRITICAL - 2024-09-02 00:18:21 --> CodeIgniter\Database\Exceptions\DatabaseException: pg_query(): Query failed: ERROR:  lastval no está definido en esta sesión
[Method: POST, Route: insertarData]
in SYSTEMPATH\Database\BaseConnection.php on line 688.
 1 SYSTEMPATH\Database\Postgre\Connection.php(501): CodeIgniter\Database\BaseConnection->query('SELECT LASTVAL() AS ins_id')
 2 SYSTEMPATH\Model.php(399): CodeIgniter\Database\Postgre\Connection->insertID()
 3 SYSTEMPATH\BaseModel.php(840): CodeIgniter\Model->doInsert([...])
 4 SYSTEMPATH\Model.php(802): CodeIgniter\BaseModel->insert([...], false)
 5 APPPATH\Models\usuariosModel.php(96): CodeIgniter\Model->insert([...], false)
 6 APPPATH\Controllers\Autentificacion.php(123): App\Models\usuariosModel->InsertarNuevaId([...])
 7 SYSTEMPATH\CodeIgniter.php(933): App\Controllers\Autentificacion->InsertarData()
 8 SYSTEMPATH\CodeIgniter.php(509): CodeIgniter\CodeIgniter->runController(Object(App\Controllers\Autentificacion))
 9 SYSTEMPATH\CodeIgniter.php(355): CodeIgniter\CodeIgniter->handleRequest(null, Object(Config\Cache), false)
10 SYSTEMPATH\Boot.php(325): CodeIgniter\CodeIgniter->run()
11 SYSTEMPATH\Boot.php(67): CodeIgniter\Boot::runCodeIgniter(Object(CodeIgniter\CodeIgniter))
12 FCPATH\index.php(56): CodeIgniter\Boot::bootWeb(Object(Config\Paths))
CRITICAL - 2024-09-02 00:18:21 --> [Caused by] CodeIgniter\Database\Exceptions\DatabaseException: pg_query(): Query failed: ERROR:  lastval no está definido en esta sesión
in SYSTEMPATH\Database\Postgre\Connection.php on line 211.
 1 SYSTEMPATH\Database\BaseConnection.php(734): CodeIgniter\Database\Postgre\Connection->execute('SELECT LASTVAL() AS ins_id')
 2 SYSTEMPATH\Database\BaseConnection.php(648): CodeIgniter\Database\BaseConnection->simpleQuery('SELECT LASTVAL() AS ins_id')
 3 SYSTEMPATH\Database\Postgre\Connection.php(501): CodeIgniter\Database\BaseConnection->query('SELECT LASTVAL() AS ins_id')
 4 SYSTEMPATH\Model.php(399): CodeIgniter\Database\Postgre\Connection->insertID()
 5 SYSTEMPATH\BaseModel.php(840): CodeIgniter\Model->doInsert([...])
 6 SYSTEMPATH\Model.php(802): CodeIgniter\BaseModel->insert([...], false)
 7 APPPATH\Models\usuariosModel.php(96): CodeIgniter\Model->insert([...], false)
 8 APPPATH\Controllers\Autentificacion.php(123): App\Models\usuariosModel->InsertarNuevaId([...])
 9 SYSTEMPATH\CodeIgniter.php(933): App\Controllers\Autentificacion->InsertarData()
10 SYSTEMPATH\CodeIgniter.php(509): CodeIgniter\CodeIgniter->runController(Object(App\Controllers\Autentificacion))
11 SYSTEMPATH\CodeIgniter.php(355): CodeIgniter\CodeIgniter->handleRequest(null, Object(Config\Cache), false)
12 SYSTEMPATH\Boot.php(325): CodeIgniter\CodeIgniter->run()
13 SYSTEMPATH\Boot.php(67): CodeIgniter\Boot::runCodeIgniter(Object(CodeIgniter\CodeIgniter))
14 FCPATH\index.php(56): CodeIgniter\Boot::bootWeb(Object(Config\Paths))
CRITICAL - 2024-09-02 00:18:21 --> [Caused by] ErrorException: pg_query(): Query failed: ERROR:  lastval no está definido en esta sesión
in SYSTEMPATH\Database\Postgre\Connection.php on line 206.
 1 [internal function]: CodeIgniter\Debug\Exceptions->errorHandler(2, 'pg_query(): Query failed: ERROR:  lastval no está definido en esta sesión', 'C:\\laragon\\www\\PROGRAMA\\system\\Database\\Postgre\\Connection.php', 206)
 2 SYSTEMPATH\Database\Postgre\Connection.php(206): pg_query(Object(PgSql\Connection), 'SELECT LASTVAL() AS ins_id')
 3 SYSTEMPATH\Database\BaseConnection.php(734): CodeIgniter\Database\Postgre\Connection->execute('SELECT LASTVAL() AS ins_id')
 4 SYSTEMPATH\Database\BaseConnection.php(648): CodeIgniter\Database\BaseConnection->simpleQuery('SELECT LASTVAL() AS ins_id')
 5 SYSTEMPATH\Database\Postgre\Connection.php(501): CodeIgniter\Database\BaseConnection->query('SELECT LASTVAL() AS ins_id')
 6 SYSTEMPATH\Model.php(399): CodeIgniter\Database\Postgre\Connection->insertID()
 7 SYSTEMPATH\BaseModel.php(840): CodeIgniter\Model->doInsert([...])
 8 SYSTEMPATH\Model.php(802): CodeIgniter\BaseModel->insert([...], false)
 9 APPPATH\Models\usuariosModel.php(96): CodeIgniter\Model->insert([...], false)
10 APPPATH\Controllers\Autentificacion.php(123): App\Models\usuariosModel->InsertarNuevaId([...])
11 SYSTEMPATH\CodeIgniter.php(933): App\Controllers\Autentificacion->InsertarData()
12 SYSTEMPATH\CodeIgniter.php(509): CodeIgniter\CodeIgniter->runController(Object(App\Controllers\Autentificacion))
13 SYSTEMPATH\CodeIgniter.php(355): CodeIgniter\CodeIgniter->handleRequest(null, Object(Config\Cache), false)
14 SYSTEMPATH\Boot.php(325): CodeIgniter\CodeIgniter->run()
15 SYSTEMPATH\Boot.php(67): CodeIgniter\Boot::runCodeIgniter(Object(CodeIgniter\CodeIgniter))
16 FCPATH\index.php(56): CodeIgniter\Boot::bootWeb(Object(Config\Paths))
INFO - 2024-09-02 00:18:25 --> Session: Class initialized using 'CodeIgniter\Session\Handlers\FileHandler' driver.
INFO - 2024-09-02 00:18:51 --> Session: Class initialized using 'CodeIgniter\Session\Handlers\FileHandler' driver.
INFO - 2024-09-02 00:24:04 --> Session: Class initialized using 'CodeIgniter\Session\Handlers\FileHandler' driver.
INFO - 2024-09-02 00:27:11 --> Session: Class initialized using 'CodeIgniter\Session\Handlers\FileHandler' driver.
INFO - 2024-09-02 01:29:16 --> Session: Class initialized using 'CodeIgniter\Session\Handlers\FileHandler' driver.
INFO - 2024-09-02 01:30:35 --> Session: Class initialized using 'CodeIgniter\Session\Handlers\FileHandler' driver.
INFO - 2024-09-02 01:31:26 --> Session: Class initialized using 'CodeIgniter\Session\Handlers\FileHandler' driver.
INFO - 2024-09-02 01:31:37 --> Session: Class initialized using 'CodeIgniter\Session\Handlers\FileHandler' driver.
INFO - 2024-09-02 01:35:13 --> Session: Class initialized using 'CodeIgniter\Session\Handlers\FileHandler' driver.
INFO - 2024-09-02 01:37:01 --> Session: Class initialized using 'CodeIgniter\Session\Handlers\FileHandler' driver.
INFO - 2024-09-02 01:37:04 --> Session: Class initialized using 'CodeIgniter\Session\Handlers\FileHandler' driver.
INFO - 2024-09-02 01:37:19 --> Session: Class initialized using 'CodeIgniter\Session\Handlers\FileHandler' driver.
INFO - 2024-09-02 01:37:21 --> Session: Class initialized using 'CodeIgniter\Session\Handlers\FileHandler' driver.
INFO - 2024-09-02 01:37:21 --> Session: Class initialized using 'CodeIgniter\Session\Handlers\FileHandler' driver.
INFO - 2024-09-02 01:38:18 --> Session: Class initialized using 'CodeIgniter\Session\Handlers\FileHandler' driver.
INFO - 2024-09-02 01:41:06 --> Session: Class initialized using 'CodeIgniter\Session\Handlers\FileHandler' driver.
INFO - 2024-09-02 01:43:48 --> Session: Class initialized using 'CodeIgniter\Session\Handlers\FileHandler' driver.
INFO - 2024-09-02 01:43:58 --> Session: Class initialized using 'CodeIgniter\Session\Handlers\FileHandler' driver.
INFO - 2024-09-02 01:45:02 --> Session: Class initialized using 'CodeIgniter\Session\Handlers\FileHandler' driver.
INFO - 2024-09-02 01:45:13 --> Session: Class initialized using 'CodeIgniter\Session\Handlers\FileHandler' driver.
INFO - 2024-09-02 01:50:52 --> Session: Class initialized using 'CodeIgniter\Session\Handlers\FileHandler' driver.
INFO - 2024-09-02 01:58:04 --> Session: Class initialized using 'CodeIgniter\Session\Handlers\FileHandler' driver.
INFO - 2024-09-02 02:02:57 --> Session: Class initialized using 'CodeIgniter\Session\Handlers\FileHandler' driver.
INFO - 2024-09-02 02:10:48 --> Session: Class initialized using 'CodeIgniter\Session\Handlers\FileHandler' driver.
INFO - 2024-09-02 02:14:02 --> Session: Class initialized using 'CodeIgniter\Session\Handlers\FileHandler' driver.
INFO - 2024-09-02 02:14:36 --> Session: Class initialized using 'CodeIgniter\Session\Handlers\FileHandler' driver.
INFO - 2024-09-02 02:15:28 --> Session: Class initialized using 'CodeIgniter\Session\Handlers\FileHandler' driver.
INFO - 2024-09-02 02:16:43 --> Session: Class initialized using 'CodeIgniter\Session\Handlers\FileHandler' driver.
INFO - 2024-09-02 02:18:37 --> Session: Class initialized using 'CodeIgniter\Session\Handlers\FileHandler' driver.
INFO - 2024-09-02 02:19:02 --> Session: Class initialized using 'CodeIgniter\Session\Handlers\FileHandler' driver.
INFO - 2024-09-02 02:23:27 --> Session: Class initialized using 'CodeIgniter\Session\Handlers\FileHandler' driver.
INFO - 2024-09-02 02:32:25 --> Session: Class initialized using 'CodeIgniter\Session\Handlers\FileHandler' driver.
INFO - 2024-09-02 02:33:13 --> Session: Class initialized using 'CodeIgniter\Session\Handlers\FileHandler' driver.
INFO - 2024-09-02 02:33:43 --> Session: Class initialized using 'CodeIgniter\Session\Handlers\FileHandler' driver.
INFO - 2024-09-02 02:45:01 --> Session: Class initialized using 'CodeIgniter\Session\Handlers\FileHandler' driver.
INFO - 2024-09-02 02:52:08 --> Session: Class initialized using 'CodeIgniter\Session\Handlers\FileHandler' driver.
INFO - 2024-09-02 02:52:35 --> Session: Class initialized using 'CodeIgniter\Session\Handlers\FileHandler' driver.
INFO - 2024-09-02 02:53:01 --> Session: Class initialized using 'CodeIgniter\Session\Handlers\FileHandler' driver.
INFO - 2024-09-02 02:57:37 --> Session: Class initialized using 'CodeIgniter\Session\Handlers\FileHandler' driver.
INFO - 2024-09-02 03:01:08 --> Session: Class initialized using 'CodeIgniter\Session\Handlers\FileHandler' driver.
INFO - 2024-09-02 03:04:29 --> Session: Class initialized using 'CodeIgniter\Session\Handlers\FileHandler' driver.
INFO - 2024-09-02 03:09:09 --> Session: Class initialized using 'CodeIgniter\Session\Handlers\FileHandler' driver.
INFO - 2024-09-02 03:10:27 --> Session: Class initialized using 'CodeIgniter\Session\Handlers\FileHandler' driver.
INFO - 2024-09-02 03:10:34 --> Session: Class initialized using 'CodeIgniter\Session\Handlers\FileHandler' driver.
INFO - 2024-09-02 03:10:46 --> Session: Class initialized using 'CodeIgniter\Session\Handlers\FileHandler' driver.
INFO - 2024-09-02 03:10:56 --> Session: Class initialized using 'CodeIgniter\Session\Handlers\FileHandler' driver.
INFO - 2024-09-02 03:13:52 --> Session: Class initialized using 'CodeIgniter\Session\Handlers\FileHandler' driver.
INFO - 2024-09-02 03:15:06 --> Session: Class initialized using 'CodeIgniter\Session\Handlers\FileHandler' driver.
INFO - 2024-09-02 03:15:27 --> Session: Class initialized using 'CodeIgniter\Session\Handlers\FileHandler' driver.
INFO - 2024-09-02 03:15:47 --> Session: Class initialized using 'CodeIgniter\Session\Handlers\FileHandler' driver.
INFO - 2024-09-02 03:22:19 --> Session: Class initialized using 'CodeIgniter\Session\Handlers\FileHandler' driver.
INFO - 2024-09-02 03:25:14 --> Session: Class initialized using 'CodeIgniter\Session\Handlers\FileHandler' driver.
INFO - 2024-09-02 03:25:36 --> Session: Class initialized using 'CodeIgniter\Session\Handlers\FileHandler' driver.
INFO - 2024-09-02 03:26:07 --> Session: Class initialized using 'CodeIgniter\Session\Handlers\FileHandler' driver.
INFO - 2024-09-02 03:26:31 --> Session: Class initialized using 'CodeIgniter\Session\Handlers\FileHandler' driver.
INFO - 2024-09-02 03:36:11 --> Session: Class initialized using 'CodeIgniter\Session\Handlers\FileHandler' driver.
INFO - 2024-09-02 03:42:38 --> Session: Class initialized using 'CodeIgniter\Session\Handlers\FileHandler' driver.
INFO - 2024-09-02 03:43:08 --> Session: Class initialized using 'CodeIgniter\Session\Handlers\FileHandler' driver.
INFO - 2024-09-02 03:45:01 --> Session: Class initialized using 'CodeIgniter\Session\Handlers\FileHandler' driver.
INFO - 2024-09-02 03:46:21 --> Session: Class initialized using 'CodeIgniter\Session\Handlers\FileHandler' driver.
INFO - 2024-09-02 03:46:56 --> Session: Class initialized using 'CodeIgniter\Session\Handlers\FileHandler' driver.
INFO - 2024-09-02 03:47:19 --> Session: Class initialized using 'CodeIgniter\Session\Handlers\FileHandler' driver.
INFO - 2024-09-02 03:47:59 --> Session: Class initialized using 'CodeIgniter\Session\Handlers\FileHandler' driver.
INFO - 2024-09-02 03:51:28 --> Session: Class initialized using 'CodeIgniter\Session\Handlers\FileHandler' driver.
INFO - 2024-09-02 03:52:14 --> Session: Class initialized using 'CodeIgniter\Session\Handlers\FileHandler' driver.
INFO - 2024-09-02 03:52:31 --> Session: Class initialized using 'CodeIgniter\Session\Handlers\FileHandler' driver.
INFO - 2024-09-02 03:53:23 --> Session: Class initialized using 'CodeIgniter\Session\Handlers\FileHandler' driver.
INFO - 2024-09-02 04:01:06 --> Session: Class initialized using 'CodeIgniter\Session\Handlers\FileHandler' driver.
INFO - 2024-09-02 04:01:29 --> Session: Class initialized using 'CodeIgniter\Session\Handlers\FileHandler' driver.
INFO - 2024-09-02 04:02:14 --> Session: Class initialized using 'CodeIgniter\Session\Handlers\FileHandler' driver.
INFO - 2024-09-02 04:03:04 --> Session: Class initialized using 'CodeIgniter\Session\Handlers\FileHandler' driver.
INFO - 2024-09-02 04:03:35 --> Session: Class initialized using 'CodeIgniter\Session\Handlers\FileHandler' driver.
INFO - 2024-09-02 04:03:53 --> Session: Class initialized using 'CodeIgniter\Session\Handlers\FileHandler' driver.
INFO - 2024-09-02 04:04:32 --> Session: Class initialized using 'CodeIgniter\Session\Handlers\FileHandler' driver.
CRITICAL - 2024-09-02 04:04:52 --> ErrorException: Undefined array key "vdescri"
[Method: GET, Route: centro]
in APPPATH\Views\Mantenimiento\centroPoblado.php on line 155.
 1 APPPATH\Views\Mantenimiento\centroPoblado.php(155): CodeIgniter\Debug\Exceptions->errorHandler(2, 'Undefined array key "vdescri"', 'C:\\laragon\\www\\PROGRAMA\\app\\Views\\Mantenimiento\\centroPoblado.php', 155)
 2 SYSTEMPATH\View\View.php(234): include('C:\\laragon\\www\\PROGRAMA\\app\\Views\\Mantenimiento\\centroPoblado.php')
 3 SYSTEMPATH\View\View.php(237): CodeIgniter\View\View->CodeIgniter\View\{closure}()
 4 SYSTEMPATH\Common.php(1171): CodeIgniter\View\View->render('Mantenimiento/centroPoblado', [], true)
 5 APPPATH\Controllers\Autentificacion.php(44): view('Mantenimiento/centroPoblado', [...])
 6 SYSTEMPATH\CodeIgniter.php(933): App\Controllers\Autentificacion->centroPoblado()
 7 SYSTEMPATH\CodeIgniter.php(509): CodeIgniter\CodeIgniter->runController(Object(App\Controllers\Autentificacion))
 8 SYSTEMPATH\CodeIgniter.php(355): CodeIgniter\CodeIgniter->handleRequest(null, Object(Config\Cache), false)
 9 SYSTEMPATH\Boot.php(325): CodeIgniter\CodeIgniter->run()
10 SYSTEMPATH\Boot.php(67): CodeIgniter\Boot::runCodeIgniter(Object(CodeIgniter\CodeIgniter))
11 FCPATH\index.php(56): CodeIgniter\Boot::bootWeb(Object(Config\Paths))
CRITICAL - 2024-09-02 04:05:14 --> ErrorException: Undefined array key "idsigma"
[Method: GET, Route: centro]
in APPPATH\Views\Mantenimiento\centroPoblado.php on line 155.
 1 APPPATH\Views\Mantenimiento\centroPoblado.php(155): CodeIgniter\Debug\Exceptions->errorHandler(2, 'Undefined array key "idsigma"', 'C:\\laragon\\www\\PROGRAMA\\app\\Views\\Mantenimiento\\centroPoblado.php', 155)
 2 SYSTEMPATH\View\View.php(234): include('C:\\laragon\\www\\PROGRAMA\\app\\Views\\Mantenimiento\\centroPoblado.php')
 3 SYSTEMPATH\View\View.php(237): CodeIgniter\View\View->CodeIgniter\View\{closure}()
 4 SYSTEMPATH\Common.php(1171): CodeIgniter\View\View->render('Mantenimiento/centroPoblado', [], true)
 5 APPPATH\Controllers\Autentificacion.php(44): view('Mantenimiento/centroPoblado', [...])
 6 SYSTEMPATH\CodeIgniter.php(933): App\Controllers\Autentificacion->centroPoblado()
 7 SYSTEMPATH\CodeIgniter.php(509): CodeIgniter\CodeIgniter->runController(Object(App\Controllers\Autentificacion))
 8 SYSTEMPATH\CodeIgniter.php(355): CodeIgniter\CodeIgniter->handleRequest(null, Object(Config\Cache), false)
 9 SYSTEMPATH\Boot.php(325): CodeIgniter\CodeIgniter->run()
10 SYSTEMPATH\Boot.php(67): CodeIgniter\Boot::runCodeIgniter(Object(CodeIgniter\CodeIgniter))
11 FCPATH\index.php(56): CodeIgniter\Boot::bootWeb(Object(Config\Paths))
INFO - 2024-09-02 04:06:47 --> Session: Class initialized using 'CodeIgniter\Session\Handlers\FileHandler' driver.
INFO - 2024-09-02 04:07:29 --> Session: Class initialized using 'CodeIgniter\Session\Handlers\FileHandler' driver.
INFO - 2024-09-02 04:11:29 --> Session: Class initialized using 'CodeIgniter\Session\Handlers\FileHandler' driver.
INFO - 2024-09-02 04:14:00 --> Session: Class initialized using 'CodeIgniter\Session\Handlers\FileHandler' driver.
INFO - 2024-09-02 04:18:50 --> Session: Class initialized using 'CodeIgniter\Session\Handlers\FileHandler' driver.
INFO - 2024-09-02 04:21:11 --> Session: Class initialized using 'CodeIgniter\Session\Handlers\FileHandler' driver.
INFO - 2024-09-02 05:11:59 --> Session: Class initialized using 'CodeIgniter\Session\Handlers\FileHandler' driver.
INFO - 2024-09-02 05:12:43 --> Session: Class initialized using 'CodeIgniter\Session\Handlers\FileHandler' driver.
INFO - 2024-09-02 21:44:26 --> Session: Class initialized using 'CodeIgniter\Session\Handlers\FileHandler' driver.
INFO - 2024-09-02 22:26:46 --> Session: Class initialized using 'CodeIgniter\Session\Handlers\FileHandler' driver.
INFO - 2024-09-02 22:27:59 --> Session: Class initialized using 'CodeIgniter\Session\Handlers\FileHandler' driver.
CRITICAL - 2024-09-02 22:28:11 --> ArgumentCountError: Too few arguments to function App\Controllers\Autentificacion::BuscarPorId(), 0 passed in C:\laragon\www\PROGRAMA\system\CodeIgniter.php on line 933 and exactly 1 expected
[Method: GET, Route: buscarPorId]
in APPPATH\Controllers\Autentificacion.php on line 132.
 1 SYSTEMPATH\CodeIgniter.php(933): App\Controllers\Autentificacion->BuscarPorId()
 2 SYSTEMPATH\CodeIgniter.php(509): CodeIgniter\CodeIgniter->runController(Object(App\Controllers\Autentificacion))
 3 SYSTEMPATH\CodeIgniter.php(355): CodeIgniter\CodeIgniter->handleRequest(null, Object(Config\Cache), false)
 4 SYSTEMPATH\Boot.php(325): CodeIgniter\CodeIgniter->run()
 5 SYSTEMPATH\Boot.php(67): CodeIgniter\Boot::runCodeIgniter(Object(CodeIgniter\CodeIgniter))
 6 FCPATH\index.php(56): CodeIgniter\Boot::bootWeb(Object(Config\Paths))
CRITICAL - 2024-09-02 22:35:25 --> ArgumentCountError: Too few arguments to function App\Controllers\Autentificacion::BuscarPorId(), 0 passed in C:\laragon\www\PROGRAMA\system\CodeIgniter.php on line 933 and exactly 1 expected
[Method: GET, Route: buscarPorId]
in APPPATH\Controllers\Autentificacion.php on line 132.
 1 SYSTEMPATH\CodeIgniter.php(933): App\Controllers\Autentificacion->BuscarPorId()
 2 SYSTEMPATH\CodeIgniter.php(509): CodeIgniter\CodeIgniter->runController(Object(App\Controllers\Autentificacion))
 3 SYSTEMPATH\CodeIgniter.php(355): CodeIgniter\CodeIgniter->handleRequest(null, Object(Config\Cache), false)
 4 SYSTEMPATH\Boot.php(325): CodeIgniter\CodeIgniter->run()
 5 SYSTEMPATH\Boot.php(67): CodeIgniter\Boot::runCodeIgniter(Object(CodeIgniter\CodeIgniter))
 6 FCPATH\index.php(56): CodeIgniter\Boot::bootWeb(Object(Config\Paths))
INFO - 2024-09-02 22:35:32 --> Session: Class initialized using 'CodeIgniter\Session\Handlers\FileHandler' driver.
CRITICAL - 2024-09-02 22:35:38 --> ArgumentCountError: Too few arguments to function App\Controllers\Autentificacion::BuscarPorId(), 0 passed in C:\laragon\www\PROGRAMA\system\CodeIgniter.php on line 933 and exactly 1 expected
[Method: GET, Route: buscarPorId]
in APPPATH\Controllers\Autentificacion.php on line 132.
 1 SYSTEMPATH\CodeIgniter.php(933): App\Controllers\Autentificacion->BuscarPorId()
 2 SYSTEMPATH\CodeIgniter.php(509): CodeIgniter\CodeIgniter->runController(Object(App\Controllers\Autentificacion))
 3 SYSTEMPATH\CodeIgniter.php(355): CodeIgniter\CodeIgniter->handleRequest(null, Object(Config\Cache), false)
 4 SYSTEMPATH\Boot.php(325): CodeIgniter\CodeIgniter->run()
 5 SYSTEMPATH\Boot.php(67): CodeIgniter\Boot::runCodeIgniter(Object(CodeIgniter\CodeIgniter))
 6 FCPATH\index.php(56): CodeIgniter\Boot::bootWeb(Object(Config\Paths))
CRITICAL - 2024-09-02 22:35:47 --> ArgumentCountError: Too few arguments to function App\Controllers\Autentificacion::BuscarPorId(), 0 passed in C:\laragon\www\PROGRAMA\system\CodeIgniter.php on line 933 and exactly 1 expected
[Method: GET, Route: buscarPorId]
in APPPATH\Controllers\Autentificacion.php on line 132.
 1 SYSTEMPATH\CodeIgniter.php(933): App\Controllers\Autentificacion->BuscarPorId()
 2 SYSTEMPATH\CodeIgniter.php(509): CodeIgniter\CodeIgniter->runController(Object(App\Controllers\Autentificacion))
 3 SYSTEMPATH\CodeIgniter.php(355): CodeIgniter\CodeIgniter->handleRequest(null, Object(Config\Cache), false)
 4 SYSTEMPATH\Boot.php(325): CodeIgniter\CodeIgniter->run()
 5 SYSTEMPATH\Boot.php(67): CodeIgniter\Boot::runCodeIgniter(Object(CodeIgniter\CodeIgniter))
 6 FCPATH\index.php(56): CodeIgniter\Boot::bootWeb(Object(Config\Paths))
INFO - 2024-09-02 22:37:24 --> Session: Class initialized using 'CodeIgniter\Session\Handlers\FileHandler' driver.
INFO - 2024-09-02 22:37:35 --> Session: Class initialized using 'CodeIgniter\Session\Handlers\FileHandler' driver.
ERROR - 2024-09-02 22:37:35 --> ErrorException: pg_query(): Query failed: ERROR:  la referencia a la columna «idsigma» es ambigua
LINE 1: select idsigma as ID, p.vobserv as TIPO,p.vdescri as descri,...
               ^ in C:\laragon\www\PROGRAMA\system\Database\Postgre\Connection.php:206
Stack trace:
#0 [internal function]: CodeIgniter\Debug\Exceptions->errorHandler(2, 'pg_query(): Que...', 'C:\\laragon\\www\\...', 206)
#1 C:\laragon\www\PROGRAMA\system\Database\Postgre\Connection.php(206): pg_query(Object(PgSql\Connection), 'select idsigma ...')
#2 C:\laragon\www\PROGRAMA\system\Database\BaseConnection.php(734): CodeIgniter\Database\Postgre\Connection->execute('select idsigma ...')
#3 C:\laragon\www\PROGRAMA\system\Database\BaseConnection.php(648): CodeIgniter\Database\BaseConnection->simpleQuery('select idsigma ...')
#4 C:\laragon\www\PROGRAMA\app\Models\usuariosModel.php(32): CodeIgniter\Database\BaseConnection->query('select idsigma ...')
#5 C:\laragon\www\PROGRAMA\app\Controllers\Autentificacion.php(32): App\Models\usuariosModel->ListaCentroPoblado()
#6 C:\laragon\www\PROGRAMA\system\CodeIgniter.php(933): App\Controllers\Autentificacion->centroPoblado()
#7 C:\laragon\www\PROGRAMA\system\CodeIgniter.php(509): CodeIgniter\CodeIgniter->runController(Object(App\Controllers\Autentificacion))
#8 C:\laragon\www\PROGRAMA\system\CodeIgniter.php(355): CodeIgniter\CodeIgniter->handleRequest(NULL, Object(Config\Cache), false)
#9 C:\laragon\www\PROGRAMA\system\Boot.php(325): CodeIgniter\CodeIgniter->run()
#10 C:\laragon\www\PROGRAMA\system\Boot.php(67): CodeIgniter\Boot::runCodeIgniter(Object(CodeIgniter\CodeIgniter))
#11 C:\laragon\www\PROGRAMA\public\index.php(56): CodeIgniter\Boot::bootWeb(Object(Config\Paths))
#12 {main}
CRITICAL - 2024-09-02 22:37:35 --> CodeIgniter\Database\Exceptions\DatabaseException: pg_query(): Query failed: ERROR:  la referencia a la columna «idsigma» es ambigua
LINE 1: select idsigma as ID, p.vobserv as TIPO,p.vdescri as descri,...
               ^
[Method: GET, Route: centro]
in SYSTEMPATH\Database\BaseConnection.php on line 688.
 1 APPPATH\Models\usuariosModel.php(32): CodeIgniter\Database\BaseConnection->query('select idsigma as ID, p.vobserv as TIPO,p.vdescri as descri, m.vnombre as NOMBRE ,
                                m.cidzona as ZONA, h.vdescrip  as SECTOR, concat(p.vobserv ,\' - \',h.vdescrip) as NOMBRE_COMPLETO,
                                date_part(\'year\',m.dfecdes) as DESDE , extract (year from m.dfechas)::INTEGER as HASTA, m.nestado as ESTADO
                                from registro.mpoblad m
                                inner join public.mconten p
                                on m.ctipcen  = p.idsigma 
                                inner join registro.psector h 
                                on m.nsector = h.cid_sector 
                                order by m.vnombre asc')
 2 APPPATH\Controllers\Autentificacion.php(32): App\Models\usuariosModel->ListaCentroPoblado()
 3 SYSTEMPATH\CodeIgniter.php(933): App\Controllers\Autentificacion->centroPoblado()
 4 SYSTEMPATH\CodeIgniter.php(509): CodeIgniter\CodeIgniter->runController(Object(App\Controllers\Autentificacion))
 5 SYSTEMPATH\CodeIgniter.php(355): CodeIgniter\CodeIgniter->handleRequest(null, Object(Config\Cache), false)
 6 SYSTEMPATH\Boot.php(325): CodeIgniter\CodeIgniter->run()
 7 SYSTEMPATH\Boot.php(67): CodeIgniter\Boot::runCodeIgniter(Object(CodeIgniter\CodeIgniter))
 8 FCPATH\index.php(56): CodeIgniter\Boot::bootWeb(Object(Config\Paths))
CRITICAL - 2024-09-02 22:37:35 --> [Caused by] CodeIgniter\Database\Exceptions\DatabaseException: pg_query(): Query failed: ERROR:  la referencia a la columna «idsigma» es ambigua
LINE 1: select idsigma as ID, p.vobserv as TIPO,p.vdescri as descri,...
               ^
in SYSTEMPATH\Database\Postgre\Connection.php on line 211.
 1 SYSTEMPATH\Database\BaseConnection.php(734): CodeIgniter\Database\Postgre\Connection->execute('select idsigma as ID, p.vobserv as TIPO,p.vdescri as descri, m.vnombre as NOMBRE ,
                                m.cidzona as ZONA, h.vdescrip  as SECTOR, concat(p.vobserv ,\' - \',h.vdescrip) as NOMBRE_COMPLETO,
                                date_part(\'year\',m.dfecdes) as DESDE , extract (year from m.dfechas)::INTEGER as HASTA, m.nestado as ESTADO
                                from registro.mpoblad m
                                inner join public.mconten p
                                on m.ctipcen  = p.idsigma 
                                inner join registro.psector h 
                                on m.nsector = h.cid_sector 
                                order by m.vnombre asc')
 2 SYSTEMPATH\Database\BaseConnection.php(648): CodeIgniter\Database\BaseConnection->simpleQuery('select idsigma as ID, p.vobserv as TIPO,p.vdescri as descri, m.vnombre as NOMBRE ,
                                m.cidzona as ZONA, h.vdescrip  as SECTOR, concat(p.vobserv ,\' - \',h.vdescrip) as NOMBRE_COMPLETO,
                                date_part(\'year\',m.dfecdes) as DESDE , extract (year from m.dfechas)::INTEGER as HASTA, m.nestado as ESTADO
                                from registro.mpoblad m
                                inner join public.mconten p
                                on m.ctipcen  = p.idsigma 
                                inner join registro.psector h 
                                on m.nsector = h.cid_sector 
                                order by m.vnombre asc')
 3 APPPATH\Models\usuariosModel.php(32): CodeIgniter\Database\BaseConnection->query('select idsigma as ID, p.vobserv as TIPO,p.vdescri as descri, m.vnombre as NOMBRE ,
                                m.cidzona as ZONA, h.vdescrip  as SECTOR, concat(p.vobserv ,\' - \',h.vdescrip) as NOMBRE_COMPLETO,
                                date_part(\'year\',m.dfecdes) as DESDE , extract (year from m.dfechas)::INTEGER as HASTA, m.nestado as ESTADO
                                from registro.mpoblad m
                                inner join public.mconten p
                                on m.ctipcen  = p.idsigma 
                                inner join registro.psector h 
                                on m.nsector = h.cid_sector 
                                order by m.vnombre asc')
 4 APPPATH\Controllers\Autentificacion.php(32): App\Models\usuariosModel->ListaCentroPoblado()
 5 SYSTEMPATH\CodeIgniter.php(933): App\Controllers\Autentificacion->centroPoblado()
 6 SYSTEMPATH\CodeIgniter.php(509): CodeIgniter\CodeIgniter->runController(Object(App\Controllers\Autentificacion))
 7 SYSTEMPATH\CodeIgniter.php(355): CodeIgniter\CodeIgniter->handleRequest(null, Object(Config\Cache), false)
 8 SYSTEMPATH\Boot.php(325): CodeIgniter\CodeIgniter->run()
 9 SYSTEMPATH\Boot.php(67): CodeIgniter\Boot::runCodeIgniter(Object(CodeIgniter\CodeIgniter))
10 FCPATH\index.php(56): CodeIgniter\Boot::bootWeb(Object(Config\Paths))
CRITICAL - 2024-09-02 22:37:35 --> [Caused by] ErrorException: pg_query(): Query failed: ERROR:  la referencia a la columna «idsigma» es ambigua
LINE 1: select idsigma as ID, p.vobserv as TIPO,p.vdescri as descri,...
               ^
in SYSTEMPATH\Database\Postgre\Connection.php on line 206.
 1 [internal function]: CodeIgniter\Debug\Exceptions->errorHandler(2, 'pg_query(): Query failed: ERROR:  la referencia a la columna «idsigma» es ambigua
LINE 1: select idsigma as ID, p.vobserv as TIPO,p.vdescri as descri,...
               ^', 'C:\\laragon\\www\\PROGRAMA\\system\\Database\\Postgre\\Connection.php', 206)
 2 SYSTEMPATH\Database\Postgre\Connection.php(206): pg_query(Object(PgSql\Connection), 'select idsigma as ID, p.vobserv as TIPO,p.vdescri as descri, m.vnombre as NOMBRE ,
                                m.cidzona as ZONA, h.vdescrip  as SECTOR, concat(p.vobserv ,\' - \',h.vdescrip) as NOMBRE_COMPLETO,
                                date_part(\'year\',m.dfecdes) as DESDE , extract (year from m.dfechas)::INTEGER as HASTA, m.nestado as ESTADO
                                from registro.mpoblad m
                                inner join public.mconten p
                                on m.ctipcen  = p.idsigma 
                                inner join registro.psector h 
                                on m.nsector = h.cid_sector 
                                order by m.vnombre asc')
 3 SYSTEMPATH\Database\BaseConnection.php(734): CodeIgniter\Database\Postgre\Connection->execute('select idsigma as ID, p.vobserv as TIPO,p.vdescri as descri, m.vnombre as NOMBRE ,
                                m.cidzona as ZONA, h.vdescrip  as SECTOR, concat(p.vobserv ,\' - \',h.vdescrip) as NOMBRE_COMPLETO,
                                date_part(\'year\',m.dfecdes) as DESDE , extract (year from m.dfechas)::INTEGER as HASTA, m.nestado as ESTADO
                                from registro.mpoblad m
                                inner join public.mconten p
                                on m.ctipcen  = p.idsigma 
                                inner join registro.psector h 
                                on m.nsector = h.cid_sector 
                                order by m.vnombre asc')
 4 SYSTEMPATH\Database\BaseConnection.php(648): CodeIgniter\Database\BaseConnection->simpleQuery('select idsigma as ID, p.vobserv as TIPO,p.vdescri as descri, m.vnombre as NOMBRE ,
                                m.cidzona as ZONA, h.vdescrip  as SECTOR, concat(p.vobserv ,\' - \',h.vdescrip) as NOMBRE_COMPLETO,
                                date_part(\'year\',m.dfecdes) as DESDE , extract (year from m.dfechas)::INTEGER as HASTA, m.nestado as ESTADO
                                from registro.mpoblad m
                                inner join public.mconten p
                                on m.ctipcen  = p.idsigma 
                                inner join registro.psector h 
                                on m.nsector = h.cid_sector 
                                order by m.vnombre asc')
 5 APPPATH\Models\usuariosModel.php(32): CodeIgniter\Database\BaseConnection->query('select idsigma as ID, p.vobserv as TIPO,p.vdescri as descri, m.vnombre as NOMBRE ,
                                m.cidzona as ZONA, h.vdescrip  as SECTOR, concat(p.vobserv ,\' - \',h.vdescrip) as NOMBRE_COMPLETO,
                                date_part(\'year\',m.dfecdes) as DESDE , extract (year from m.dfechas)::INTEGER as HASTA, m.nestado as ESTADO
                                from registro.mpoblad m
                                inner join public.mconten p
                                on m.ctipcen  = p.idsigma 
                                inner join registro.psector h 
                                on m.nsector = h.cid_sector 
                                order by m.vnombre asc')
 6 APPPATH\Controllers\Autentificacion.php(32): App\Models\usuariosModel->ListaCentroPoblado()
 7 SYSTEMPATH\CodeIgniter.php(933): App\Controllers\Autentificacion->centroPoblado()
 8 SYSTEMPATH\CodeIgniter.php(509): CodeIgniter\CodeIgniter->runController(Object(App\Controllers\Autentificacion))
 9 SYSTEMPATH\CodeIgniter.php(355): CodeIgniter\CodeIgniter->handleRequest(null, Object(Config\Cache), false)
10 SYSTEMPATH\Boot.php(325): CodeIgniter\CodeIgniter->run()
11 SYSTEMPATH\Boot.php(67): CodeIgniter\Boot::runCodeIgniter(Object(CodeIgniter\CodeIgniter))
12 FCPATH\index.php(56): CodeIgniter\Boot::bootWeb(Object(Config\Paths))
INFO - 2024-09-02 22:38:30 --> Session: Class initialized using 'CodeIgniter\Session\Handlers\FileHandler' driver.
CRITICAL - 2024-09-02 22:38:35 --> ArgumentCountError: Too few arguments to function App\Controllers\Autentificacion::BuscarPorId(), 0 passed in C:\laragon\www\PROGRAMA\system\CodeIgniter.php on line 933 and exactly 1 expected
[Method: GET, Route: buscarPorId]
in APPPATH\Controllers\Autentificacion.php on line 132.
 1 SYSTEMPATH\CodeIgniter.php(933): App\Controllers\Autentificacion->BuscarPorId()
 2 SYSTEMPATH\CodeIgniter.php(509): CodeIgniter\CodeIgniter->runController(Object(App\Controllers\Autentificacion))
 3 SYSTEMPATH\CodeIgniter.php(355): CodeIgniter\CodeIgniter->handleRequest(null, Object(Config\Cache), false)
 4 SYSTEMPATH\Boot.php(325): CodeIgniter\CodeIgniter->run()
 5 SYSTEMPATH\Boot.php(67): CodeIgniter\Boot::runCodeIgniter(Object(CodeIgniter\CodeIgniter))
 6 FCPATH\index.php(56): CodeIgniter\Boot::bootWeb(Object(Config\Paths))
CRITICAL - 2024-09-02 22:38:36 --> ArgumentCountError: Too few arguments to function App\Controllers\Autentificacion::BuscarPorId(), 0 passed in C:\laragon\www\PROGRAMA\system\CodeIgniter.php on line 933 and exactly 1 expected
[Method: GET, Route: buscarPorId]
in APPPATH\Controllers\Autentificacion.php on line 132.
 1 SYSTEMPATH\CodeIgniter.php(933): App\Controllers\Autentificacion->BuscarPorId()
 2 SYSTEMPATH\CodeIgniter.php(509): CodeIgniter\CodeIgniter->runController(Object(App\Controllers\Autentificacion))
 3 SYSTEMPATH\CodeIgniter.php(355): CodeIgniter\CodeIgniter->handleRequest(null, Object(Config\Cache), false)
 4 SYSTEMPATH\Boot.php(325): CodeIgniter\CodeIgniter->run()
 5 SYSTEMPATH\Boot.php(67): CodeIgniter\Boot::runCodeIgniter(Object(CodeIgniter\CodeIgniter))
 6 FCPATH\index.php(56): CodeIgniter\Boot::bootWeb(Object(Config\Paths))
CRITICAL - 2024-09-02 22:38:36 --> ArgumentCountError: Too few arguments to function App\Controllers\Autentificacion::BuscarPorId(), 0 passed in C:\laragon\www\PROGRAMA\system\CodeIgniter.php on line 933 and exactly 1 expected
[Method: GET, Route: buscarPorId]
in APPPATH\Controllers\Autentificacion.php on line 132.
 1 SYSTEMPATH\CodeIgniter.php(933): App\Controllers\Autentificacion->BuscarPorId()
 2 SYSTEMPATH\CodeIgniter.php(509): CodeIgniter\CodeIgniter->runController(Object(App\Controllers\Autentificacion))
 3 SYSTEMPATH\CodeIgniter.php(355): CodeIgniter\CodeIgniter->handleRequest(null, Object(Config\Cache), false)
 4 SYSTEMPATH\Boot.php(325): CodeIgniter\CodeIgniter->run()
 5 SYSTEMPATH\Boot.php(67): CodeIgniter\Boot::runCodeIgniter(Object(CodeIgniter\CodeIgniter))
 6 FCPATH\index.php(56): CodeIgniter\Boot::bootWeb(Object(Config\Paths))
CRITICAL - 2024-09-02 22:38:37 --> ArgumentCountError: Too few arguments to function App\Controllers\Autentificacion::BuscarPorId(), 0 passed in C:\laragon\www\PROGRAMA\system\CodeIgniter.php on line 933 and exactly 1 expected
[Method: GET, Route: buscarPorId]
in APPPATH\Controllers\Autentificacion.php on line 132.
 1 SYSTEMPATH\CodeIgniter.php(933): App\Controllers\Autentificacion->BuscarPorId()
 2 SYSTEMPATH\CodeIgniter.php(509): CodeIgniter\CodeIgniter->runController(Object(App\Controllers\Autentificacion))
 3 SYSTEMPATH\CodeIgniter.php(355): CodeIgniter\CodeIgniter->handleRequest(null, Object(Config\Cache), false)
 4 SYSTEMPATH\Boot.php(325): CodeIgniter\CodeIgniter->run()
 5 SYSTEMPATH\Boot.php(67): CodeIgniter\Boot::runCodeIgniter(Object(CodeIgniter\CodeIgniter))
 6 FCPATH\index.php(56): CodeIgniter\Boot::bootWeb(Object(Config\Paths))
CRITICAL - 2024-09-02 22:38:37 --> ArgumentCountError: Too few arguments to function App\Controllers\Autentificacion::BuscarPorId(), 0 passed in C:\laragon\www\PROGRAMA\system\CodeIgniter.php on line 933 and exactly 1 expected
[Method: GET, Route: buscarPorId]
in APPPATH\Controllers\Autentificacion.php on line 132.
 1 SYSTEMPATH\CodeIgniter.php(933): App\Controllers\Autentificacion->BuscarPorId()
 2 SYSTEMPATH\CodeIgniter.php(509): CodeIgniter\CodeIgniter->runController(Object(App\Controllers\Autentificacion))
 3 SYSTEMPATH\CodeIgniter.php(355): CodeIgniter\CodeIgniter->handleRequest(null, Object(Config\Cache), false)
 4 SYSTEMPATH\Boot.php(325): CodeIgniter\CodeIgniter->run()
 5 SYSTEMPATH\Boot.php(67): CodeIgniter\Boot::runCodeIgniter(Object(CodeIgniter\CodeIgniter))
 6 FCPATH\index.php(56): CodeIgniter\Boot::bootWeb(Object(Config\Paths))
CRITICAL - 2024-09-02 22:38:37 --> ArgumentCountError: Too few arguments to function App\Controllers\Autentificacion::BuscarPorId(), 0 passed in C:\laragon\www\PROGRAMA\system\CodeIgniter.php on line 933 and exactly 1 expected
[Method: GET, Route: buscarPorId]
in APPPATH\Controllers\Autentificacion.php on line 132.
 1 SYSTEMPATH\CodeIgniter.php(933): App\Controllers\Autentificacion->BuscarPorId()
 2 SYSTEMPATH\CodeIgniter.php(509): CodeIgniter\CodeIgniter->runController(Object(App\Controllers\Autentificacion))
 3 SYSTEMPATH\CodeIgniter.php(355): CodeIgniter\CodeIgniter->handleRequest(null, Object(Config\Cache), false)
 4 SYSTEMPATH\Boot.php(325): CodeIgniter\CodeIgniter->run()
 5 SYSTEMPATH\Boot.php(67): CodeIgniter\Boot::runCodeIgniter(Object(CodeIgniter\CodeIgniter))
 6 FCPATH\index.php(56): CodeIgniter\Boot::bootWeb(Object(Config\Paths))
CRITICAL - 2024-09-02 22:38:37 --> ArgumentCountError: Too few arguments to function App\Controllers\Autentificacion::BuscarPorId(), 0 passed in C:\laragon\www\PROGRAMA\system\CodeIgniter.php on line 933 and exactly 1 expected
[Method: GET, Route: buscarPorId]
in APPPATH\Controllers\Autentificacion.php on line 132.
 1 SYSTEMPATH\CodeIgniter.php(933): App\Controllers\Autentificacion->BuscarPorId()
 2 SYSTEMPATH\CodeIgniter.php(509): CodeIgniter\CodeIgniter->runController(Object(App\Controllers\Autentificacion))
 3 SYSTEMPATH\CodeIgniter.php(355): CodeIgniter\CodeIgniter->handleRequest(null, Object(Config\Cache), false)
 4 SYSTEMPATH\Boot.php(325): CodeIgniter\CodeIgniter->run()
 5 SYSTEMPATH\Boot.php(67): CodeIgniter\Boot::runCodeIgniter(Object(CodeIgniter\CodeIgniter))
 6 FCPATH\index.php(56): CodeIgniter\Boot::bootWeb(Object(Config\Paths))
CRITICAL - 2024-09-02 22:39:03 --> ArgumentCountError: Too few arguments to function App\Controllers\Autentificacion::BuscarPorId(), 0 passed in C:\laragon\www\PROGRAMA\system\CodeIgniter.php on line 933 and exactly 1 expected
[Method: GET, Route: buscarPorId]
in APPPATH\Controllers\Autentificacion.php on line 132.
 1 SYSTEMPATH\CodeIgniter.php(933): App\Controllers\Autentificacion->BuscarPorId()
 2 SYSTEMPATH\CodeIgniter.php(509): CodeIgniter\CodeIgniter->runController(Object(App\Controllers\Autentificacion))
 3 SYSTEMPATH\CodeIgniter.php(355): CodeIgniter\CodeIgniter->handleRequest(null, Object(Config\Cache), false)
 4 SYSTEMPATH\Boot.php(325): CodeIgniter\CodeIgniter->run()
 5 SYSTEMPATH\Boot.php(67): CodeIgniter\Boot::runCodeIgniter(Object(CodeIgniter\CodeIgniter))
 6 FCPATH\index.php(56): CodeIgniter\Boot::bootWeb(Object(Config\Paths))
CRITICAL - 2024-09-02 22:39:03 --> ArgumentCountError: Too few arguments to function App\Controllers\Autentificacion::BuscarPorId(), 0 passed in C:\laragon\www\PROGRAMA\system\CodeIgniter.php on line 933 and exactly 1 expected
[Method: GET, Route: buscarPorId]
in APPPATH\Controllers\Autentificacion.php on line 132.
 1 SYSTEMPATH\CodeIgniter.php(933): App\Controllers\Autentificacion->BuscarPorId()
 2 SYSTEMPATH\CodeIgniter.php(509): CodeIgniter\CodeIgniter->runController(Object(App\Controllers\Autentificacion))
 3 SYSTEMPATH\CodeIgniter.php(355): CodeIgniter\CodeIgniter->handleRequest(null, Object(Config\Cache), false)
 4 SYSTEMPATH\Boot.php(325): CodeIgniter\CodeIgniter->run()
 5 SYSTEMPATH\Boot.php(67): CodeIgniter\Boot::runCodeIgniter(Object(CodeIgniter\CodeIgniter))
 6 FCPATH\index.php(56): CodeIgniter\Boot::bootWeb(Object(Config\Paths))
CRITICAL - 2024-09-02 22:39:03 --> ArgumentCountError: Too few arguments to function App\Controllers\Autentificacion::BuscarPorId(), 0 passed in C:\laragon\www\PROGRAMA\system\CodeIgniter.php on line 933 and exactly 1 expected
[Method: GET, Route: buscarPorId]
in APPPATH\Controllers\Autentificacion.php on line 132.
 1 SYSTEMPATH\CodeIgniter.php(933): App\Controllers\Autentificacion->BuscarPorId()
 2 SYSTEMPATH\CodeIgniter.php(509): CodeIgniter\CodeIgniter->runController(Object(App\Controllers\Autentificacion))
 3 SYSTEMPATH\CodeIgniter.php(355): CodeIgniter\CodeIgniter->handleRequest(null, Object(Config\Cache), false)
 4 SYSTEMPATH\Boot.php(325): CodeIgniter\CodeIgniter->run()
 5 SYSTEMPATH\Boot.php(67): CodeIgniter\Boot::runCodeIgniter(Object(CodeIgniter\CodeIgniter))
 6 FCPATH\index.php(56): CodeIgniter\Boot::bootWeb(Object(Config\Paths))
CRITICAL - 2024-09-02 22:39:13 --> ArgumentCountError: Too few arguments to function App\Controllers\Autentificacion::BuscarPorId(), 0 passed in C:\laragon\www\PROGRAMA\system\CodeIgniter.php on line 933 and exactly 1 expected
[Method: GET, Route: buscarPorId]
in APPPATH\Controllers\Autentificacion.php on line 132.
 1 SYSTEMPATH\CodeIgniter.php(933): App\Controllers\Autentificacion->BuscarPorId()
 2 SYSTEMPATH\CodeIgniter.php(509): CodeIgniter\CodeIgniter->runController(Object(App\Controllers\Autentificacion))
 3 SYSTEMPATH\CodeIgniter.php(355): CodeIgniter\CodeIgniter->handleRequest(null, Object(Config\Cache), false)
 4 SYSTEMPATH\Boot.php(325): CodeIgniter\CodeIgniter->run()
 5 SYSTEMPATH\Boot.php(67): CodeIgniter\Boot::runCodeIgniter(Object(CodeIgniter\CodeIgniter))
 6 FCPATH\index.php(56): CodeIgniter\Boot::bootWeb(Object(Config\Paths))
CRITICAL - 2024-09-02 22:39:24 --> ArgumentCountError: Too few arguments to function App\Controllers\Autentificacion::BuscarPorId(), 0 passed in C:\laragon\www\PROGRAMA\system\CodeIgniter.php on line 933 and exactly 1 expected
[Method: GET, Route: buscarPorId]
in APPPATH\Controllers\Autentificacion.php on line 132.
 1 SYSTEMPATH\CodeIgniter.php(933): App\Controllers\Autentificacion->BuscarPorId()
 2 SYSTEMPATH\CodeIgniter.php(509): CodeIgniter\CodeIgniter->runController(Object(App\Controllers\Autentificacion))
 3 SYSTEMPATH\CodeIgniter.php(355): CodeIgniter\CodeIgniter->handleRequest(null, Object(Config\Cache), false)
 4 SYSTEMPATH\Boot.php(325): CodeIgniter\CodeIgniter->run()
 5 SYSTEMPATH\Boot.php(67): CodeIgniter\Boot::runCodeIgniter(Object(CodeIgniter\CodeIgniter))
 6 FCPATH\index.php(56): CodeIgniter\Boot::bootWeb(Object(Config\Paths))
CRITICAL - 2024-09-02 22:39:24 --> ArgumentCountError: Too few arguments to function App\Controllers\Autentificacion::BuscarPorId(), 0 passed in C:\laragon\www\PROGRAMA\system\CodeIgniter.php on line 933 and exactly 1 expected
[Method: GET, Route: buscarPorId]
in APPPATH\Controllers\Autentificacion.php on line 132.
 1 SYSTEMPATH\CodeIgniter.php(933): App\Controllers\Autentificacion->BuscarPorId()
 2 SYSTEMPATH\CodeIgniter.php(509): CodeIgniter\CodeIgniter->runController(Object(App\Controllers\Autentificacion))
 3 SYSTEMPATH\CodeIgniter.php(355): CodeIgniter\CodeIgniter->handleRequest(null, Object(Config\Cache), false)
 4 SYSTEMPATH\Boot.php(325): CodeIgniter\CodeIgniter->run()
 5 SYSTEMPATH\Boot.php(67): CodeIgniter\Boot::runCodeIgniter(Object(CodeIgniter\CodeIgniter))
 6 FCPATH\index.php(56): CodeIgniter\Boot::bootWeb(Object(Config\Paths))
INFO - 2024-09-02 22:39:46 --> Session: Class initialized using 'CodeIgniter\Session\Handlers\FileHandler' driver.
CRITICAL - 2024-09-02 22:39:49 --> ArgumentCountError: Too few arguments to function App\Controllers\Autentificacion::BuscarPorId(), 0 passed in C:\laragon\www\PROGRAMA\system\CodeIgniter.php on line 933 and exactly 1 expected
[Method: GET, Route: buscarPorId]
in APPPATH\Controllers\Autentificacion.php on line 132.
 1 SYSTEMPATH\CodeIgniter.php(933): App\Controllers\Autentificacion->BuscarPorId()
 2 SYSTEMPATH\CodeIgniter.php(509): CodeIgniter\CodeIgniter->runController(Object(App\Controllers\Autentificacion))
 3 SYSTEMPATH\CodeIgniter.php(355): CodeIgniter\CodeIgniter->handleRequest(null, Object(Config\Cache), false)
 4 SYSTEMPATH\Boot.php(325): CodeIgniter\CodeIgniter->run()
 5 SYSTEMPATH\Boot.php(67): CodeIgniter\Boot::runCodeIgniter(Object(CodeIgniter\CodeIgniter))
 6 FCPATH\index.php(56): CodeIgniter\Boot::bootWeb(Object(Config\Paths))
CRITICAL - 2024-09-02 22:41:45 --> ArgumentCountError: Too few arguments to function App\Controllers\Autentificacion::BuscarPorId(), 0 passed in C:\laragon\www\PROGRAMA\system\CodeIgniter.php on line 933 and exactly 1 expected
[Method: GET, Route: buscarPorId]
in APPPATH\Controllers\Autentificacion.php on line 132.
 1 SYSTEMPATH\CodeIgniter.php(933): App\Controllers\Autentificacion->BuscarPorId()
 2 SYSTEMPATH\CodeIgniter.php(509): CodeIgniter\CodeIgniter->runController(Object(App\Controllers\Autentificacion))
 3 SYSTEMPATH\CodeIgniter.php(355): CodeIgniter\CodeIgniter->handleRequest(null, Object(Config\Cache), false)
 4 SYSTEMPATH\Boot.php(325): CodeIgniter\CodeIgniter->run()
 5 SYSTEMPATH\Boot.php(67): CodeIgniter\Boot::runCodeIgniter(Object(CodeIgniter\CodeIgniter))
 6 FCPATH\index.php(56): CodeIgniter\Boot::bootWeb(Object(Config\Paths))
INFO - 2024-09-02 22:56:07 --> Session: Class initialized using 'CodeIgniter\Session\Handlers\FileHandler' driver.
INFO - 2024-09-02 22:56:08 --> Session: Class initialized using 'CodeIgniter\Session\Handlers\FileHandler' driver.
INFO - 2024-09-02 22:56:51 --> Session: Class initialized using 'CodeIgniter\Session\Handlers\FileHandler' driver.
INFO - 2024-09-02 22:57:44 --> Session: Class initialized using 'CodeIgniter\Session\Handlers\FileHandler' driver.
INFO - 2024-09-02 23:03:03 --> Session: Class initialized using 'CodeIgniter\Session\Handlers\FileHandler' driver.
INFO - 2024-09-02 23:03:49 --> Session: Class initialized using 'CodeIgniter\Session\Handlers\FileHandler' driver.
INFO - 2024-09-02 23:05:42 --> Session: Class initialized using 'CodeIgniter\Session\Handlers\FileHandler' driver.
INFO - 2024-09-02 23:05:45 --> Session: Class initialized using 'CodeIgniter\Session\Handlers\FileHandler' driver.
INFO - 2024-09-02 23:05:47 --> Session: Class initialized using 'CodeIgniter\Session\Handlers\FileHandler' driver.
INFO - 2024-09-02 23:06:23 --> Session: Class initialized using 'CodeIgniter\Session\Handlers\FileHandler' driver.
CRITICAL - 2024-09-02 23:06:29 --> CodeIgniter\HTTP\Exceptions\BadRequestException: The URI you submitted has disallowed characters: "(:num)"
[Method: GET, Route: buscarPorId/%28:num%29]
in SYSTEMPATH\Router\Router.php on line 737.
 1 SYSTEMPATH\Router\Router.php(204): CodeIgniter\Router\Router->checkDisallowedChars('buscarPorId/(:num)')
 2 SYSTEMPATH\CodeIgniter.php(834): CodeIgniter\Router\Router->handle('buscarPorId/(:num)')
 3 SYSTEMPATH\CodeIgniter.php(457): CodeIgniter\CodeIgniter->tryToRouteIt(Object(CodeIgniter\Router\RouteCollection))
 4 SYSTEMPATH\CodeIgniter.php(355): CodeIgniter\CodeIgniter->handleRequest(null, Object(Config\Cache), false)
 5 SYSTEMPATH\Boot.php(325): CodeIgniter\CodeIgniter->run()
 6 SYSTEMPATH\Boot.php(67): CodeIgniter\Boot::runCodeIgniter(Object(CodeIgniter\CodeIgniter))
 7 FCPATH\index.php(56): CodeIgniter\Boot::bootWeb(Object(Config\Paths))
CRITICAL - 2024-09-02 23:06:31 --> CodeIgniter\HTTP\Exceptions\BadRequestException: The URI you submitted has disallowed characters: "(:num)"
[Method: GET, Route: buscarPorId/%28:num%29]
in SYSTEMPATH\Router\Router.php on line 737.
 1 SYSTEMPATH\Router\Router.php(204): CodeIgniter\Router\Router->checkDisallowedChars('buscarPorId/(:num)')
 2 SYSTEMPATH\CodeIgniter.php(834): CodeIgniter\Router\Router->handle('buscarPorId/(:num)')
 3 SYSTEMPATH\CodeIgniter.php(457): CodeIgniter\CodeIgniter->tryToRouteIt(Object(CodeIgniter\Router\RouteCollection))
 4 SYSTEMPATH\CodeIgniter.php(355): CodeIgniter\CodeIgniter->handleRequest(null, Object(Config\Cache), false)
 5 SYSTEMPATH\Boot.php(325): CodeIgniter\CodeIgniter->run()
 6 SYSTEMPATH\Boot.php(67): CodeIgniter\Boot::runCodeIgniter(Object(CodeIgniter\CodeIgniter))
 7 FCPATH\index.php(56): CodeIgniter\Boot::bootWeb(Object(Config\Paths))
INFO - 2024-09-02 23:07:02 --> Session: Class initialized using 'CodeIgniter\Session\Handlers\FileHandler' driver.
INFO - 2024-09-02 23:07:30 --> Session: Class initialized using 'CodeIgniter\Session\Handlers\FileHandler' driver.
CRITICAL - 2024-09-02 23:07:34 --> CodeIgniter\HTTP\Exceptions\BadRequestException: The URI you submitted has disallowed characters: "(:num)"
[Method: GET, Route: buscarPorId/%28:num%29]
in SYSTEMPATH\Router\Router.php on line 737.
 1 SYSTEMPATH\Router\Router.php(204): CodeIgniter\Router\Router->checkDisallowedChars('buscarPorId/(:num)')
 2 SYSTEMPATH\CodeIgniter.php(834): CodeIgniter\Router\Router->handle('buscarPorId/(:num)')
 3 SYSTEMPATH\CodeIgniter.php(457): CodeIgniter\CodeIgniter->tryToRouteIt(Object(CodeIgniter\Router\RouteCollection))
 4 SYSTEMPATH\CodeIgniter.php(355): CodeIgniter\CodeIgniter->handleRequest(null, Object(Config\Cache), false)
 5 SYSTEMPATH\Boot.php(325): CodeIgniter\CodeIgniter->run()
 6 SYSTEMPATH\Boot.php(67): CodeIgniter\Boot::runCodeIgniter(Object(CodeIgniter\CodeIgniter))
 7 FCPATH\index.php(56): CodeIgniter\Boot::bootWeb(Object(Config\Paths))
CRITICAL - 2024-09-02 23:07:35 --> CodeIgniter\HTTP\Exceptions\BadRequestException: The URI you submitted has disallowed characters: "(:num)"
[Method: GET, Route: buscarPorId/%28:num%29]
in SYSTEMPATH\Router\Router.php on line 737.
 1 SYSTEMPATH\Router\Router.php(204): CodeIgniter\Router\Router->checkDisallowedChars('buscarPorId/(:num)')
 2 SYSTEMPATH\CodeIgniter.php(834): CodeIgniter\Router\Router->handle('buscarPorId/(:num)')
 3 SYSTEMPATH\CodeIgniter.php(457): CodeIgniter\CodeIgniter->tryToRouteIt(Object(CodeIgniter\Router\RouteCollection))
 4 SYSTEMPATH\CodeIgniter.php(355): CodeIgniter\CodeIgniter->handleRequest(null, Object(Config\Cache), false)
 5 SYSTEMPATH\Boot.php(325): CodeIgniter\CodeIgniter->run()
 6 SYSTEMPATH\Boot.php(67): CodeIgniter\Boot::runCodeIgniter(Object(CodeIgniter\CodeIgniter))
 7 FCPATH\index.php(56): CodeIgniter\Boot::bootWeb(Object(Config\Paths))
CRITICAL - 2024-09-02 23:07:36 --> CodeIgniter\HTTP\Exceptions\BadRequestException: The URI you submitted has disallowed characters: "(:num)"
[Method: GET, Route: buscarPorId/%28:num%29]
in SYSTEMPATH\Router\Router.php on line 737.
 1 SYSTEMPATH\Router\Router.php(204): CodeIgniter\Router\Router->checkDisallowedChars('buscarPorId/(:num)')
 2 SYSTEMPATH\CodeIgniter.php(834): CodeIgniter\Router\Router->handle('buscarPorId/(:num)')
 3 SYSTEMPATH\CodeIgniter.php(457): CodeIgniter\CodeIgniter->tryToRouteIt(Object(CodeIgniter\Router\RouteCollection))
 4 SYSTEMPATH\CodeIgniter.php(355): CodeIgniter\CodeIgniter->handleRequest(null, Object(Config\Cache), false)
 5 SYSTEMPATH\Boot.php(325): CodeIgniter\CodeIgniter->run()
 6 SYSTEMPATH\Boot.php(67): CodeIgniter\Boot::runCodeIgniter(Object(CodeIgniter\CodeIgniter))
 7 FCPATH\index.php(56): CodeIgniter\Boot::bootWeb(Object(Config\Paths))
CRITICAL - 2024-09-02 23:07:36 --> CodeIgniter\HTTP\Exceptions\BadRequestException: The URI you submitted has disallowed characters: "(:num)"
[Method: GET, Route: buscarPorId/%28:num%29]
in SYSTEMPATH\Router\Router.php on line 737.
 1 SYSTEMPATH\Router\Router.php(204): CodeIgniter\Router\Router->checkDisallowedChars('buscarPorId/(:num)')
 2 SYSTEMPATH\CodeIgniter.php(834): CodeIgniter\Router\Router->handle('buscarPorId/(:num)')
 3 SYSTEMPATH\CodeIgniter.php(457): CodeIgniter\CodeIgniter->tryToRouteIt(Object(CodeIgniter\Router\RouteCollection))
 4 SYSTEMPATH\CodeIgniter.php(355): CodeIgniter\CodeIgniter->handleRequest(null, Object(Config\Cache), false)
 5 SYSTEMPATH\Boot.php(325): CodeIgniter\CodeIgniter->run()
 6 SYSTEMPATH\Boot.php(67): CodeIgniter\Boot::runCodeIgniter(Object(CodeIgniter\CodeIgniter))
 7 FCPATH\index.php(56): CodeIgniter\Boot::bootWeb(Object(Config\Paths))
CRITICAL - 2024-09-02 23:07:36 --> CodeIgniter\HTTP\Exceptions\BadRequestException: The URI you submitted has disallowed characters: "(:num)"
[Method: GET, Route: buscarPorId/%28:num%29]
in SYSTEMPATH\Router\Router.php on line 737.
 1 SYSTEMPATH\Router\Router.php(204): CodeIgniter\Router\Router->checkDisallowedChars('buscarPorId/(:num)')
 2 SYSTEMPATH\CodeIgniter.php(834): CodeIgniter\Router\Router->handle('buscarPorId/(:num)')
 3 SYSTEMPATH\CodeIgniter.php(457): CodeIgniter\CodeIgniter->tryToRouteIt(Object(CodeIgniter\Router\RouteCollection))
 4 SYSTEMPATH\CodeIgniter.php(355): CodeIgniter\CodeIgniter->handleRequest(null, Object(Config\Cache), false)
 5 SYSTEMPATH\Boot.php(325): CodeIgniter\CodeIgniter->run()
 6 SYSTEMPATH\Boot.php(67): CodeIgniter\Boot::runCodeIgniter(Object(CodeIgniter\CodeIgniter))
 7 FCPATH\index.php(56): CodeIgniter\Boot::bootWeb(Object(Config\Paths))
CRITICAL - 2024-09-02 23:07:37 --> CodeIgniter\HTTP\Exceptions\BadRequestException: The URI you submitted has disallowed characters: "(:num)"
[Method: GET, Route: buscarPorId/%28:num%29]
in SYSTEMPATH\Router\Router.php on line 737.
 1 SYSTEMPATH\Router\Router.php(204): CodeIgniter\Router\Router->checkDisallowedChars('buscarPorId/(:num)')
 2 SYSTEMPATH\CodeIgniter.php(834): CodeIgniter\Router\Router->handle('buscarPorId/(:num)')
 3 SYSTEMPATH\CodeIgniter.php(457): CodeIgniter\CodeIgniter->tryToRouteIt(Object(CodeIgniter\Router\RouteCollection))
 4 SYSTEMPATH\CodeIgniter.php(355): CodeIgniter\CodeIgniter->handleRequest(null, Object(Config\Cache), false)
 5 SYSTEMPATH\Boot.php(325): CodeIgniter\CodeIgniter->run()
 6 SYSTEMPATH\Boot.php(67): CodeIgniter\Boot::runCodeIgniter(Object(CodeIgniter\CodeIgniter))
 7 FCPATH\index.php(56): CodeIgniter\Boot::bootWeb(Object(Config\Paths))
CRITICAL - 2024-09-02 23:07:37 --> CodeIgniter\HTTP\Exceptions\BadRequestException: The URI you submitted has disallowed characters: "(:num)"
[Method: GET, Route: buscarPorId/%28:num%29]
in SYSTEMPATH\Router\Router.php on line 737.
 1 SYSTEMPATH\Router\Router.php(204): CodeIgniter\Router\Router->checkDisallowedChars('buscarPorId/(:num)')
 2 SYSTEMPATH\CodeIgniter.php(834): CodeIgniter\Router\Router->handle('buscarPorId/(:num)')
 3 SYSTEMPATH\CodeIgniter.php(457): CodeIgniter\CodeIgniter->tryToRouteIt(Object(CodeIgniter\Router\RouteCollection))
 4 SYSTEMPATH\CodeIgniter.php(355): CodeIgniter\CodeIgniter->handleRequest(null, Object(Config\Cache), false)
 5 SYSTEMPATH\Boot.php(325): CodeIgniter\CodeIgniter->run()
 6 SYSTEMPATH\Boot.php(67): CodeIgniter\Boot::runCodeIgniter(Object(CodeIgniter\CodeIgniter))
 7 FCPATH\index.php(56): CodeIgniter\Boot::bootWeb(Object(Config\Paths))
CRITICAL - 2024-09-02 23:07:38 --> CodeIgniter\HTTP\Exceptions\BadRequestException: The URI you submitted has disallowed characters: "(:num)"
[Method: GET, Route: buscarPorId/%28:num%29]
in SYSTEMPATH\Router\Router.php on line 737.
 1 SYSTEMPATH\Router\Router.php(204): CodeIgniter\Router\Router->checkDisallowedChars('buscarPorId/(:num)')
 2 SYSTEMPATH\CodeIgniter.php(834): CodeIgniter\Router\Router->handle('buscarPorId/(:num)')
 3 SYSTEMPATH\CodeIgniter.php(457): CodeIgniter\CodeIgniter->tryToRouteIt(Object(CodeIgniter\Router\RouteCollection))
 4 SYSTEMPATH\CodeIgniter.php(355): CodeIgniter\CodeIgniter->handleRequest(null, Object(Config\Cache), false)
 5 SYSTEMPATH\Boot.php(325): CodeIgniter\CodeIgniter->run()
 6 SYSTEMPATH\Boot.php(67): CodeIgniter\Boot::runCodeIgniter(Object(CodeIgniter\CodeIgniter))
 7 FCPATH\index.php(56): CodeIgniter\Boot::bootWeb(Object(Config\Paths))
CRITICAL - 2024-09-02 23:07:38 --> CodeIgniter\HTTP\Exceptions\BadRequestException: The URI you submitted has disallowed characters: "(:num)"
[Method: GET, Route: buscarPorId/%28:num%29]
in SYSTEMPATH\Router\Router.php on line 737.
 1 SYSTEMPATH\Router\Router.php(204): CodeIgniter\Router\Router->checkDisallowedChars('buscarPorId/(:num)')
 2 SYSTEMPATH\CodeIgniter.php(834): CodeIgniter\Router\Router->handle('buscarPorId/(:num)')
 3 SYSTEMPATH\CodeIgniter.php(457): CodeIgniter\CodeIgniter->tryToRouteIt(Object(CodeIgniter\Router\RouteCollection))
 4 SYSTEMPATH\CodeIgniter.php(355): CodeIgniter\CodeIgniter->handleRequest(null, Object(Config\Cache), false)
 5 SYSTEMPATH\Boot.php(325): CodeIgniter\CodeIgniter->run()
 6 SYSTEMPATH\Boot.php(67): CodeIgniter\Boot::runCodeIgniter(Object(CodeIgniter\CodeIgniter))
 7 FCPATH\index.php(56): CodeIgniter\Boot::bootWeb(Object(Config\Paths))
INFO - 2024-09-02 23:07:55 --> Session: Class initialized using 'CodeIgniter\Session\Handlers\FileHandler' driver.
CRITICAL - 2024-09-02 23:08:01 --> CodeIgniter\HTTP\Exceptions\BadRequestException: The URI you submitted has disallowed characters: "(:num)"
[Method: GET, Route: buscarPorId/%28:num%29]
in SYSTEMPATH\Router\Router.php on line 737.
 1 SYSTEMPATH\Router\Router.php(204): CodeIgniter\Router\Router->checkDisallowedChars('buscarPorId/(:num)')
 2 SYSTEMPATH\CodeIgniter.php(834): CodeIgniter\Router\Router->handle('buscarPorId/(:num)')
 3 SYSTEMPATH\CodeIgniter.php(457): CodeIgniter\CodeIgniter->tryToRouteIt(Object(CodeIgniter\Router\RouteCollection))
 4 SYSTEMPATH\CodeIgniter.php(355): CodeIgniter\CodeIgniter->handleRequest(null, Object(Config\Cache), false)
 5 SYSTEMPATH\Boot.php(325): CodeIgniter\CodeIgniter->run()
 6 SYSTEMPATH\Boot.php(67): CodeIgniter\Boot::runCodeIgniter(Object(CodeIgniter\CodeIgniter))
 7 FCPATH\index.php(56): CodeIgniter\Boot::bootWeb(Object(Config\Paths))
CRITICAL - 2024-09-02 23:08:02 --> CodeIgniter\HTTP\Exceptions\BadRequestException: The URI you submitted has disallowed characters: "(:num)"
[Method: GET, Route: buscarPorId/%28:num%29]
in SYSTEMPATH\Router\Router.php on line 737.
 1 SYSTEMPATH\Router\Router.php(204): CodeIgniter\Router\Router->checkDisallowedChars('buscarPorId/(:num)')
 2 SYSTEMPATH\CodeIgniter.php(834): CodeIgniter\Router\Router->handle('buscarPorId/(:num)')
 3 SYSTEMPATH\CodeIgniter.php(457): CodeIgniter\CodeIgniter->tryToRouteIt(Object(CodeIgniter\Router\RouteCollection))
 4 SYSTEMPATH\CodeIgniter.php(355): CodeIgniter\CodeIgniter->handleRequest(null, Object(Config\Cache), false)
 5 SYSTEMPATH\Boot.php(325): CodeIgniter\CodeIgniter->run()
 6 SYSTEMPATH\Boot.php(67): CodeIgniter\Boot::runCodeIgniter(Object(CodeIgniter\CodeIgniter))
 7 FCPATH\index.php(56): CodeIgniter\Boot::bootWeb(Object(Config\Paths))
CRITICAL - 2024-09-02 23:08:02 --> CodeIgniter\HTTP\Exceptions\BadRequestException: The URI you submitted has disallowed characters: "(:num)"
[Method: GET, Route: buscarPorId/%28:num%29]
in SYSTEMPATH\Router\Router.php on line 737.
 1 SYSTEMPATH\Router\Router.php(204): CodeIgniter\Router\Router->checkDisallowedChars('buscarPorId/(:num)')
 2 SYSTEMPATH\CodeIgniter.php(834): CodeIgniter\Router\Router->handle('buscarPorId/(:num)')
 3 SYSTEMPATH\CodeIgniter.php(457): CodeIgniter\CodeIgniter->tryToRouteIt(Object(CodeIgniter\Router\RouteCollection))
 4 SYSTEMPATH\CodeIgniter.php(355): CodeIgniter\CodeIgniter->handleRequest(null, Object(Config\Cache), false)
 5 SYSTEMPATH\Boot.php(325): CodeIgniter\CodeIgniter->run()
 6 SYSTEMPATH\Boot.php(67): CodeIgniter\Boot::runCodeIgniter(Object(CodeIgniter\CodeIgniter))
 7 FCPATH\index.php(56): CodeIgniter\Boot::bootWeb(Object(Config\Paths))
CRITICAL - 2024-09-02 23:08:04 --> CodeIgniter\HTTP\Exceptions\BadRequestException: The URI you submitted has disallowed characters: "(:num)"
[Method: GET, Route: buscarPorId/%28:num%29]
in SYSTEMPATH\Router\Router.php on line 737.
 1 SYSTEMPATH\Router\Router.php(204): CodeIgniter\Router\Router->checkDisallowedChars('buscarPorId/(:num)')
 2 SYSTEMPATH\CodeIgniter.php(834): CodeIgniter\Router\Router->handle('buscarPorId/(:num)')
 3 SYSTEMPATH\CodeIgniter.php(457): CodeIgniter\CodeIgniter->tryToRouteIt(Object(CodeIgniter\Router\RouteCollection))
 4 SYSTEMPATH\CodeIgniter.php(355): CodeIgniter\CodeIgniter->handleRequest(null, Object(Config\Cache), false)
 5 SYSTEMPATH\Boot.php(325): CodeIgniter\CodeIgniter->run()
 6 SYSTEMPATH\Boot.php(67): CodeIgniter\Boot::runCodeIgniter(Object(CodeIgniter\CodeIgniter))
 7 FCPATH\index.php(56): CodeIgniter\Boot::bootWeb(Object(Config\Paths))
CRITICAL - 2024-09-02 23:08:21 --> CodeIgniter\HTTP\Exceptions\BadRequestException: The URI you submitted has disallowed characters: "(:num)"
[Method: GET, Route: buscarPorId/%28:num%29]
in SYSTEMPATH\Router\Router.php on line 737.
 1 SYSTEMPATH\Router\Router.php(204): CodeIgniter\Router\Router->checkDisallowedChars('buscarPorId/(:num)')
 2 SYSTEMPATH\CodeIgniter.php(834): CodeIgniter\Router\Router->handle('buscarPorId/(:num)')
 3 SYSTEMPATH\CodeIgniter.php(457): CodeIgniter\CodeIgniter->tryToRouteIt(Object(CodeIgniter\Router\RouteCollection))
 4 SYSTEMPATH\CodeIgniter.php(355): CodeIgniter\CodeIgniter->handleRequest(null, Object(Config\Cache), false)
 5 SYSTEMPATH\Boot.php(325): CodeIgniter\CodeIgniter->run()
 6 SYSTEMPATH\Boot.php(67): CodeIgniter\Boot::runCodeIgniter(Object(CodeIgniter\CodeIgniter))
 7 FCPATH\index.php(56): CodeIgniter\Boot::bootWeb(Object(Config\Paths))
INFO - 2024-09-02 23:08:25 --> Session: Class initialized using 'CodeIgniter\Session\Handlers\FileHandler' driver.
CRITICAL - 2024-09-02 23:08:32 --> ArgumentCountError: Too few arguments to function App\Controllers\Autentificacion::BuscarPorId(), 0 passed in C:\laragon\www\PROGRAMA\system\CodeIgniter.php on line 933 and exactly 1 expected
[Method: GET, Route: buscarPorId]
in APPPATH\Controllers\Autentificacion.php on line 132.
 1 SYSTEMPATH\CodeIgniter.php(933): App\Controllers\Autentificacion->BuscarPorId()
 2 SYSTEMPATH\CodeIgniter.php(509): CodeIgniter\CodeIgniter->runController(Object(App\Controllers\Autentificacion))
 3 SYSTEMPATH\CodeIgniter.php(355): CodeIgniter\CodeIgniter->handleRequest(null, Object(Config\Cache), false)
 4 SYSTEMPATH\Boot.php(325): CodeIgniter\CodeIgniter->run()
 5 SYSTEMPATH\Boot.php(67): CodeIgniter\Boot::runCodeIgniter(Object(CodeIgniter\CodeIgniter))
 6 FCPATH\index.php(56): CodeIgniter\Boot::bootWeb(Object(Config\Paths))
CRITICAL - 2024-09-02 23:08:35 --> ArgumentCountError: Too few arguments to function App\Controllers\Autentificacion::BuscarPorId(), 0 passed in C:\laragon\www\PROGRAMA\system\CodeIgniter.php on line 933 and exactly 1 expected
[Method: GET, Route: buscarPorId]
in APPPATH\Controllers\Autentificacion.php on line 132.
 1 SYSTEMPATH\CodeIgniter.php(933): App\Controllers\Autentificacion->BuscarPorId()
 2 SYSTEMPATH\CodeIgniter.php(509): CodeIgniter\CodeIgniter->runController(Object(App\Controllers\Autentificacion))
 3 SYSTEMPATH\CodeIgniter.php(355): CodeIgniter\CodeIgniter->handleRequest(null, Object(Config\Cache), false)
 4 SYSTEMPATH\Boot.php(325): CodeIgniter\CodeIgniter->run()
 5 SYSTEMPATH\Boot.php(67): CodeIgniter\Boot::runCodeIgniter(Object(CodeIgniter\CodeIgniter))
 6 FCPATH\index.php(56): CodeIgniter\Boot::bootWeb(Object(Config\Paths))
INFO - 2024-09-02 23:12:14 --> Session: Class initialized using 'CodeIgniter\Session\Handlers\FileHandler' driver.
CRITICAL - 2024-09-02 23:12:19 --> ArgumentCountError: Too few arguments to function App\Controllers\Autentificacion::BuscarPorId(), 0 passed in C:\laragon\www\PROGRAMA\system\CodeIgniter.php on line 933 and exactly 1 expected
[Method: GET, Route: buscarPorId]
in APPPATH\Controllers\Autentificacion.php on line 132.
 1 SYSTEMPATH\CodeIgniter.php(933): App\Controllers\Autentificacion->BuscarPorId()
 2 SYSTEMPATH\CodeIgniter.php(509): CodeIgniter\CodeIgniter->runController(Object(App\Controllers\Autentificacion))
 3 SYSTEMPATH\CodeIgniter.php(355): CodeIgniter\CodeIgniter->handleRequest(null, Object(Config\Cache), false)
 4 SYSTEMPATH\Boot.php(325): CodeIgniter\CodeIgniter->run()
 5 SYSTEMPATH\Boot.php(67): CodeIgniter\Boot::runCodeIgniter(Object(CodeIgniter\CodeIgniter))
 6 FCPATH\index.php(56): CodeIgniter\Boot::bootWeb(Object(Config\Paths))
CRITICAL - 2024-09-02 23:12:21 --> ArgumentCountError: Too few arguments to function App\Controllers\Autentificacion::BuscarPorId(), 0 passed in C:\laragon\www\PROGRAMA\system\CodeIgniter.php on line 933 and exactly 1 expected
[Method: GET, Route: buscarPorId]
in APPPATH\Controllers\Autentificacion.php on line 132.
 1 SYSTEMPATH\CodeIgniter.php(933): App\Controllers\Autentificacion->BuscarPorId()
 2 SYSTEMPATH\CodeIgniter.php(509): CodeIgniter\CodeIgniter->runController(Object(App\Controllers\Autentificacion))
 3 SYSTEMPATH\CodeIgniter.php(355): CodeIgniter\CodeIgniter->handleRequest(null, Object(Config\Cache), false)
 4 SYSTEMPATH\Boot.php(325): CodeIgniter\CodeIgniter->run()
 5 SYSTEMPATH\Boot.php(67): CodeIgniter\Boot::runCodeIgniter(Object(CodeIgniter\CodeIgniter))
 6 FCPATH\index.php(56): CodeIgniter\Boot::bootWeb(Object(Config\Paths))
CRITICAL - 2024-09-02 23:13:33 --> ArgumentCountError: Too few arguments to function App\Controllers\Autentificacion::BuscarPorId(), 0 passed in C:\laragon\www\PROGRAMA\system\CodeIgniter.php on line 933 and exactly 1 expected
[Method: GET, Route: buscarPorId]
in APPPATH\Controllers\Autentificacion.php on line 132.
 1 SYSTEMPATH\CodeIgniter.php(933): App\Controllers\Autentificacion->BuscarPorId()
 2 SYSTEMPATH\CodeIgniter.php(509): CodeIgniter\CodeIgniter->runController(Object(App\Controllers\Autentificacion))
 3 SYSTEMPATH\CodeIgniter.php(355): CodeIgniter\CodeIgniter->handleRequest(null, Object(Config\Cache), false)
 4 SYSTEMPATH\Boot.php(325): CodeIgniter\CodeIgniter->run()
 5 SYSTEMPATH\Boot.php(67): CodeIgniter\Boot::runCodeIgniter(Object(CodeIgniter\CodeIgniter))
 6 FCPATH\index.php(56): CodeIgniter\Boot::bootWeb(Object(Config\Paths))
INFO - 2024-09-02 23:13:35 --> Session: Class initialized using 'CodeIgniter\Session\Handlers\FileHandler' driver.
CRITICAL - 2024-09-02 23:13:39 --> ArgumentCountError: Too few arguments to function App\Controllers\Autentificacion::BuscarPorId(), 0 passed in C:\laragon\www\PROGRAMA\system\CodeIgniter.php on line 933 and exactly 1 expected
[Method: GET, Route: buscarPorId]
in APPPATH\Controllers\Autentificacion.php on line 132.
 1 SYSTEMPATH\CodeIgniter.php(933): App\Controllers\Autentificacion->BuscarPorId()
 2 SYSTEMPATH\CodeIgniter.php(509): CodeIgniter\CodeIgniter->runController(Object(App\Controllers\Autentificacion))
 3 SYSTEMPATH\CodeIgniter.php(355): CodeIgniter\CodeIgniter->handleRequest(null, Object(Config\Cache), false)
 4 SYSTEMPATH\Boot.php(325): CodeIgniter\CodeIgniter->run()
 5 SYSTEMPATH\Boot.php(67): CodeIgniter\Boot::runCodeIgniter(Object(CodeIgniter\CodeIgniter))
 6 FCPATH\index.php(56): CodeIgniter\Boot::bootWeb(Object(Config\Paths))
CRITICAL - 2024-09-02 23:13:41 --> ArgumentCountError: Too few arguments to function App\Controllers\Autentificacion::BuscarPorId(), 0 passed in C:\laragon\www\PROGRAMA\system\CodeIgniter.php on line 933 and exactly 1 expected
[Method: GET, Route: buscarPorId]
in APPPATH\Controllers\Autentificacion.php on line 132.
 1 SYSTEMPATH\CodeIgniter.php(933): App\Controllers\Autentificacion->BuscarPorId()
 2 SYSTEMPATH\CodeIgniter.php(509): CodeIgniter\CodeIgniter->runController(Object(App\Controllers\Autentificacion))
 3 SYSTEMPATH\CodeIgniter.php(355): CodeIgniter\CodeIgniter->handleRequest(null, Object(Config\Cache), false)
 4 SYSTEMPATH\Boot.php(325): CodeIgniter\CodeIgniter->run()
 5 SYSTEMPATH\Boot.php(67): CodeIgniter\Boot::runCodeIgniter(Object(CodeIgniter\CodeIgniter))
 6 FCPATH\index.php(56): CodeIgniter\Boot::bootWeb(Object(Config\Paths))
